<test-run id="2" testcasecount="271" result="Passed" start-time="2022-06-08 16:12:34.177096" end-time="2022-06-08 16:12:57.026414" duration="22" total="271" passed="271" failed="0" inconclusive="0" skipped="0" asserts="0" clr-version="3.9.9 (main, Nov 21 2021, 03:23:42) &#10;[Clang 13.0.0 (clang-1300.0.29.3)]" engine-version="3.6.2"><command-line>/Users/scheltie/Documents/pyvenv/mscheltienne/pycrostates/bin/pytest pycrostates</command-line><filter><test re="0">pycrostates</test></filter><test-suite id="pycrostates/utils/tests/test_utils.py" name="pycrostates/utils/tests/test_utils.py" fullname="pycrostates/utils/tests/test_utils.py" methodname="" classname="" runstate="Runnable" type="Assembly" testcasecount="1" result="Passed" label="" start-time="2022-06-08 16:12:54.953928" end-time="2022-06-08 16:12:54.965621" duration="0.011693" asserts="0" total="1" passed="1" failed="0" warnings="0" inconclusive="0" skipped="0"><properties><property name="python_version" value="3.9.9 (main, Nov 21 2021, 03:23:42) &#10;[Clang 13.0.0 (clang-1300.0.29.3)]" /></properties><test-case id="366" name="pycrostates/utils/tests/test_utils.py::test_compare_infos" fullname="pycrostates/utils/tests/test_utils.py::test_compare_infos" methodname="test_compare_infos" classname="pycrostates/utils/tests/test_utils.py" runstate="Runnable" seed="1" result="Passed" label="Test _compare_infos(cluster_info, inst_info)." start-time="2022-06-08 16:12:54.953928" end-time="2022-06-08 16:12:54.965621" duration="0.011693" asserts="0"><properties><property name="python-version" value="3.9.9 (main, Nov 21 2021, 03:23:42) &#10;[Clang 13.0.0 (clang-1300.0.29.3)]" /><property name="fspath" value="pycrostates/utils/tests/test_utils.py" /></properties><environment framework-version="3.6.2" clr-version="3.9.9 (main, Nov 21 2021, 03:23:42) &#10;[Clang 13.0.0 (clang-1300.0.29.3)]" os-version="20.6.0" platform="Darwin" cwd="/Users/scheltie/Documents/git/mscheltienne/pycrostates" machine-name="x86_64" user="" user-domain="" culture="en-US" uiculture="en-US" os-architecture="64bit" /><failure><message><![CDATA[]]></message><stack-trace><![CDATA[None]]></stack-trace></failure><reason><message><![CDATA[&#x1b;[33mWARNING &#x1b;[0m pycrostates:utils.py:86 Instance to segment into microstates sequence does not have the same channels montage as the instance used for fitting. 
&#x1b;[33mWARNING &#x1b;[0m pycrostates:utils.py:86 Instance to segment into microstates sequence does not have the same channels montage as the instance used for fitting. 
&#x1b;[33mWARNING &#x1b;[0m pycrostates:utils.py:135 Instance to segment into microstates sequence does not have the same channels units as the instance used for fitting. 
&#x1b;[33mWARNING &#x1b;[0m pycrostates:utils.py:142 Instance to segment into microstates sequence does not have the same coordinate frames as the instance used for fitting. 
&#x1b;[33mWARNING &#x1b;[0m pycrostates:utils.py:128 Instance to segment into microstates sequence does not have the same channels kinds as the instance used for fitting. 
&#x1b;[33mWARNING &#x1b;[0m pycrostates:utils.py:128 Instance to segment into microstates sequence does not have the same channels kinds as the instance used for fitting. 
&#x1b;[33mWARNING &#x1b;[0m pycrostates:utils.py:135 Instance to segment into microstates sequence does not have the same channels units as the instance used for fitting. 
&#x1b;[33mWARNING &#x1b;[0m pycrostates:utils.py:142 Instance to segment into microstates sequence does not have the same coordinate frames as the instance used for fitting.]]></message></reason><output><![CDATA[&#x1b;[33mWARNING &#x1b;[0m pycrostates:utils.py:86 Instance to segment into microstates sequence does not have the same channels montage as the instance used for fitting. 
&#x1b;[33mWARNING &#x1b;[0m pycrostates:utils.py:86 Instance to segment into microstates sequence does not have the same channels montage as the instance used for fitting. 
&#x1b;[33mWARNING &#x1b;[0m pycrostates:utils.py:135 Instance to segment into microstates sequence does not have the same channels units as the instance used for fitting. 
&#x1b;[33mWARNING &#x1b;[0m pycrostates:utils.py:142 Instance to segment into microstates sequence does not have the same coordinate frames as the instance used for fitting. 
&#x1b;[33mWARNING &#x1b;[0m pycrostates:utils.py:128 Instance to segment into microstates sequence does not have the same channels kinds as the instance used for fitting. 
&#x1b;[33mWARNING &#x1b;[0m pycrostates:utils.py:128 Instance to segment into microstates sequence does not have the same channels kinds as the instance used for fitting. 
&#x1b;[33mWARNING &#x1b;[0m pycrostates:utils.py:135 Instance to segment into microstates sequence does not have the same channels units as the instance used for fitting. 
&#x1b;[33mWARNING &#x1b;[0m pycrostates:utils.py:142 Instance to segment into microstates sequence does not have the same coordinate frames as the instance used for fitting.]]></output></test-case><environment framework-version="3.6.2" clr-version="3.9.9 (main, Nov 21 2021, 03:23:42) &#10;[Clang 13.0.0 (clang-1300.0.29.3)]" os-version="20.6.0" platform="Darwin" cwd="/Users/scheltie/Documents/git/mscheltienne/pycrostates" machine-name="x86_64" user="" user-domain="" culture="en-US" uiculture="en-US" os-architecture="64bit" /></test-suite><test-suite id="pycrostates/preprocessing/tests/test_extract_gfp_peaks.py" name="pycrostates/preprocessing/tests/test_extract_gfp_peaks.py" fullname="pycrostates/preprocessing/tests/test_extract_gfp_peaks.py" methodname="" classname="" runstate="Runnable" type="Assembly" testcasecount="4" result="Passed" label="" start-time="2022-06-08 16:12:49.337058" end-time="2022-06-08 16:12:49.606486" duration="0.269428" asserts="0" total="4" passed="4" failed="0" warnings="0" inconclusive="0" skipped="0"><properties><property name="python_version" value="3.9.9 (main, Nov 21 2021, 03:23:42) &#10;[Clang 13.0.0 (clang-1300.0.29.3)]" /></properties><test-case id="146" name="pycrostates/preprocessing/tests/test_extract_gfp_peaks.py::test_extract_gfp[inst0]" fullname="pycrostates/preprocessing/tests/test_extract_gfp_peaks.py::test_extract_gfp[inst0]" methodname="test_extract_gfp[inst0]" classname="pycrostates/preprocessing/tests/test_extract_gfp_peaks.py" runstate="Runnable" seed="1" result="Passed" label="Test valid arguments for extract_gfp_peaks." start-time="2022-06-08 16:12:49.337058" end-time="2022-06-08 16:12:49.473799" duration="0.136741" asserts="0"><properties><property name="python-version" value="3.9.9 (main, Nov 21 2021, 03:23:42) &#10;[Clang 13.0.0 (clang-1300.0.29.3)]" /><property name="fspath" value="pycrostates/preprocessing/tests/test_extract_gfp_peaks.py" /></properties><environment framework-version="3.6.2" clr-version="3.9.9 (main, Nov 21 2021, 03:23:42) &#10;[Clang 13.0.0 (clang-1300.0.29.3)]" os-version="20.6.0" platform="Darwin" cwd="/Users/scheltie/Documents/git/mscheltienne/pycrostates" machine-name="x86_64" user="" user-domain="" culture="en-US" uiculture="en-US" os-architecture="64bit" /><failure><message><![CDATA[]]></message><stack-trace><![CDATA[None]]></stack-trace></failure><reason><message><![CDATA[&#x1b;[32mINFO    &#x1b;[0m pycrostates:extract_gfp_peaks.py:98 1076 GFP peaks extracted out of 6007 samples (17.91% of the original data).
&#x1b;[32mINFO    &#x1b;[0m pycrostates:extract_gfp_peaks.py:98 416 GFP peaks extracted out of 6007 samples (6.93% of the original data).
&#x1b;[32mINFO    &#x1b;[0m pycrostates:extract_gfp_peaks.py:98 0 GFP peaks extracted out of 6007 samples (0.00% of the original data).
&#x1b;[32mINFO    &#x1b;[0m pycrostates:extract_gfp_peaks.py:98 55 GFP peaks extracted out of 300 samples (18.33% of the original data).]]></message></reason><output><![CDATA[&#x1b;[32mINFO    &#x1b;[0m pycrostates:extract_gfp_peaks.py:98 1076 GFP peaks extracted out of 6007 samples (17.91% of the original data).
&#x1b;[32mINFO    &#x1b;[0m pycrostates:extract_gfp_peaks.py:98 416 GFP peaks extracted out of 6007 samples (6.93% of the original data).
&#x1b;[32mINFO    &#x1b;[0m pycrostates:extract_gfp_peaks.py:98 0 GFP peaks extracted out of 6007 samples (0.00% of the original data).
&#x1b;[32mINFO    &#x1b;[0m pycrostates:extract_gfp_peaks.py:98 55 GFP peaks extracted out of 300 samples (18.33% of the original data).]]></output></test-case><test-case id="147" name="pycrostates/preprocessing/tests/test_extract_gfp_peaks.py::test_extract_gfp[inst1]" fullname="pycrostates/preprocessing/tests/test_extract_gfp_peaks.py::test_extract_gfp[inst1]" methodname="test_extract_gfp[inst1]" classname="pycrostates/preprocessing/tests/test_extract_gfp_peaks.py" runstate="Runnable" seed="1" result="Passed" label="Test valid arguments for extract_gfp_peaks." start-time="2022-06-08 16:12:49.474529" end-time="2022-06-08 16:12:49.604021" duration="0.129492" asserts="0"><properties><property name="python-version" value="3.9.9 (main, Nov 21 2021, 03:23:42) &#10;[Clang 13.0.0 (clang-1300.0.29.3)]" /><property name="fspath" value="pycrostates/preprocessing/tests/test_extract_gfp_peaks.py" /></properties><environment framework-version="3.6.2" clr-version="3.9.9 (main, Nov 21 2021, 03:23:42) &#10;[Clang 13.0.0 (clang-1300.0.29.3)]" os-version="20.6.0" platform="Darwin" cwd="/Users/scheltie/Documents/git/mscheltienne/pycrostates" machine-name="x86_64" user="" user-domain="" culture="en-US" uiculture="en-US" os-architecture="64bit" /><failure><message><![CDATA[]]></message><stack-trace><![CDATA[None]]></stack-trace></failure><reason><message><![CDATA[&#x1b;[32mINFO    &#x1b;[0m pycrostates:extract_gfp_peaks.py:98 1075 GFP peaks extracted out of 6010 samples (17.89% of the original data).
&#x1b;[32mINFO    &#x1b;[0m pycrostates:extract_gfp_peaks.py:98 417 GFP peaks extracted out of 6010 samples (6.94% of the original data).
&#x1b;[32mINFO    &#x1b;[0m pycrostates:extract_gfp_peaks.py:98 0 GFP peaks extracted out of 6010 samples (0.00% of the original data).
&#x1b;[32mINFO    &#x1b;[0m pycrostates:extract_gfp_peaks.py:98 525 GFP peaks extracted out of 3000 samples (17.50% of the original data).]]></message></reason><output><![CDATA[&#x1b;[32mINFO    &#x1b;[0m pycrostates:extract_gfp_peaks.py:98 1075 GFP peaks extracted out of 6010 samples (17.89% of the original data).
&#x1b;[32mINFO    &#x1b;[0m pycrostates:extract_gfp_peaks.py:98 417 GFP peaks extracted out of 6010 samples (6.94% of the original data).
&#x1b;[32mINFO    &#x1b;[0m pycrostates:extract_gfp_peaks.py:98 0 GFP peaks extracted out of 6010 samples (0.00% of the original data).
&#x1b;[32mINFO    &#x1b;[0m pycrostates:extract_gfp_peaks.py:98 525 GFP peaks extracted out of 3000 samples (17.50% of the original data).]]></output></test-case><test-case id="148" name="pycrostates/preprocessing/tests/test_extract_gfp_peaks.py::test_extract_gfp_invalid_arguments[inst0]" fullname="pycrostates/preprocessing/tests/test_extract_gfp_peaks.py::test_extract_gfp_invalid_arguments[inst0]" methodname="test_extract_gfp_invalid_arguments[inst0]" classname="pycrostates/preprocessing/tests/test_extract_gfp_peaks.py" runstate="Runnable" seed="1" result="Passed" label="Test errors raised when invalid arguments are provided." start-time="2022-06-08 16:12:49.604620" end-time="2022-06-08 16:12:49.605423" duration="0.000803" asserts="0"><properties><property name="python-version" value="3.9.9 (main, Nov 21 2021, 03:23:42) &#10;[Clang 13.0.0 (clang-1300.0.29.3)]" /><property name="fspath" value="pycrostates/preprocessing/tests/test_extract_gfp_peaks.py" /></properties><environment framework-version="3.6.2" clr-version="3.9.9 (main, Nov 21 2021, 03:23:42) &#10;[Clang 13.0.0 (clang-1300.0.29.3)]" os-version="20.6.0" platform="Darwin" cwd="/Users/scheltie/Documents/git/mscheltienne/pycrostates" machine-name="x86_64" user="" user-domain="" culture="en-US" uiculture="en-US" os-architecture="64bit" /><failure><message><![CDATA[]]></message><stack-trace><![CDATA[None]]></stack-trace></failure><reason><message><![CDATA[]]></message></reason><output><![CDATA[]]></output></test-case><test-case id="149" name="pycrostates/preprocessing/tests/test_extract_gfp_peaks.py::test_extract_gfp_invalid_arguments[inst1]" fullname="pycrostates/preprocessing/tests/test_extract_gfp_peaks.py::test_extract_gfp_invalid_arguments[inst1]" methodname="test_extract_gfp_invalid_arguments[inst1]" classname="pycrostates/preprocessing/tests/test_extract_gfp_peaks.py" runstate="Runnable" seed="1" result="Passed" label="Test errors raised when invalid arguments are provided." start-time="2022-06-08 16:12:49.605934" end-time="2022-06-08 16:12:49.606486" duration="0.000552" asserts="0"><properties><property name="python-version" value="3.9.9 (main, Nov 21 2021, 03:23:42) &#10;[Clang 13.0.0 (clang-1300.0.29.3)]" /><property name="fspath" value="pycrostates/preprocessing/tests/test_extract_gfp_peaks.py" /></properties><environment framework-version="3.6.2" clr-version="3.9.9 (main, Nov 21 2021, 03:23:42) &#10;[Clang 13.0.0 (clang-1300.0.29.3)]" os-version="20.6.0" platform="Darwin" cwd="/Users/scheltie/Documents/git/mscheltienne/pycrostates" machine-name="x86_64" user="" user-domain="" culture="en-US" uiculture="en-US" os-architecture="64bit" /><failure><message><![CDATA[]]></message><stack-trace><![CDATA[None]]></stack-trace></failure><reason><message><![CDATA[]]></message></reason><output><![CDATA[]]></output></test-case><environment framework-version="3.6.2" clr-version="3.9.9 (main, Nov 21 2021, 03:23:42) &#10;[Clang 13.0.0 (clang-1300.0.29.3)]" os-version="20.6.0" platform="Darwin" cwd="/Users/scheltie/Documents/git/mscheltienne/pycrostates" machine-name="x86_64" user="" user-domain="" culture="en-US" uiculture="en-US" os-architecture="64bit" /></test-suite><test-suite id="pycrostates/tests/test_utils.py" name="pycrostates/tests/test_utils.py" fullname="pycrostates/tests/test_utils.py" methodname="" classname="" runstate="Runnable" type="Assembly" testcasecount="1" result="Passed" label="" start-time="2022-06-08 16:12:53.589012" end-time="2022-06-08 16:12:53.589476" duration="0.000464" asserts="0" total="1" passed="1" failed="0" warnings="0" inconclusive="0" skipped="0"><properties><property name="python_version" value="3.9.9 (main, Nov 21 2021, 03:23:42) &#10;[Clang 13.0.0 (clang-1300.0.29.3)]" /></properties><test-case id="352" name="pycrostates/tests/test_utils.py::test_get_config" fullname="pycrostates/tests/test_utils.py::test_get_config" methodname="test_get_config" classname="pycrostates/tests/test_utils.py" runstate="Runnable" seed="1" result="Passed" label="" start-time="2022-06-08 16:12:53.589012" end-time="2022-06-08 16:12:53.589476" duration="0.000464" asserts="0"><properties><property name="python-version" value="3.9.9 (main, Nov 21 2021, 03:23:42) &#10;[Clang 13.0.0 (clang-1300.0.29.3)]" /><property name="fspath" value="pycrostates/tests/test_utils.py" /></properties><environment framework-version="3.6.2" clr-version="3.9.9 (main, Nov 21 2021, 03:23:42) &#10;[Clang 13.0.0 (clang-1300.0.29.3)]" os-version="20.6.0" platform="Darwin" cwd="/Users/scheltie/Documents/git/mscheltienne/pycrostates" machine-name="x86_64" user="" user-domain="" culture="en-US" uiculture="en-US" os-architecture="64bit" /><failure><message><![CDATA[]]></message><stack-trace><![CDATA[None]]></stack-trace></failure><reason><message><![CDATA[]]></message></reason><output><![CDATA[]]></output></test-case><environment framework-version="3.6.2" clr-version="3.9.9 (main, Nov 21 2021, 03:23:42) &#10;[Clang 13.0.0 (clang-1300.0.29.3)]" os-version="20.6.0" platform="Darwin" cwd="/Users/scheltie/Documents/git/mscheltienne/pycrostates" machine-name="x86_64" user="" user-domain="" culture="en-US" uiculture="en-US" os-architecture="64bit" /></test-suite><test-suite id="pycrostates/utils/tests/test_checks.py" name="pycrostates/utils/tests/test_checks.py" fullname="pycrostates/utils/tests/test_checks.py" methodname="" classname="" runstate="Runnable" type="Assembly" testcasecount="8" result="Passed" label="Test _checks.py" start-time="2022-06-08 16:12:53.590108" end-time="2022-06-08 16:12:54.943980" duration="1.353872" asserts="0" total="8" passed="8" failed="0" warnings="0" inconclusive="0" skipped="0"><properties><property name="python_version" value="3.9.9 (main, Nov 21 2021, 03:23:42) &#10;[Clang 13.0.0 (clang-1300.0.29.3)]" /></properties><test-case id="353" name="pycrostates/utils/tests/test_checks.py::test_ensure_int" fullname="pycrostates/utils/tests/test_checks.py::test_ensure_int" methodname="test_ensure_int" classname="pycrostates/utils/tests/test_checks.py" runstate="Runnable" seed="1" result="Passed" label="Test _ensure_int checker." start-time="2022-06-08 16:12:53.590108" end-time="2022-06-08 16:12:53.590556" duration="0.000448" asserts="0"><properties><property name="python-version" value="3.9.9 (main, Nov 21 2021, 03:23:42) &#10;[Clang 13.0.0 (clang-1300.0.29.3)]" /><property name="fspath" value="pycrostates/utils/tests/test_checks.py" /></properties><environment framework-version="3.6.2" clr-version="3.9.9 (main, Nov 21 2021, 03:23:42) &#10;[Clang 13.0.0 (clang-1300.0.29.3)]" os-version="20.6.0" platform="Darwin" cwd="/Users/scheltie/Documents/git/mscheltienne/pycrostates" machine-name="x86_64" user="" user-domain="" culture="en-US" uiculture="en-US" os-architecture="64bit" /><failure><message><![CDATA[]]></message><stack-trace><![CDATA[None]]></stack-trace></failure><reason><message><![CDATA[]]></message></reason><output><![CDATA[]]></output></test-case><test-case id="354" name="pycrostates/utils/tests/test_checks.py::test_check_type" fullname="pycrostates/utils/tests/test_checks.py::test_check_type" methodname="test_check_type" classname="pycrostates/utils/tests/test_checks.py" runstate="Runnable" seed="1" result="Passed" label="Test _check_type checker." start-time="2022-06-08 16:12:53.590877" end-time="2022-06-08 16:12:53.591489" duration="0.000612" asserts="0"><properties><property name="python-version" value="3.9.9 (main, Nov 21 2021, 03:23:42) &#10;[Clang 13.0.0 (clang-1300.0.29.3)]" /><property name="fspath" value="pycrostates/utils/tests/test_checks.py" /></properties><environment framework-version="3.6.2" clr-version="3.9.9 (main, Nov 21 2021, 03:23:42) &#10;[Clang 13.0.0 (clang-1300.0.29.3)]" os-version="20.6.0" platform="Darwin" cwd="/Users/scheltie/Documents/git/mscheltienne/pycrostates" machine-name="x86_64" user="" user-domain="" culture="en-US" uiculture="en-US" os-architecture="64bit" /><failure><message><![CDATA[]]></message><stack-trace><![CDATA[None]]></stack-trace></failure><reason><message><![CDATA[]]></message></reason><output><![CDATA[]]></output></test-case><test-case id="355" name="pycrostates/utils/tests/test_checks.py::test_check_value" fullname="pycrostates/utils/tests/test_checks.py::test_check_value" methodname="test_check_value" classname="pycrostates/utils/tests/test_checks.py" runstate="Runnable" seed="1" result="Passed" label="Test _check_value checker." start-time="2022-06-08 16:12:53.591828" end-time="2022-06-08 16:12:53.592438" duration="0.00061" asserts="0"><properties><property name="python-version" value="3.9.9 (main, Nov 21 2021, 03:23:42) &#10;[Clang 13.0.0 (clang-1300.0.29.3)]" /><property name="fspath" value="pycrostates/utils/tests/test_checks.py" /></properties><environment framework-version="3.6.2" clr-version="3.9.9 (main, Nov 21 2021, 03:23:42) &#10;[Clang 13.0.0 (clang-1300.0.29.3)]" os-version="20.6.0" platform="Darwin" cwd="/Users/scheltie/Documents/git/mscheltienne/pycrostates" machine-name="x86_64" user="" user-domain="" culture="en-US" uiculture="en-US" os-architecture="64bit" /><failure><message><![CDATA[]]></message><stack-trace><![CDATA[None]]></stack-trace></failure><reason><message><![CDATA[]]></message></reason><output><![CDATA[]]></output></test-case><test-case id="356" name="pycrostates/utils/tests/test_checks.py::test_check_n_jobs" fullname="pycrostates/utils/tests/test_checks.py::test_check_n_jobs" methodname="test_check_n_jobs" classname="pycrostates/utils/tests/test_checks.py" runstate="Runnable" seed="1" result="Passed" label="Test _check_n_jobs checker." start-time="2022-06-08 16:12:53.592772" end-time="2022-06-08 16:12:53.593392" duration="0.00062" asserts="0"><properties><property name="python-version" value="3.9.9 (main, Nov 21 2021, 03:23:42) &#10;[Clang 13.0.0 (clang-1300.0.29.3)]" /><property name="fspath" value="pycrostates/utils/tests/test_checks.py" /></properties><environment framework-version="3.6.2" clr-version="3.9.9 (main, Nov 21 2021, 03:23:42) &#10;[Clang 13.0.0 (clang-1300.0.29.3)]" os-version="20.6.0" platform="Darwin" cwd="/Users/scheltie/Documents/git/mscheltienne/pycrostates" machine-name="x86_64" user="" user-domain="" culture="en-US" uiculture="en-US" os-architecture="64bit" /><failure><message><![CDATA[]]></message><stack-trace><![CDATA[None]]></stack-trace></failure><reason><message><![CDATA[]]></message></reason><output><![CDATA[]]></output></test-case><test-case id="357" name="pycrostates/utils/tests/test_checks.py::test_check_random_state" fullname="pycrostates/utils/tests/test_checks.py::test_check_random_state" methodname="test_check_random_state" classname="pycrostates/utils/tests/test_checks.py" runstate="Runnable" seed="1" result="Passed" label="Test _check_random_state checker." start-time="2022-06-08 16:12:53.593734" end-time="2022-06-08 16:12:53.594698" duration="0.000964" asserts="0"><properties><property name="python-version" value="3.9.9 (main, Nov 21 2021, 03:23:42) &#10;[Clang 13.0.0 (clang-1300.0.29.3)]" /><property name="fspath" value="pycrostates/utils/tests/test_checks.py" /></properties><environment framework-version="3.6.2" clr-version="3.9.9 (main, Nov 21 2021, 03:23:42) &#10;[Clang 13.0.0 (clang-1300.0.29.3)]" os-version="20.6.0" platform="Darwin" cwd="/Users/scheltie/Documents/git/mscheltienne/pycrostates" machine-name="x86_64" user="" user-domain="" culture="en-US" uiculture="en-US" os-architecture="64bit" /><failure><message><![CDATA[]]></message><stack-trace><![CDATA[None]]></stack-trace></failure><reason><message><![CDATA[]]></message></reason><output><![CDATA[]]></output></test-case><test-case id="358" name="pycrostates/utils/tests/test_checks.py::test_check_axes" fullname="pycrostates/utils/tests/test_checks.py::test_check_axes" methodname="test_check_axes" classname="pycrostates/utils/tests/test_checks.py" runstate="Runnable" seed="1" result="Passed" label="Test _check_axes checker." start-time="2022-06-08 16:12:53.595046" end-time="2022-06-08 16:12:54.938657" duration="1.343611" asserts="0"><properties><property name="python-version" value="3.9.9 (main, Nov 21 2021, 03:23:42) &#10;[Clang 13.0.0 (clang-1300.0.29.3)]" /><property name="fspath" value="pycrostates/utils/tests/test_checks.py" /></properties><environment framework-version="3.6.2" clr-version="3.9.9 (main, Nov 21 2021, 03:23:42) &#10;[Clang 13.0.0 (clang-1300.0.29.3)]" os-version="20.6.0" platform="Darwin" cwd="/Users/scheltie/Documents/git/mscheltienne/pycrostates" machine-name="x86_64" user="" user-domain="" culture="en-US" uiculture="en-US" os-architecture="64bit" /><failure><message><![CDATA[]]></message><stack-trace><![CDATA[None]]></stack-trace></failure><reason><message><![CDATA[]]></message></reason><output><![CDATA[]]></output></test-case><test-case id="359" name="pycrostates/utils/tests/test_checks.py::test_check_reject_by_annotation" fullname="pycrostates/utils/tests/test_checks.py::test_check_reject_by_annotation" methodname="test_check_reject_by_annotation" classname="pycrostates/utils/tests/test_checks.py" runstate="Runnable" seed="1" result="Passed" label="Test the checker for reject_by_annoation argument." start-time="2022-06-08 16:12:54.939094" end-time="2022-06-08 16:12:54.939716" duration="0.000622" asserts="0"><properties><property name="python-version" value="3.9.9 (main, Nov 21 2021, 03:23:42) &#10;[Clang 13.0.0 (clang-1300.0.29.3)]" /><property name="fspath" value="pycrostates/utils/tests/test_checks.py" /></properties><environment framework-version="3.6.2" clr-version="3.9.9 (main, Nov 21 2021, 03:23:42) &#10;[Clang 13.0.0 (clang-1300.0.29.3)]" os-version="20.6.0" platform="Darwin" cwd="/Users/scheltie/Documents/git/mscheltienne/pycrostates" machine-name="x86_64" user="" user-domain="" culture="en-US" uiculture="en-US" os-architecture="64bit" /><failure><message><![CDATA[]]></message><stack-trace><![CDATA[None]]></stack-trace></failure><reason><message><![CDATA[]]></message></reason><output><![CDATA[]]></output></test-case><test-case id="360" name="pycrostates/utils/tests/test_checks.py::test_check_tmin_tmax" fullname="pycrostates/utils/tests/test_checks.py::test_check_tmin_tmax" methodname="test_check_tmin_tmax" classname="pycrostates/utils/tests/test_checks.py" runstate="Runnable" seed="1" result="Passed" label="Test the checker for tmin/tmax arguments." start-time="2022-06-08 16:12:54.940088" end-time="2022-06-08 16:12:54.943980" duration="0.003892" asserts="0"><properties><property name="python-version" value="3.9.9 (main, Nov 21 2021, 03:23:42) &#10;[Clang 13.0.0 (clang-1300.0.29.3)]" /><property name="fspath" value="pycrostates/utils/tests/test_checks.py" /></properties><environment framework-version="3.6.2" clr-version="3.9.9 (main, Nov 21 2021, 03:23:42) &#10;[Clang 13.0.0 (clang-1300.0.29.3)]" os-version="20.6.0" platform="Darwin" cwd="/Users/scheltie/Documents/git/mscheltienne/pycrostates" machine-name="x86_64" user="" user-domain="" culture="en-US" uiculture="en-US" os-architecture="64bit" /><failure><message><![CDATA[]]></message><stack-trace><![CDATA[None]]></stack-trace></failure><reason><message><![CDATA[]]></message></reason><output><![CDATA[]]></output></test-case><environment framework-version="3.6.2" clr-version="3.9.9 (main, Nov 21 2021, 03:23:42) &#10;[Clang 13.0.0 (clang-1300.0.29.3)]" os-version="20.6.0" platform="Darwin" cwd="/Users/scheltie/Documents/git/mscheltienne/pycrostates" machine-name="x86_64" user="" user-domain="" culture="en-US" uiculture="en-US" os-architecture="64bit" /></test-suite><test-suite id="pycrostates/viz/tests/test_cluster_centers.py" name="pycrostates/viz/tests/test_cluster_centers.py" fullname="pycrostates/viz/tests/test_cluster_centers.py" methodname="" classname="" runstate="Runnable" type="Assembly" testcasecount="2" result="Passed" label="" start-time="2022-06-08 16:12:54.966366" end-time="2022-06-08 16:12:55.546563" duration="0.580197" asserts="0" total="2" passed="2" failed="0" warnings="0" inconclusive="0" skipped="0"><properties><property name="python_version" value="3.9.9 (main, Nov 21 2021, 03:23:42) &#10;[Clang 13.0.0 (clang-1300.0.29.3)]" /></properties><test-case id="367" name="pycrostates/viz/tests/test_cluster_centers.py::test_plot_cluster_centers" fullname="pycrostates/viz/tests/test_cluster_centers.py::test_plot_cluster_centers" methodname="test_plot_cluster_centers" classname="pycrostates/viz/tests/test_cluster_centers.py" runstate="Runnable" seed="1" result="Passed" label="Test topographic plots for cluster_centers." start-time="2022-06-08 16:12:54.966366" end-time="2022-06-08 16:12:55.445193" duration="0.478827" asserts="0"><properties><property name="python-version" value="3.9.9 (main, Nov 21 2021, 03:23:42) &#10;[Clang 13.0.0 (clang-1300.0.29.3)]" /><property name="fspath" value="pycrostates/viz/tests/test_cluster_centers.py" /></properties><environment framework-version="3.6.2" clr-version="3.9.9 (main, Nov 21 2021, 03:23:42) &#10;[Clang 13.0.0 (clang-1300.0.29.3)]" os-version="20.6.0" platform="Darwin" cwd="/Users/scheltie/Documents/git/mscheltienne/pycrostates" machine-name="x86_64" user="" user-domain="" culture="en-US" uiculture="en-US" os-architecture="64bit" /><failure><message><![CDATA[]]></message><stack-trace><![CDATA[None]]></stack-trace></failure><reason><message><![CDATA[&#x1b;[33mWARNING &#x1b;[0m root:layout.py:671 Did not find any electrode locations (in the info object), will attempt to use digitization points instead. However, if digitization points do not correspond to the EEG electrodes, this will lead to bad results. Please verify that the sensor locations in the plot are accurate.]]></message></reason><output><![CDATA[&#x1b;[33mWARNING &#x1b;[0m root:layout.py:671 Did not find any electrode locations (in the info object), will attempt to use digitization points instead. However, if digitization points do not correspond to the EEG electrodes, this will lead to bad results. Please verify that the sensor locations in the plot are accurate.]]></output></test-case><test-case id="368" name="pycrostates/viz/tests/test_cluster_centers.py::test_with_grid_layout" fullname="pycrostates/viz/tests/test_cluster_centers.py::test_with_grid_layout" methodname="test_with_grid_layout" classname="pycrostates/viz/tests/test_cluster_centers.py" runstate="Runnable" seed="1" result="Passed" label="Test topographic plots for cluster centers with grid-like layout." start-time="2022-06-08 16:12:55.445677" end-time="2022-06-08 16:12:55.546563" duration="0.100886" asserts="0"><properties><property name="python-version" value="3.9.9 (main, Nov 21 2021, 03:23:42) &#10;[Clang 13.0.0 (clang-1300.0.29.3)]" /><property name="fspath" value="pycrostates/viz/tests/test_cluster_centers.py" /></properties><environment framework-version="3.6.2" clr-version="3.9.9 (main, Nov 21 2021, 03:23:42) &#10;[Clang 13.0.0 (clang-1300.0.29.3)]" os-version="20.6.0" platform="Darwin" cwd="/Users/scheltie/Documents/git/mscheltienne/pycrostates" machine-name="x86_64" user="" user-domain="" culture="en-US" uiculture="en-US" os-architecture="64bit" /><failure><message><![CDATA[]]></message><stack-trace><![CDATA[None]]></stack-trace></failure><reason><message><![CDATA[]]></message></reason><output><![CDATA[]]></output></test-case><environment framework-version="3.6.2" clr-version="3.9.9 (main, Nov 21 2021, 03:23:42) &#10;[Clang 13.0.0 (clang-1300.0.29.3)]" os-version="20.6.0" platform="Darwin" cwd="/Users/scheltie/Documents/git/mscheltienne/pycrostates" machine-name="x86_64" user="" user-domain="" culture="en-US" uiculture="en-US" os-architecture="64bit" /></test-suite><test-suite id="pycrostates/io/tests/test_ch_data.py" name="pycrostates/io/tests/test_ch_data.py" fullname="pycrostates/io/tests/test_ch_data.py" methodname="" classname="" runstate="Runnable" type="Assembly" testcasecount="2" result="Passed" label="" start-time="2022-06-08 16:12:47.175050" end-time="2022-06-08 16:12:47.196071" duration="0.021021" asserts="0" total="2" passed="2" failed="0" warnings="0" inconclusive="0" skipped="0"><properties><property name="python_version" value="3.9.9 (main, Nov 21 2021, 03:23:42) &#10;[Clang 13.0.0 (clang-1300.0.29.3)]" /></properties><test-case id="122" name="pycrostates/io/tests/test_ch_data.py::test_ChData" fullname="pycrostates/io/tests/test_ch_data.py::test_ChData" methodname="test_ChData" classname="pycrostates/io/tests/test_ch_data.py" runstate="Runnable" seed="1" result="Passed" label="Test basic ChData functionalities." start-time="2022-06-08 16:12:47.175050" end-time="2022-06-08 16:12:47.194036" duration="0.018986" asserts="0"><properties><property name="python-version" value="3.9.9 (main, Nov 21 2021, 03:23:42) &#10;[Clang 13.0.0 (clang-1300.0.29.3)]" /><property name="fspath" value="pycrostates/io/tests/test_ch_data.py" /></properties><environment framework-version="3.6.2" clr-version="3.9.9 (main, Nov 21 2021, 03:23:42) &#10;[Clang 13.0.0 (clang-1300.0.29.3)]" os-version="20.6.0" platform="Darwin" cwd="/Users/scheltie/Documents/git/mscheltienne/pycrostates" machine-name="x86_64" user="" user-domain="" culture="en-US" uiculture="en-US" os-architecture="64bit" /><failure><message><![CDATA[]]></message><stack-trace><![CDATA[None]]></stack-trace></failure><reason><message><![CDATA[]]></message></reason><output><![CDATA[]]></output></test-case><test-case id="123" name="pycrostates/io/tests/test_ch_data.py::test_ChData_invalid_arguments" fullname="pycrostates/io/tests/test_ch_data.py::test_ChData_invalid_arguments" methodname="test_ChData_invalid_arguments" classname="pycrostates/io/tests/test_ch_data.py" runstate="Runnable" seed="1" result="Passed" label="Test error raised when invalid arguments are provided to ChData." start-time="2022-06-08 16:12:47.194502" end-time="2022-06-08 16:12:47.196071" duration="0.001569" asserts="0"><properties><property name="python-version" value="3.9.9 (main, Nov 21 2021, 03:23:42) &#10;[Clang 13.0.0 (clang-1300.0.29.3)]" /><property name="fspath" value="pycrostates/io/tests/test_ch_data.py" /></properties><environment framework-version="3.6.2" clr-version="3.9.9 (main, Nov 21 2021, 03:23:42) &#10;[Clang 13.0.0 (clang-1300.0.29.3)]" os-version="20.6.0" platform="Darwin" cwd="/Users/scheltie/Documents/git/mscheltienne/pycrostates" machine-name="x86_64" user="" user-domain="" culture="en-US" uiculture="en-US" os-architecture="64bit" /><failure><message><![CDATA[]]></message><stack-trace><![CDATA[None]]></stack-trace></failure><reason><message><![CDATA[]]></message></reason><output><![CDATA[]]></output></test-case><environment framework-version="3.6.2" clr-version="3.9.9 (main, Nov 21 2021, 03:23:42) &#10;[Clang 13.0.0 (clang-1300.0.29.3)]" os-version="20.6.0" platform="Darwin" cwd="/Users/scheltie/Documents/git/mscheltienne/pycrostates" machine-name="x86_64" user="" user-domain="" culture="en-US" uiculture="en-US" os-architecture="64bit" /></test-suite><test-suite id="pycrostates/io/tests/test_fiff.py" name="pycrostates/io/tests/test_fiff.py" fullname="pycrostates/io/tests/test_fiff.py" methodname="" classname="" runstate="Runnable" type="Assembly" testcasecount="5" result="Passed" label="Test import/export to FIFF format." start-time="2022-06-08 16:12:47.197272" end-time="2022-06-08 16:12:48.228315" duration="1.031043" asserts="0" total="5" passed="5" failed="0" warnings="0" inconclusive="0" skipped="0"><properties><property name="python_version" value="3.9.9 (main, Nov 21 2021, 03:23:42) &#10;[Clang 13.0.0 (clang-1300.0.29.3)]" /></properties><test-case id="124" name="pycrostates/io/tests/test_fiff.py::test_write_and_read" fullname="pycrostates/io/tests/test_fiff.py::test_write_and_read" methodname="test_write_and_read" classname="pycrostates/io/tests/test_fiff.py" runstate="Runnable" seed="1" result="Passed" label="Test writing of .fif file." start-time="2022-06-08 16:12:47.197272" end-time="2022-06-08 16:12:47.507232" duration="0.30996" asserts="0"><properties><property name="python-version" value="3.9.9 (main, Nov 21 2021, 03:23:42) &#10;[Clang 13.0.0 (clang-1300.0.29.3)]" /><property name="fspath" value="pycrostates/io/tests/test_fiff.py" /></properties><environment framework-version="3.6.2" clr-version="3.9.9 (main, Nov 21 2021, 03:23:42) &#10;[Clang 13.0.0 (clang-1300.0.29.3)]" os-version="20.6.0" platform="Darwin" cwd="/Users/scheltie/Documents/git/mscheltienne/pycrostates" machine-name="x86_64" user="" user-domain="" culture="en-US" uiculture="en-US" os-architecture="64bit" /><failure><message><![CDATA[]]></message><stack-trace><![CDATA[None]]></stack-trace></failure><reason><message><![CDATA[&#x1b;[32mINFO    &#x1b;[0m pycrostates:fiff.py:125 Writing clustering solution to /private/var/folders/b1/kx2x00x95ls80zzkct4647sh0000gn/T/pytest-of-scheltie/pytest-2/test_write_and_read0/cluster.fif...
&#x1b;[32mINFO    &#x1b;[0m pycrostates:fiff.py:125 Writing clustering solution to /private/var/folders/b1/kx2x00x95ls80zzkct4647sh0000gn/T/pytest-of-scheltie/pytest-2/test_write_and_read0/cluster.fif.gz...
&#x1b;[32mINFO    &#x1b;[0m pycrostates:fiff.py:239 Reading clustering solution from /private/var/folders/b1/kx2x00x95ls80zzkct4647sh0000gn/T/pytest-of-scheltie/pytest-2/test_write_and_read0/cluster.fif...
&#x1b;[32mINFO    &#x1b;[0m pycrostates:fiff.py:239 Reading clustering solution from /private/var/folders/b1/kx2x00x95ls80zzkct4647sh0000gn/T/pytest-of-scheltie/pytest-2/test_write_and_read0/cluster.fif.gz...
&#x1b;[32mINFO    &#x1b;[0m pycrostates:_base.py:611 Segmenting data without smoothing.
&#x1b;[32mINFO    &#x1b;[0m pycrostates:_base.py:625 Rejecting first and last segments.
&#x1b;[32mINFO    &#x1b;[0m pycrostates:_base.py:611 Segmenting data without smoothing.
&#x1b;[32mINFO    &#x1b;[0m pycrostates:_base.py:625 Rejecting first and last segments.
&#x1b;[32mINFO    &#x1b;[0m pycrostates:_base.py:611 Segmenting data without smoothing.
&#x1b;[32mINFO    &#x1b;[0m pycrostates:_base.py:625 Rejecting first and last segments.]]></message></reason><output><![CDATA[&#x1b;[32mINFO    &#x1b;[0m pycrostates:fiff.py:125 Writing clustering solution to /private/var/folders/b1/kx2x00x95ls80zzkct4647sh0000gn/T/pytest-of-scheltie/pytest-2/test_write_and_read0/cluster.fif...
&#x1b;[32mINFO    &#x1b;[0m pycrostates:fiff.py:125 Writing clustering solution to /private/var/folders/b1/kx2x00x95ls80zzkct4647sh0000gn/T/pytest-of-scheltie/pytest-2/test_write_and_read0/cluster.fif.gz...
&#x1b;[32mINFO    &#x1b;[0m pycrostates:fiff.py:239 Reading clustering solution from /private/var/folders/b1/kx2x00x95ls80zzkct4647sh0000gn/T/pytest-of-scheltie/pytest-2/test_write_and_read0/cluster.fif...
&#x1b;[32mINFO    &#x1b;[0m pycrostates:fiff.py:239 Reading clustering solution from /private/var/folders/b1/kx2x00x95ls80zzkct4647sh0000gn/T/pytest-of-scheltie/pytest-2/test_write_and_read0/cluster.fif.gz...
&#x1b;[32mINFO    &#x1b;[0m pycrostates:_base.py:611 Segmenting data without smoothing.
&#x1b;[32mINFO    &#x1b;[0m pycrostates:_base.py:625 Rejecting first and last segments.
&#x1b;[32mINFO    &#x1b;[0m pycrostates:_base.py:611 Segmenting data without smoothing.
&#x1b;[32mINFO    &#x1b;[0m pycrostates:_base.py:625 Rejecting first and last segments.
&#x1b;[32mINFO    &#x1b;[0m pycrostates:_base.py:611 Segmenting data without smoothing.
&#x1b;[32mINFO    &#x1b;[0m pycrostates:_base.py:625 Rejecting first and last segments.]]></output></test-case><test-case id="125" name="pycrostates/io/tests/test_fiff.py::test_invalid_write" fullname="pycrostates/io/tests/test_fiff.py::test_invalid_write" methodname="test_invalid_write" classname="pycrostates/io/tests/test_fiff.py" runstate="Runnable" seed="1" result="Passed" label="Test invalid arguments provided to write." start-time="2022-06-08 16:12:47.508374" end-time="2022-06-08 16:12:47.511403" duration="0.003029" asserts="0"><properties><property name="python-version" value="3.9.9 (main, Nov 21 2021, 03:23:42) &#10;[Clang 13.0.0 (clang-1300.0.29.3)]" /><property name="fspath" value="pycrostates/io/tests/test_fiff.py" /></properties><environment framework-version="3.6.2" clr-version="3.9.9 (main, Nov 21 2021, 03:23:42) &#10;[Clang 13.0.0 (clang-1300.0.29.3)]" os-version="20.6.0" platform="Darwin" cwd="/Users/scheltie/Documents/git/mscheltienne/pycrostates" machine-name="x86_64" user="" user-domain="" culture="en-US" uiculture="en-US" os-architecture="64bit" /><failure><message><![CDATA[]]></message><stack-trace><![CDATA[None]]></stack-trace></failure><reason><message><![CDATA[]]></message></reason><output><![CDATA[]]></output></test-case><test-case id="126" name="pycrostates/io/tests/test_fiff.py::test_prepare_kwargs" fullname="pycrostates/io/tests/test_fiff.py::test_prepare_kwargs" methodname="test_prepare_kwargs" classname="pycrostates/io/tests/test_fiff.py" runstate="Runnable" seed="1" result="Passed" label="Test _prepare_kwargs." start-time="2022-06-08 16:12:47.511851" end-time="2022-06-08 16:12:47.512476" duration="0.000625" asserts="0"><properties><property name="python-version" value="3.9.9 (main, Nov 21 2021, 03:23:42) &#10;[Clang 13.0.0 (clang-1300.0.29.3)]" /><property name="fspath" value="pycrostates/io/tests/test_fiff.py" /></properties><environment framework-version="3.6.2" clr-version="3.9.9 (main, Nov 21 2021, 03:23:42) &#10;[Clang 13.0.0 (clang-1300.0.29.3)]" os-version="20.6.0" platform="Darwin" cwd="/Users/scheltie/Documents/git/mscheltienne/pycrostates" machine-name="x86_64" user="" user-domain="" culture="en-US" uiculture="en-US" os-architecture="64bit" /><failure><message><![CDATA[]]></message><stack-trace><![CDATA[None]]></stack-trace></failure><reason><message><![CDATA[]]></message></reason><output><![CDATA[]]></output></test-case><test-case id="127" name="pycrostates/io/tests/test_fiff.py::test_prepare_kwargs_ModKMeans" fullname="pycrostates/io/tests/test_fiff.py::test_prepare_kwargs_ModKMeans" methodname="test_prepare_kwargs_ModKMeans" classname="pycrostates/io/tests/test_fiff.py" runstate="Runnable" seed="1" result="Passed" label="Test invalid key/values for ModKMeans." start-time="2022-06-08 16:12:47.512909" end-time="2022-06-08 16:12:47.513910" duration="0.001001" asserts="0"><properties><property name="python-version" value="3.9.9 (main, Nov 21 2021, 03:23:42) &#10;[Clang 13.0.0 (clang-1300.0.29.3)]" /><property name="fspath" value="pycrostates/io/tests/test_fiff.py" /></properties><environment framework-version="3.6.2" clr-version="3.9.9 (main, Nov 21 2021, 03:23:42) &#10;[Clang 13.0.0 (clang-1300.0.29.3)]" os-version="20.6.0" platform="Darwin" cwd="/Users/scheltie/Documents/git/mscheltienne/pycrostates" machine-name="x86_64" user="" user-domain="" culture="en-US" uiculture="en-US" os-architecture="64bit" /><failure><message><![CDATA[]]></message><stack-trace><![CDATA[None]]></stack-trace></failure><reason><message><![CDATA[]]></message></reason><output><![CDATA[]]></output></test-case><test-case id="128" name="pycrostates/io/tests/test_fiff.py::test_invalid_read" fullname="pycrostates/io/tests/test_fiff.py::test_invalid_read" methodname="test_invalid_read" classname="pycrostates/io/tests/test_fiff.py" runstate="Runnable" seed="1" result="Passed" label="Test invalid arguments provided to read." start-time="2022-06-08 16:12:47.514870" end-time="2022-06-08 16:12:48.228315" duration="0.713445" asserts="0"><properties><property name="python-version" value="3.9.9 (main, Nov 21 2021, 03:23:42) &#10;[Clang 13.0.0 (clang-1300.0.29.3)]" /><property name="fspath" value="pycrostates/io/tests/test_fiff.py" /></properties><environment framework-version="3.6.2" clr-version="3.9.9 (main, Nov 21 2021, 03:23:42) &#10;[Clang 13.0.0 (clang-1300.0.29.3)]" os-version="20.6.0" platform="Darwin" cwd="/Users/scheltie/Documents/git/mscheltienne/pycrostates" machine-name="x86_64" user="" user-domain="" culture="en-US" uiculture="en-US" os-architecture="64bit" /><failure><message><![CDATA[]]></message><stack-trace><![CDATA[None]]></stack-trace></failure><reason><message><![CDATA[&#x1b;[32mINFO    &#x1b;[0m pycrostates:fiff.py:239 Reading clustering solution from /Users/scheltie/mne_data/MNE-testing-data/MEG/sample/sample_audvis_trunc_raw.fif...
&#x1b;[32mINFO    &#x1b;[0m pycrostates:fiff.py:239 Reading clustering solution from /Users/scheltie/mne_data/MNE-testing-data/MEG/sample/sample_audvis_trunc_raw.fif...]]></message></reason><output><![CDATA[&#x1b;[32mINFO    &#x1b;[0m pycrostates:fiff.py:239 Reading clustering solution from /Users/scheltie/mne_data/MNE-testing-data/MEG/sample/sample_audvis_trunc_raw.fif...
&#x1b;[32mINFO    &#x1b;[0m pycrostates:fiff.py:239 Reading clustering solution from /Users/scheltie/mne_data/MNE-testing-data/MEG/sample/sample_audvis_trunc_raw.fif...]]></output></test-case><environment framework-version="3.6.2" clr-version="3.9.9 (main, Nov 21 2021, 03:23:42) &#10;[Clang 13.0.0 (clang-1300.0.29.3)]" os-version="20.6.0" platform="Darwin" cwd="/Users/scheltie/Documents/git/mscheltienne/pycrostates" machine-name="x86_64" user="" user-domain="" culture="en-US" uiculture="en-US" os-architecture="64bit" /></test-suite><test-suite id="pycrostates/metrics/tests/test_metrics.py" name="pycrostates/metrics/tests/test_metrics.py" fullname="pycrostates/metrics/tests/test_metrics.py" methodname="" classname="" runstate="Runnable" type="Assembly" testcasecount="4" result="Passed" label="Test Metrics." start-time="2022-06-08 16:12:48.557699" end-time="2022-06-08 16:12:49.335888" duration="0.778189" asserts="0" total="4" passed="4" failed="0" warnings="0" inconclusive="0" skipped="0"><properties><property name="python_version" value="3.9.9 (main, Nov 21 2021, 03:23:42) &#10;[Clang 13.0.0 (clang-1300.0.29.3)]" /></properties><test-case id="142" name="pycrostates/metrics/tests/test_metrics.py::test_silouhette" fullname="pycrostates/metrics/tests/test_metrics.py::test_silouhette" methodname="test_silouhette" classname="pycrostates/metrics/tests/test_metrics.py" runstate="Runnable" seed="1" result="Passed" label="" start-time="2022-06-08 16:12:48.557699" end-time="2022-06-08 16:12:48.805848" duration="0.248149" asserts="0"><properties><property name="python-version" value="3.9.9 (main, Nov 21 2021, 03:23:42) &#10;[Clang 13.0.0 (clang-1300.0.29.3)]" /><property name="fspath" value="pycrostates/metrics/tests/test_metrics.py" /></properties><environment framework-version="3.6.2" clr-version="3.9.9 (main, Nov 21 2021, 03:23:42) &#10;[Clang 13.0.0 (clang-1300.0.29.3)]" os-version="20.6.0" platform="Darwin" cwd="/Users/scheltie/Documents/git/mscheltienne/pycrostates" machine-name="x86_64" user="" user-domain="" culture="en-US" uiculture="en-US" os-architecture="64bit" /><failure><message><![CDATA[]]></message><stack-trace><![CDATA[None]]></stack-trace></failure><reason><message><![CDATA[]]></message></reason><output><![CDATA[]]></output></test-case><test-case id="143" name="pycrostates/metrics/tests/test_metrics.py::test_calinski_harabasz" fullname="pycrostates/metrics/tests/test_metrics.py::test_calinski_harabasz" methodname="test_calinski_harabasz" classname="pycrostates/metrics/tests/test_metrics.py" runstate="Runnable" seed="1" result="Passed" label="" start-time="2022-06-08 16:12:48.806343" end-time="2022-06-08 16:12:48.809265" duration="0.002922" asserts="0"><properties><property name="python-version" value="3.9.9 (main, Nov 21 2021, 03:23:42) &#10;[Clang 13.0.0 (clang-1300.0.29.3)]" /><property name="fspath" value="pycrostates/metrics/tests/test_metrics.py" /></properties><environment framework-version="3.6.2" clr-version="3.9.9 (main, Nov 21 2021, 03:23:42) &#10;[Clang 13.0.0 (clang-1300.0.29.3)]" os-version="20.6.0" platform="Darwin" cwd="/Users/scheltie/Documents/git/mscheltienne/pycrostates" machine-name="x86_64" user="" user-domain="" culture="en-US" uiculture="en-US" os-architecture="64bit" /><failure><message><![CDATA[]]></message><stack-trace><![CDATA[None]]></stack-trace></failure><reason><message><![CDATA[]]></message></reason><output><![CDATA[]]></output></test-case><test-case id="144" name="pycrostates/metrics/tests/test_metrics.py::test_dunn" fullname="pycrostates/metrics/tests/test_metrics.py::test_dunn" methodname="test_dunn" classname="pycrostates/metrics/tests/test_metrics.py" runstate="Runnable" seed="1" result="Passed" label="" start-time="2022-06-08 16:12:48.809741" end-time="2022-06-08 16:12:49.300988" duration="0.491247" asserts="0"><properties><property name="python-version" value="3.9.9 (main, Nov 21 2021, 03:23:42) &#10;[Clang 13.0.0 (clang-1300.0.29.3)]" /><property name="fspath" value="pycrostates/metrics/tests/test_metrics.py" /></properties><environment framework-version="3.6.2" clr-version="3.9.9 (main, Nov 21 2021, 03:23:42) &#10;[Clang 13.0.0 (clang-1300.0.29.3)]" os-version="20.6.0" platform="Darwin" cwd="/Users/scheltie/Documents/git/mscheltienne/pycrostates" machine-name="x86_64" user="" user-domain="" culture="en-US" uiculture="en-US" os-architecture="64bit" /><failure><message><![CDATA[]]></message><stack-trace><![CDATA[None]]></stack-trace></failure><reason><message><![CDATA[]]></message></reason><output><![CDATA[]]></output></test-case><test-case id="145" name="pycrostates/metrics/tests/test_metrics.py::test_davies_bouldin" fullname="pycrostates/metrics/tests/test_metrics.py::test_davies_bouldin" methodname="test_davies_bouldin" classname="pycrostates/metrics/tests/test_metrics.py" runstate="Runnable" seed="1" result="Passed" label="" start-time="2022-06-08 16:12:49.301560" end-time="2022-06-08 16:12:49.335888" duration="0.034328" asserts="0"><properties><property name="python-version" value="3.9.9 (main, Nov 21 2021, 03:23:42) &#10;[Clang 13.0.0 (clang-1300.0.29.3)]" /><property name="fspath" value="pycrostates/metrics/tests/test_metrics.py" /></properties><environment framework-version="3.6.2" clr-version="3.9.9 (main, Nov 21 2021, 03:23:42) &#10;[Clang 13.0.0 (clang-1300.0.29.3)]" os-version="20.6.0" platform="Darwin" cwd="/Users/scheltie/Documents/git/mscheltienne/pycrostates" machine-name="x86_64" user="" user-domain="" culture="en-US" uiculture="en-US" os-architecture="64bit" /><failure><message><![CDATA[]]></message><stack-trace><![CDATA[None]]></stack-trace></failure><reason><message><![CDATA[]]></message></reason><output><![CDATA[]]></output></test-case><environment framework-version="3.6.2" clr-version="3.9.9 (main, Nov 21 2021, 03:23:42) &#10;[Clang 13.0.0 (clang-1300.0.29.3)]" os-version="20.6.0" platform="Darwin" cwd="/Users/scheltie/Documents/git/mscheltienne/pycrostates" machine-name="x86_64" user="" user-domain="" culture="en-US" uiculture="en-US" os-architecture="64bit" /></test-suite><test-suite id="pycrostates/viz/tests/test_segmentation.py" name="pycrostates/viz/tests/test_segmentation.py" fullname="pycrostates/viz/tests/test_segmentation.py" methodname="" classname="" runstate="Runnable" type="Assembly" testcasecount="2" result="Passed" label="" start-time="2022-06-08 16:12:55.547238" end-time="2022-06-08 16:12:57.026149" duration="1.478911" asserts="0" total="2" passed="2" failed="0" warnings="0" inconclusive="0" skipped="0"><properties><property name="python_version" value="3.9.9 (main, Nov 21 2021, 03:23:42) &#10;[Clang 13.0.0 (clang-1300.0.29.3)]" /></properties><test-case id="369" name="pycrostates/viz/tests/test_segmentation.py::test_plot_raw_segmentation" fullname="pycrostates/viz/tests/test_segmentation.py::test_plot_raw_segmentation" methodname="test_plot_raw_segmentation" classname="pycrostates/viz/tests/test_segmentation.py" runstate="Runnable" seed="1" result="Passed" label="Test segmentation plots for raw." start-time="2022-06-08 16:12:55.547238" end-time="2022-06-08 16:12:56.512193" duration="0.964955" asserts="0"><properties><property name="python-version" value="3.9.9 (main, Nov 21 2021, 03:23:42) &#10;[Clang 13.0.0 (clang-1300.0.29.3)]" /><property name="fspath" value="pycrostates/viz/tests/test_segmentation.py" /></properties><environment framework-version="3.6.2" clr-version="3.9.9 (main, Nov 21 2021, 03:23:42) &#10;[Clang 13.0.0 (clang-1300.0.29.3)]" os-version="20.6.0" platform="Darwin" cwd="/Users/scheltie/Documents/git/mscheltienne/pycrostates" machine-name="x86_64" user="" user-domain="" culture="en-US" uiculture="en-US" os-architecture="64bit" /><failure><message><![CDATA[]]></message><stack-trace><![CDATA[None]]></stack-trace></failure><reason><message><![CDATA[&#x1b;[32mINFO    &#x1b;[0m pycrostates:segmentation.py:242 For visualization purposes, the last segment appears truncated by 1 sample. In the case where the last segment is 1 sample long, it does not appear.
&#x1b;[32mINFO    &#x1b;[0m pycrostates:segmentation.py:242 For visualization purposes, the last segment appears truncated by 1 sample. In the case where the last segment is 1 sample long, it does not appear.
&#x1b;[32mINFO    &#x1b;[0m pycrostates:segmentation.py:242 For visualization purposes, the last segment appears truncated by 1 sample. In the case where the last segment is 1 sample long, it does not appear.
&#x1b;[32mINFO    &#x1b;[0m pycrostates:segmentation.py:242 For visualization purposes, the last segment appears truncated by 1 sample. In the case where the last segment is 1 sample long, it does not appear.
&#x1b;[32mINFO    &#x1b;[0m pycrostates:segmentation.py:242 For visualization purposes, the last segment appears truncated by 1 sample. In the case where the last segment is 1 sample long, it does not appear.]]></message></reason><output><![CDATA[&#x1b;[32mINFO    &#x1b;[0m pycrostates:segmentation.py:242 For visualization purposes, the last segment appears truncated by 1 sample. In the case where the last segment is 1 sample long, it does not appear.
&#x1b;[32mINFO    &#x1b;[0m pycrostates:segmentation.py:242 For visualization purposes, the last segment appears truncated by 1 sample. In the case where the last segment is 1 sample long, it does not appear.
&#x1b;[32mINFO    &#x1b;[0m pycrostates:segmentation.py:242 For visualization purposes, the last segment appears truncated by 1 sample. In the case where the last segment is 1 sample long, it does not appear.
&#x1b;[32mINFO    &#x1b;[0m pycrostates:segmentation.py:242 For visualization purposes, the last segment appears truncated by 1 sample. In the case where the last segment is 1 sample long, it does not appear.
&#x1b;[32mINFO    &#x1b;[0m pycrostates:segmentation.py:242 For visualization purposes, the last segment appears truncated by 1 sample. In the case where the last segment is 1 sample long, it does not appear.]]></output></test-case><test-case id="370" name="pycrostates/viz/tests/test_segmentation.py::test_plot_epoch_segmentation" fullname="pycrostates/viz/tests/test_segmentation.py::test_plot_epoch_segmentation" methodname="test_plot_epoch_segmentation" classname="pycrostates/viz/tests/test_segmentation.py" runstate="Runnable" seed="1" result="Passed" label="Test segmentation plots for epochs." start-time="2022-06-08 16:12:56.512617" end-time="2022-06-08 16:12:57.026149" duration="0.513532" asserts="0"><properties><property name="python-version" value="3.9.9 (main, Nov 21 2021, 03:23:42) &#10;[Clang 13.0.0 (clang-1300.0.29.3)]" /><property name="fspath" value="pycrostates/viz/tests/test_segmentation.py" /></properties><environment framework-version="3.6.2" clr-version="3.9.9 (main, Nov 21 2021, 03:23:42) &#10;[Clang 13.0.0 (clang-1300.0.29.3)]" os-version="20.6.0" platform="Darwin" cwd="/Users/scheltie/Documents/git/mscheltienne/pycrostates" machine-name="x86_64" user="" user-domain="" culture="en-US" uiculture="en-US" os-architecture="64bit" /><failure><message><![CDATA[]]></message><stack-trace><![CDATA[None]]></stack-trace></failure><reason><message><![CDATA[&#x1b;[32mINFO    &#x1b;[0m pycrostates:segmentation.py:242 For visualization purposes, the last segment appears truncated by 1 sample. In the case where the last segment is 1 sample long, it does not appear.
&#x1b;[32mINFO    &#x1b;[0m pycrostates:segmentation.py:242 For visualization purposes, the last segment appears truncated by 1 sample. In the case where the last segment is 1 sample long, it does not appear.
&#x1b;[32mINFO    &#x1b;[0m pycrostates:segmentation.py:242 For visualization purposes, the last segment appears truncated by 1 sample. In the case where the last segment is 1 sample long, it does not appear.
&#x1b;[32mINFO    &#x1b;[0m pycrostates:segmentation.py:242 For visualization purposes, the last segment appears truncated by 1 sample. In the case where the last segment is 1 sample long, it does not appear.
&#x1b;[32mINFO    &#x1b;[0m pycrostates:segmentation.py:242 For visualization purposes, the last segment appears truncated by 1 sample. In the case where the last segment is 1 sample long, it does not appear.]]></message></reason><output><![CDATA[&#x1b;[32mINFO    &#x1b;[0m pycrostates:segmentation.py:242 For visualization purposes, the last segment appears truncated by 1 sample. In the case where the last segment is 1 sample long, it does not appear.
&#x1b;[32mINFO    &#x1b;[0m pycrostates:segmentation.py:242 For visualization purposes, the last segment appears truncated by 1 sample. In the case where the last segment is 1 sample long, it does not appear.
&#x1b;[32mINFO    &#x1b;[0m pycrostates:segmentation.py:242 For visualization purposes, the last segment appears truncated by 1 sample. In the case where the last segment is 1 sample long, it does not appear.
&#x1b;[32mINFO    &#x1b;[0m pycrostates:segmentation.py:242 For visualization purposes, the last segment appears truncated by 1 sample. In the case where the last segment is 1 sample long, it does not appear.
&#x1b;[32mINFO    &#x1b;[0m pycrostates:segmentation.py:242 For visualization purposes, the last segment appears truncated by 1 sample. In the case where the last segment is 1 sample long, it does not appear.]]></output></test-case><environment framework-version="3.6.2" clr-version="3.9.9 (main, Nov 21 2021, 03:23:42) &#10;[Clang 13.0.0 (clang-1300.0.29.3)]" os-version="20.6.0" platform="Darwin" cwd="/Users/scheltie/Documents/git/mscheltienne/pycrostates" machine-name="x86_64" user="" user-domain="" culture="en-US" uiculture="en-US" os-architecture="64bit" /></test-suite><test-suite id="pycrostates/preprocessing/tests/test_resample.py" name="pycrostates/preprocessing/tests/test_resample.py" fullname="pycrostates/preprocessing/tests/test_resample.py" methodname="" classname="" runstate="Runnable" type="Assembly" testcasecount="190" result="Passed" label="" start-time="2022-06-08 16:12:49.607360" end-time="2022-06-08 16:12:52.199836" duration="2.592476" asserts="0" total="190" passed="190" failed="0" warnings="0" inconclusive="0" skipped="0"><properties><property name="python_version" value="3.9.9 (main, Nov 21 2021, 03:23:42) &#10;[Clang 13.0.0 (clang-1300.0.29.3)]" /></properties><test-case id="150" name="pycrostates/preprocessing/tests/test_resample.py::test_resample_n_resamples_n_samples[inst0-True-1-100]" fullname="pycrostates/preprocessing/tests/test_resample.py::test_resample_n_resamples_n_samples[inst0-True-1-100]" methodname="test_resample_n_resamples_n_samples[inst0-True-1-100]" classname="pycrostates/preprocessing/tests/test_resample.py" runstate="Runnable" seed="1" result="Passed" label="Test resampling with n_resamples and n_samples provided." start-time="2022-06-08 16:12:49.607360" end-time="2022-06-08 16:12:49.611625" duration="0.004265" asserts="0"><properties><property name="python-version" value="3.9.9 (main, Nov 21 2021, 03:23:42) &#10;[Clang 13.0.0 (clang-1300.0.29.3)]" /><property name="fspath" value="pycrostates/preprocessing/tests/test_resample.py" /></properties><environment framework-version="3.6.2" clr-version="3.9.9 (main, Nov 21 2021, 03:23:42) &#10;[Clang 13.0.0 (clang-1300.0.29.3)]" os-version="20.6.0" platform="Darwin" cwd="/Users/scheltie/Documents/git/mscheltienne/pycrostates" machine-name="x86_64" user="" user-domain="" culture="en-US" uiculture="en-US" os-architecture="64bit" /><failure><message><![CDATA[]]></message><stack-trace><![CDATA[None]]></stack-trace></failure><reason><message><![CDATA[&#x1b;[32mINFO    &#x1b;[0m pycrostates:resample.py:170 Resampling instance into 1 resamples of 100 samples covering 6007.00% of the original data.]]></message></reason><output><![CDATA[&#x1b;[32mINFO    &#x1b;[0m pycrostates:resample.py:170 Resampling instance into 1 resamples of 100 samples covering 6007.00% of the original data.]]></output></test-case><test-case id="151" name="pycrostates/preprocessing/tests/test_resample.py::test_resample_n_resamples_n_samples[inst1-True-1-300]" fullname="pycrostates/preprocessing/tests/test_resample.py::test_resample_n_resamples_n_samples[inst1-True-1-300]" methodname="test_resample_n_resamples_n_samples[inst1-True-1-300]" classname="pycrostates/preprocessing/tests/test_resample.py" runstate="Runnable" seed="1" result="Passed" label="Test resampling with n_resamples and n_samples provided." start-time="2022-06-08 16:12:49.612295" end-time="2022-06-08 16:12:49.616333" duration="0.004038" asserts="0"><properties><property name="python-version" value="3.9.9 (main, Nov 21 2021, 03:23:42) &#10;[Clang 13.0.0 (clang-1300.0.29.3)]" /><property name="fspath" value="pycrostates/preprocessing/tests/test_resample.py" /></properties><environment framework-version="3.6.2" clr-version="3.9.9 (main, Nov 21 2021, 03:23:42) &#10;[Clang 13.0.0 (clang-1300.0.29.3)]" os-version="20.6.0" platform="Darwin" cwd="/Users/scheltie/Documents/git/mscheltienne/pycrostates" machine-name="x86_64" user="" user-domain="" culture="en-US" uiculture="en-US" os-architecture="64bit" /><failure><message><![CDATA[]]></message><stack-trace><![CDATA[None]]></stack-trace></failure><reason><message><![CDATA[&#x1b;[32mINFO    &#x1b;[0m pycrostates:resample.py:170 Resampling instance into 1 resamples of 300 samples covering 2002.33% of the original data.]]></message></reason><output><![CDATA[&#x1b;[32mINFO    &#x1b;[0m pycrostates:resample.py:170 Resampling instance into 1 resamples of 300 samples covering 2002.33% of the original data.]]></output></test-case><test-case id="152" name="pycrostates/preprocessing/tests/test_resample.py::test_resample_n_resamples_n_samples[inst2-True-1-500]" fullname="pycrostates/preprocessing/tests/test_resample.py::test_resample_n_resamples_n_samples[inst2-True-1-500]" methodname="test_resample_n_resamples_n_samples[inst2-True-1-500]" classname="pycrostates/preprocessing/tests/test_resample.py" runstate="Runnable" seed="1" result="Passed" label="Test resampling with n_resamples and n_samples provided." start-time="2022-06-08 16:12:49.617017" end-time="2022-06-08 16:12:49.621048" duration="0.004031" asserts="0"><properties><property name="python-version" value="3.9.9 (main, Nov 21 2021, 03:23:42) &#10;[Clang 13.0.0 (clang-1300.0.29.3)]" /><property name="fspath" value="pycrostates/preprocessing/tests/test_resample.py" /></properties><environment framework-version="3.6.2" clr-version="3.9.9 (main, Nov 21 2021, 03:23:42) &#10;[Clang 13.0.0 (clang-1300.0.29.3)]" os-version="20.6.0" platform="Darwin" cwd="/Users/scheltie/Documents/git/mscheltienne/pycrostates" machine-name="x86_64" user="" user-domain="" culture="en-US" uiculture="en-US" os-architecture="64bit" /><failure><message><![CDATA[]]></message><stack-trace><![CDATA[None]]></stack-trace></failure><reason><message><![CDATA[&#x1b;[32mINFO    &#x1b;[0m pycrostates:resample.py:170 Resampling instance into 1 resamples of 500 samples covering 1201.40% of the original data.]]></message></reason><output><![CDATA[&#x1b;[32mINFO    &#x1b;[0m pycrostates:resample.py:170 Resampling instance into 1 resamples of 500 samples covering 1201.40% of the original data.]]></output></test-case><test-case id="153" name="pycrostates/preprocessing/tests/test_resample.py::test_resample_n_resamples_n_samples[inst3-True-3-100]" fullname="pycrostates/preprocessing/tests/test_resample.py::test_resample_n_resamples_n_samples[inst3-True-3-100]" methodname="test_resample_n_resamples_n_samples[inst3-True-3-100]" classname="pycrostates/preprocessing/tests/test_resample.py" runstate="Runnable" seed="1" result="Passed" label="Test resampling with n_resamples and n_samples provided." start-time="2022-06-08 16:12:49.621722" end-time="2022-06-08 16:12:49.625800" duration="0.004078" asserts="0"><properties><property name="python-version" value="3.9.9 (main, Nov 21 2021, 03:23:42) &#10;[Clang 13.0.0 (clang-1300.0.29.3)]" /><property name="fspath" value="pycrostates/preprocessing/tests/test_resample.py" /></properties><environment framework-version="3.6.2" clr-version="3.9.9 (main, Nov 21 2021, 03:23:42) &#10;[Clang 13.0.0 (clang-1300.0.29.3)]" os-version="20.6.0" platform="Darwin" cwd="/Users/scheltie/Documents/git/mscheltienne/pycrostates" machine-name="x86_64" user="" user-domain="" culture="en-US" uiculture="en-US" os-architecture="64bit" /><failure><message><![CDATA[]]></message><stack-trace><![CDATA[None]]></stack-trace></failure><reason><message><![CDATA[&#x1b;[32mINFO    &#x1b;[0m pycrostates:resample.py:170 Resampling instance into 3 resamples of 100 samples covering 2002.33% of the original data.]]></message></reason><output><![CDATA[&#x1b;[32mINFO    &#x1b;[0m pycrostates:resample.py:170 Resampling instance into 3 resamples of 100 samples covering 2002.33% of the original data.]]></output></test-case><test-case id="154" name="pycrostates/preprocessing/tests/test_resample.py::test_resample_n_resamples_n_samples[inst4-True-3-300]" fullname="pycrostates/preprocessing/tests/test_resample.py::test_resample_n_resamples_n_samples[inst4-True-3-300]" methodname="test_resample_n_resamples_n_samples[inst4-True-3-300]" classname="pycrostates/preprocessing/tests/test_resample.py" runstate="Runnable" seed="1" result="Passed" label="Test resampling with n_resamples and n_samples provided." start-time="2022-06-08 16:12:49.626487" end-time="2022-06-08 16:12:49.630770" duration="0.004283" asserts="0"><properties><property name="python-version" value="3.9.9 (main, Nov 21 2021, 03:23:42) &#10;[Clang 13.0.0 (clang-1300.0.29.3)]" /><property name="fspath" value="pycrostates/preprocessing/tests/test_resample.py" /></properties><environment framework-version="3.6.2" clr-version="3.9.9 (main, Nov 21 2021, 03:23:42) &#10;[Clang 13.0.0 (clang-1300.0.29.3)]" os-version="20.6.0" platform="Darwin" cwd="/Users/scheltie/Documents/git/mscheltienne/pycrostates" machine-name="x86_64" user="" user-domain="" culture="en-US" uiculture="en-US" os-architecture="64bit" /><failure><message><![CDATA[]]></message><stack-trace><![CDATA[None]]></stack-trace></failure><reason><message><![CDATA[&#x1b;[32mINFO    &#x1b;[0m pycrostates:resample.py:170 Resampling instance into 3 resamples of 300 samples covering 667.44% of the original data.]]></message></reason><output><![CDATA[&#x1b;[32mINFO    &#x1b;[0m pycrostates:resample.py:170 Resampling instance into 3 resamples of 300 samples covering 667.44% of the original data.]]></output></test-case><test-case id="155" name="pycrostates/preprocessing/tests/test_resample.py::test_resample_n_resamples_n_samples[inst5-True-3-500]" fullname="pycrostates/preprocessing/tests/test_resample.py::test_resample_n_resamples_n_samples[inst5-True-3-500]" methodname="test_resample_n_resamples_n_samples[inst5-True-3-500]" classname="pycrostates/preprocessing/tests/test_resample.py" runstate="Runnable" seed="1" result="Passed" label="Test resampling with n_resamples and n_samples provided." start-time="2022-06-08 16:12:49.631472" end-time="2022-06-08 16:12:49.635767" duration="0.004295" asserts="0"><properties><property name="python-version" value="3.9.9 (main, Nov 21 2021, 03:23:42) &#10;[Clang 13.0.0 (clang-1300.0.29.3)]" /><property name="fspath" value="pycrostates/preprocessing/tests/test_resample.py" /></properties><environment framework-version="3.6.2" clr-version="3.9.9 (main, Nov 21 2021, 03:23:42) &#10;[Clang 13.0.0 (clang-1300.0.29.3)]" os-version="20.6.0" platform="Darwin" cwd="/Users/scheltie/Documents/git/mscheltienne/pycrostates" machine-name="x86_64" user="" user-domain="" culture="en-US" uiculture="en-US" os-architecture="64bit" /><failure><message><![CDATA[]]></message><stack-trace><![CDATA[None]]></stack-trace></failure><reason><message><![CDATA[&#x1b;[32mINFO    &#x1b;[0m pycrostates:resample.py:170 Resampling instance into 3 resamples of 500 samples covering 400.47% of the original data.]]></message></reason><output><![CDATA[&#x1b;[32mINFO    &#x1b;[0m pycrostates:resample.py:170 Resampling instance into 3 resamples of 500 samples covering 400.47% of the original data.]]></output></test-case><test-case id="156" name="pycrostates/preprocessing/tests/test_resample.py::test_resample_n_resamples_n_samples[inst6-True-5-100]" fullname="pycrostates/preprocessing/tests/test_resample.py::test_resample_n_resamples_n_samples[inst6-True-5-100]" methodname="test_resample_n_resamples_n_samples[inst6-True-5-100]" classname="pycrostates/preprocessing/tests/test_resample.py" runstate="Runnable" seed="1" result="Passed" label="Test resampling with n_resamples and n_samples provided." start-time="2022-06-08 16:12:49.636450" end-time="2022-06-08 16:12:49.640730" duration="0.00428" asserts="0"><properties><property name="python-version" value="3.9.9 (main, Nov 21 2021, 03:23:42) &#10;[Clang 13.0.0 (clang-1300.0.29.3)]" /><property name="fspath" value="pycrostates/preprocessing/tests/test_resample.py" /></properties><environment framework-version="3.6.2" clr-version="3.9.9 (main, Nov 21 2021, 03:23:42) &#10;[Clang 13.0.0 (clang-1300.0.29.3)]" os-version="20.6.0" platform="Darwin" cwd="/Users/scheltie/Documents/git/mscheltienne/pycrostates" machine-name="x86_64" user="" user-domain="" culture="en-US" uiculture="en-US" os-architecture="64bit" /><failure><message><![CDATA[]]></message><stack-trace><![CDATA[None]]></stack-trace></failure><reason><message><![CDATA[&#x1b;[32mINFO    &#x1b;[0m pycrostates:resample.py:170 Resampling instance into 5 resamples of 100 samples covering 1201.40% of the original data.]]></message></reason><output><![CDATA[&#x1b;[32mINFO    &#x1b;[0m pycrostates:resample.py:170 Resampling instance into 5 resamples of 100 samples covering 1201.40% of the original data.]]></output></test-case><test-case id="157" name="pycrostates/preprocessing/tests/test_resample.py::test_resample_n_resamples_n_samples[inst7-True-5-300]" fullname="pycrostates/preprocessing/tests/test_resample.py::test_resample_n_resamples_n_samples[inst7-True-5-300]" methodname="test_resample_n_resamples_n_samples[inst7-True-5-300]" classname="pycrostates/preprocessing/tests/test_resample.py" runstate="Runnable" seed="1" result="Passed" label="Test resampling with n_resamples and n_samples provided." start-time="2022-06-08 16:12:49.641593" end-time="2022-06-08 16:12:49.645740" duration="0.004147" asserts="0"><properties><property name="python-version" value="3.9.9 (main, Nov 21 2021, 03:23:42) &#10;[Clang 13.0.0 (clang-1300.0.29.3)]" /><property name="fspath" value="pycrostates/preprocessing/tests/test_resample.py" /></properties><environment framework-version="3.6.2" clr-version="3.9.9 (main, Nov 21 2021, 03:23:42) &#10;[Clang 13.0.0 (clang-1300.0.29.3)]" os-version="20.6.0" platform="Darwin" cwd="/Users/scheltie/Documents/git/mscheltienne/pycrostates" machine-name="x86_64" user="" user-domain="" culture="en-US" uiculture="en-US" os-architecture="64bit" /><failure><message><![CDATA[]]></message><stack-trace><![CDATA[None]]></stack-trace></failure><reason><message><![CDATA[&#x1b;[32mINFO    &#x1b;[0m pycrostates:resample.py:170 Resampling instance into 5 resamples of 300 samples covering 400.47% of the original data.]]></message></reason><output><![CDATA[&#x1b;[32mINFO    &#x1b;[0m pycrostates:resample.py:170 Resampling instance into 5 resamples of 300 samples covering 400.47% of the original data.]]></output></test-case><test-case id="158" name="pycrostates/preprocessing/tests/test_resample.py::test_resample_n_resamples_n_samples[inst8-True-5-500]" fullname="pycrostates/preprocessing/tests/test_resample.py::test_resample_n_resamples_n_samples[inst8-True-5-500]" methodname="test_resample_n_resamples_n_samples[inst8-True-5-500]" classname="pycrostates/preprocessing/tests/test_resample.py" runstate="Runnable" seed="1" result="Passed" label="Test resampling with n_resamples and n_samples provided." start-time="2022-06-08 16:12:49.646319" end-time="2022-06-08 16:12:49.650447" duration="0.004128" asserts="0"><properties><property name="python-version" value="3.9.9 (main, Nov 21 2021, 03:23:42) &#10;[Clang 13.0.0 (clang-1300.0.29.3)]" /><property name="fspath" value="pycrostates/preprocessing/tests/test_resample.py" /></properties><environment framework-version="3.6.2" clr-version="3.9.9 (main, Nov 21 2021, 03:23:42) &#10;[Clang 13.0.0 (clang-1300.0.29.3)]" os-version="20.6.0" platform="Darwin" cwd="/Users/scheltie/Documents/git/mscheltienne/pycrostates" machine-name="x86_64" user="" user-domain="" culture="en-US" uiculture="en-US" os-architecture="64bit" /><failure><message><![CDATA[]]></message><stack-trace><![CDATA[None]]></stack-trace></failure><reason><message><![CDATA[&#x1b;[32mINFO    &#x1b;[0m pycrostates:resample.py:170 Resampling instance into 5 resamples of 500 samples covering 240.28% of the original data.]]></message></reason><output><![CDATA[&#x1b;[32mINFO    &#x1b;[0m pycrostates:resample.py:170 Resampling instance into 5 resamples of 500 samples covering 240.28% of the original data.]]></output></test-case><test-case id="159" name="pycrostates/preprocessing/tests/test_resample.py::test_resample_n_resamples_n_samples[inst9-True-7-100]" fullname="pycrostates/preprocessing/tests/test_resample.py::test_resample_n_resamples_n_samples[inst9-True-7-100]" methodname="test_resample_n_resamples_n_samples[inst9-True-7-100]" classname="pycrostates/preprocessing/tests/test_resample.py" runstate="Runnable" seed="1" result="Passed" label="Test resampling with n_resamples and n_samples provided." start-time="2022-06-08 16:12:49.651082" end-time="2022-06-08 16:12:49.655850" duration="0.004768" asserts="0"><properties><property name="python-version" value="3.9.9 (main, Nov 21 2021, 03:23:42) &#10;[Clang 13.0.0 (clang-1300.0.29.3)]" /><property name="fspath" value="pycrostates/preprocessing/tests/test_resample.py" /></properties><environment framework-version="3.6.2" clr-version="3.9.9 (main, Nov 21 2021, 03:23:42) &#10;[Clang 13.0.0 (clang-1300.0.29.3)]" os-version="20.6.0" platform="Darwin" cwd="/Users/scheltie/Documents/git/mscheltienne/pycrostates" machine-name="x86_64" user="" user-domain="" culture="en-US" uiculture="en-US" os-architecture="64bit" /><failure><message><![CDATA[]]></message><stack-trace><![CDATA[None]]></stack-trace></failure><reason><message><![CDATA[&#x1b;[32mINFO    &#x1b;[0m pycrostates:resample.py:170 Resampling instance into 7 resamples of 100 samples covering 858.14% of the original data.]]></message></reason><output><![CDATA[&#x1b;[32mINFO    &#x1b;[0m pycrostates:resample.py:170 Resampling instance into 7 resamples of 100 samples covering 858.14% of the original data.]]></output></test-case><test-case id="160" name="pycrostates/preprocessing/tests/test_resample.py::test_resample_n_resamples_n_samples[inst10-True-7-300]" fullname="pycrostates/preprocessing/tests/test_resample.py::test_resample_n_resamples_n_samples[inst10-True-7-300]" methodname="test_resample_n_resamples_n_samples[inst10-True-7-300]" classname="pycrostates/preprocessing/tests/test_resample.py" runstate="Runnable" seed="1" result="Passed" label="Test resampling with n_resamples and n_samples provided." start-time="2022-06-08 16:12:49.656528" end-time="2022-06-08 16:12:49.661244" duration="0.004716" asserts="0"><properties><property name="python-version" value="3.9.9 (main, Nov 21 2021, 03:23:42) &#10;[Clang 13.0.0 (clang-1300.0.29.3)]" /><property name="fspath" value="pycrostates/preprocessing/tests/test_resample.py" /></properties><environment framework-version="3.6.2" clr-version="3.9.9 (main, Nov 21 2021, 03:23:42) &#10;[Clang 13.0.0 (clang-1300.0.29.3)]" os-version="20.6.0" platform="Darwin" cwd="/Users/scheltie/Documents/git/mscheltienne/pycrostates" machine-name="x86_64" user="" user-domain="" culture="en-US" uiculture="en-US" os-architecture="64bit" /><failure><message><![CDATA[]]></message><stack-trace><![CDATA[None]]></stack-trace></failure><reason><message><![CDATA[&#x1b;[32mINFO    &#x1b;[0m pycrostates:resample.py:170 Resampling instance into 7 resamples of 300 samples covering 286.05% of the original data.]]></message></reason><output><![CDATA[&#x1b;[32mINFO    &#x1b;[0m pycrostates:resample.py:170 Resampling instance into 7 resamples of 300 samples covering 286.05% of the original data.]]></output></test-case><test-case id="161" name="pycrostates/preprocessing/tests/test_resample.py::test_resample_n_resamples_n_samples[inst11-True-7-500]" fullname="pycrostates/preprocessing/tests/test_resample.py::test_resample_n_resamples_n_samples[inst11-True-7-500]" methodname="test_resample_n_resamples_n_samples[inst11-True-7-500]" classname="pycrostates/preprocessing/tests/test_resample.py" runstate="Runnable" seed="1" result="Passed" label="Test resampling with n_resamples and n_samples provided." start-time="2022-06-08 16:12:49.661948" end-time="2022-06-08 16:12:49.666704" duration="0.004756" asserts="0"><properties><property name="python-version" value="3.9.9 (main, Nov 21 2021, 03:23:42) &#10;[Clang 13.0.0 (clang-1300.0.29.3)]" /><property name="fspath" value="pycrostates/preprocessing/tests/test_resample.py" /></properties><environment framework-version="3.6.2" clr-version="3.9.9 (main, Nov 21 2021, 03:23:42) &#10;[Clang 13.0.0 (clang-1300.0.29.3)]" os-version="20.6.0" platform="Darwin" cwd="/Users/scheltie/Documents/git/mscheltienne/pycrostates" machine-name="x86_64" user="" user-domain="" culture="en-US" uiculture="en-US" os-architecture="64bit" /><failure><message><![CDATA[]]></message><stack-trace><![CDATA[None]]></stack-trace></failure><reason><message><![CDATA[&#x1b;[32mINFO    &#x1b;[0m pycrostates:resample.py:170 Resampling instance into 7 resamples of 500 samples covering 171.63% of the original data.]]></message></reason><output><![CDATA[&#x1b;[32mINFO    &#x1b;[0m pycrostates:resample.py:170 Resampling instance into 7 resamples of 500 samples covering 171.63% of the original data.]]></output></test-case><test-case id="162" name="pycrostates/preprocessing/tests/test_resample.py::test_resample_n_resamples_n_samples[inst12-True-9-100]" fullname="pycrostates/preprocessing/tests/test_resample.py::test_resample_n_resamples_n_samples[inst12-True-9-100]" methodname="test_resample_n_resamples_n_samples[inst12-True-9-100]" classname="pycrostates/preprocessing/tests/test_resample.py" runstate="Runnable" seed="1" result="Passed" label="Test resampling with n_resamples and n_samples provided." start-time="2022-06-08 16:12:49.667378" end-time="2022-06-08 16:12:49.672156" duration="0.004778" asserts="0"><properties><property name="python-version" value="3.9.9 (main, Nov 21 2021, 03:23:42) &#10;[Clang 13.0.0 (clang-1300.0.29.3)]" /><property name="fspath" value="pycrostates/preprocessing/tests/test_resample.py" /></properties><environment framework-version="3.6.2" clr-version="3.9.9 (main, Nov 21 2021, 03:23:42) &#10;[Clang 13.0.0 (clang-1300.0.29.3)]" os-version="20.6.0" platform="Darwin" cwd="/Users/scheltie/Documents/git/mscheltienne/pycrostates" machine-name="x86_64" user="" user-domain="" culture="en-US" uiculture="en-US" os-architecture="64bit" /><failure><message><![CDATA[]]></message><stack-trace><![CDATA[None]]></stack-trace></failure><reason><message><![CDATA[&#x1b;[32mINFO    &#x1b;[0m pycrostates:resample.py:170 Resampling instance into 9 resamples of 100 samples covering 667.44% of the original data.]]></message></reason><output><![CDATA[&#x1b;[32mINFO    &#x1b;[0m pycrostates:resample.py:170 Resampling instance into 9 resamples of 100 samples covering 667.44% of the original data.]]></output></test-case><test-case id="163" name="pycrostates/preprocessing/tests/test_resample.py::test_resample_n_resamples_n_samples[inst13-True-9-300]" fullname="pycrostates/preprocessing/tests/test_resample.py::test_resample_n_resamples_n_samples[inst13-True-9-300]" methodname="test_resample_n_resamples_n_samples[inst13-True-9-300]" classname="pycrostates/preprocessing/tests/test_resample.py" runstate="Runnable" seed="1" result="Passed" label="Test resampling with n_resamples and n_samples provided." start-time="2022-06-08 16:12:49.672819" end-time="2022-06-08 16:12:49.677775" duration="0.004956" asserts="0"><properties><property name="python-version" value="3.9.9 (main, Nov 21 2021, 03:23:42) &#10;[Clang 13.0.0 (clang-1300.0.29.3)]" /><property name="fspath" value="pycrostates/preprocessing/tests/test_resample.py" /></properties><environment framework-version="3.6.2" clr-version="3.9.9 (main, Nov 21 2021, 03:23:42) &#10;[Clang 13.0.0 (clang-1300.0.29.3)]" os-version="20.6.0" platform="Darwin" cwd="/Users/scheltie/Documents/git/mscheltienne/pycrostates" machine-name="x86_64" user="" user-domain="" culture="en-US" uiculture="en-US" os-architecture="64bit" /><failure><message><![CDATA[]]></message><stack-trace><![CDATA[None]]></stack-trace></failure><reason><message><![CDATA[&#x1b;[32mINFO    &#x1b;[0m pycrostates:resample.py:170 Resampling instance into 9 resamples of 300 samples covering 222.48% of the original data.]]></message></reason><output><![CDATA[&#x1b;[32mINFO    &#x1b;[0m pycrostates:resample.py:170 Resampling instance into 9 resamples of 300 samples covering 222.48% of the original data.]]></output></test-case><test-case id="164" name="pycrostates/preprocessing/tests/test_resample.py::test_resample_n_resamples_n_samples[inst14-True-9-500]" fullname="pycrostates/preprocessing/tests/test_resample.py::test_resample_n_resamples_n_samples[inst14-True-9-500]" methodname="test_resample_n_resamples_n_samples[inst14-True-9-500]" classname="pycrostates/preprocessing/tests/test_resample.py" runstate="Runnable" seed="1" result="Passed" label="Test resampling with n_resamples and n_samples provided." start-time="2022-06-08 16:12:49.678495" end-time="2022-06-08 16:12:49.684024" duration="0.005529" asserts="0"><properties><property name="python-version" value="3.9.9 (main, Nov 21 2021, 03:23:42) &#10;[Clang 13.0.0 (clang-1300.0.29.3)]" /><property name="fspath" value="pycrostates/preprocessing/tests/test_resample.py" /></properties><environment framework-version="3.6.2" clr-version="3.9.9 (main, Nov 21 2021, 03:23:42) &#10;[Clang 13.0.0 (clang-1300.0.29.3)]" os-version="20.6.0" platform="Darwin" cwd="/Users/scheltie/Documents/git/mscheltienne/pycrostates" machine-name="x86_64" user="" user-domain="" culture="en-US" uiculture="en-US" os-architecture="64bit" /><failure><message><![CDATA[]]></message><stack-trace><![CDATA[None]]></stack-trace></failure><reason><message><![CDATA[&#x1b;[32mINFO    &#x1b;[0m pycrostates:resample.py:170 Resampling instance into 9 resamples of 500 samples covering 133.49% of the original data.]]></message></reason><output><![CDATA[&#x1b;[32mINFO    &#x1b;[0m pycrostates:resample.py:170 Resampling instance into 9 resamples of 500 samples covering 133.49% of the original data.]]></output></test-case><test-case id="165" name="pycrostates/preprocessing/tests/test_resample.py::test_resample_n_resamples_n_samples[inst15-False-1-100]" fullname="pycrostates/preprocessing/tests/test_resample.py::test_resample_n_resamples_n_samples[inst15-False-1-100]" methodname="test_resample_n_resamples_n_samples[inst15-False-1-100]" classname="pycrostates/preprocessing/tests/test_resample.py" runstate="Runnable" seed="1" result="Passed" label="Test resampling with n_resamples and n_samples provided." start-time="2022-06-08 16:12:49.684729" end-time="2022-06-08 16:12:49.688840" duration="0.004111" asserts="0"><properties><property name="python-version" value="3.9.9 (main, Nov 21 2021, 03:23:42) &#10;[Clang 13.0.0 (clang-1300.0.29.3)]" /><property name="fspath" value="pycrostates/preprocessing/tests/test_resample.py" /></properties><environment framework-version="3.6.2" clr-version="3.9.9 (main, Nov 21 2021, 03:23:42) &#10;[Clang 13.0.0 (clang-1300.0.29.3)]" os-version="20.6.0" platform="Darwin" cwd="/Users/scheltie/Documents/git/mscheltienne/pycrostates" machine-name="x86_64" user="" user-domain="" culture="en-US" uiculture="en-US" os-architecture="64bit" /><failure><message><![CDATA[]]></message><stack-trace><![CDATA[None]]></stack-trace></failure><reason><message><![CDATA[&#x1b;[32mINFO    &#x1b;[0m pycrostates:resample.py:170 Resampling instance into 1 resamples of 100 samples covering 6007.00% of the original data.]]></message></reason><output><![CDATA[&#x1b;[32mINFO    &#x1b;[0m pycrostates:resample.py:170 Resampling instance into 1 resamples of 100 samples covering 6007.00% of the original data.]]></output></test-case><test-case id="166" name="pycrostates/preprocessing/tests/test_resample.py::test_resample_n_resamples_n_samples[inst16-False-1-300]" fullname="pycrostates/preprocessing/tests/test_resample.py::test_resample_n_resamples_n_samples[inst16-False-1-300]" methodname="test_resample_n_resamples_n_samples[inst16-False-1-300]" classname="pycrostates/preprocessing/tests/test_resample.py" runstate="Runnable" seed="1" result="Passed" label="Test resampling with n_resamples and n_samples provided." start-time="2022-06-08 16:12:49.689520" end-time="2022-06-08 16:12:49.693725" duration="0.004205" asserts="0"><properties><property name="python-version" value="3.9.9 (main, Nov 21 2021, 03:23:42) &#10;[Clang 13.0.0 (clang-1300.0.29.3)]" /><property name="fspath" value="pycrostates/preprocessing/tests/test_resample.py" /></properties><environment framework-version="3.6.2" clr-version="3.9.9 (main, Nov 21 2021, 03:23:42) &#10;[Clang 13.0.0 (clang-1300.0.29.3)]" os-version="20.6.0" platform="Darwin" cwd="/Users/scheltie/Documents/git/mscheltienne/pycrostates" machine-name="x86_64" user="" user-domain="" culture="en-US" uiculture="en-US" os-architecture="64bit" /><failure><message><![CDATA[]]></message><stack-trace><![CDATA[None]]></stack-trace></failure><reason><message><![CDATA[&#x1b;[32mINFO    &#x1b;[0m pycrostates:resample.py:170 Resampling instance into 1 resamples of 300 samples covering 2002.33% of the original data.]]></message></reason><output><![CDATA[&#x1b;[32mINFO    &#x1b;[0m pycrostates:resample.py:170 Resampling instance into 1 resamples of 300 samples covering 2002.33% of the original data.]]></output></test-case><test-case id="167" name="pycrostates/preprocessing/tests/test_resample.py::test_resample_n_resamples_n_samples[inst17-False-1-500]" fullname="pycrostates/preprocessing/tests/test_resample.py::test_resample_n_resamples_n_samples[inst17-False-1-500]" methodname="test_resample_n_resamples_n_samples[inst17-False-1-500]" classname="pycrostates/preprocessing/tests/test_resample.py" runstate="Runnable" seed="1" result="Passed" label="Test resampling with n_resamples and n_samples provided." start-time="2022-06-08 16:12:49.694544" end-time="2022-06-08 16:12:49.699105" duration="0.004561" asserts="0"><properties><property name="python-version" value="3.9.9 (main, Nov 21 2021, 03:23:42) &#10;[Clang 13.0.0 (clang-1300.0.29.3)]" /><property name="fspath" value="pycrostates/preprocessing/tests/test_resample.py" /></properties><environment framework-version="3.6.2" clr-version="3.9.9 (main, Nov 21 2021, 03:23:42) &#10;[Clang 13.0.0 (clang-1300.0.29.3)]" os-version="20.6.0" platform="Darwin" cwd="/Users/scheltie/Documents/git/mscheltienne/pycrostates" machine-name="x86_64" user="" user-domain="" culture="en-US" uiculture="en-US" os-architecture="64bit" /><failure><message><![CDATA[]]></message><stack-trace><![CDATA[None]]></stack-trace></failure><reason><message><![CDATA[&#x1b;[32mINFO    &#x1b;[0m pycrostates:resample.py:170 Resampling instance into 1 resamples of 500 samples covering 1201.40% of the original data.]]></message></reason><output><![CDATA[&#x1b;[32mINFO    &#x1b;[0m pycrostates:resample.py:170 Resampling instance into 1 resamples of 500 samples covering 1201.40% of the original data.]]></output></test-case><test-case id="168" name="pycrostates/preprocessing/tests/test_resample.py::test_resample_n_resamples_n_samples[inst18-False-3-100]" fullname="pycrostates/preprocessing/tests/test_resample.py::test_resample_n_resamples_n_samples[inst18-False-3-100]" methodname="test_resample_n_resamples_n_samples[inst18-False-3-100]" classname="pycrostates/preprocessing/tests/test_resample.py" runstate="Runnable" seed="1" result="Passed" label="Test resampling with n_resamples and n_samples provided." start-time="2022-06-08 16:12:49.699811" end-time="2022-06-08 16:12:49.704003" duration="0.004192" asserts="0"><properties><property name="python-version" value="3.9.9 (main, Nov 21 2021, 03:23:42) &#10;[Clang 13.0.0 (clang-1300.0.29.3)]" /><property name="fspath" value="pycrostates/preprocessing/tests/test_resample.py" /></properties><environment framework-version="3.6.2" clr-version="3.9.9 (main, Nov 21 2021, 03:23:42) &#10;[Clang 13.0.0 (clang-1300.0.29.3)]" os-version="20.6.0" platform="Darwin" cwd="/Users/scheltie/Documents/git/mscheltienne/pycrostates" machine-name="x86_64" user="" user-domain="" culture="en-US" uiculture="en-US" os-architecture="64bit" /><failure><message><![CDATA[]]></message><stack-trace><![CDATA[None]]></stack-trace></failure><reason><message><![CDATA[&#x1b;[32mINFO    &#x1b;[0m pycrostates:resample.py:170 Resampling instance into 3 resamples of 100 samples covering 2002.33% of the original data.]]></message></reason><output><![CDATA[&#x1b;[32mINFO    &#x1b;[0m pycrostates:resample.py:170 Resampling instance into 3 resamples of 100 samples covering 2002.33% of the original data.]]></output></test-case><test-case id="169" name="pycrostates/preprocessing/tests/test_resample.py::test_resample_n_resamples_n_samples[inst19-False-3-300]" fullname="pycrostates/preprocessing/tests/test_resample.py::test_resample_n_resamples_n_samples[inst19-False-3-300]" methodname="test_resample_n_resamples_n_samples[inst19-False-3-300]" classname="pycrostates/preprocessing/tests/test_resample.py" runstate="Runnable" seed="1" result="Passed" label="Test resampling with n_resamples and n_samples provided." start-time="2022-06-08 16:12:49.704669" end-time="2022-06-08 16:12:49.708899" duration="0.00423" asserts="0"><properties><property name="python-version" value="3.9.9 (main, Nov 21 2021, 03:23:42) &#10;[Clang 13.0.0 (clang-1300.0.29.3)]" /><property name="fspath" value="pycrostates/preprocessing/tests/test_resample.py" /></properties><environment framework-version="3.6.2" clr-version="3.9.9 (main, Nov 21 2021, 03:23:42) &#10;[Clang 13.0.0 (clang-1300.0.29.3)]" os-version="20.6.0" platform="Darwin" cwd="/Users/scheltie/Documents/git/mscheltienne/pycrostates" machine-name="x86_64" user="" user-domain="" culture="en-US" uiculture="en-US" os-architecture="64bit" /><failure><message><![CDATA[]]></message><stack-trace><![CDATA[None]]></stack-trace></failure><reason><message><![CDATA[&#x1b;[32mINFO    &#x1b;[0m pycrostates:resample.py:170 Resampling instance into 3 resamples of 300 samples covering 667.44% of the original data.]]></message></reason><output><![CDATA[&#x1b;[32mINFO    &#x1b;[0m pycrostates:resample.py:170 Resampling instance into 3 resamples of 300 samples covering 667.44% of the original data.]]></output></test-case><test-case id="170" name="pycrostates/preprocessing/tests/test_resample.py::test_resample_n_resamples_n_samples[inst20-False-3-500]" fullname="pycrostates/preprocessing/tests/test_resample.py::test_resample_n_resamples_n_samples[inst20-False-3-500]" methodname="test_resample_n_resamples_n_samples[inst20-False-3-500]" classname="pycrostates/preprocessing/tests/test_resample.py" runstate="Runnable" seed="1" result="Passed" label="Test resampling with n_resamples and n_samples provided." start-time="2022-06-08 16:12:49.709585" end-time="2022-06-08 16:12:49.714006" duration="0.004421" asserts="0"><properties><property name="python-version" value="3.9.9 (main, Nov 21 2021, 03:23:42) &#10;[Clang 13.0.0 (clang-1300.0.29.3)]" /><property name="fspath" value="pycrostates/preprocessing/tests/test_resample.py" /></properties><environment framework-version="3.6.2" clr-version="3.9.9 (main, Nov 21 2021, 03:23:42) &#10;[Clang 13.0.0 (clang-1300.0.29.3)]" os-version="20.6.0" platform="Darwin" cwd="/Users/scheltie/Documents/git/mscheltienne/pycrostates" machine-name="x86_64" user="" user-domain="" culture="en-US" uiculture="en-US" os-architecture="64bit" /><failure><message><![CDATA[]]></message><stack-trace><![CDATA[None]]></stack-trace></failure><reason><message><![CDATA[&#x1b;[32mINFO    &#x1b;[0m pycrostates:resample.py:170 Resampling instance into 3 resamples of 500 samples covering 400.47% of the original data.]]></message></reason><output><![CDATA[&#x1b;[32mINFO    &#x1b;[0m pycrostates:resample.py:170 Resampling instance into 3 resamples of 500 samples covering 400.47% of the original data.]]></output></test-case><test-case id="171" name="pycrostates/preprocessing/tests/test_resample.py::test_resample_n_resamples_n_samples[inst21-False-5-100]" fullname="pycrostates/preprocessing/tests/test_resample.py::test_resample_n_resamples_n_samples[inst21-False-5-100]" methodname="test_resample_n_resamples_n_samples[inst21-False-5-100]" classname="pycrostates/preprocessing/tests/test_resample.py" runstate="Runnable" seed="1" result="Passed" label="Test resampling with n_resamples and n_samples provided." start-time="2022-06-08 16:12:49.714791" end-time="2022-06-08 16:12:49.719263" duration="0.004472" asserts="0"><properties><property name="python-version" value="3.9.9 (main, Nov 21 2021, 03:23:42) &#10;[Clang 13.0.0 (clang-1300.0.29.3)]" /><property name="fspath" value="pycrostates/preprocessing/tests/test_resample.py" /></properties><environment framework-version="3.6.2" clr-version="3.9.9 (main, Nov 21 2021, 03:23:42) &#10;[Clang 13.0.0 (clang-1300.0.29.3)]" os-version="20.6.0" platform="Darwin" cwd="/Users/scheltie/Documents/git/mscheltienne/pycrostates" machine-name="x86_64" user="" user-domain="" culture="en-US" uiculture="en-US" os-architecture="64bit" /><failure><message><![CDATA[]]></message><stack-trace><![CDATA[None]]></stack-trace></failure><reason><message><![CDATA[&#x1b;[32mINFO    &#x1b;[0m pycrostates:resample.py:170 Resampling instance into 5 resamples of 100 samples covering 1201.40% of the original data.]]></message></reason><output><![CDATA[&#x1b;[32mINFO    &#x1b;[0m pycrostates:resample.py:170 Resampling instance into 5 resamples of 100 samples covering 1201.40% of the original data.]]></output></test-case><test-case id="172" name="pycrostates/preprocessing/tests/test_resample.py::test_resample_n_resamples_n_samples[inst22-False-5-300]" fullname="pycrostates/preprocessing/tests/test_resample.py::test_resample_n_resamples_n_samples[inst22-False-5-300]" methodname="test_resample_n_resamples_n_samples[inst22-False-5-300]" classname="pycrostates/preprocessing/tests/test_resample.py" runstate="Runnable" seed="1" result="Passed" label="Test resampling with n_resamples and n_samples provided." start-time="2022-06-08 16:12:49.719943" end-time="2022-06-08 16:12:49.724624" duration="0.004681" asserts="0"><properties><property name="python-version" value="3.9.9 (main, Nov 21 2021, 03:23:42) &#10;[Clang 13.0.0 (clang-1300.0.29.3)]" /><property name="fspath" value="pycrostates/preprocessing/tests/test_resample.py" /></properties><environment framework-version="3.6.2" clr-version="3.9.9 (main, Nov 21 2021, 03:23:42) &#10;[Clang 13.0.0 (clang-1300.0.29.3)]" os-version="20.6.0" platform="Darwin" cwd="/Users/scheltie/Documents/git/mscheltienne/pycrostates" machine-name="x86_64" user="" user-domain="" culture="en-US" uiculture="en-US" os-architecture="64bit" /><failure><message><![CDATA[]]></message><stack-trace><![CDATA[None]]></stack-trace></failure><reason><message><![CDATA[&#x1b;[32mINFO    &#x1b;[0m pycrostates:resample.py:170 Resampling instance into 5 resamples of 300 samples covering 400.47% of the original data.]]></message></reason><output><![CDATA[&#x1b;[32mINFO    &#x1b;[0m pycrostates:resample.py:170 Resampling instance into 5 resamples of 300 samples covering 400.47% of the original data.]]></output></test-case><test-case id="173" name="pycrostates/preprocessing/tests/test_resample.py::test_resample_n_resamples_n_samples[inst23-False-5-500]" fullname="pycrostates/preprocessing/tests/test_resample.py::test_resample_n_resamples_n_samples[inst23-False-5-500]" methodname="test_resample_n_resamples_n_samples[inst23-False-5-500]" classname="pycrostates/preprocessing/tests/test_resample.py" runstate="Runnable" seed="1" result="Passed" label="Test resampling with n_resamples and n_samples provided." start-time="2022-06-08 16:12:49.725358" end-time="2022-06-08 16:12:49.730356" duration="0.004998" asserts="0"><properties><property name="python-version" value="3.9.9 (main, Nov 21 2021, 03:23:42) &#10;[Clang 13.0.0 (clang-1300.0.29.3)]" /><property name="fspath" value="pycrostates/preprocessing/tests/test_resample.py" /></properties><environment framework-version="3.6.2" clr-version="3.9.9 (main, Nov 21 2021, 03:23:42) &#10;[Clang 13.0.0 (clang-1300.0.29.3)]" os-version="20.6.0" platform="Darwin" cwd="/Users/scheltie/Documents/git/mscheltienne/pycrostates" machine-name="x86_64" user="" user-domain="" culture="en-US" uiculture="en-US" os-architecture="64bit" /><failure><message><![CDATA[]]></message><stack-trace><![CDATA[None]]></stack-trace></failure><reason><message><![CDATA[&#x1b;[32mINFO    &#x1b;[0m pycrostates:resample.py:170 Resampling instance into 5 resamples of 500 samples covering 240.28% of the original data.]]></message></reason><output><![CDATA[&#x1b;[32mINFO    &#x1b;[0m pycrostates:resample.py:170 Resampling instance into 5 resamples of 500 samples covering 240.28% of the original data.]]></output></test-case><test-case id="174" name="pycrostates/preprocessing/tests/test_resample.py::test_resample_n_resamples_n_samples[inst24-False-7-100]" fullname="pycrostates/preprocessing/tests/test_resample.py::test_resample_n_resamples_n_samples[inst24-False-7-100]" methodname="test_resample_n_resamples_n_samples[inst24-False-7-100]" classname="pycrostates/preprocessing/tests/test_resample.py" runstate="Runnable" seed="1" result="Passed" label="Test resampling with n_resamples and n_samples provided." start-time="2022-06-08 16:12:49.731074" end-time="2022-06-08 16:12:49.735842" duration="0.004768" asserts="0"><properties><property name="python-version" value="3.9.9 (main, Nov 21 2021, 03:23:42) &#10;[Clang 13.0.0 (clang-1300.0.29.3)]" /><property name="fspath" value="pycrostates/preprocessing/tests/test_resample.py" /></properties><environment framework-version="3.6.2" clr-version="3.9.9 (main, Nov 21 2021, 03:23:42) &#10;[Clang 13.0.0 (clang-1300.0.29.3)]" os-version="20.6.0" platform="Darwin" cwd="/Users/scheltie/Documents/git/mscheltienne/pycrostates" machine-name="x86_64" user="" user-domain="" culture="en-US" uiculture="en-US" os-architecture="64bit" /><failure><message><![CDATA[]]></message><stack-trace><![CDATA[None]]></stack-trace></failure><reason><message><![CDATA[&#x1b;[32mINFO    &#x1b;[0m pycrostates:resample.py:170 Resampling instance into 7 resamples of 100 samples covering 858.14% of the original data.]]></message></reason><output><![CDATA[&#x1b;[32mINFO    &#x1b;[0m pycrostates:resample.py:170 Resampling instance into 7 resamples of 100 samples covering 858.14% of the original data.]]></output></test-case><test-case id="175" name="pycrostates/preprocessing/tests/test_resample.py::test_resample_n_resamples_n_samples[inst25-False-7-300]" fullname="pycrostates/preprocessing/tests/test_resample.py::test_resample_n_resamples_n_samples[inst25-False-7-300]" methodname="test_resample_n_resamples_n_samples[inst25-False-7-300]" classname="pycrostates/preprocessing/tests/test_resample.py" runstate="Runnable" seed="1" result="Passed" label="Test resampling with n_resamples and n_samples provided." start-time="2022-06-08 16:12:49.736543" end-time="2022-06-08 16:12:49.741364" duration="0.004821" asserts="0"><properties><property name="python-version" value="3.9.9 (main, Nov 21 2021, 03:23:42) &#10;[Clang 13.0.0 (clang-1300.0.29.3)]" /><property name="fspath" value="pycrostates/preprocessing/tests/test_resample.py" /></properties><environment framework-version="3.6.2" clr-version="3.9.9 (main, Nov 21 2021, 03:23:42) &#10;[Clang 13.0.0 (clang-1300.0.29.3)]" os-version="20.6.0" platform="Darwin" cwd="/Users/scheltie/Documents/git/mscheltienne/pycrostates" machine-name="x86_64" user="" user-domain="" culture="en-US" uiculture="en-US" os-architecture="64bit" /><failure><message><![CDATA[]]></message><stack-trace><![CDATA[None]]></stack-trace></failure><reason><message><![CDATA[&#x1b;[32mINFO    &#x1b;[0m pycrostates:resample.py:170 Resampling instance into 7 resamples of 300 samples covering 286.05% of the original data.]]></message></reason><output><![CDATA[&#x1b;[32mINFO    &#x1b;[0m pycrostates:resample.py:170 Resampling instance into 7 resamples of 300 samples covering 286.05% of the original data.]]></output></test-case><test-case id="176" name="pycrostates/preprocessing/tests/test_resample.py::test_resample_n_resamples_n_samples[inst26-False-7-500]" fullname="pycrostates/preprocessing/tests/test_resample.py::test_resample_n_resamples_n_samples[inst26-False-7-500]" methodname="test_resample_n_resamples_n_samples[inst26-False-7-500]" classname="pycrostates/preprocessing/tests/test_resample.py" runstate="Runnable" seed="1" result="Passed" label="Test resampling with n_resamples and n_samples provided." start-time="2022-06-08 16:12:49.742062" end-time="2022-06-08 16:12:49.747024" duration="0.004962" asserts="0"><properties><property name="python-version" value="3.9.9 (main, Nov 21 2021, 03:23:42) &#10;[Clang 13.0.0 (clang-1300.0.29.3)]" /><property name="fspath" value="pycrostates/preprocessing/tests/test_resample.py" /></properties><environment framework-version="3.6.2" clr-version="3.9.9 (main, Nov 21 2021, 03:23:42) &#10;[Clang 13.0.0 (clang-1300.0.29.3)]" os-version="20.6.0" platform="Darwin" cwd="/Users/scheltie/Documents/git/mscheltienne/pycrostates" machine-name="x86_64" user="" user-domain="" culture="en-US" uiculture="en-US" os-architecture="64bit" /><failure><message><![CDATA[]]></message><stack-trace><![CDATA[None]]></stack-trace></failure><reason><message><![CDATA[&#x1b;[32mINFO    &#x1b;[0m pycrostates:resample.py:170 Resampling instance into 7 resamples of 500 samples covering 171.63% of the original data.]]></message></reason><output><![CDATA[&#x1b;[32mINFO    &#x1b;[0m pycrostates:resample.py:170 Resampling instance into 7 resamples of 500 samples covering 171.63% of the original data.]]></output></test-case><test-case id="177" name="pycrostates/preprocessing/tests/test_resample.py::test_resample_n_resamples_n_samples[inst27-False-9-100]" fullname="pycrostates/preprocessing/tests/test_resample.py::test_resample_n_resamples_n_samples[inst27-False-9-100]" methodname="test_resample_n_resamples_n_samples[inst27-False-9-100]" classname="pycrostates/preprocessing/tests/test_resample.py" runstate="Runnable" seed="1" result="Passed" label="Test resampling with n_resamples and n_samples provided." start-time="2022-06-08 16:12:49.747707" end-time="2022-06-08 16:12:49.752412" duration="0.004705" asserts="0"><properties><property name="python-version" value="3.9.9 (main, Nov 21 2021, 03:23:42) &#10;[Clang 13.0.0 (clang-1300.0.29.3)]" /><property name="fspath" value="pycrostates/preprocessing/tests/test_resample.py" /></properties><environment framework-version="3.6.2" clr-version="3.9.9 (main, Nov 21 2021, 03:23:42) &#10;[Clang 13.0.0 (clang-1300.0.29.3)]" os-version="20.6.0" platform="Darwin" cwd="/Users/scheltie/Documents/git/mscheltienne/pycrostates" machine-name="x86_64" user="" user-domain="" culture="en-US" uiculture="en-US" os-architecture="64bit" /><failure><message><![CDATA[]]></message><stack-trace><![CDATA[None]]></stack-trace></failure><reason><message><![CDATA[&#x1b;[32mINFO    &#x1b;[0m pycrostates:resample.py:170 Resampling instance into 9 resamples of 100 samples covering 667.44% of the original data.]]></message></reason><output><![CDATA[&#x1b;[32mINFO    &#x1b;[0m pycrostates:resample.py:170 Resampling instance into 9 resamples of 100 samples covering 667.44% of the original data.]]></output></test-case><test-case id="178" name="pycrostates/preprocessing/tests/test_resample.py::test_resample_n_resamples_n_samples[inst28-False-9-300]" fullname="pycrostates/preprocessing/tests/test_resample.py::test_resample_n_resamples_n_samples[inst28-False-9-300]" methodname="test_resample_n_resamples_n_samples[inst28-False-9-300]" classname="pycrostates/preprocessing/tests/test_resample.py" runstate="Runnable" seed="1" result="Passed" label="Test resampling with n_resamples and n_samples provided." start-time="2022-06-08 16:12:49.753124" end-time="2022-06-08 16:12:49.758318" duration="0.005194" asserts="0"><properties><property name="python-version" value="3.9.9 (main, Nov 21 2021, 03:23:42) &#10;[Clang 13.0.0 (clang-1300.0.29.3)]" /><property name="fspath" value="pycrostates/preprocessing/tests/test_resample.py" /></properties><environment framework-version="3.6.2" clr-version="3.9.9 (main, Nov 21 2021, 03:23:42) &#10;[Clang 13.0.0 (clang-1300.0.29.3)]" os-version="20.6.0" platform="Darwin" cwd="/Users/scheltie/Documents/git/mscheltienne/pycrostates" machine-name="x86_64" user="" user-domain="" culture="en-US" uiculture="en-US" os-architecture="64bit" /><failure><message><![CDATA[]]></message><stack-trace><![CDATA[None]]></stack-trace></failure><reason><message><![CDATA[&#x1b;[32mINFO    &#x1b;[0m pycrostates:resample.py:170 Resampling instance into 9 resamples of 300 samples covering 222.48% of the original data.]]></message></reason><output><![CDATA[&#x1b;[32mINFO    &#x1b;[0m pycrostates:resample.py:170 Resampling instance into 9 resamples of 300 samples covering 222.48% of the original data.]]></output></test-case><test-case id="179" name="pycrostates/preprocessing/tests/test_resample.py::test_resample_n_resamples_n_samples[inst29-False-9-500]" fullname="pycrostates/preprocessing/tests/test_resample.py::test_resample_n_resamples_n_samples[inst29-False-9-500]" methodname="test_resample_n_resamples_n_samples[inst29-False-9-500]" classname="pycrostates/preprocessing/tests/test_resample.py" runstate="Runnable" seed="1" result="Passed" label="Test resampling with n_resamples and n_samples provided." start-time="2022-06-08 16:12:49.759041" end-time="2022-06-08 16:12:49.764557" duration="0.005516" asserts="0"><properties><property name="python-version" value="3.9.9 (main, Nov 21 2021, 03:23:42) &#10;[Clang 13.0.0 (clang-1300.0.29.3)]" /><property name="fspath" value="pycrostates/preprocessing/tests/test_resample.py" /></properties><environment framework-version="3.6.2" clr-version="3.9.9 (main, Nov 21 2021, 03:23:42) &#10;[Clang 13.0.0 (clang-1300.0.29.3)]" os-version="20.6.0" platform="Darwin" cwd="/Users/scheltie/Documents/git/mscheltienne/pycrostates" machine-name="x86_64" user="" user-domain="" culture="en-US" uiculture="en-US" os-architecture="64bit" /><failure><message><![CDATA[]]></message><stack-trace><![CDATA[None]]></stack-trace></failure><reason><message><![CDATA[&#x1b;[32mINFO    &#x1b;[0m pycrostates:resample.py:170 Resampling instance into 9 resamples of 500 samples covering 133.49% of the original data.]]></message></reason><output><![CDATA[&#x1b;[32mINFO    &#x1b;[0m pycrostates:resample.py:170 Resampling instance into 9 resamples of 500 samples covering 133.49% of the original data.]]></output></test-case><test-case id="180" name="pycrostates/preprocessing/tests/test_resample.py::test_resample_n_resamples_n_samples[inst30-True-1-100]" fullname="pycrostates/preprocessing/tests/test_resample.py::test_resample_n_resamples_n_samples[inst30-True-1-100]" methodname="test_resample_n_resamples_n_samples[inst30-True-1-100]" classname="pycrostates/preprocessing/tests/test_resample.py" runstate="Runnable" seed="1" result="Passed" label="Test resampling with n_resamples and n_samples provided." start-time="2022-06-08 16:12:49.765265" end-time="2022-06-08 16:12:49.770224" duration="0.004959" asserts="0"><properties><property name="python-version" value="3.9.9 (main, Nov 21 2021, 03:23:42) &#10;[Clang 13.0.0 (clang-1300.0.29.3)]" /><property name="fspath" value="pycrostates/preprocessing/tests/test_resample.py" /></properties><environment framework-version="3.6.2" clr-version="3.9.9 (main, Nov 21 2021, 03:23:42) &#10;[Clang 13.0.0 (clang-1300.0.29.3)]" os-version="20.6.0" platform="Darwin" cwd="/Users/scheltie/Documents/git/mscheltienne/pycrostates" machine-name="x86_64" user="" user-domain="" culture="en-US" uiculture="en-US" os-architecture="64bit" /><failure><message><![CDATA[]]></message><stack-trace><![CDATA[None]]></stack-trace></failure><reason><message><![CDATA[&#x1b;[32mINFO    &#x1b;[0m pycrostates:resample.py:170 Resampling instance into 1 resamples of 100 samples covering 6010.00% of the original data.]]></message></reason><output><![CDATA[&#x1b;[32mINFO    &#x1b;[0m pycrostates:resample.py:170 Resampling instance into 1 resamples of 100 samples covering 6010.00% of the original data.]]></output></test-case><test-case id="181" name="pycrostates/preprocessing/tests/test_resample.py::test_resample_n_resamples_n_samples[inst31-True-1-300]" fullname="pycrostates/preprocessing/tests/test_resample.py::test_resample_n_resamples_n_samples[inst31-True-1-300]" methodname="test_resample_n_resamples_n_samples[inst31-True-1-300]" classname="pycrostates/preprocessing/tests/test_resample.py" runstate="Runnable" seed="1" result="Passed" label="Test resampling with n_resamples and n_samples provided." start-time="2022-06-08 16:12:49.770949" end-time="2022-06-08 16:12:49.775813" duration="0.004864" asserts="0"><properties><property name="python-version" value="3.9.9 (main, Nov 21 2021, 03:23:42) &#10;[Clang 13.0.0 (clang-1300.0.29.3)]" /><property name="fspath" value="pycrostates/preprocessing/tests/test_resample.py" /></properties><environment framework-version="3.6.2" clr-version="3.9.9 (main, Nov 21 2021, 03:23:42) &#10;[Clang 13.0.0 (clang-1300.0.29.3)]" os-version="20.6.0" platform="Darwin" cwd="/Users/scheltie/Documents/git/mscheltienne/pycrostates" machine-name="x86_64" user="" user-domain="" culture="en-US" uiculture="en-US" os-architecture="64bit" /><failure><message><![CDATA[]]></message><stack-trace><![CDATA[None]]></stack-trace></failure><reason><message><![CDATA[&#x1b;[32mINFO    &#x1b;[0m pycrostates:resample.py:170 Resampling instance into 1 resamples of 300 samples covering 2003.33% of the original data.]]></message></reason><output><![CDATA[&#x1b;[32mINFO    &#x1b;[0m pycrostates:resample.py:170 Resampling instance into 1 resamples of 300 samples covering 2003.33% of the original data.]]></output></test-case><test-case id="182" name="pycrostates/preprocessing/tests/test_resample.py::test_resample_n_resamples_n_samples[inst32-True-1-500]" fullname="pycrostates/preprocessing/tests/test_resample.py::test_resample_n_resamples_n_samples[inst32-True-1-500]" methodname="test_resample_n_resamples_n_samples[inst32-True-1-500]" classname="pycrostates/preprocessing/tests/test_resample.py" runstate="Runnable" seed="1" result="Passed" label="Test resampling with n_resamples and n_samples provided." start-time="2022-06-08 16:12:49.776538" end-time="2022-06-08 16:12:49.781328" duration="0.00479" asserts="0"><properties><property name="python-version" value="3.9.9 (main, Nov 21 2021, 03:23:42) &#10;[Clang 13.0.0 (clang-1300.0.29.3)]" /><property name="fspath" value="pycrostates/preprocessing/tests/test_resample.py" /></properties><environment framework-version="3.6.2" clr-version="3.9.9 (main, Nov 21 2021, 03:23:42) &#10;[Clang 13.0.0 (clang-1300.0.29.3)]" os-version="20.6.0" platform="Darwin" cwd="/Users/scheltie/Documents/git/mscheltienne/pycrostates" machine-name="x86_64" user="" user-domain="" culture="en-US" uiculture="en-US" os-architecture="64bit" /><failure><message><![CDATA[]]></message><stack-trace><![CDATA[None]]></stack-trace></failure><reason><message><![CDATA[&#x1b;[32mINFO    &#x1b;[0m pycrostates:resample.py:170 Resampling instance into 1 resamples of 500 samples covering 1202.00% of the original data.]]></message></reason><output><![CDATA[&#x1b;[32mINFO    &#x1b;[0m pycrostates:resample.py:170 Resampling instance into 1 resamples of 500 samples covering 1202.00% of the original data.]]></output></test-case><test-case id="183" name="pycrostates/preprocessing/tests/test_resample.py::test_resample_n_resamples_n_samples[inst33-True-3-100]" fullname="pycrostates/preprocessing/tests/test_resample.py::test_resample_n_resamples_n_samples[inst33-True-3-100]" methodname="test_resample_n_resamples_n_samples[inst33-True-3-100]" classname="pycrostates/preprocessing/tests/test_resample.py" runstate="Runnable" seed="1" result="Passed" label="Test resampling with n_resamples and n_samples provided." start-time="2022-06-08 16:12:49.782025" end-time="2022-06-08 16:12:49.786650" duration="0.004625" asserts="0"><properties><property name="python-version" value="3.9.9 (main, Nov 21 2021, 03:23:42) &#10;[Clang 13.0.0 (clang-1300.0.29.3)]" /><property name="fspath" value="pycrostates/preprocessing/tests/test_resample.py" /></properties><environment framework-version="3.6.2" clr-version="3.9.9 (main, Nov 21 2021, 03:23:42) &#10;[Clang 13.0.0 (clang-1300.0.29.3)]" os-version="20.6.0" platform="Darwin" cwd="/Users/scheltie/Documents/git/mscheltienne/pycrostates" machine-name="x86_64" user="" user-domain="" culture="en-US" uiculture="en-US" os-architecture="64bit" /><failure><message><![CDATA[]]></message><stack-trace><![CDATA[None]]></stack-trace></failure><reason><message><![CDATA[&#x1b;[32mINFO    &#x1b;[0m pycrostates:resample.py:170 Resampling instance into 3 resamples of 100 samples covering 2003.33% of the original data.]]></message></reason><output><![CDATA[&#x1b;[32mINFO    &#x1b;[0m pycrostates:resample.py:170 Resampling instance into 3 resamples of 100 samples covering 2003.33% of the original data.]]></output></test-case><test-case id="184" name="pycrostates/preprocessing/tests/test_resample.py::test_resample_n_resamples_n_samples[inst34-True-3-300]" fullname="pycrostates/preprocessing/tests/test_resample.py::test_resample_n_resamples_n_samples[inst34-True-3-300]" methodname="test_resample_n_resamples_n_samples[inst34-True-3-300]" classname="pycrostates/preprocessing/tests/test_resample.py" runstate="Runnable" seed="1" result="Passed" label="Test resampling with n_resamples and n_samples provided." start-time="2022-06-08 16:12:49.787343" end-time="2022-06-08 16:12:49.792330" duration="0.004987" asserts="0"><properties><property name="python-version" value="3.9.9 (main, Nov 21 2021, 03:23:42) &#10;[Clang 13.0.0 (clang-1300.0.29.3)]" /><property name="fspath" value="pycrostates/preprocessing/tests/test_resample.py" /></properties><environment framework-version="3.6.2" clr-version="3.9.9 (main, Nov 21 2021, 03:23:42) &#10;[Clang 13.0.0 (clang-1300.0.29.3)]" os-version="20.6.0" platform="Darwin" cwd="/Users/scheltie/Documents/git/mscheltienne/pycrostates" machine-name="x86_64" user="" user-domain="" culture="en-US" uiculture="en-US" os-architecture="64bit" /><failure><message><![CDATA[]]></message><stack-trace><![CDATA[None]]></stack-trace></failure><reason><message><![CDATA[&#x1b;[32mINFO    &#x1b;[0m pycrostates:resample.py:170 Resampling instance into 3 resamples of 300 samples covering 667.78% of the original data.]]></message></reason><output><![CDATA[&#x1b;[32mINFO    &#x1b;[0m pycrostates:resample.py:170 Resampling instance into 3 resamples of 300 samples covering 667.78% of the original data.]]></output></test-case><test-case id="185" name="pycrostates/preprocessing/tests/test_resample.py::test_resample_n_resamples_n_samples[inst35-True-3-500]" fullname="pycrostates/preprocessing/tests/test_resample.py::test_resample_n_resamples_n_samples[inst35-True-3-500]" methodname="test_resample_n_resamples_n_samples[inst35-True-3-500]" classname="pycrostates/preprocessing/tests/test_resample.py" runstate="Runnable" seed="1" result="Passed" label="Test resampling with n_resamples and n_samples provided." start-time="2022-06-08 16:12:49.793089" end-time="2022-06-08 16:12:49.798270" duration="0.005181" asserts="0"><properties><property name="python-version" value="3.9.9 (main, Nov 21 2021, 03:23:42) &#10;[Clang 13.0.0 (clang-1300.0.29.3)]" /><property name="fspath" value="pycrostates/preprocessing/tests/test_resample.py" /></properties><environment framework-version="3.6.2" clr-version="3.9.9 (main, Nov 21 2021, 03:23:42) &#10;[Clang 13.0.0 (clang-1300.0.29.3)]" os-version="20.6.0" platform="Darwin" cwd="/Users/scheltie/Documents/git/mscheltienne/pycrostates" machine-name="x86_64" user="" user-domain="" culture="en-US" uiculture="en-US" os-architecture="64bit" /><failure><message><![CDATA[]]></message><stack-trace><![CDATA[None]]></stack-trace></failure><reason><message><![CDATA[&#x1b;[32mINFO    &#x1b;[0m pycrostates:resample.py:170 Resampling instance into 3 resamples of 500 samples covering 400.67% of the original data.]]></message></reason><output><![CDATA[&#x1b;[32mINFO    &#x1b;[0m pycrostates:resample.py:170 Resampling instance into 3 resamples of 500 samples covering 400.67% of the original data.]]></output></test-case><test-case id="186" name="pycrostates/preprocessing/tests/test_resample.py::test_resample_n_resamples_n_samples[inst36-True-5-100]" fullname="pycrostates/preprocessing/tests/test_resample.py::test_resample_n_resamples_n_samples[inst36-True-5-100]" methodname="test_resample_n_resamples_n_samples[inst36-True-5-100]" classname="pycrostates/preprocessing/tests/test_resample.py" runstate="Runnable" seed="1" result="Passed" label="Test resampling with n_resamples and n_samples provided." start-time="2022-06-08 16:12:49.798977" end-time="2022-06-08 16:12:49.803838" duration="0.004861" asserts="0"><properties><property name="python-version" value="3.9.9 (main, Nov 21 2021, 03:23:42) &#10;[Clang 13.0.0 (clang-1300.0.29.3)]" /><property name="fspath" value="pycrostates/preprocessing/tests/test_resample.py" /></properties><environment framework-version="3.6.2" clr-version="3.9.9 (main, Nov 21 2021, 03:23:42) &#10;[Clang 13.0.0 (clang-1300.0.29.3)]" os-version="20.6.0" platform="Darwin" cwd="/Users/scheltie/Documents/git/mscheltienne/pycrostates" machine-name="x86_64" user="" user-domain="" culture="en-US" uiculture="en-US" os-architecture="64bit" /><failure><message><![CDATA[]]></message><stack-trace><![CDATA[None]]></stack-trace></failure><reason><message><![CDATA[&#x1b;[32mINFO    &#x1b;[0m pycrostates:resample.py:170 Resampling instance into 5 resamples of 100 samples covering 1202.00% of the original data.]]></message></reason><output><![CDATA[&#x1b;[32mINFO    &#x1b;[0m pycrostates:resample.py:170 Resampling instance into 5 resamples of 100 samples covering 1202.00% of the original data.]]></output></test-case><test-case id="187" name="pycrostates/preprocessing/tests/test_resample.py::test_resample_n_resamples_n_samples[inst37-True-5-300]" fullname="pycrostates/preprocessing/tests/test_resample.py::test_resample_n_resamples_n_samples[inst37-True-5-300]" methodname="test_resample_n_resamples_n_samples[inst37-True-5-300]" classname="pycrostates/preprocessing/tests/test_resample.py" runstate="Runnable" seed="1" result="Passed" label="Test resampling with n_resamples and n_samples provided." start-time="2022-06-08 16:12:49.804551" end-time="2022-06-08 16:12:49.809716" duration="0.005165" asserts="0"><properties><property name="python-version" value="3.9.9 (main, Nov 21 2021, 03:23:42) &#10;[Clang 13.0.0 (clang-1300.0.29.3)]" /><property name="fspath" value="pycrostates/preprocessing/tests/test_resample.py" /></properties><environment framework-version="3.6.2" clr-version="3.9.9 (main, Nov 21 2021, 03:23:42) &#10;[Clang 13.0.0 (clang-1300.0.29.3)]" os-version="20.6.0" platform="Darwin" cwd="/Users/scheltie/Documents/git/mscheltienne/pycrostates" machine-name="x86_64" user="" user-domain="" culture="en-US" uiculture="en-US" os-architecture="64bit" /><failure><message><![CDATA[]]></message><stack-trace><![CDATA[None]]></stack-trace></failure><reason><message><![CDATA[&#x1b;[32mINFO    &#x1b;[0m pycrostates:resample.py:170 Resampling instance into 5 resamples of 300 samples covering 400.67% of the original data.]]></message></reason><output><![CDATA[&#x1b;[32mINFO    &#x1b;[0m pycrostates:resample.py:170 Resampling instance into 5 resamples of 300 samples covering 400.67% of the original data.]]></output></test-case><test-case id="188" name="pycrostates/preprocessing/tests/test_resample.py::test_resample_n_resamples_n_samples[inst38-True-5-500]" fullname="pycrostates/preprocessing/tests/test_resample.py::test_resample_n_resamples_n_samples[inst38-True-5-500]" methodname="test_resample_n_resamples_n_samples[inst38-True-5-500]" classname="pycrostates/preprocessing/tests/test_resample.py" runstate="Runnable" seed="1" result="Passed" label="Test resampling with n_resamples and n_samples provided." start-time="2022-06-08 16:12:49.810446" end-time="2022-06-08 16:12:49.815924" duration="0.005478" asserts="0"><properties><property name="python-version" value="3.9.9 (main, Nov 21 2021, 03:23:42) &#10;[Clang 13.0.0 (clang-1300.0.29.3)]" /><property name="fspath" value="pycrostates/preprocessing/tests/test_resample.py" /></properties><environment framework-version="3.6.2" clr-version="3.9.9 (main, Nov 21 2021, 03:23:42) &#10;[Clang 13.0.0 (clang-1300.0.29.3)]" os-version="20.6.0" platform="Darwin" cwd="/Users/scheltie/Documents/git/mscheltienne/pycrostates" machine-name="x86_64" user="" user-domain="" culture="en-US" uiculture="en-US" os-architecture="64bit" /><failure><message><![CDATA[]]></message><stack-trace><![CDATA[None]]></stack-trace></failure><reason><message><![CDATA[&#x1b;[32mINFO    &#x1b;[0m pycrostates:resample.py:170 Resampling instance into 5 resamples of 500 samples covering 240.40% of the original data.]]></message></reason><output><![CDATA[&#x1b;[32mINFO    &#x1b;[0m pycrostates:resample.py:170 Resampling instance into 5 resamples of 500 samples covering 240.40% of the original data.]]></output></test-case><test-case id="189" name="pycrostates/preprocessing/tests/test_resample.py::test_resample_n_resamples_n_samples[inst39-True-7-100]" fullname="pycrostates/preprocessing/tests/test_resample.py::test_resample_n_resamples_n_samples[inst39-True-7-100]" methodname="test_resample_n_resamples_n_samples[inst39-True-7-100]" classname="pycrostates/preprocessing/tests/test_resample.py" runstate="Runnable" seed="1" result="Passed" label="Test resampling with n_resamples and n_samples provided." start-time="2022-06-08 16:12:49.816640" end-time="2022-06-08 16:12:49.821937" duration="0.005297" asserts="0"><properties><property name="python-version" value="3.9.9 (main, Nov 21 2021, 03:23:42) &#10;[Clang 13.0.0 (clang-1300.0.29.3)]" /><property name="fspath" value="pycrostates/preprocessing/tests/test_resample.py" /></properties><environment framework-version="3.6.2" clr-version="3.9.9 (main, Nov 21 2021, 03:23:42) &#10;[Clang 13.0.0 (clang-1300.0.29.3)]" os-version="20.6.0" platform="Darwin" cwd="/Users/scheltie/Documents/git/mscheltienne/pycrostates" machine-name="x86_64" user="" user-domain="" culture="en-US" uiculture="en-US" os-architecture="64bit" /><failure><message><![CDATA[]]></message><stack-trace><![CDATA[None]]></stack-trace></failure><reason><message><![CDATA[&#x1b;[32mINFO    &#x1b;[0m pycrostates:resample.py:170 Resampling instance into 7 resamples of 100 samples covering 858.57% of the original data.]]></message></reason><output><![CDATA[&#x1b;[32mINFO    &#x1b;[0m pycrostates:resample.py:170 Resampling instance into 7 resamples of 100 samples covering 858.57% of the original data.]]></output></test-case><test-case id="190" name="pycrostates/preprocessing/tests/test_resample.py::test_resample_n_resamples_n_samples[inst40-True-7-300]" fullname="pycrostates/preprocessing/tests/test_resample.py::test_resample_n_resamples_n_samples[inst40-True-7-300]" methodname="test_resample_n_resamples_n_samples[inst40-True-7-300]" classname="pycrostates/preprocessing/tests/test_resample.py" runstate="Runnable" seed="1" result="Passed" label="Test resampling with n_resamples and n_samples provided." start-time="2022-06-08 16:12:49.822641" end-time="2022-06-08 16:12:49.827943" duration="0.005302" asserts="0"><properties><property name="python-version" value="3.9.9 (main, Nov 21 2021, 03:23:42) &#10;[Clang 13.0.0 (clang-1300.0.29.3)]" /><property name="fspath" value="pycrostates/preprocessing/tests/test_resample.py" /></properties><environment framework-version="3.6.2" clr-version="3.9.9 (main, Nov 21 2021, 03:23:42) &#10;[Clang 13.0.0 (clang-1300.0.29.3)]" os-version="20.6.0" platform="Darwin" cwd="/Users/scheltie/Documents/git/mscheltienne/pycrostates" machine-name="x86_64" user="" user-domain="" culture="en-US" uiculture="en-US" os-architecture="64bit" /><failure><message><![CDATA[]]></message><stack-trace><![CDATA[None]]></stack-trace></failure><reason><message><![CDATA[&#x1b;[32mINFO    &#x1b;[0m pycrostates:resample.py:170 Resampling instance into 7 resamples of 300 samples covering 286.19% of the original data.]]></message></reason><output><![CDATA[&#x1b;[32mINFO    &#x1b;[0m pycrostates:resample.py:170 Resampling instance into 7 resamples of 300 samples covering 286.19% of the original data.]]></output></test-case><test-case id="191" name="pycrostates/preprocessing/tests/test_resample.py::test_resample_n_resamples_n_samples[inst41-True-7-500]" fullname="pycrostates/preprocessing/tests/test_resample.py::test_resample_n_resamples_n_samples[inst41-True-7-500]" methodname="test_resample_n_resamples_n_samples[inst41-True-7-500]" classname="pycrostates/preprocessing/tests/test_resample.py" runstate="Runnable" seed="1" result="Passed" label="Test resampling with n_resamples and n_samples provided." start-time="2022-06-08 16:12:49.828671" end-time="2022-06-08 16:12:49.834491" duration="0.00582" asserts="0"><properties><property name="python-version" value="3.9.9 (main, Nov 21 2021, 03:23:42) &#10;[Clang 13.0.0 (clang-1300.0.29.3)]" /><property name="fspath" value="pycrostates/preprocessing/tests/test_resample.py" /></properties><environment framework-version="3.6.2" clr-version="3.9.9 (main, Nov 21 2021, 03:23:42) &#10;[Clang 13.0.0 (clang-1300.0.29.3)]" os-version="20.6.0" platform="Darwin" cwd="/Users/scheltie/Documents/git/mscheltienne/pycrostates" machine-name="x86_64" user="" user-domain="" culture="en-US" uiculture="en-US" os-architecture="64bit" /><failure><message><![CDATA[]]></message><stack-trace><![CDATA[None]]></stack-trace></failure><reason><message><![CDATA[&#x1b;[32mINFO    &#x1b;[0m pycrostates:resample.py:170 Resampling instance into 7 resamples of 500 samples covering 171.71% of the original data.]]></message></reason><output><![CDATA[&#x1b;[32mINFO    &#x1b;[0m pycrostates:resample.py:170 Resampling instance into 7 resamples of 500 samples covering 171.71% of the original data.]]></output></test-case><test-case id="192" name="pycrostates/preprocessing/tests/test_resample.py::test_resample_n_resamples_n_samples[inst42-True-9-100]" fullname="pycrostates/preprocessing/tests/test_resample.py::test_resample_n_resamples_n_samples[inst42-True-9-100]" methodname="test_resample_n_resamples_n_samples[inst42-True-9-100]" classname="pycrostates/preprocessing/tests/test_resample.py" runstate="Runnable" seed="1" result="Passed" label="Test resampling with n_resamples and n_samples provided." start-time="2022-06-08 16:12:49.835231" end-time="2022-06-08 16:12:49.840822" duration="0.005591" asserts="0"><properties><property name="python-version" value="3.9.9 (main, Nov 21 2021, 03:23:42) &#10;[Clang 13.0.0 (clang-1300.0.29.3)]" /><property name="fspath" value="pycrostates/preprocessing/tests/test_resample.py" /></properties><environment framework-version="3.6.2" clr-version="3.9.9 (main, Nov 21 2021, 03:23:42) &#10;[Clang 13.0.0 (clang-1300.0.29.3)]" os-version="20.6.0" platform="Darwin" cwd="/Users/scheltie/Documents/git/mscheltienne/pycrostates" machine-name="x86_64" user="" user-domain="" culture="en-US" uiculture="en-US" os-architecture="64bit" /><failure><message><![CDATA[]]></message><stack-trace><![CDATA[None]]></stack-trace></failure><reason><message><![CDATA[&#x1b;[32mINFO    &#x1b;[0m pycrostates:resample.py:170 Resampling instance into 9 resamples of 100 samples covering 667.78% of the original data.]]></message></reason><output><![CDATA[&#x1b;[32mINFO    &#x1b;[0m pycrostates:resample.py:170 Resampling instance into 9 resamples of 100 samples covering 667.78% of the original data.]]></output></test-case><test-case id="193" name="pycrostates/preprocessing/tests/test_resample.py::test_resample_n_resamples_n_samples[inst43-True-9-300]" fullname="pycrostates/preprocessing/tests/test_resample.py::test_resample_n_resamples_n_samples[inst43-True-9-300]" methodname="test_resample_n_resamples_n_samples[inst43-True-9-300]" classname="pycrostates/preprocessing/tests/test_resample.py" runstate="Runnable" seed="1" result="Passed" label="Test resampling with n_resamples and n_samples provided." start-time="2022-06-08 16:12:49.841683" end-time="2022-06-08 16:12:49.847526" duration="0.005843" asserts="0"><properties><property name="python-version" value="3.9.9 (main, Nov 21 2021, 03:23:42) &#10;[Clang 13.0.0 (clang-1300.0.29.3)]" /><property name="fspath" value="pycrostates/preprocessing/tests/test_resample.py" /></properties><environment framework-version="3.6.2" clr-version="3.9.9 (main, Nov 21 2021, 03:23:42) &#10;[Clang 13.0.0 (clang-1300.0.29.3)]" os-version="20.6.0" platform="Darwin" cwd="/Users/scheltie/Documents/git/mscheltienne/pycrostates" machine-name="x86_64" user="" user-domain="" culture="en-US" uiculture="en-US" os-architecture="64bit" /><failure><message><![CDATA[]]></message><stack-trace><![CDATA[None]]></stack-trace></failure><reason><message><![CDATA[&#x1b;[32mINFO    &#x1b;[0m pycrostates:resample.py:170 Resampling instance into 9 resamples of 300 samples covering 222.59% of the original data.]]></message></reason><output><![CDATA[&#x1b;[32mINFO    &#x1b;[0m pycrostates:resample.py:170 Resampling instance into 9 resamples of 300 samples covering 222.59% of the original data.]]></output></test-case><test-case id="194" name="pycrostates/preprocessing/tests/test_resample.py::test_resample_n_resamples_n_samples[inst44-True-9-500]" fullname="pycrostates/preprocessing/tests/test_resample.py::test_resample_n_resamples_n_samples[inst44-True-9-500]" methodname="test_resample_n_resamples_n_samples[inst44-True-9-500]" classname="pycrostates/preprocessing/tests/test_resample.py" runstate="Runnable" seed="1" result="Passed" label="Test resampling with n_resamples and n_samples provided." start-time="2022-06-08 16:12:49.848277" end-time="2022-06-08 16:12:49.855317" duration="0.00704" asserts="0"><properties><property name="python-version" value="3.9.9 (main, Nov 21 2021, 03:23:42) &#10;[Clang 13.0.0 (clang-1300.0.29.3)]" /><property name="fspath" value="pycrostates/preprocessing/tests/test_resample.py" /></properties><environment framework-version="3.6.2" clr-version="3.9.9 (main, Nov 21 2021, 03:23:42) &#10;[Clang 13.0.0 (clang-1300.0.29.3)]" os-version="20.6.0" platform="Darwin" cwd="/Users/scheltie/Documents/git/mscheltienne/pycrostates" machine-name="x86_64" user="" user-domain="" culture="en-US" uiculture="en-US" os-architecture="64bit" /><failure><message><![CDATA[]]></message><stack-trace><![CDATA[None]]></stack-trace></failure><reason><message><![CDATA[&#x1b;[32mINFO    &#x1b;[0m pycrostates:resample.py:170 Resampling instance into 9 resamples of 500 samples covering 133.56% of the original data.]]></message></reason><output><![CDATA[&#x1b;[32mINFO    &#x1b;[0m pycrostates:resample.py:170 Resampling instance into 9 resamples of 500 samples covering 133.56% of the original data.]]></output></test-case><test-case id="195" name="pycrostates/preprocessing/tests/test_resample.py::test_resample_n_resamples_n_samples[inst45-False-1-100]" fullname="pycrostates/preprocessing/tests/test_resample.py::test_resample_n_resamples_n_samples[inst45-False-1-100]" methodname="test_resample_n_resamples_n_samples[inst45-False-1-100]" classname="pycrostates/preprocessing/tests/test_resample.py" runstate="Runnable" seed="1" result="Passed" label="Test resampling with n_resamples and n_samples provided." start-time="2022-06-08 16:12:49.856086" end-time="2022-06-08 16:12:49.861153" duration="0.005067" asserts="0"><properties><property name="python-version" value="3.9.9 (main, Nov 21 2021, 03:23:42) &#10;[Clang 13.0.0 (clang-1300.0.29.3)]" /><property name="fspath" value="pycrostates/preprocessing/tests/test_resample.py" /></properties><environment framework-version="3.6.2" clr-version="3.9.9 (main, Nov 21 2021, 03:23:42) &#10;[Clang 13.0.0 (clang-1300.0.29.3)]" os-version="20.6.0" platform="Darwin" cwd="/Users/scheltie/Documents/git/mscheltienne/pycrostates" machine-name="x86_64" user="" user-domain="" culture="en-US" uiculture="en-US" os-architecture="64bit" /><failure><message><![CDATA[]]></message><stack-trace><![CDATA[None]]></stack-trace></failure><reason><message><![CDATA[&#x1b;[32mINFO    &#x1b;[0m pycrostates:resample.py:170 Resampling instance into 1 resamples of 100 samples covering 6010.00% of the original data.]]></message></reason><output><![CDATA[&#x1b;[32mINFO    &#x1b;[0m pycrostates:resample.py:170 Resampling instance into 1 resamples of 100 samples covering 6010.00% of the original data.]]></output></test-case><test-case id="196" name="pycrostates/preprocessing/tests/test_resample.py::test_resample_n_resamples_n_samples[inst46-False-1-300]" fullname="pycrostates/preprocessing/tests/test_resample.py::test_resample_n_resamples_n_samples[inst46-False-1-300]" methodname="test_resample_n_resamples_n_samples[inst46-False-1-300]" classname="pycrostates/preprocessing/tests/test_resample.py" runstate="Runnable" seed="1" result="Passed" label="Test resampling with n_resamples and n_samples provided." start-time="2022-06-08 16:12:49.861937" end-time="2022-06-08 16:12:49.867183" duration="0.005246" asserts="0"><properties><property name="python-version" value="3.9.9 (main, Nov 21 2021, 03:23:42) &#10;[Clang 13.0.0 (clang-1300.0.29.3)]" /><property name="fspath" value="pycrostates/preprocessing/tests/test_resample.py" /></properties><environment framework-version="3.6.2" clr-version="3.9.9 (main, Nov 21 2021, 03:23:42) &#10;[Clang 13.0.0 (clang-1300.0.29.3)]" os-version="20.6.0" platform="Darwin" cwd="/Users/scheltie/Documents/git/mscheltienne/pycrostates" machine-name="x86_64" user="" user-domain="" culture="en-US" uiculture="en-US" os-architecture="64bit" /><failure><message><![CDATA[]]></message><stack-trace><![CDATA[None]]></stack-trace></failure><reason><message><![CDATA[&#x1b;[32mINFO    &#x1b;[0m pycrostates:resample.py:170 Resampling instance into 1 resamples of 300 samples covering 2003.33% of the original data.]]></message></reason><output><![CDATA[&#x1b;[32mINFO    &#x1b;[0m pycrostates:resample.py:170 Resampling instance into 1 resamples of 300 samples covering 2003.33% of the original data.]]></output></test-case><test-case id="197" name="pycrostates/preprocessing/tests/test_resample.py::test_resample_n_resamples_n_samples[inst47-False-1-500]" fullname="pycrostates/preprocessing/tests/test_resample.py::test_resample_n_resamples_n_samples[inst47-False-1-500]" methodname="test_resample_n_resamples_n_samples[inst47-False-1-500]" classname="pycrostates/preprocessing/tests/test_resample.py" runstate="Runnable" seed="1" result="Passed" label="Test resampling with n_resamples and n_samples provided." start-time="2022-06-08 16:12:49.867932" end-time="2022-06-08 16:12:49.872964" duration="0.005032" asserts="0"><properties><property name="python-version" value="3.9.9 (main, Nov 21 2021, 03:23:42) &#10;[Clang 13.0.0 (clang-1300.0.29.3)]" /><property name="fspath" value="pycrostates/preprocessing/tests/test_resample.py" /></properties><environment framework-version="3.6.2" clr-version="3.9.9 (main, Nov 21 2021, 03:23:42) &#10;[Clang 13.0.0 (clang-1300.0.29.3)]" os-version="20.6.0" platform="Darwin" cwd="/Users/scheltie/Documents/git/mscheltienne/pycrostates" machine-name="x86_64" user="" user-domain="" culture="en-US" uiculture="en-US" os-architecture="64bit" /><failure><message><![CDATA[]]></message><stack-trace><![CDATA[None]]></stack-trace></failure><reason><message><![CDATA[&#x1b;[32mINFO    &#x1b;[0m pycrostates:resample.py:170 Resampling instance into 1 resamples of 500 samples covering 1202.00% of the original data.]]></message></reason><output><![CDATA[&#x1b;[32mINFO    &#x1b;[0m pycrostates:resample.py:170 Resampling instance into 1 resamples of 500 samples covering 1202.00% of the original data.]]></output></test-case><test-case id="198" name="pycrostates/preprocessing/tests/test_resample.py::test_resample_n_resamples_n_samples[inst48-False-3-100]" fullname="pycrostates/preprocessing/tests/test_resample.py::test_resample_n_resamples_n_samples[inst48-False-3-100]" methodname="test_resample_n_resamples_n_samples[inst48-False-3-100]" classname="pycrostates/preprocessing/tests/test_resample.py" runstate="Runnable" seed="1" result="Passed" label="Test resampling with n_resamples and n_samples provided." start-time="2022-06-08 16:12:49.873690" end-time="2022-06-08 16:12:49.878907" duration="0.005217" asserts="0"><properties><property name="python-version" value="3.9.9 (main, Nov 21 2021, 03:23:42) &#10;[Clang 13.0.0 (clang-1300.0.29.3)]" /><property name="fspath" value="pycrostates/preprocessing/tests/test_resample.py" /></properties><environment framework-version="3.6.2" clr-version="3.9.9 (main, Nov 21 2021, 03:23:42) &#10;[Clang 13.0.0 (clang-1300.0.29.3)]" os-version="20.6.0" platform="Darwin" cwd="/Users/scheltie/Documents/git/mscheltienne/pycrostates" machine-name="x86_64" user="" user-domain="" culture="en-US" uiculture="en-US" os-architecture="64bit" /><failure><message><![CDATA[]]></message><stack-trace><![CDATA[None]]></stack-trace></failure><reason><message><![CDATA[&#x1b;[32mINFO    &#x1b;[0m pycrostates:resample.py:170 Resampling instance into 3 resamples of 100 samples covering 2003.33% of the original data.]]></message></reason><output><![CDATA[&#x1b;[32mINFO    &#x1b;[0m pycrostates:resample.py:170 Resampling instance into 3 resamples of 100 samples covering 2003.33% of the original data.]]></output></test-case><test-case id="199" name="pycrostates/preprocessing/tests/test_resample.py::test_resample_n_resamples_n_samples[inst49-False-3-300]" fullname="pycrostates/preprocessing/tests/test_resample.py::test_resample_n_resamples_n_samples[inst49-False-3-300]" methodname="test_resample_n_resamples_n_samples[inst49-False-3-300]" classname="pycrostates/preprocessing/tests/test_resample.py" runstate="Runnable" seed="1" result="Passed" label="Test resampling with n_resamples and n_samples provided." start-time="2022-06-08 16:12:49.879659" end-time="2022-06-08 16:12:49.885247" duration="0.005588" asserts="0"><properties><property name="python-version" value="3.9.9 (main, Nov 21 2021, 03:23:42) &#10;[Clang 13.0.0 (clang-1300.0.29.3)]" /><property name="fspath" value="pycrostates/preprocessing/tests/test_resample.py" /></properties><environment framework-version="3.6.2" clr-version="3.9.9 (main, Nov 21 2021, 03:23:42) &#10;[Clang 13.0.0 (clang-1300.0.29.3)]" os-version="20.6.0" platform="Darwin" cwd="/Users/scheltie/Documents/git/mscheltienne/pycrostates" machine-name="x86_64" user="" user-domain="" culture="en-US" uiculture="en-US" os-architecture="64bit" /><failure><message><![CDATA[]]></message><stack-trace><![CDATA[None]]></stack-trace></failure><reason><message><![CDATA[&#x1b;[32mINFO    &#x1b;[0m pycrostates:resample.py:170 Resampling instance into 3 resamples of 300 samples covering 667.78% of the original data.]]></message></reason><output><![CDATA[&#x1b;[32mINFO    &#x1b;[0m pycrostates:resample.py:170 Resampling instance into 3 resamples of 300 samples covering 667.78% of the original data.]]></output></test-case><test-case id="200" name="pycrostates/preprocessing/tests/test_resample.py::test_resample_n_resamples_n_samples[inst50-False-3-500]" fullname="pycrostates/preprocessing/tests/test_resample.py::test_resample_n_resamples_n_samples[inst50-False-3-500]" methodname="test_resample_n_resamples_n_samples[inst50-False-3-500]" classname="pycrostates/preprocessing/tests/test_resample.py" runstate="Runnable" seed="1" result="Passed" label="Test resampling with n_resamples and n_samples provided." start-time="2022-06-08 16:12:49.886000" end-time="2022-06-08 16:12:49.891598" duration="0.005598" asserts="0"><properties><property name="python-version" value="3.9.9 (main, Nov 21 2021, 03:23:42) &#10;[Clang 13.0.0 (clang-1300.0.29.3)]" /><property name="fspath" value="pycrostates/preprocessing/tests/test_resample.py" /></properties><environment framework-version="3.6.2" clr-version="3.9.9 (main, Nov 21 2021, 03:23:42) &#10;[Clang 13.0.0 (clang-1300.0.29.3)]" os-version="20.6.0" platform="Darwin" cwd="/Users/scheltie/Documents/git/mscheltienne/pycrostates" machine-name="x86_64" user="" user-domain="" culture="en-US" uiculture="en-US" os-architecture="64bit" /><failure><message><![CDATA[]]></message><stack-trace><![CDATA[None]]></stack-trace></failure><reason><message><![CDATA[&#x1b;[32mINFO    &#x1b;[0m pycrostates:resample.py:170 Resampling instance into 3 resamples of 500 samples covering 400.67% of the original data.]]></message></reason><output><![CDATA[&#x1b;[32mINFO    &#x1b;[0m pycrostates:resample.py:170 Resampling instance into 3 resamples of 500 samples covering 400.67% of the original data.]]></output></test-case><test-case id="201" name="pycrostates/preprocessing/tests/test_resample.py::test_resample_n_resamples_n_samples[inst51-False-5-100]" fullname="pycrostates/preprocessing/tests/test_resample.py::test_resample_n_resamples_n_samples[inst51-False-5-100]" methodname="test_resample_n_resamples_n_samples[inst51-False-5-100]" classname="pycrostates/preprocessing/tests/test_resample.py" runstate="Runnable" seed="1" result="Passed" label="Test resampling with n_resamples and n_samples provided." start-time="2022-06-08 16:12:49.892379" end-time="2022-06-08 16:12:49.897933" duration="0.005554" asserts="0"><properties><property name="python-version" value="3.9.9 (main, Nov 21 2021, 03:23:42) &#10;[Clang 13.0.0 (clang-1300.0.29.3)]" /><property name="fspath" value="pycrostates/preprocessing/tests/test_resample.py" /></properties><environment framework-version="3.6.2" clr-version="3.9.9 (main, Nov 21 2021, 03:23:42) &#10;[Clang 13.0.0 (clang-1300.0.29.3)]" os-version="20.6.0" platform="Darwin" cwd="/Users/scheltie/Documents/git/mscheltienne/pycrostates" machine-name="x86_64" user="" user-domain="" culture="en-US" uiculture="en-US" os-architecture="64bit" /><failure><message><![CDATA[]]></message><stack-trace><![CDATA[None]]></stack-trace></failure><reason><message><![CDATA[&#x1b;[32mINFO    &#x1b;[0m pycrostates:resample.py:170 Resampling instance into 5 resamples of 100 samples covering 1202.00% of the original data.]]></message></reason><output><![CDATA[&#x1b;[32mINFO    &#x1b;[0m pycrostates:resample.py:170 Resampling instance into 5 resamples of 100 samples covering 1202.00% of the original data.]]></output></test-case><test-case id="202" name="pycrostates/preprocessing/tests/test_resample.py::test_resample_n_resamples_n_samples[inst52-False-5-300]" fullname="pycrostates/preprocessing/tests/test_resample.py::test_resample_n_resamples_n_samples[inst52-False-5-300]" methodname="test_resample_n_resamples_n_samples[inst52-False-5-300]" classname="pycrostates/preprocessing/tests/test_resample.py" runstate="Runnable" seed="1" result="Passed" label="Test resampling with n_resamples and n_samples provided." start-time="2022-06-08 16:12:49.898684" end-time="2022-06-08 16:12:49.904204" duration="0.00552" asserts="0"><properties><property name="python-version" value="3.9.9 (main, Nov 21 2021, 03:23:42) &#10;[Clang 13.0.0 (clang-1300.0.29.3)]" /><property name="fspath" value="pycrostates/preprocessing/tests/test_resample.py" /></properties><environment framework-version="3.6.2" clr-version="3.9.9 (main, Nov 21 2021, 03:23:42) &#10;[Clang 13.0.0 (clang-1300.0.29.3)]" os-version="20.6.0" platform="Darwin" cwd="/Users/scheltie/Documents/git/mscheltienne/pycrostates" machine-name="x86_64" user="" user-domain="" culture="en-US" uiculture="en-US" os-architecture="64bit" /><failure><message><![CDATA[]]></message><stack-trace><![CDATA[None]]></stack-trace></failure><reason><message><![CDATA[&#x1b;[32mINFO    &#x1b;[0m pycrostates:resample.py:170 Resampling instance into 5 resamples of 300 samples covering 400.67% of the original data.]]></message></reason><output><![CDATA[&#x1b;[32mINFO    &#x1b;[0m pycrostates:resample.py:170 Resampling instance into 5 resamples of 300 samples covering 400.67% of the original data.]]></output></test-case><test-case id="203" name="pycrostates/preprocessing/tests/test_resample.py::test_resample_n_resamples_n_samples[inst53-False-5-500]" fullname="pycrostates/preprocessing/tests/test_resample.py::test_resample_n_resamples_n_samples[inst53-False-5-500]" methodname="test_resample_n_resamples_n_samples[inst53-False-5-500]" classname="pycrostates/preprocessing/tests/test_resample.py" runstate="Runnable" seed="1" result="Passed" label="Test resampling with n_resamples and n_samples provided." start-time="2022-06-08 16:12:49.904973" end-time="2022-06-08 16:12:49.910963" duration="0.00599" asserts="0"><properties><property name="python-version" value="3.9.9 (main, Nov 21 2021, 03:23:42) &#10;[Clang 13.0.0 (clang-1300.0.29.3)]" /><property name="fspath" value="pycrostates/preprocessing/tests/test_resample.py" /></properties><environment framework-version="3.6.2" clr-version="3.9.9 (main, Nov 21 2021, 03:23:42) &#10;[Clang 13.0.0 (clang-1300.0.29.3)]" os-version="20.6.0" platform="Darwin" cwd="/Users/scheltie/Documents/git/mscheltienne/pycrostates" machine-name="x86_64" user="" user-domain="" culture="en-US" uiculture="en-US" os-architecture="64bit" /><failure><message><![CDATA[]]></message><stack-trace><![CDATA[None]]></stack-trace></failure><reason><message><![CDATA[&#x1b;[32mINFO    &#x1b;[0m pycrostates:resample.py:170 Resampling instance into 5 resamples of 500 samples covering 240.40% of the original data.]]></message></reason><output><![CDATA[&#x1b;[32mINFO    &#x1b;[0m pycrostates:resample.py:170 Resampling instance into 5 resamples of 500 samples covering 240.40% of the original data.]]></output></test-case><test-case id="204" name="pycrostates/preprocessing/tests/test_resample.py::test_resample_n_resamples_n_samples[inst54-False-7-100]" fullname="pycrostates/preprocessing/tests/test_resample.py::test_resample_n_resamples_n_samples[inst54-False-7-100]" methodname="test_resample_n_resamples_n_samples[inst54-False-7-100]" classname="pycrostates/preprocessing/tests/test_resample.py" runstate="Runnable" seed="1" result="Passed" label="Test resampling with n_resamples and n_samples provided." start-time="2022-06-08 16:12:49.911743" end-time="2022-06-08 16:12:49.917488" duration="0.005745" asserts="0"><properties><property name="python-version" value="3.9.9 (main, Nov 21 2021, 03:23:42) &#10;[Clang 13.0.0 (clang-1300.0.29.3)]" /><property name="fspath" value="pycrostates/preprocessing/tests/test_resample.py" /></properties><environment framework-version="3.6.2" clr-version="3.9.9 (main, Nov 21 2021, 03:23:42) &#10;[Clang 13.0.0 (clang-1300.0.29.3)]" os-version="20.6.0" platform="Darwin" cwd="/Users/scheltie/Documents/git/mscheltienne/pycrostates" machine-name="x86_64" user="" user-domain="" culture="en-US" uiculture="en-US" os-architecture="64bit" /><failure><message><![CDATA[]]></message><stack-trace><![CDATA[None]]></stack-trace></failure><reason><message><![CDATA[&#x1b;[32mINFO    &#x1b;[0m pycrostates:resample.py:170 Resampling instance into 7 resamples of 100 samples covering 858.57% of the original data.]]></message></reason><output><![CDATA[&#x1b;[32mINFO    &#x1b;[0m pycrostates:resample.py:170 Resampling instance into 7 resamples of 100 samples covering 858.57% of the original data.]]></output></test-case><test-case id="205" name="pycrostates/preprocessing/tests/test_resample.py::test_resample_n_resamples_n_samples[inst55-False-7-300]" fullname="pycrostates/preprocessing/tests/test_resample.py::test_resample_n_resamples_n_samples[inst55-False-7-300]" methodname="test_resample_n_resamples_n_samples[inst55-False-7-300]" classname="pycrostates/preprocessing/tests/test_resample.py" runstate="Runnable" seed="1" result="Passed" label="Test resampling with n_resamples and n_samples provided." start-time="2022-06-08 16:12:49.918230" end-time="2022-06-08 16:12:49.924029" duration="0.005799" asserts="0"><properties><property name="python-version" value="3.9.9 (main, Nov 21 2021, 03:23:42) &#10;[Clang 13.0.0 (clang-1300.0.29.3)]" /><property name="fspath" value="pycrostates/preprocessing/tests/test_resample.py" /></properties><environment framework-version="3.6.2" clr-version="3.9.9 (main, Nov 21 2021, 03:23:42) &#10;[Clang 13.0.0 (clang-1300.0.29.3)]" os-version="20.6.0" platform="Darwin" cwd="/Users/scheltie/Documents/git/mscheltienne/pycrostates" machine-name="x86_64" user="" user-domain="" culture="en-US" uiculture="en-US" os-architecture="64bit" /><failure><message><![CDATA[]]></message><stack-trace><![CDATA[None]]></stack-trace></failure><reason><message><![CDATA[&#x1b;[32mINFO    &#x1b;[0m pycrostates:resample.py:170 Resampling instance into 7 resamples of 300 samples covering 286.19% of the original data.]]></message></reason><output><![CDATA[&#x1b;[32mINFO    &#x1b;[0m pycrostates:resample.py:170 Resampling instance into 7 resamples of 300 samples covering 286.19% of the original data.]]></output></test-case><test-case id="206" name="pycrostates/preprocessing/tests/test_resample.py::test_resample_n_resamples_n_samples[inst56-False-7-500]" fullname="pycrostates/preprocessing/tests/test_resample.py::test_resample_n_resamples_n_samples[inst56-False-7-500]" methodname="test_resample_n_resamples_n_samples[inst56-False-7-500]" classname="pycrostates/preprocessing/tests/test_resample.py" runstate="Runnable" seed="1" result="Passed" label="Test resampling with n_resamples and n_samples provided." start-time="2022-06-08 16:12:49.924770" end-time="2022-06-08 16:12:49.930751" duration="0.005981" asserts="0"><properties><property name="python-version" value="3.9.9 (main, Nov 21 2021, 03:23:42) &#10;[Clang 13.0.0 (clang-1300.0.29.3)]" /><property name="fspath" value="pycrostates/preprocessing/tests/test_resample.py" /></properties><environment framework-version="3.6.2" clr-version="3.9.9 (main, Nov 21 2021, 03:23:42) &#10;[Clang 13.0.0 (clang-1300.0.29.3)]" os-version="20.6.0" platform="Darwin" cwd="/Users/scheltie/Documents/git/mscheltienne/pycrostates" machine-name="x86_64" user="" user-domain="" culture="en-US" uiculture="en-US" os-architecture="64bit" /><failure><message><![CDATA[]]></message><stack-trace><![CDATA[None]]></stack-trace></failure><reason><message><![CDATA[&#x1b;[32mINFO    &#x1b;[0m pycrostates:resample.py:170 Resampling instance into 7 resamples of 500 samples covering 171.71% of the original data.]]></message></reason><output><![CDATA[&#x1b;[32mINFO    &#x1b;[0m pycrostates:resample.py:170 Resampling instance into 7 resamples of 500 samples covering 171.71% of the original data.]]></output></test-case><test-case id="207" name="pycrostates/preprocessing/tests/test_resample.py::test_resample_n_resamples_n_samples[inst57-False-9-100]" fullname="pycrostates/preprocessing/tests/test_resample.py::test_resample_n_resamples_n_samples[inst57-False-9-100]" methodname="test_resample_n_resamples_n_samples[inst57-False-9-100]" classname="pycrostates/preprocessing/tests/test_resample.py" runstate="Runnable" seed="1" result="Passed" label="Test resampling with n_resamples and n_samples provided." start-time="2022-06-08 16:12:49.931493" end-time="2022-06-08 16:12:49.936888" duration="0.005395" asserts="0"><properties><property name="python-version" value="3.9.9 (main, Nov 21 2021, 03:23:42) &#10;[Clang 13.0.0 (clang-1300.0.29.3)]" /><property name="fspath" value="pycrostates/preprocessing/tests/test_resample.py" /></properties><environment framework-version="3.6.2" clr-version="3.9.9 (main, Nov 21 2021, 03:23:42) &#10;[Clang 13.0.0 (clang-1300.0.29.3)]" os-version="20.6.0" platform="Darwin" cwd="/Users/scheltie/Documents/git/mscheltienne/pycrostates" machine-name="x86_64" user="" user-domain="" culture="en-US" uiculture="en-US" os-architecture="64bit" /><failure><message><![CDATA[]]></message><stack-trace><![CDATA[None]]></stack-trace></failure><reason><message><![CDATA[&#x1b;[32mINFO    &#x1b;[0m pycrostates:resample.py:170 Resampling instance into 9 resamples of 100 samples covering 667.78% of the original data.]]></message></reason><output><![CDATA[&#x1b;[32mINFO    &#x1b;[0m pycrostates:resample.py:170 Resampling instance into 9 resamples of 100 samples covering 667.78% of the original data.]]></output></test-case><test-case id="208" name="pycrostates/preprocessing/tests/test_resample.py::test_resample_n_resamples_n_samples[inst58-False-9-300]" fullname="pycrostates/preprocessing/tests/test_resample.py::test_resample_n_resamples_n_samples[inst58-False-9-300]" methodname="test_resample_n_resamples_n_samples[inst58-False-9-300]" classname="pycrostates/preprocessing/tests/test_resample.py" runstate="Runnable" seed="1" result="Passed" label="Test resampling with n_resamples and n_samples provided." start-time="2022-06-08 16:12:49.937605" end-time="2022-06-08 16:12:49.943429" duration="0.005824" asserts="0"><properties><property name="python-version" value="3.9.9 (main, Nov 21 2021, 03:23:42) &#10;[Clang 13.0.0 (clang-1300.0.29.3)]" /><property name="fspath" value="pycrostates/preprocessing/tests/test_resample.py" /></properties><environment framework-version="3.6.2" clr-version="3.9.9 (main, Nov 21 2021, 03:23:42) &#10;[Clang 13.0.0 (clang-1300.0.29.3)]" os-version="20.6.0" platform="Darwin" cwd="/Users/scheltie/Documents/git/mscheltienne/pycrostates" machine-name="x86_64" user="" user-domain="" culture="en-US" uiculture="en-US" os-architecture="64bit" /><failure><message><![CDATA[]]></message><stack-trace><![CDATA[None]]></stack-trace></failure><reason><message><![CDATA[&#x1b;[32mINFO    &#x1b;[0m pycrostates:resample.py:170 Resampling instance into 9 resamples of 300 samples covering 222.59% of the original data.]]></message></reason><output><![CDATA[&#x1b;[32mINFO    &#x1b;[0m pycrostates:resample.py:170 Resampling instance into 9 resamples of 300 samples covering 222.59% of the original data.]]></output></test-case><test-case id="209" name="pycrostates/preprocessing/tests/test_resample.py::test_resample_n_resamples_n_samples[inst59-False-9-500]" fullname="pycrostates/preprocessing/tests/test_resample.py::test_resample_n_resamples_n_samples[inst59-False-9-500]" methodname="test_resample_n_resamples_n_samples[inst59-False-9-500]" classname="pycrostates/preprocessing/tests/test_resample.py" runstate="Runnable" seed="1" result="Passed" label="Test resampling with n_resamples and n_samples provided." start-time="2022-06-08 16:12:49.944190" end-time="2022-06-08 16:12:49.950332" duration="0.006142" asserts="0"><properties><property name="python-version" value="3.9.9 (main, Nov 21 2021, 03:23:42) &#10;[Clang 13.0.0 (clang-1300.0.29.3)]" /><property name="fspath" value="pycrostates/preprocessing/tests/test_resample.py" /></properties><environment framework-version="3.6.2" clr-version="3.9.9 (main, Nov 21 2021, 03:23:42) &#10;[Clang 13.0.0 (clang-1300.0.29.3)]" os-version="20.6.0" platform="Darwin" cwd="/Users/scheltie/Documents/git/mscheltienne/pycrostates" machine-name="x86_64" user="" user-domain="" culture="en-US" uiculture="en-US" os-architecture="64bit" /><failure><message><![CDATA[]]></message><stack-trace><![CDATA[None]]></stack-trace></failure><reason><message><![CDATA[&#x1b;[32mINFO    &#x1b;[0m pycrostates:resample.py:170 Resampling instance into 9 resamples of 500 samples covering 133.56% of the original data.]]></message></reason><output><![CDATA[&#x1b;[32mINFO    &#x1b;[0m pycrostates:resample.py:170 Resampling instance into 9 resamples of 500 samples covering 133.56% of the original data.]]></output></test-case><test-case id="210" name="pycrostates/preprocessing/tests/test_resample.py::test_resample_n_resamples_coverage[inst0-True-1-0.2]" fullname="pycrostates/preprocessing/tests/test_resample.py::test_resample_n_resamples_coverage[inst0-True-1-0.2]" methodname="test_resample_n_resamples_coverage[inst0-True-1-0.2]" classname="pycrostates/preprocessing/tests/test_resample.py" runstate="Runnable" seed="1" result="Passed" label="Test resampling with n_resamples and coverage provided." start-time="2022-06-08 16:12:49.951084" end-time="2022-06-08 16:12:49.955976" duration="0.004892" asserts="0"><properties><property name="python-version" value="3.9.9 (main, Nov 21 2021, 03:23:42) &#10;[Clang 13.0.0 (clang-1300.0.29.3)]" /><property name="fspath" value="pycrostates/preprocessing/tests/test_resample.py" /></properties><environment framework-version="3.6.2" clr-version="3.9.9 (main, Nov 21 2021, 03:23:42) &#10;[Clang 13.0.0 (clang-1300.0.29.3)]" os-version="20.6.0" platform="Darwin" cwd="/Users/scheltie/Documents/git/mscheltienne/pycrostates" machine-name="x86_64" user="" user-domain="" culture="en-US" uiculture="en-US" os-architecture="64bit" /><failure><message><![CDATA[]]></message><stack-trace><![CDATA[None]]></stack-trace></failure><reason><message><![CDATA[&#x1b;[32mINFO    &#x1b;[0m pycrostates:resample.py:170 Resampling instance into 1 resamples of 1201 samples covering 20.00% of the original data.]]></message></reason><output><![CDATA[&#x1b;[32mINFO    &#x1b;[0m pycrostates:resample.py:170 Resampling instance into 1 resamples of 1201 samples covering 20.00% of the original data.]]></output></test-case><test-case id="211" name="pycrostates/preprocessing/tests/test_resample.py::test_resample_n_resamples_coverage[inst1-True-1-0.4]" fullname="pycrostates/preprocessing/tests/test_resample.py::test_resample_n_resamples_coverage[inst1-True-1-0.4]" methodname="test_resample_n_resamples_coverage[inst1-True-1-0.4]" classname="pycrostates/preprocessing/tests/test_resample.py" runstate="Runnable" seed="1" result="Passed" label="Test resampling with n_resamples and coverage provided." start-time="2022-06-08 16:12:49.956726" end-time="2022-06-08 16:12:49.961687" duration="0.004961" asserts="0"><properties><property name="python-version" value="3.9.9 (main, Nov 21 2021, 03:23:42) &#10;[Clang 13.0.0 (clang-1300.0.29.3)]" /><property name="fspath" value="pycrostates/preprocessing/tests/test_resample.py" /></properties><environment framework-version="3.6.2" clr-version="3.9.9 (main, Nov 21 2021, 03:23:42) &#10;[Clang 13.0.0 (clang-1300.0.29.3)]" os-version="20.6.0" platform="Darwin" cwd="/Users/scheltie/Documents/git/mscheltienne/pycrostates" machine-name="x86_64" user="" user-domain="" culture="en-US" uiculture="en-US" os-architecture="64bit" /><failure><message><![CDATA[]]></message><stack-trace><![CDATA[None]]></stack-trace></failure><reason><message><![CDATA[&#x1b;[32mINFO    &#x1b;[0m pycrostates:resample.py:170 Resampling instance into 1 resamples of 2402 samples covering 40.00% of the original data.]]></message></reason><output><![CDATA[&#x1b;[32mINFO    &#x1b;[0m pycrostates:resample.py:170 Resampling instance into 1 resamples of 2402 samples covering 40.00% of the original data.]]></output></test-case><test-case id="212" name="pycrostates/preprocessing/tests/test_resample.py::test_resample_n_resamples_coverage[inst2-True-1-0.6000000000000001]" fullname="pycrostates/preprocessing/tests/test_resample.py::test_resample_n_resamples_coverage[inst2-True-1-0.6000000000000001]" methodname="test_resample_n_resamples_coverage[inst2-True-1-0.6000000000000001]" classname="pycrostates/preprocessing/tests/test_resample.py" runstate="Runnable" seed="1" result="Passed" label="Test resampling with n_resamples and coverage provided." start-time="2022-06-08 16:12:49.962465" end-time="2022-06-08 16:12:49.967220" duration="0.004755" asserts="0"><properties><property name="python-version" value="3.9.9 (main, Nov 21 2021, 03:23:42) &#10;[Clang 13.0.0 (clang-1300.0.29.3)]" /><property name="fspath" value="pycrostates/preprocessing/tests/test_resample.py" /></properties><environment framework-version="3.6.2" clr-version="3.9.9 (main, Nov 21 2021, 03:23:42) &#10;[Clang 13.0.0 (clang-1300.0.29.3)]" os-version="20.6.0" platform="Darwin" cwd="/Users/scheltie/Documents/git/mscheltienne/pycrostates" machine-name="x86_64" user="" user-domain="" culture="en-US" uiculture="en-US" os-architecture="64bit" /><failure><message><![CDATA[]]></message><stack-trace><![CDATA[None]]></stack-trace></failure><reason><message><![CDATA[&#x1b;[32mINFO    &#x1b;[0m pycrostates:resample.py:170 Resampling instance into 1 resamples of 3604 samples covering 60.00% of the original data.]]></message></reason><output><![CDATA[&#x1b;[32mINFO    &#x1b;[0m pycrostates:resample.py:170 Resampling instance into 1 resamples of 3604 samples covering 60.00% of the original data.]]></output></test-case><test-case id="213" name="pycrostates/preprocessing/tests/test_resample.py::test_resample_n_resamples_coverage[inst3-True-1-0.8]" fullname="pycrostates/preprocessing/tests/test_resample.py::test_resample_n_resamples_coverage[inst3-True-1-0.8]" methodname="test_resample_n_resamples_coverage[inst3-True-1-0.8]" classname="pycrostates/preprocessing/tests/test_resample.py" runstate="Runnable" seed="1" result="Passed" label="Test resampling with n_resamples and coverage provided." start-time="2022-06-08 16:12:49.967927" end-time="2022-06-08 16:12:49.972901" duration="0.004974" asserts="0"><properties><property name="python-version" value="3.9.9 (main, Nov 21 2021, 03:23:42) &#10;[Clang 13.0.0 (clang-1300.0.29.3)]" /><property name="fspath" value="pycrostates/preprocessing/tests/test_resample.py" /></properties><environment framework-version="3.6.2" clr-version="3.9.9 (main, Nov 21 2021, 03:23:42) &#10;[Clang 13.0.0 (clang-1300.0.29.3)]" os-version="20.6.0" platform="Darwin" cwd="/Users/scheltie/Documents/git/mscheltienne/pycrostates" machine-name="x86_64" user="" user-domain="" culture="en-US" uiculture="en-US" os-architecture="64bit" /><failure><message><![CDATA[]]></message><stack-trace><![CDATA[None]]></stack-trace></failure><reason><message><![CDATA[&#x1b;[32mINFO    &#x1b;[0m pycrostates:resample.py:170 Resampling instance into 1 resamples of 4805 samples covering 80.00% of the original data.]]></message></reason><output><![CDATA[&#x1b;[32mINFO    &#x1b;[0m pycrostates:resample.py:170 Resampling instance into 1 resamples of 4805 samples covering 80.00% of the original data.]]></output></test-case><test-case id="214" name="pycrostates/preprocessing/tests/test_resample.py::test_resample_n_resamples_coverage[inst4-True-3-0.2]" fullname="pycrostates/preprocessing/tests/test_resample.py::test_resample_n_resamples_coverage[inst4-True-3-0.2]" methodname="test_resample_n_resamples_coverage[inst4-True-3-0.2]" classname="pycrostates/preprocessing/tests/test_resample.py" runstate="Runnable" seed="1" result="Passed" label="Test resampling with n_resamples and coverage provided." start-time="2022-06-08 16:12:49.973619" end-time="2022-06-08 16:12:49.978113" duration="0.004494" asserts="0"><properties><property name="python-version" value="3.9.9 (main, Nov 21 2021, 03:23:42) &#10;[Clang 13.0.0 (clang-1300.0.29.3)]" /><property name="fspath" value="pycrostates/preprocessing/tests/test_resample.py" /></properties><environment framework-version="3.6.2" clr-version="3.9.9 (main, Nov 21 2021, 03:23:42) &#10;[Clang 13.0.0 (clang-1300.0.29.3)]" os-version="20.6.0" platform="Darwin" cwd="/Users/scheltie/Documents/git/mscheltienne/pycrostates" machine-name="x86_64" user="" user-domain="" culture="en-US" uiculture="en-US" os-architecture="64bit" /><failure><message><![CDATA[]]></message><stack-trace><![CDATA[None]]></stack-trace></failure><reason><message><![CDATA[&#x1b;[32mINFO    &#x1b;[0m pycrostates:resample.py:170 Resampling instance into 3 resamples of 400 samples covering 20.00% of the original data.]]></message></reason><output><![CDATA[&#x1b;[32mINFO    &#x1b;[0m pycrostates:resample.py:170 Resampling instance into 3 resamples of 400 samples covering 20.00% of the original data.]]></output></test-case><test-case id="215" name="pycrostates/preprocessing/tests/test_resample.py::test_resample_n_resamples_coverage[inst5-True-3-0.4]" fullname="pycrostates/preprocessing/tests/test_resample.py::test_resample_n_resamples_coverage[inst5-True-3-0.4]" methodname="test_resample_n_resamples_coverage[inst5-True-3-0.4]" classname="pycrostates/preprocessing/tests/test_resample.py" runstate="Runnable" seed="1" result="Passed" label="Test resampling with n_resamples and coverage provided." start-time="2022-06-08 16:12:49.978824" end-time="2022-06-08 16:12:49.983457" duration="0.004633" asserts="0"><properties><property name="python-version" value="3.9.9 (main, Nov 21 2021, 03:23:42) &#10;[Clang 13.0.0 (clang-1300.0.29.3)]" /><property name="fspath" value="pycrostates/preprocessing/tests/test_resample.py" /></properties><environment framework-version="3.6.2" clr-version="3.9.9 (main, Nov 21 2021, 03:23:42) &#10;[Clang 13.0.0 (clang-1300.0.29.3)]" os-version="20.6.0" platform="Darwin" cwd="/Users/scheltie/Documents/git/mscheltienne/pycrostates" machine-name="x86_64" user="" user-domain="" culture="en-US" uiculture="en-US" os-architecture="64bit" /><failure><message><![CDATA[]]></message><stack-trace><![CDATA[None]]></stack-trace></failure><reason><message><![CDATA[&#x1b;[32mINFO    &#x1b;[0m pycrostates:resample.py:170 Resampling instance into 3 resamples of 800 samples covering 40.00% of the original data.]]></message></reason><output><![CDATA[&#x1b;[32mINFO    &#x1b;[0m pycrostates:resample.py:170 Resampling instance into 3 resamples of 800 samples covering 40.00% of the original data.]]></output></test-case><test-case id="216" name="pycrostates/preprocessing/tests/test_resample.py::test_resample_n_resamples_coverage[inst6-True-3-0.6000000000000001]" fullname="pycrostates/preprocessing/tests/test_resample.py::test_resample_n_resamples_coverage[inst6-True-3-0.6000000000000001]" methodname="test_resample_n_resamples_coverage[inst6-True-3-0.6000000000000001]" classname="pycrostates/preprocessing/tests/test_resample.py" runstate="Runnable" seed="1" result="Passed" label="Test resampling with n_resamples and coverage provided." start-time="2022-06-08 16:12:49.984191" end-time="2022-06-08 16:12:49.989079" duration="0.004888" asserts="0"><properties><property name="python-version" value="3.9.9 (main, Nov 21 2021, 03:23:42) &#10;[Clang 13.0.0 (clang-1300.0.29.3)]" /><property name="fspath" value="pycrostates/preprocessing/tests/test_resample.py" /></properties><environment framework-version="3.6.2" clr-version="3.9.9 (main, Nov 21 2021, 03:23:42) &#10;[Clang 13.0.0 (clang-1300.0.29.3)]" os-version="20.6.0" platform="Darwin" cwd="/Users/scheltie/Documents/git/mscheltienne/pycrostates" machine-name="x86_64" user="" user-domain="" culture="en-US" uiculture="en-US" os-architecture="64bit" /><failure><message><![CDATA[]]></message><stack-trace><![CDATA[None]]></stack-trace></failure><reason><message><![CDATA[&#x1b;[32mINFO    &#x1b;[0m pycrostates:resample.py:170 Resampling instance into 3 resamples of 1201 samples covering 60.00% of the original data.]]></message></reason><output><![CDATA[&#x1b;[32mINFO    &#x1b;[0m pycrostates:resample.py:170 Resampling instance into 3 resamples of 1201 samples covering 60.00% of the original data.]]></output></test-case><test-case id="217" name="pycrostates/preprocessing/tests/test_resample.py::test_resample_n_resamples_coverage[inst7-True-3-0.8]" fullname="pycrostates/preprocessing/tests/test_resample.py::test_resample_n_resamples_coverage[inst7-True-3-0.8]" methodname="test_resample_n_resamples_coverage[inst7-True-3-0.8]" classname="pycrostates/preprocessing/tests/test_resample.py" runstate="Runnable" seed="1" result="Passed" label="Test resampling with n_resamples and coverage provided." start-time="2022-06-08 16:12:49.989782" end-time="2022-06-08 16:12:49.995156" duration="0.005374" asserts="0"><properties><property name="python-version" value="3.9.9 (main, Nov 21 2021, 03:23:42) &#10;[Clang 13.0.0 (clang-1300.0.29.3)]" /><property name="fspath" value="pycrostates/preprocessing/tests/test_resample.py" /></properties><environment framework-version="3.6.2" clr-version="3.9.9 (main, Nov 21 2021, 03:23:42) &#10;[Clang 13.0.0 (clang-1300.0.29.3)]" os-version="20.6.0" platform="Darwin" cwd="/Users/scheltie/Documents/git/mscheltienne/pycrostates" machine-name="x86_64" user="" user-domain="" culture="en-US" uiculture="en-US" os-architecture="64bit" /><failure><message><![CDATA[]]></message><stack-trace><![CDATA[None]]></stack-trace></failure><reason><message><![CDATA[&#x1b;[32mINFO    &#x1b;[0m pycrostates:resample.py:170 Resampling instance into 3 resamples of 1601 samples covering 80.00% of the original data.]]></message></reason><output><![CDATA[&#x1b;[32mINFO    &#x1b;[0m pycrostates:resample.py:170 Resampling instance into 3 resamples of 1601 samples covering 80.00% of the original data.]]></output></test-case><test-case id="218" name="pycrostates/preprocessing/tests/test_resample.py::test_resample_n_resamples_coverage[inst8-True-5-0.2]" fullname="pycrostates/preprocessing/tests/test_resample.py::test_resample_n_resamples_coverage[inst8-True-5-0.2]" methodname="test_resample_n_resamples_coverage[inst8-True-5-0.2]" classname="pycrostates/preprocessing/tests/test_resample.py" runstate="Runnable" seed="1" result="Passed" label="Test resampling with n_resamples and coverage provided." start-time="2022-06-08 16:12:49.995885" end-time="2022-06-08 16:12:50.000560" duration="0.004675" asserts="0"><properties><property name="python-version" value="3.9.9 (main, Nov 21 2021, 03:23:42) &#10;[Clang 13.0.0 (clang-1300.0.29.3)]" /><property name="fspath" value="pycrostates/preprocessing/tests/test_resample.py" /></properties><environment framework-version="3.6.2" clr-version="3.9.9 (main, Nov 21 2021, 03:23:42) &#10;[Clang 13.0.0 (clang-1300.0.29.3)]" os-version="20.6.0" platform="Darwin" cwd="/Users/scheltie/Documents/git/mscheltienne/pycrostates" machine-name="x86_64" user="" user-domain="" culture="en-US" uiculture="en-US" os-architecture="64bit" /><failure><message><![CDATA[]]></message><stack-trace><![CDATA[None]]></stack-trace></failure><reason><message><![CDATA[&#x1b;[32mINFO    &#x1b;[0m pycrostates:resample.py:170 Resampling instance into 5 resamples of 240 samples covering 20.00% of the original data.]]></message></reason><output><![CDATA[&#x1b;[32mINFO    &#x1b;[0m pycrostates:resample.py:170 Resampling instance into 5 resamples of 240 samples covering 20.00% of the original data.]]></output></test-case><test-case id="219" name="pycrostates/preprocessing/tests/test_resample.py::test_resample_n_resamples_coverage[inst9-True-5-0.4]" fullname="pycrostates/preprocessing/tests/test_resample.py::test_resample_n_resamples_coverage[inst9-True-5-0.4]" methodname="test_resample_n_resamples_coverage[inst9-True-5-0.4]" classname="pycrostates/preprocessing/tests/test_resample.py" runstate="Runnable" seed="1" result="Passed" label="Test resampling with n_resamples and coverage provided." start-time="2022-06-08 16:12:50.001259" end-time="2022-06-08 16:12:50.005699" duration="0.00444" asserts="0"><properties><property name="python-version" value="3.9.9 (main, Nov 21 2021, 03:23:42) &#10;[Clang 13.0.0 (clang-1300.0.29.3)]" /><property name="fspath" value="pycrostates/preprocessing/tests/test_resample.py" /></properties><environment framework-version="3.6.2" clr-version="3.9.9 (main, Nov 21 2021, 03:23:42) &#10;[Clang 13.0.0 (clang-1300.0.29.3)]" os-version="20.6.0" platform="Darwin" cwd="/Users/scheltie/Documents/git/mscheltienne/pycrostates" machine-name="x86_64" user="" user-domain="" culture="en-US" uiculture="en-US" os-architecture="64bit" /><failure><message><![CDATA[]]></message><stack-trace><![CDATA[None]]></stack-trace></failure><reason><message><![CDATA[&#x1b;[32mINFO    &#x1b;[0m pycrostates:resample.py:170 Resampling instance into 5 resamples of 480 samples covering 40.00% of the original data.]]></message></reason><output><![CDATA[&#x1b;[32mINFO    &#x1b;[0m pycrostates:resample.py:170 Resampling instance into 5 resamples of 480 samples covering 40.00% of the original data.]]></output></test-case><test-case id="220" name="pycrostates/preprocessing/tests/test_resample.py::test_resample_n_resamples_coverage[inst10-True-5-0.6000000000000001]" fullname="pycrostates/preprocessing/tests/test_resample.py::test_resample_n_resamples_coverage[inst10-True-5-0.6000000000000001]" methodname="test_resample_n_resamples_coverage[inst10-True-5-0.6000000000000001]" classname="pycrostates/preprocessing/tests/test_resample.py" runstate="Runnable" seed="1" result="Passed" label="Test resampling with n_resamples and coverage provided." start-time="2022-06-08 16:12:50.006415" end-time="2022-06-08 16:12:50.011363" duration="0.004948" asserts="0"><properties><property name="python-version" value="3.9.9 (main, Nov 21 2021, 03:23:42) &#10;[Clang 13.0.0 (clang-1300.0.29.3)]" /><property name="fspath" value="pycrostates/preprocessing/tests/test_resample.py" /></properties><environment framework-version="3.6.2" clr-version="3.9.9 (main, Nov 21 2021, 03:23:42) &#10;[Clang 13.0.0 (clang-1300.0.29.3)]" os-version="20.6.0" platform="Darwin" cwd="/Users/scheltie/Documents/git/mscheltienne/pycrostates" machine-name="x86_64" user="" user-domain="" culture="en-US" uiculture="en-US" os-architecture="64bit" /><failure><message><![CDATA[]]></message><stack-trace><![CDATA[None]]></stack-trace></failure><reason><message><![CDATA[&#x1b;[32mINFO    &#x1b;[0m pycrostates:resample.py:170 Resampling instance into 5 resamples of 720 samples covering 60.00% of the original data.]]></message></reason><output><![CDATA[&#x1b;[32mINFO    &#x1b;[0m pycrostates:resample.py:170 Resampling instance into 5 resamples of 720 samples covering 60.00% of the original data.]]></output></test-case><test-case id="221" name="pycrostates/preprocessing/tests/test_resample.py::test_resample_n_resamples_coverage[inst11-True-5-0.8]" fullname="pycrostates/preprocessing/tests/test_resample.py::test_resample_n_resamples_coverage[inst11-True-5-0.8]" methodname="test_resample_n_resamples_coverage[inst11-True-5-0.8]" classname="pycrostates/preprocessing/tests/test_resample.py" runstate="Runnable" seed="1" result="Passed" label="Test resampling with n_resamples and coverage provided." start-time="2022-06-08 16:12:50.012072" end-time="2022-06-08 16:12:50.017372" duration="0.0053" asserts="0"><properties><property name="python-version" value="3.9.9 (main, Nov 21 2021, 03:23:42) &#10;[Clang 13.0.0 (clang-1300.0.29.3)]" /><property name="fspath" value="pycrostates/preprocessing/tests/test_resample.py" /></properties><environment framework-version="3.6.2" clr-version="3.9.9 (main, Nov 21 2021, 03:23:42) &#10;[Clang 13.0.0 (clang-1300.0.29.3)]" os-version="20.6.0" platform="Darwin" cwd="/Users/scheltie/Documents/git/mscheltienne/pycrostates" machine-name="x86_64" user="" user-domain="" culture="en-US" uiculture="en-US" os-architecture="64bit" /><failure><message><![CDATA[]]></message><stack-trace><![CDATA[None]]></stack-trace></failure><reason><message><![CDATA[&#x1b;[32mINFO    &#x1b;[0m pycrostates:resample.py:170 Resampling instance into 5 resamples of 961 samples covering 80.00% of the original data.]]></message></reason><output><![CDATA[&#x1b;[32mINFO    &#x1b;[0m pycrostates:resample.py:170 Resampling instance into 5 resamples of 961 samples covering 80.00% of the original data.]]></output></test-case><test-case id="222" name="pycrostates/preprocessing/tests/test_resample.py::test_resample_n_resamples_coverage[inst12-True-7-0.2]" fullname="pycrostates/preprocessing/tests/test_resample.py::test_resample_n_resamples_coverage[inst12-True-7-0.2]" methodname="test_resample_n_resamples_coverage[inst12-True-7-0.2]" classname="pycrostates/preprocessing/tests/test_resample.py" runstate="Runnable" seed="1" result="Passed" label="Test resampling with n_resamples and coverage provided." start-time="2022-06-08 16:12:50.018099" end-time="2022-06-08 16:12:50.023533" duration="0.005434" asserts="0"><properties><property name="python-version" value="3.9.9 (main, Nov 21 2021, 03:23:42) &#10;[Clang 13.0.0 (clang-1300.0.29.3)]" /><property name="fspath" value="pycrostates/preprocessing/tests/test_resample.py" /></properties><environment framework-version="3.6.2" clr-version="3.9.9 (main, Nov 21 2021, 03:23:42) &#10;[Clang 13.0.0 (clang-1300.0.29.3)]" os-version="20.6.0" platform="Darwin" cwd="/Users/scheltie/Documents/git/mscheltienne/pycrostates" machine-name="x86_64" user="" user-domain="" culture="en-US" uiculture="en-US" os-architecture="64bit" /><failure><message><![CDATA[]]></message><stack-trace><![CDATA[None]]></stack-trace></failure><reason><message><![CDATA[&#x1b;[32mINFO    &#x1b;[0m pycrostates:resample.py:170 Resampling instance into 7 resamples of 171 samples covering 20.00% of the original data.]]></message></reason><output><![CDATA[&#x1b;[32mINFO    &#x1b;[0m pycrostates:resample.py:170 Resampling instance into 7 resamples of 171 samples covering 20.00% of the original data.]]></output></test-case><test-case id="223" name="pycrostates/preprocessing/tests/test_resample.py::test_resample_n_resamples_coverage[inst13-True-7-0.4]" fullname="pycrostates/preprocessing/tests/test_resample.py::test_resample_n_resamples_coverage[inst13-True-7-0.4]" methodname="test_resample_n_resamples_coverage[inst13-True-7-0.4]" classname="pycrostates/preprocessing/tests/test_resample.py" runstate="Runnable" seed="1" result="Passed" label="Test resampling with n_resamples and coverage provided." start-time="2022-06-08 16:12:50.024332" end-time="2022-06-08 16:12:50.029785" duration="0.005453" asserts="0"><properties><property name="python-version" value="3.9.9 (main, Nov 21 2021, 03:23:42) &#10;[Clang 13.0.0 (clang-1300.0.29.3)]" /><property name="fspath" value="pycrostates/preprocessing/tests/test_resample.py" /></properties><environment framework-version="3.6.2" clr-version="3.9.9 (main, Nov 21 2021, 03:23:42) &#10;[Clang 13.0.0 (clang-1300.0.29.3)]" os-version="20.6.0" platform="Darwin" cwd="/Users/scheltie/Documents/git/mscheltienne/pycrostates" machine-name="x86_64" user="" user-domain="" culture="en-US" uiculture="en-US" os-architecture="64bit" /><failure><message><![CDATA[]]></message><stack-trace><![CDATA[None]]></stack-trace></failure><reason><message><![CDATA[&#x1b;[32mINFO    &#x1b;[0m pycrostates:resample.py:170 Resampling instance into 7 resamples of 343 samples covering 40.00% of the original data.]]></message></reason><output><![CDATA[&#x1b;[32mINFO    &#x1b;[0m pycrostates:resample.py:170 Resampling instance into 7 resamples of 343 samples covering 40.00% of the original data.]]></output></test-case><test-case id="224" name="pycrostates/preprocessing/tests/test_resample.py::test_resample_n_resamples_coverage[inst14-True-7-0.6000000000000001]" fullname="pycrostates/preprocessing/tests/test_resample.py::test_resample_n_resamples_coverage[inst14-True-7-0.6000000000000001]" methodname="test_resample_n_resamples_coverage[inst14-True-7-0.6000000000000001]" classname="pycrostates/preprocessing/tests/test_resample.py" runstate="Runnable" seed="1" result="Passed" label="Test resampling with n_resamples and coverage provided." start-time="2022-06-08 16:12:50.030507" end-time="2022-06-08 16:12:50.035546" duration="0.005039" asserts="0"><properties><property name="python-version" value="3.9.9 (main, Nov 21 2021, 03:23:42) &#10;[Clang 13.0.0 (clang-1300.0.29.3)]" /><property name="fspath" value="pycrostates/preprocessing/tests/test_resample.py" /></properties><environment framework-version="3.6.2" clr-version="3.9.9 (main, Nov 21 2021, 03:23:42) &#10;[Clang 13.0.0 (clang-1300.0.29.3)]" os-version="20.6.0" platform="Darwin" cwd="/Users/scheltie/Documents/git/mscheltienne/pycrostates" machine-name="x86_64" user="" user-domain="" culture="en-US" uiculture="en-US" os-architecture="64bit" /><failure><message><![CDATA[]]></message><stack-trace><![CDATA[None]]></stack-trace></failure><reason><message><![CDATA[&#x1b;[32mINFO    &#x1b;[0m pycrostates:resample.py:170 Resampling instance into 7 resamples of 514 samples covering 60.00% of the original data.]]></message></reason><output><![CDATA[&#x1b;[32mINFO    &#x1b;[0m pycrostates:resample.py:170 Resampling instance into 7 resamples of 514 samples covering 60.00% of the original data.]]></output></test-case><test-case id="225" name="pycrostates/preprocessing/tests/test_resample.py::test_resample_n_resamples_coverage[inst15-True-7-0.8]" fullname="pycrostates/preprocessing/tests/test_resample.py::test_resample_n_resamples_coverage[inst15-True-7-0.8]" methodname="test_resample_n_resamples_coverage[inst15-True-7-0.8]" classname="pycrostates/preprocessing/tests/test_resample.py" runstate="Runnable" seed="1" result="Passed" label="Test resampling with n_resamples and coverage provided." start-time="2022-06-08 16:12:50.036252" end-time="2022-06-08 16:12:50.041630" duration="0.005378" asserts="0"><properties><property name="python-version" value="3.9.9 (main, Nov 21 2021, 03:23:42) &#10;[Clang 13.0.0 (clang-1300.0.29.3)]" /><property name="fspath" value="pycrostates/preprocessing/tests/test_resample.py" /></properties><environment framework-version="3.6.2" clr-version="3.9.9 (main, Nov 21 2021, 03:23:42) &#10;[Clang 13.0.0 (clang-1300.0.29.3)]" os-version="20.6.0" platform="Darwin" cwd="/Users/scheltie/Documents/git/mscheltienne/pycrostates" machine-name="x86_64" user="" user-domain="" culture="en-US" uiculture="en-US" os-architecture="64bit" /><failure><message><![CDATA[]]></message><stack-trace><![CDATA[None]]></stack-trace></failure><reason><message><![CDATA[&#x1b;[32mINFO    &#x1b;[0m pycrostates:resample.py:170 Resampling instance into 7 resamples of 686 samples covering 80.00% of the original data.]]></message></reason><output><![CDATA[&#x1b;[32mINFO    &#x1b;[0m pycrostates:resample.py:170 Resampling instance into 7 resamples of 686 samples covering 80.00% of the original data.]]></output></test-case><test-case id="226" name="pycrostates/preprocessing/tests/test_resample.py::test_resample_n_resamples_coverage[inst16-True-9-0.2]" fullname="pycrostates/preprocessing/tests/test_resample.py::test_resample_n_resamples_coverage[inst16-True-9-0.2]" methodname="test_resample_n_resamples_coverage[inst16-True-9-0.2]" classname="pycrostates/preprocessing/tests/test_resample.py" runstate="Runnable" seed="1" result="Passed" label="Test resampling with n_resamples and coverage provided." start-time="2022-06-08 16:12:50.042381" end-time="2022-06-08 16:12:50.047174" duration="0.004793" asserts="0"><properties><property name="python-version" value="3.9.9 (main, Nov 21 2021, 03:23:42) &#10;[Clang 13.0.0 (clang-1300.0.29.3)]" /><property name="fspath" value="pycrostates/preprocessing/tests/test_resample.py" /></properties><environment framework-version="3.6.2" clr-version="3.9.9 (main, Nov 21 2021, 03:23:42) &#10;[Clang 13.0.0 (clang-1300.0.29.3)]" os-version="20.6.0" platform="Darwin" cwd="/Users/scheltie/Documents/git/mscheltienne/pycrostates" machine-name="x86_64" user="" user-domain="" culture="en-US" uiculture="en-US" os-architecture="64bit" /><failure><message><![CDATA[]]></message><stack-trace><![CDATA[None]]></stack-trace></failure><reason><message><![CDATA[&#x1b;[32mINFO    &#x1b;[0m pycrostates:resample.py:170 Resampling instance into 9 resamples of 133 samples covering 20.00% of the original data.]]></message></reason><output><![CDATA[&#x1b;[32mINFO    &#x1b;[0m pycrostates:resample.py:170 Resampling instance into 9 resamples of 133 samples covering 20.00% of the original data.]]></output></test-case><test-case id="227" name="pycrostates/preprocessing/tests/test_resample.py::test_resample_n_resamples_coverage[inst17-True-9-0.4]" fullname="pycrostates/preprocessing/tests/test_resample.py::test_resample_n_resamples_coverage[inst17-True-9-0.4]" methodname="test_resample_n_resamples_coverage[inst17-True-9-0.4]" classname="pycrostates/preprocessing/tests/test_resample.py" runstate="Runnable" seed="1" result="Passed" label="Test resampling with n_resamples and coverage provided." start-time="2022-06-08 16:12:50.047907" end-time="2022-06-08 16:12:50.052901" duration="0.004994" asserts="0"><properties><property name="python-version" value="3.9.9 (main, Nov 21 2021, 03:23:42) &#10;[Clang 13.0.0 (clang-1300.0.29.3)]" /><property name="fspath" value="pycrostates/preprocessing/tests/test_resample.py" /></properties><environment framework-version="3.6.2" clr-version="3.9.9 (main, Nov 21 2021, 03:23:42) &#10;[Clang 13.0.0 (clang-1300.0.29.3)]" os-version="20.6.0" platform="Darwin" cwd="/Users/scheltie/Documents/git/mscheltienne/pycrostates" machine-name="x86_64" user="" user-domain="" culture="en-US" uiculture="en-US" os-architecture="64bit" /><failure><message><![CDATA[]]></message><stack-trace><![CDATA[None]]></stack-trace></failure><reason><message><![CDATA[&#x1b;[32mINFO    &#x1b;[0m pycrostates:resample.py:170 Resampling instance into 9 resamples of 266 samples covering 40.00% of the original data.]]></message></reason><output><![CDATA[&#x1b;[32mINFO    &#x1b;[0m pycrostates:resample.py:170 Resampling instance into 9 resamples of 266 samples covering 40.00% of the original data.]]></output></test-case><test-case id="228" name="pycrostates/preprocessing/tests/test_resample.py::test_resample_n_resamples_coverage[inst18-True-9-0.6000000000000001]" fullname="pycrostates/preprocessing/tests/test_resample.py::test_resample_n_resamples_coverage[inst18-True-9-0.6000000000000001]" methodname="test_resample_n_resamples_coverage[inst18-True-9-0.6000000000000001]" classname="pycrostates/preprocessing/tests/test_resample.py" runstate="Runnable" seed="1" result="Passed" label="Test resampling with n_resamples and coverage provided." start-time="2022-06-08 16:12:50.053629" end-time="2022-06-08 16:12:50.059286" duration="0.005657" asserts="0"><properties><property name="python-version" value="3.9.9 (main, Nov 21 2021, 03:23:42) &#10;[Clang 13.0.0 (clang-1300.0.29.3)]" /><property name="fspath" value="pycrostates/preprocessing/tests/test_resample.py" /></properties><environment framework-version="3.6.2" clr-version="3.9.9 (main, Nov 21 2021, 03:23:42) &#10;[Clang 13.0.0 (clang-1300.0.29.3)]" os-version="20.6.0" platform="Darwin" cwd="/Users/scheltie/Documents/git/mscheltienne/pycrostates" machine-name="x86_64" user="" user-domain="" culture="en-US" uiculture="en-US" os-architecture="64bit" /><failure><message><![CDATA[]]></message><stack-trace><![CDATA[None]]></stack-trace></failure><reason><message><![CDATA[&#x1b;[32mINFO    &#x1b;[0m pycrostates:resample.py:170 Resampling instance into 9 resamples of 400 samples covering 60.00% of the original data.]]></message></reason><output><![CDATA[&#x1b;[32mINFO    &#x1b;[0m pycrostates:resample.py:170 Resampling instance into 9 resamples of 400 samples covering 60.00% of the original data.]]></output></test-case><test-case id="229" name="pycrostates/preprocessing/tests/test_resample.py::test_resample_n_resamples_coverage[inst19-True-9-0.8]" fullname="pycrostates/preprocessing/tests/test_resample.py::test_resample_n_resamples_coverage[inst19-True-9-0.8]" methodname="test_resample_n_resamples_coverage[inst19-True-9-0.8]" classname="pycrostates/preprocessing/tests/test_resample.py" runstate="Runnable" seed="1" result="Passed" label="Test resampling with n_resamples and coverage provided." start-time="2022-06-08 16:12:50.060068" end-time="2022-06-08 16:12:50.065926" duration="0.005858" asserts="0"><properties><property name="python-version" value="3.9.9 (main, Nov 21 2021, 03:23:42) &#10;[Clang 13.0.0 (clang-1300.0.29.3)]" /><property name="fspath" value="pycrostates/preprocessing/tests/test_resample.py" /></properties><environment framework-version="3.6.2" clr-version="3.9.9 (main, Nov 21 2021, 03:23:42) &#10;[Clang 13.0.0 (clang-1300.0.29.3)]" os-version="20.6.0" platform="Darwin" cwd="/Users/scheltie/Documents/git/mscheltienne/pycrostates" machine-name="x86_64" user="" user-domain="" culture="en-US" uiculture="en-US" os-architecture="64bit" /><failure><message><![CDATA[]]></message><stack-trace><![CDATA[None]]></stack-trace></failure><reason><message><![CDATA[&#x1b;[32mINFO    &#x1b;[0m pycrostates:resample.py:170 Resampling instance into 9 resamples of 533 samples covering 80.00% of the original data.]]></message></reason><output><![CDATA[&#x1b;[32mINFO    &#x1b;[0m pycrostates:resample.py:170 Resampling instance into 9 resamples of 533 samples covering 80.00% of the original data.]]></output></test-case><test-case id="230" name="pycrostates/preprocessing/tests/test_resample.py::test_resample_n_resamples_coverage[inst20-False-1-0.2]" fullname="pycrostates/preprocessing/tests/test_resample.py::test_resample_n_resamples_coverage[inst20-False-1-0.2]" methodname="test_resample_n_resamples_coverage[inst20-False-1-0.2]" classname="pycrostates/preprocessing/tests/test_resample.py" runstate="Runnable" seed="1" result="Passed" label="Test resampling with n_resamples and coverage provided." start-time="2022-06-08 16:12:50.066639" end-time="2022-06-08 16:12:50.071082" duration="0.004443" asserts="0"><properties><property name="python-version" value="3.9.9 (main, Nov 21 2021, 03:23:42) &#10;[Clang 13.0.0 (clang-1300.0.29.3)]" /><property name="fspath" value="pycrostates/preprocessing/tests/test_resample.py" /></properties><environment framework-version="3.6.2" clr-version="3.9.9 (main, Nov 21 2021, 03:23:42) &#10;[Clang 13.0.0 (clang-1300.0.29.3)]" os-version="20.6.0" platform="Darwin" cwd="/Users/scheltie/Documents/git/mscheltienne/pycrostates" machine-name="x86_64" user="" user-domain="" culture="en-US" uiculture="en-US" os-architecture="64bit" /><failure><message><![CDATA[]]></message><stack-trace><![CDATA[None]]></stack-trace></failure><reason><message><![CDATA[&#x1b;[32mINFO    &#x1b;[0m pycrostates:resample.py:170 Resampling instance into 1 resamples of 1201 samples covering 20.00% of the original data.]]></message></reason><output><![CDATA[&#x1b;[32mINFO    &#x1b;[0m pycrostates:resample.py:170 Resampling instance into 1 resamples of 1201 samples covering 20.00% of the original data.]]></output></test-case><test-case id="231" name="pycrostates/preprocessing/tests/test_resample.py::test_resample_n_resamples_coverage[inst21-False-1-0.4]" fullname="pycrostates/preprocessing/tests/test_resample.py::test_resample_n_resamples_coverage[inst21-False-1-0.4]" methodname="test_resample_n_resamples_coverage[inst21-False-1-0.4]" classname="pycrostates/preprocessing/tests/test_resample.py" runstate="Runnable" seed="1" result="Passed" label="Test resampling with n_resamples and coverage provided." start-time="2022-06-08 16:12:50.071804" end-time="2022-06-08 16:12:50.076746" duration="0.004942" asserts="0"><properties><property name="python-version" value="3.9.9 (main, Nov 21 2021, 03:23:42) &#10;[Clang 13.0.0 (clang-1300.0.29.3)]" /><property name="fspath" value="pycrostates/preprocessing/tests/test_resample.py" /></properties><environment framework-version="3.6.2" clr-version="3.9.9 (main, Nov 21 2021, 03:23:42) &#10;[Clang 13.0.0 (clang-1300.0.29.3)]" os-version="20.6.0" platform="Darwin" cwd="/Users/scheltie/Documents/git/mscheltienne/pycrostates" machine-name="x86_64" user="" user-domain="" culture="en-US" uiculture="en-US" os-architecture="64bit" /><failure><message><![CDATA[]]></message><stack-trace><![CDATA[None]]></stack-trace></failure><reason><message><![CDATA[&#x1b;[32mINFO    &#x1b;[0m pycrostates:resample.py:170 Resampling instance into 1 resamples of 2402 samples covering 40.00% of the original data.]]></message></reason><output><![CDATA[&#x1b;[32mINFO    &#x1b;[0m pycrostates:resample.py:170 Resampling instance into 1 resamples of 2402 samples covering 40.00% of the original data.]]></output></test-case><test-case id="232" name="pycrostates/preprocessing/tests/test_resample.py::test_resample_n_resamples_coverage[inst22-False-1-0.6000000000000001]" fullname="pycrostates/preprocessing/tests/test_resample.py::test_resample_n_resamples_coverage[inst22-False-1-0.6000000000000001]" methodname="test_resample_n_resamples_coverage[inst22-False-1-0.6000000000000001]" classname="pycrostates/preprocessing/tests/test_resample.py" runstate="Runnable" seed="1" result="Passed" label="Test resampling with n_resamples and coverage provided." start-time="2022-06-08 16:12:50.077483" end-time="2022-06-08 16:12:50.082358" duration="0.004875" asserts="0"><properties><property name="python-version" value="3.9.9 (main, Nov 21 2021, 03:23:42) &#10;[Clang 13.0.0 (clang-1300.0.29.3)]" /><property name="fspath" value="pycrostates/preprocessing/tests/test_resample.py" /></properties><environment framework-version="3.6.2" clr-version="3.9.9 (main, Nov 21 2021, 03:23:42) &#10;[Clang 13.0.0 (clang-1300.0.29.3)]" os-version="20.6.0" platform="Darwin" cwd="/Users/scheltie/Documents/git/mscheltienne/pycrostates" machine-name="x86_64" user="" user-domain="" culture="en-US" uiculture="en-US" os-architecture="64bit" /><failure><message><![CDATA[]]></message><stack-trace><![CDATA[None]]></stack-trace></failure><reason><message><![CDATA[&#x1b;[32mINFO    &#x1b;[0m pycrostates:resample.py:170 Resampling instance into 1 resamples of 3604 samples covering 60.00% of the original data.]]></message></reason><output><![CDATA[&#x1b;[32mINFO    &#x1b;[0m pycrostates:resample.py:170 Resampling instance into 1 resamples of 3604 samples covering 60.00% of the original data.]]></output></test-case><test-case id="233" name="pycrostates/preprocessing/tests/test_resample.py::test_resample_n_resamples_coverage[inst23-False-1-0.8]" fullname="pycrostates/preprocessing/tests/test_resample.py::test_resample_n_resamples_coverage[inst23-False-1-0.8]" methodname="test_resample_n_resamples_coverage[inst23-False-1-0.8]" classname="pycrostates/preprocessing/tests/test_resample.py" runstate="Runnable" seed="1" result="Passed" label="Test resampling with n_resamples and coverage provided." start-time="2022-06-08 16:12:50.083074" end-time="2022-06-08 16:12:50.088133" duration="0.005059" asserts="0"><properties><property name="python-version" value="3.9.9 (main, Nov 21 2021, 03:23:42) &#10;[Clang 13.0.0 (clang-1300.0.29.3)]" /><property name="fspath" value="pycrostates/preprocessing/tests/test_resample.py" /></properties><environment framework-version="3.6.2" clr-version="3.9.9 (main, Nov 21 2021, 03:23:42) &#10;[Clang 13.0.0 (clang-1300.0.29.3)]" os-version="20.6.0" platform="Darwin" cwd="/Users/scheltie/Documents/git/mscheltienne/pycrostates" machine-name="x86_64" user="" user-domain="" culture="en-US" uiculture="en-US" os-architecture="64bit" /><failure><message><![CDATA[]]></message><stack-trace><![CDATA[None]]></stack-trace></failure><reason><message><![CDATA[&#x1b;[32mINFO    &#x1b;[0m pycrostates:resample.py:170 Resampling instance into 1 resamples of 4805 samples covering 80.00% of the original data.]]></message></reason><output><![CDATA[&#x1b;[32mINFO    &#x1b;[0m pycrostates:resample.py:170 Resampling instance into 1 resamples of 4805 samples covering 80.00% of the original data.]]></output></test-case><test-case id="234" name="pycrostates/preprocessing/tests/test_resample.py::test_resample_n_resamples_coverage[inst24-False-3-0.2]" fullname="pycrostates/preprocessing/tests/test_resample.py::test_resample_n_resamples_coverage[inst24-False-3-0.2]" methodname="test_resample_n_resamples_coverage[inst24-False-3-0.2]" classname="pycrostates/preprocessing/tests/test_resample.py" runstate="Runnable" seed="1" result="Passed" label="Test resampling with n_resamples and coverage provided." start-time="2022-06-08 16:12:50.088838" end-time="2022-06-08 16:12:50.093738" duration="0.0049" asserts="0"><properties><property name="python-version" value="3.9.9 (main, Nov 21 2021, 03:23:42) &#10;[Clang 13.0.0 (clang-1300.0.29.3)]" /><property name="fspath" value="pycrostates/preprocessing/tests/test_resample.py" /></properties><environment framework-version="3.6.2" clr-version="3.9.9 (main, Nov 21 2021, 03:23:42) &#10;[Clang 13.0.0 (clang-1300.0.29.3)]" os-version="20.6.0" platform="Darwin" cwd="/Users/scheltie/Documents/git/mscheltienne/pycrostates" machine-name="x86_64" user="" user-domain="" culture="en-US" uiculture="en-US" os-architecture="64bit" /><failure><message><![CDATA[]]></message><stack-trace><![CDATA[None]]></stack-trace></failure><reason><message><![CDATA[&#x1b;[32mINFO    &#x1b;[0m pycrostates:resample.py:170 Resampling instance into 3 resamples of 400 samples covering 20.00% of the original data.]]></message></reason><output><![CDATA[&#x1b;[32mINFO    &#x1b;[0m pycrostates:resample.py:170 Resampling instance into 3 resamples of 400 samples covering 20.00% of the original data.]]></output></test-case><test-case id="235" name="pycrostates/preprocessing/tests/test_resample.py::test_resample_n_resamples_coverage[inst25-False-3-0.4]" fullname="pycrostates/preprocessing/tests/test_resample.py::test_resample_n_resamples_coverage[inst25-False-3-0.4]" methodname="test_resample_n_resamples_coverage[inst25-False-3-0.4]" classname="pycrostates/preprocessing/tests/test_resample.py" runstate="Runnable" seed="1" result="Passed" label="Test resampling with n_resamples and coverage provided." start-time="2022-06-08 16:12:50.094485" end-time="2022-06-08 16:12:50.099062" duration="0.004577" asserts="0"><properties><property name="python-version" value="3.9.9 (main, Nov 21 2021, 03:23:42) &#10;[Clang 13.0.0 (clang-1300.0.29.3)]" /><property name="fspath" value="pycrostates/preprocessing/tests/test_resample.py" /></properties><environment framework-version="3.6.2" clr-version="3.9.9 (main, Nov 21 2021, 03:23:42) &#10;[Clang 13.0.0 (clang-1300.0.29.3)]" os-version="20.6.0" platform="Darwin" cwd="/Users/scheltie/Documents/git/mscheltienne/pycrostates" machine-name="x86_64" user="" user-domain="" culture="en-US" uiculture="en-US" os-architecture="64bit" /><failure><message><![CDATA[]]></message><stack-trace><![CDATA[None]]></stack-trace></failure><reason><message><![CDATA[&#x1b;[32mINFO    &#x1b;[0m pycrostates:resample.py:170 Resampling instance into 3 resamples of 800 samples covering 40.00% of the original data.]]></message></reason><output><![CDATA[&#x1b;[32mINFO    &#x1b;[0m pycrostates:resample.py:170 Resampling instance into 3 resamples of 800 samples covering 40.00% of the original data.]]></output></test-case><test-case id="236" name="pycrostates/preprocessing/tests/test_resample.py::test_resample_n_resamples_coverage[inst26-False-3-0.6000000000000001]" fullname="pycrostates/preprocessing/tests/test_resample.py::test_resample_n_resamples_coverage[inst26-False-3-0.6000000000000001]" methodname="test_resample_n_resamples_coverage[inst26-False-3-0.6000000000000001]" classname="pycrostates/preprocessing/tests/test_resample.py" runstate="Runnable" seed="1" result="Passed" label="Test resampling with n_resamples and coverage provided." start-time="2022-06-08 16:12:50.099761" end-time="2022-06-08 16:12:50.104724" duration="0.004963" asserts="0"><properties><property name="python-version" value="3.9.9 (main, Nov 21 2021, 03:23:42) &#10;[Clang 13.0.0 (clang-1300.0.29.3)]" /><property name="fspath" value="pycrostates/preprocessing/tests/test_resample.py" /></properties><environment framework-version="3.6.2" clr-version="3.9.9 (main, Nov 21 2021, 03:23:42) &#10;[Clang 13.0.0 (clang-1300.0.29.3)]" os-version="20.6.0" platform="Darwin" cwd="/Users/scheltie/Documents/git/mscheltienne/pycrostates" machine-name="x86_64" user="" user-domain="" culture="en-US" uiculture="en-US" os-architecture="64bit" /><failure><message><![CDATA[]]></message><stack-trace><![CDATA[None]]></stack-trace></failure><reason><message><![CDATA[&#x1b;[32mINFO    &#x1b;[0m pycrostates:resample.py:170 Resampling instance into 3 resamples of 1201 samples covering 60.00% of the original data.]]></message></reason><output><![CDATA[&#x1b;[32mINFO    &#x1b;[0m pycrostates:resample.py:170 Resampling instance into 3 resamples of 1201 samples covering 60.00% of the original data.]]></output></test-case><test-case id="237" name="pycrostates/preprocessing/tests/test_resample.py::test_resample_n_resamples_coverage[inst27-False-3-0.8]" fullname="pycrostates/preprocessing/tests/test_resample.py::test_resample_n_resamples_coverage[inst27-False-3-0.8]" methodname="test_resample_n_resamples_coverage[inst27-False-3-0.8]" classname="pycrostates/preprocessing/tests/test_resample.py" runstate="Runnable" seed="1" result="Passed" label="Test resampling with n_resamples and coverage provided." start-time="2022-06-08 16:12:50.105444" end-time="2022-06-08 16:12:50.111037" duration="0.005593" asserts="0"><properties><property name="python-version" value="3.9.9 (main, Nov 21 2021, 03:23:42) &#10;[Clang 13.0.0 (clang-1300.0.29.3)]" /><property name="fspath" value="pycrostates/preprocessing/tests/test_resample.py" /></properties><environment framework-version="3.6.2" clr-version="3.9.9 (main, Nov 21 2021, 03:23:42) &#10;[Clang 13.0.0 (clang-1300.0.29.3)]" os-version="20.6.0" platform="Darwin" cwd="/Users/scheltie/Documents/git/mscheltienne/pycrostates" machine-name="x86_64" user="" user-domain="" culture="en-US" uiculture="en-US" os-architecture="64bit" /><failure><message><![CDATA[]]></message><stack-trace><![CDATA[None]]></stack-trace></failure><reason><message><![CDATA[&#x1b;[32mINFO    &#x1b;[0m pycrostates:resample.py:170 Resampling instance into 3 resamples of 1601 samples covering 80.00% of the original data.]]></message></reason><output><![CDATA[&#x1b;[32mINFO    &#x1b;[0m pycrostates:resample.py:170 Resampling instance into 3 resamples of 1601 samples covering 80.00% of the original data.]]></output></test-case><test-case id="238" name="pycrostates/preprocessing/tests/test_resample.py::test_resample_n_resamples_coverage[inst28-False-5-0.2]" fullname="pycrostates/preprocessing/tests/test_resample.py::test_resample_n_resamples_coverage[inst28-False-5-0.2]" methodname="test_resample_n_resamples_coverage[inst28-False-5-0.2]" classname="pycrostates/preprocessing/tests/test_resample.py" runstate="Runnable" seed="1" result="Passed" label="Test resampling with n_resamples and coverage provided." start-time="2022-06-08 16:12:50.111782" end-time="2022-06-08 16:12:50.116586" duration="0.004804" asserts="0"><properties><property name="python-version" value="3.9.9 (main, Nov 21 2021, 03:23:42) &#10;[Clang 13.0.0 (clang-1300.0.29.3)]" /><property name="fspath" value="pycrostates/preprocessing/tests/test_resample.py" /></properties><environment framework-version="3.6.2" clr-version="3.9.9 (main, Nov 21 2021, 03:23:42) &#10;[Clang 13.0.0 (clang-1300.0.29.3)]" os-version="20.6.0" platform="Darwin" cwd="/Users/scheltie/Documents/git/mscheltienne/pycrostates" machine-name="x86_64" user="" user-domain="" culture="en-US" uiculture="en-US" os-architecture="64bit" /><failure><message><![CDATA[]]></message><stack-trace><![CDATA[None]]></stack-trace></failure><reason><message><![CDATA[&#x1b;[32mINFO    &#x1b;[0m pycrostates:resample.py:170 Resampling instance into 5 resamples of 240 samples covering 20.00% of the original data.]]></message></reason><output><![CDATA[&#x1b;[32mINFO    &#x1b;[0m pycrostates:resample.py:170 Resampling instance into 5 resamples of 240 samples covering 20.00% of the original data.]]></output></test-case><test-case id="239" name="pycrostates/preprocessing/tests/test_resample.py::test_resample_n_resamples_coverage[inst29-False-5-0.4]" fullname="pycrostates/preprocessing/tests/test_resample.py::test_resample_n_resamples_coverage[inst29-False-5-0.4]" methodname="test_resample_n_resamples_coverage[inst29-False-5-0.4]" classname="pycrostates/preprocessing/tests/test_resample.py" runstate="Runnable" seed="1" result="Passed" label="Test resampling with n_resamples and coverage provided." start-time="2022-06-08 16:12:50.117293" end-time="2022-06-08 16:12:50.122119" duration="0.004826" asserts="0"><properties><property name="python-version" value="3.9.9 (main, Nov 21 2021, 03:23:42) &#10;[Clang 13.0.0 (clang-1300.0.29.3)]" /><property name="fspath" value="pycrostates/preprocessing/tests/test_resample.py" /></properties><environment framework-version="3.6.2" clr-version="3.9.9 (main, Nov 21 2021, 03:23:42) &#10;[Clang 13.0.0 (clang-1300.0.29.3)]" os-version="20.6.0" platform="Darwin" cwd="/Users/scheltie/Documents/git/mscheltienne/pycrostates" machine-name="x86_64" user="" user-domain="" culture="en-US" uiculture="en-US" os-architecture="64bit" /><failure><message><![CDATA[]]></message><stack-trace><![CDATA[None]]></stack-trace></failure><reason><message><![CDATA[&#x1b;[32mINFO    &#x1b;[0m pycrostates:resample.py:170 Resampling instance into 5 resamples of 480 samples covering 40.00% of the original data.]]></message></reason><output><![CDATA[&#x1b;[32mINFO    &#x1b;[0m pycrostates:resample.py:170 Resampling instance into 5 resamples of 480 samples covering 40.00% of the original data.]]></output></test-case><test-case id="240" name="pycrostates/preprocessing/tests/test_resample.py::test_resample_n_resamples_coverage[inst30-False-5-0.6000000000000001]" fullname="pycrostates/preprocessing/tests/test_resample.py::test_resample_n_resamples_coverage[inst30-False-5-0.6000000000000001]" methodname="test_resample_n_resamples_coverage[inst30-False-5-0.6000000000000001]" classname="pycrostates/preprocessing/tests/test_resample.py" runstate="Runnable" seed="1" result="Passed" label="Test resampling with n_resamples and coverage provided." start-time="2022-06-08 16:12:50.122834" end-time="2022-06-08 16:12:50.127644" duration="0.00481" asserts="0"><properties><property name="python-version" value="3.9.9 (main, Nov 21 2021, 03:23:42) &#10;[Clang 13.0.0 (clang-1300.0.29.3)]" /><property name="fspath" value="pycrostates/preprocessing/tests/test_resample.py" /></properties><environment framework-version="3.6.2" clr-version="3.9.9 (main, Nov 21 2021, 03:23:42) &#10;[Clang 13.0.0 (clang-1300.0.29.3)]" os-version="20.6.0" platform="Darwin" cwd="/Users/scheltie/Documents/git/mscheltienne/pycrostates" machine-name="x86_64" user="" user-domain="" culture="en-US" uiculture="en-US" os-architecture="64bit" /><failure><message><![CDATA[]]></message><stack-trace><![CDATA[None]]></stack-trace></failure><reason><message><![CDATA[&#x1b;[32mINFO    &#x1b;[0m pycrostates:resample.py:170 Resampling instance into 5 resamples of 720 samples covering 60.00% of the original data.]]></message></reason><output><![CDATA[&#x1b;[32mINFO    &#x1b;[0m pycrostates:resample.py:170 Resampling instance into 5 resamples of 720 samples covering 60.00% of the original data.]]></output></test-case><test-case id="241" name="pycrostates/preprocessing/tests/test_resample.py::test_resample_n_resamples_coverage[inst31-False-5-0.8]" fullname="pycrostates/preprocessing/tests/test_resample.py::test_resample_n_resamples_coverage[inst31-False-5-0.8]" methodname="test_resample_n_resamples_coverage[inst31-False-5-0.8]" classname="pycrostates/preprocessing/tests/test_resample.py" runstate="Runnable" seed="1" result="Passed" label="Test resampling with n_resamples and coverage provided." start-time="2022-06-08 16:12:50.128403" end-time="2022-06-08 16:12:50.134313" duration="0.00591" asserts="0"><properties><property name="python-version" value="3.9.9 (main, Nov 21 2021, 03:23:42) &#10;[Clang 13.0.0 (clang-1300.0.29.3)]" /><property name="fspath" value="pycrostates/preprocessing/tests/test_resample.py" /></properties><environment framework-version="3.6.2" clr-version="3.9.9 (main, Nov 21 2021, 03:23:42) &#10;[Clang 13.0.0 (clang-1300.0.29.3)]" os-version="20.6.0" platform="Darwin" cwd="/Users/scheltie/Documents/git/mscheltienne/pycrostates" machine-name="x86_64" user="" user-domain="" culture="en-US" uiculture="en-US" os-architecture="64bit" /><failure><message><![CDATA[]]></message><stack-trace><![CDATA[None]]></stack-trace></failure><reason><message><![CDATA[&#x1b;[32mINFO    &#x1b;[0m pycrostates:resample.py:170 Resampling instance into 5 resamples of 961 samples covering 80.00% of the original data.]]></message></reason><output><![CDATA[&#x1b;[32mINFO    &#x1b;[0m pycrostates:resample.py:170 Resampling instance into 5 resamples of 961 samples covering 80.00% of the original data.]]></output></test-case><test-case id="242" name="pycrostates/preprocessing/tests/test_resample.py::test_resample_n_resamples_coverage[inst32-False-7-0.2]" fullname="pycrostates/preprocessing/tests/test_resample.py::test_resample_n_resamples_coverage[inst32-False-7-0.2]" methodname="test_resample_n_resamples_coverage[inst32-False-7-0.2]" classname="pycrostates/preprocessing/tests/test_resample.py" runstate="Runnable" seed="1" result="Passed" label="Test resampling with n_resamples and coverage provided." start-time="2022-06-08 16:12:50.135070" end-time="2022-06-08 16:12:50.140175" duration="0.005105" asserts="0"><properties><property name="python-version" value="3.9.9 (main, Nov 21 2021, 03:23:42) &#10;[Clang 13.0.0 (clang-1300.0.29.3)]" /><property name="fspath" value="pycrostates/preprocessing/tests/test_resample.py" /></properties><environment framework-version="3.6.2" clr-version="3.9.9 (main, Nov 21 2021, 03:23:42) &#10;[Clang 13.0.0 (clang-1300.0.29.3)]" os-version="20.6.0" platform="Darwin" cwd="/Users/scheltie/Documents/git/mscheltienne/pycrostates" machine-name="x86_64" user="" user-domain="" culture="en-US" uiculture="en-US" os-architecture="64bit" /><failure><message><![CDATA[]]></message><stack-trace><![CDATA[None]]></stack-trace></failure><reason><message><![CDATA[&#x1b;[32mINFO    &#x1b;[0m pycrostates:resample.py:170 Resampling instance into 7 resamples of 171 samples covering 20.00% of the original data.]]></message></reason><output><![CDATA[&#x1b;[32mINFO    &#x1b;[0m pycrostates:resample.py:170 Resampling instance into 7 resamples of 171 samples covering 20.00% of the original data.]]></output></test-case><test-case id="243" name="pycrostates/preprocessing/tests/test_resample.py::test_resample_n_resamples_coverage[inst33-False-7-0.4]" fullname="pycrostates/preprocessing/tests/test_resample.py::test_resample_n_resamples_coverage[inst33-False-7-0.4]" methodname="test_resample_n_resamples_coverage[inst33-False-7-0.4]" classname="pycrostates/preprocessing/tests/test_resample.py" runstate="Runnable" seed="1" result="Passed" label="Test resampling with n_resamples and coverage provided." start-time="2022-06-08 16:12:50.140912" end-time="2022-06-08 16:12:50.146499" duration="0.005587" asserts="0"><properties><property name="python-version" value="3.9.9 (main, Nov 21 2021, 03:23:42) &#10;[Clang 13.0.0 (clang-1300.0.29.3)]" /><property name="fspath" value="pycrostates/preprocessing/tests/test_resample.py" /></properties><environment framework-version="3.6.2" clr-version="3.9.9 (main, Nov 21 2021, 03:23:42) &#10;[Clang 13.0.0 (clang-1300.0.29.3)]" os-version="20.6.0" platform="Darwin" cwd="/Users/scheltie/Documents/git/mscheltienne/pycrostates" machine-name="x86_64" user="" user-domain="" culture="en-US" uiculture="en-US" os-architecture="64bit" /><failure><message><![CDATA[]]></message><stack-trace><![CDATA[None]]></stack-trace></failure><reason><message><![CDATA[&#x1b;[32mINFO    &#x1b;[0m pycrostates:resample.py:170 Resampling instance into 7 resamples of 343 samples covering 40.00% of the original data.]]></message></reason><output><![CDATA[&#x1b;[32mINFO    &#x1b;[0m pycrostates:resample.py:170 Resampling instance into 7 resamples of 343 samples covering 40.00% of the original data.]]></output></test-case><test-case id="244" name="pycrostates/preprocessing/tests/test_resample.py::test_resample_n_resamples_coverage[inst34-False-7-0.6000000000000001]" fullname="pycrostates/preprocessing/tests/test_resample.py::test_resample_n_resamples_coverage[inst34-False-7-0.6000000000000001]" methodname="test_resample_n_resamples_coverage[inst34-False-7-0.6000000000000001]" classname="pycrostates/preprocessing/tests/test_resample.py" runstate="Runnable" seed="1" result="Passed" label="Test resampling with n_resamples and coverage provided." start-time="2022-06-08 16:12:50.147244" end-time="2022-06-08 16:12:50.152496" duration="0.005252" asserts="0"><properties><property name="python-version" value="3.9.9 (main, Nov 21 2021, 03:23:42) &#10;[Clang 13.0.0 (clang-1300.0.29.3)]" /><property name="fspath" value="pycrostates/preprocessing/tests/test_resample.py" /></properties><environment framework-version="3.6.2" clr-version="3.9.9 (main, Nov 21 2021, 03:23:42) &#10;[Clang 13.0.0 (clang-1300.0.29.3)]" os-version="20.6.0" platform="Darwin" cwd="/Users/scheltie/Documents/git/mscheltienne/pycrostates" machine-name="x86_64" user="" user-domain="" culture="en-US" uiculture="en-US" os-architecture="64bit" /><failure><message><![CDATA[]]></message><stack-trace><![CDATA[None]]></stack-trace></failure><reason><message><![CDATA[&#x1b;[32mINFO    &#x1b;[0m pycrostates:resample.py:170 Resampling instance into 7 resamples of 514 samples covering 60.00% of the original data.]]></message></reason><output><![CDATA[&#x1b;[32mINFO    &#x1b;[0m pycrostates:resample.py:170 Resampling instance into 7 resamples of 514 samples covering 60.00% of the original data.]]></output></test-case><test-case id="245" name="pycrostates/preprocessing/tests/test_resample.py::test_resample_n_resamples_coverage[inst35-False-7-0.8]" fullname="pycrostates/preprocessing/tests/test_resample.py::test_resample_n_resamples_coverage[inst35-False-7-0.8]" methodname="test_resample_n_resamples_coverage[inst35-False-7-0.8]" classname="pycrostates/preprocessing/tests/test_resample.py" runstate="Runnable" seed="1" result="Passed" label="Test resampling with n_resamples and coverage provided." start-time="2022-06-08 16:12:50.153229" end-time="2022-06-08 16:12:50.158721" duration="0.005492" asserts="0"><properties><property name="python-version" value="3.9.9 (main, Nov 21 2021, 03:23:42) &#10;[Clang 13.0.0 (clang-1300.0.29.3)]" /><property name="fspath" value="pycrostates/preprocessing/tests/test_resample.py" /></properties><environment framework-version="3.6.2" clr-version="3.9.9 (main, Nov 21 2021, 03:23:42) &#10;[Clang 13.0.0 (clang-1300.0.29.3)]" os-version="20.6.0" platform="Darwin" cwd="/Users/scheltie/Documents/git/mscheltienne/pycrostates" machine-name="x86_64" user="" user-domain="" culture="en-US" uiculture="en-US" os-architecture="64bit" /><failure><message><![CDATA[]]></message><stack-trace><![CDATA[None]]></stack-trace></failure><reason><message><![CDATA[&#x1b;[32mINFO    &#x1b;[0m pycrostates:resample.py:170 Resampling instance into 7 resamples of 686 samples covering 80.00% of the original data.]]></message></reason><output><![CDATA[&#x1b;[32mINFO    &#x1b;[0m pycrostates:resample.py:170 Resampling instance into 7 resamples of 686 samples covering 80.00% of the original data.]]></output></test-case><test-case id="246" name="pycrostates/preprocessing/tests/test_resample.py::test_resample_n_resamples_coverage[inst36-False-9-0.2]" fullname="pycrostates/preprocessing/tests/test_resample.py::test_resample_n_resamples_coverage[inst36-False-9-0.2]" methodname="test_resample_n_resamples_coverage[inst36-False-9-0.2]" classname="pycrostates/preprocessing/tests/test_resample.py" runstate="Runnable" seed="1" result="Passed" label="Test resampling with n_resamples and coverage provided." start-time="2022-06-08 16:12:50.159444" end-time="2022-06-08 16:12:50.164431" duration="0.004987" asserts="0"><properties><property name="python-version" value="3.9.9 (main, Nov 21 2021, 03:23:42) &#10;[Clang 13.0.0 (clang-1300.0.29.3)]" /><property name="fspath" value="pycrostates/preprocessing/tests/test_resample.py" /></properties><environment framework-version="3.6.2" clr-version="3.9.9 (main, Nov 21 2021, 03:23:42) &#10;[Clang 13.0.0 (clang-1300.0.29.3)]" os-version="20.6.0" platform="Darwin" cwd="/Users/scheltie/Documents/git/mscheltienne/pycrostates" machine-name="x86_64" user="" user-domain="" culture="en-US" uiculture="en-US" os-architecture="64bit" /><failure><message><![CDATA[]]></message><stack-trace><![CDATA[None]]></stack-trace></failure><reason><message><![CDATA[&#x1b;[32mINFO    &#x1b;[0m pycrostates:resample.py:170 Resampling instance into 9 resamples of 133 samples covering 20.00% of the original data.]]></message></reason><output><![CDATA[&#x1b;[32mINFO    &#x1b;[0m pycrostates:resample.py:170 Resampling instance into 9 resamples of 133 samples covering 20.00% of the original data.]]></output></test-case><test-case id="247" name="pycrostates/preprocessing/tests/test_resample.py::test_resample_n_resamples_coverage[inst37-False-9-0.4]" fullname="pycrostates/preprocessing/tests/test_resample.py::test_resample_n_resamples_coverage[inst37-False-9-0.4]" methodname="test_resample_n_resamples_coverage[inst37-False-9-0.4]" classname="pycrostates/preprocessing/tests/test_resample.py" runstate="Runnable" seed="1" result="Passed" label="Test resampling with n_resamples and coverage provided." start-time="2022-06-08 16:12:50.165149" end-time="2022-06-08 16:12:50.170150" duration="0.005001" asserts="0"><properties><property name="python-version" value="3.9.9 (main, Nov 21 2021, 03:23:42) &#10;[Clang 13.0.0 (clang-1300.0.29.3)]" /><property name="fspath" value="pycrostates/preprocessing/tests/test_resample.py" /></properties><environment framework-version="3.6.2" clr-version="3.9.9 (main, Nov 21 2021, 03:23:42) &#10;[Clang 13.0.0 (clang-1300.0.29.3)]" os-version="20.6.0" platform="Darwin" cwd="/Users/scheltie/Documents/git/mscheltienne/pycrostates" machine-name="x86_64" user="" user-domain="" culture="en-US" uiculture="en-US" os-architecture="64bit" /><failure><message><![CDATA[]]></message><stack-trace><![CDATA[None]]></stack-trace></failure><reason><message><![CDATA[&#x1b;[32mINFO    &#x1b;[0m pycrostates:resample.py:170 Resampling instance into 9 resamples of 266 samples covering 40.00% of the original data.]]></message></reason><output><![CDATA[&#x1b;[32mINFO    &#x1b;[0m pycrostates:resample.py:170 Resampling instance into 9 resamples of 266 samples covering 40.00% of the original data.]]></output></test-case><test-case id="248" name="pycrostates/preprocessing/tests/test_resample.py::test_resample_n_resamples_coverage[inst38-False-9-0.6000000000000001]" fullname="pycrostates/preprocessing/tests/test_resample.py::test_resample_n_resamples_coverage[inst38-False-9-0.6000000000000001]" methodname="test_resample_n_resamples_coverage[inst38-False-9-0.6000000000000001]" classname="pycrostates/preprocessing/tests/test_resample.py" runstate="Runnable" seed="1" result="Passed" label="Test resampling with n_resamples and coverage provided." start-time="2022-06-08 16:12:50.170864" end-time="2022-06-08 16:12:50.176854" duration="0.00599" asserts="0"><properties><property name="python-version" value="3.9.9 (main, Nov 21 2021, 03:23:42) &#10;[Clang 13.0.0 (clang-1300.0.29.3)]" /><property name="fspath" value="pycrostates/preprocessing/tests/test_resample.py" /></properties><environment framework-version="3.6.2" clr-version="3.9.9 (main, Nov 21 2021, 03:23:42) &#10;[Clang 13.0.0 (clang-1300.0.29.3)]" os-version="20.6.0" platform="Darwin" cwd="/Users/scheltie/Documents/git/mscheltienne/pycrostates" machine-name="x86_64" user="" user-domain="" culture="en-US" uiculture="en-US" os-architecture="64bit" /><failure><message><![CDATA[]]></message><stack-trace><![CDATA[None]]></stack-trace></failure><reason><message><![CDATA[&#x1b;[32mINFO    &#x1b;[0m pycrostates:resample.py:170 Resampling instance into 9 resamples of 400 samples covering 60.00% of the original data.]]></message></reason><output><![CDATA[&#x1b;[32mINFO    &#x1b;[0m pycrostates:resample.py:170 Resampling instance into 9 resamples of 400 samples covering 60.00% of the original data.]]></output></test-case><test-case id="249" name="pycrostates/preprocessing/tests/test_resample.py::test_resample_n_resamples_coverage[inst39-False-9-0.8]" fullname="pycrostates/preprocessing/tests/test_resample.py::test_resample_n_resamples_coverage[inst39-False-9-0.8]" methodname="test_resample_n_resamples_coverage[inst39-False-9-0.8]" classname="pycrostates/preprocessing/tests/test_resample.py" runstate="Runnable" seed="1" result="Passed" label="Test resampling with n_resamples and coverage provided." start-time="2022-06-08 16:12:50.177625" end-time="2022-06-08 16:12:50.183003" duration="0.005378" asserts="0"><properties><property name="python-version" value="3.9.9 (main, Nov 21 2021, 03:23:42) &#10;[Clang 13.0.0 (clang-1300.0.29.3)]" /><property name="fspath" value="pycrostates/preprocessing/tests/test_resample.py" /></properties><environment framework-version="3.6.2" clr-version="3.9.9 (main, Nov 21 2021, 03:23:42) &#10;[Clang 13.0.0 (clang-1300.0.29.3)]" os-version="20.6.0" platform="Darwin" cwd="/Users/scheltie/Documents/git/mscheltienne/pycrostates" machine-name="x86_64" user="" user-domain="" culture="en-US" uiculture="en-US" os-architecture="64bit" /><failure><message><![CDATA[]]></message><stack-trace><![CDATA[None]]></stack-trace></failure><reason><message><![CDATA[&#x1b;[32mINFO    &#x1b;[0m pycrostates:resample.py:170 Resampling instance into 9 resamples of 533 samples covering 80.00% of the original data.]]></message></reason><output><![CDATA[&#x1b;[32mINFO    &#x1b;[0m pycrostates:resample.py:170 Resampling instance into 9 resamples of 533 samples covering 80.00% of the original data.]]></output></test-case><test-case id="250" name="pycrostates/preprocessing/tests/test_resample.py::test_resample_n_resamples_coverage[inst40-True-1-0.2]" fullname="pycrostates/preprocessing/tests/test_resample.py::test_resample_n_resamples_coverage[inst40-True-1-0.2]" methodname="test_resample_n_resamples_coverage[inst40-True-1-0.2]" classname="pycrostates/preprocessing/tests/test_resample.py" runstate="Runnable" seed="1" result="Passed" label="Test resampling with n_resamples and coverage provided." start-time="2022-06-08 16:12:50.183707" end-time="2022-06-08 16:12:50.188642" duration="0.004935" asserts="0"><properties><property name="python-version" value="3.9.9 (main, Nov 21 2021, 03:23:42) &#10;[Clang 13.0.0 (clang-1300.0.29.3)]" /><property name="fspath" value="pycrostates/preprocessing/tests/test_resample.py" /></properties><environment framework-version="3.6.2" clr-version="3.9.9 (main, Nov 21 2021, 03:23:42) &#10;[Clang 13.0.0 (clang-1300.0.29.3)]" os-version="20.6.0" platform="Darwin" cwd="/Users/scheltie/Documents/git/mscheltienne/pycrostates" machine-name="x86_64" user="" user-domain="" culture="en-US" uiculture="en-US" os-architecture="64bit" /><failure><message><![CDATA[]]></message><stack-trace><![CDATA[None]]></stack-trace></failure><reason><message><![CDATA[&#x1b;[32mINFO    &#x1b;[0m pycrostates:resample.py:170 Resampling instance into 1 resamples of 1202 samples covering 20.00% of the original data.]]></message></reason><output><![CDATA[&#x1b;[32mINFO    &#x1b;[0m pycrostates:resample.py:170 Resampling instance into 1 resamples of 1202 samples covering 20.00% of the original data.]]></output></test-case><test-case id="251" name="pycrostates/preprocessing/tests/test_resample.py::test_resample_n_resamples_coverage[inst41-True-1-0.4]" fullname="pycrostates/preprocessing/tests/test_resample.py::test_resample_n_resamples_coverage[inst41-True-1-0.4]" methodname="test_resample_n_resamples_coverage[inst41-True-1-0.4]" classname="pycrostates/preprocessing/tests/test_resample.py" runstate="Runnable" seed="1" result="Passed" label="Test resampling with n_resamples and coverage provided." start-time="2022-06-08 16:12:50.189360" end-time="2022-06-08 16:12:50.194911" duration="0.005551" asserts="0"><properties><property name="python-version" value="3.9.9 (main, Nov 21 2021, 03:23:42) &#10;[Clang 13.0.0 (clang-1300.0.29.3)]" /><property name="fspath" value="pycrostates/preprocessing/tests/test_resample.py" /></properties><environment framework-version="3.6.2" clr-version="3.9.9 (main, Nov 21 2021, 03:23:42) &#10;[Clang 13.0.0 (clang-1300.0.29.3)]" os-version="20.6.0" platform="Darwin" cwd="/Users/scheltie/Documents/git/mscheltienne/pycrostates" machine-name="x86_64" user="" user-domain="" culture="en-US" uiculture="en-US" os-architecture="64bit" /><failure><message><![CDATA[]]></message><stack-trace><![CDATA[None]]></stack-trace></failure><reason><message><![CDATA[&#x1b;[32mINFO    &#x1b;[0m pycrostates:resample.py:170 Resampling instance into 1 resamples of 2404 samples covering 40.00% of the original data.]]></message></reason><output><![CDATA[&#x1b;[32mINFO    &#x1b;[0m pycrostates:resample.py:170 Resampling instance into 1 resamples of 2404 samples covering 40.00% of the original data.]]></output></test-case><test-case id="252" name="pycrostates/preprocessing/tests/test_resample.py::test_resample_n_resamples_coverage[inst42-True-1-0.6000000000000001]" fullname="pycrostates/preprocessing/tests/test_resample.py::test_resample_n_resamples_coverage[inst42-True-1-0.6000000000000001]" methodname="test_resample_n_resamples_coverage[inst42-True-1-0.6000000000000001]" classname="pycrostates/preprocessing/tests/test_resample.py" runstate="Runnable" seed="1" result="Passed" label="Test resampling with n_resamples and coverage provided." start-time="2022-06-08 16:12:50.195671" end-time="2022-06-08 16:12:50.201095" duration="0.005424" asserts="0"><properties><property name="python-version" value="3.9.9 (main, Nov 21 2021, 03:23:42) &#10;[Clang 13.0.0 (clang-1300.0.29.3)]" /><property name="fspath" value="pycrostates/preprocessing/tests/test_resample.py" /></properties><environment framework-version="3.6.2" clr-version="3.9.9 (main, Nov 21 2021, 03:23:42) &#10;[Clang 13.0.0 (clang-1300.0.29.3)]" os-version="20.6.0" platform="Darwin" cwd="/Users/scheltie/Documents/git/mscheltienne/pycrostates" machine-name="x86_64" user="" user-domain="" culture="en-US" uiculture="en-US" os-architecture="64bit" /><failure><message><![CDATA[]]></message><stack-trace><![CDATA[None]]></stack-trace></failure><reason><message><![CDATA[&#x1b;[32mINFO    &#x1b;[0m pycrostates:resample.py:170 Resampling instance into 1 resamples of 3606 samples covering 60.00% of the original data.]]></message></reason><output><![CDATA[&#x1b;[32mINFO    &#x1b;[0m pycrostates:resample.py:170 Resampling instance into 1 resamples of 3606 samples covering 60.00% of the original data.]]></output></test-case><test-case id="253" name="pycrostates/preprocessing/tests/test_resample.py::test_resample_n_resamples_coverage[inst43-True-1-0.8]" fullname="pycrostates/preprocessing/tests/test_resample.py::test_resample_n_resamples_coverage[inst43-True-1-0.8]" methodname="test_resample_n_resamples_coverage[inst43-True-1-0.8]" classname="pycrostates/preprocessing/tests/test_resample.py" runstate="Runnable" seed="1" result="Passed" label="Test resampling with n_resamples and coverage provided." start-time="2022-06-08 16:12:50.201881" end-time="2022-06-08 16:12:50.208033" duration="0.006152" asserts="0"><properties><property name="python-version" value="3.9.9 (main, Nov 21 2021, 03:23:42) &#10;[Clang 13.0.0 (clang-1300.0.29.3)]" /><property name="fspath" value="pycrostates/preprocessing/tests/test_resample.py" /></properties><environment framework-version="3.6.2" clr-version="3.9.9 (main, Nov 21 2021, 03:23:42) &#10;[Clang 13.0.0 (clang-1300.0.29.3)]" os-version="20.6.0" platform="Darwin" cwd="/Users/scheltie/Documents/git/mscheltienne/pycrostates" machine-name="x86_64" user="" user-domain="" culture="en-US" uiculture="en-US" os-architecture="64bit" /><failure><message><![CDATA[]]></message><stack-trace><![CDATA[None]]></stack-trace></failure><reason><message><![CDATA[&#x1b;[32mINFO    &#x1b;[0m pycrostates:resample.py:170 Resampling instance into 1 resamples of 4808 samples covering 80.00% of the original data.]]></message></reason><output><![CDATA[&#x1b;[32mINFO    &#x1b;[0m pycrostates:resample.py:170 Resampling instance into 1 resamples of 4808 samples covering 80.00% of the original data.]]></output></test-case><test-case id="254" name="pycrostates/preprocessing/tests/test_resample.py::test_resample_n_resamples_coverage[inst44-True-3-0.2]" fullname="pycrostates/preprocessing/tests/test_resample.py::test_resample_n_resamples_coverage[inst44-True-3-0.2]" methodname="test_resample_n_resamples_coverage[inst44-True-3-0.2]" classname="pycrostates/preprocessing/tests/test_resample.py" runstate="Runnable" seed="1" result="Passed" label="Test resampling with n_resamples and coverage provided." start-time="2022-06-08 16:12:50.208833" end-time="2022-06-08 16:12:50.214360" duration="0.005527" asserts="0"><properties><property name="python-version" value="3.9.9 (main, Nov 21 2021, 03:23:42) &#10;[Clang 13.0.0 (clang-1300.0.29.3)]" /><property name="fspath" value="pycrostates/preprocessing/tests/test_resample.py" /></properties><environment framework-version="3.6.2" clr-version="3.9.9 (main, Nov 21 2021, 03:23:42) &#10;[Clang 13.0.0 (clang-1300.0.29.3)]" os-version="20.6.0" platform="Darwin" cwd="/Users/scheltie/Documents/git/mscheltienne/pycrostates" machine-name="x86_64" user="" user-domain="" culture="en-US" uiculture="en-US" os-architecture="64bit" /><failure><message><![CDATA[]]></message><stack-trace><![CDATA[None]]></stack-trace></failure><reason><message><![CDATA[&#x1b;[32mINFO    &#x1b;[0m pycrostates:resample.py:170 Resampling instance into 3 resamples of 400 samples covering 20.00% of the original data.]]></message></reason><output><![CDATA[&#x1b;[32mINFO    &#x1b;[0m pycrostates:resample.py:170 Resampling instance into 3 resamples of 400 samples covering 20.00% of the original data.]]></output></test-case><test-case id="255" name="pycrostates/preprocessing/tests/test_resample.py::test_resample_n_resamples_coverage[inst45-True-3-0.4]" fullname="pycrostates/preprocessing/tests/test_resample.py::test_resample_n_resamples_coverage[inst45-True-3-0.4]" methodname="test_resample_n_resamples_coverage[inst45-True-3-0.4]" classname="pycrostates/preprocessing/tests/test_resample.py" runstate="Runnable" seed="1" result="Passed" label="Test resampling with n_resamples and coverage provided." start-time="2022-06-08 16:12:50.215128" end-time="2022-06-08 16:12:50.220526" duration="0.005398" asserts="0"><properties><property name="python-version" value="3.9.9 (main, Nov 21 2021, 03:23:42) &#10;[Clang 13.0.0 (clang-1300.0.29.3)]" /><property name="fspath" value="pycrostates/preprocessing/tests/test_resample.py" /></properties><environment framework-version="3.6.2" clr-version="3.9.9 (main, Nov 21 2021, 03:23:42) &#10;[Clang 13.0.0 (clang-1300.0.29.3)]" os-version="20.6.0" platform="Darwin" cwd="/Users/scheltie/Documents/git/mscheltienne/pycrostates" machine-name="x86_64" user="" user-domain="" culture="en-US" uiculture="en-US" os-architecture="64bit" /><failure><message><![CDATA[]]></message><stack-trace><![CDATA[None]]></stack-trace></failure><reason><message><![CDATA[&#x1b;[32mINFO    &#x1b;[0m pycrostates:resample.py:170 Resampling instance into 3 resamples of 801 samples covering 40.00% of the original data.]]></message></reason><output><![CDATA[&#x1b;[32mINFO    &#x1b;[0m pycrostates:resample.py:170 Resampling instance into 3 resamples of 801 samples covering 40.00% of the original data.]]></output></test-case><test-case id="256" name="pycrostates/preprocessing/tests/test_resample.py::test_resample_n_resamples_coverage[inst46-True-3-0.6000000000000001]" fullname="pycrostates/preprocessing/tests/test_resample.py::test_resample_n_resamples_coverage[inst46-True-3-0.6000000000000001]" methodname="test_resample_n_resamples_coverage[inst46-True-3-0.6000000000000001]" classname="pycrostates/preprocessing/tests/test_resample.py" runstate="Runnable" seed="1" result="Passed" label="Test resampling with n_resamples and coverage provided." start-time="2022-06-08 16:12:50.221280" end-time="2022-06-08 16:12:50.226931" duration="0.005651" asserts="0"><properties><property name="python-version" value="3.9.9 (main, Nov 21 2021, 03:23:42) &#10;[Clang 13.0.0 (clang-1300.0.29.3)]" /><property name="fspath" value="pycrostates/preprocessing/tests/test_resample.py" /></properties><environment framework-version="3.6.2" clr-version="3.9.9 (main, Nov 21 2021, 03:23:42) &#10;[Clang 13.0.0 (clang-1300.0.29.3)]" os-version="20.6.0" platform="Darwin" cwd="/Users/scheltie/Documents/git/mscheltienne/pycrostates" machine-name="x86_64" user="" user-domain="" culture="en-US" uiculture="en-US" os-architecture="64bit" /><failure><message><![CDATA[]]></message><stack-trace><![CDATA[None]]></stack-trace></failure><reason><message><![CDATA[&#x1b;[32mINFO    &#x1b;[0m pycrostates:resample.py:170 Resampling instance into 3 resamples of 1202 samples covering 60.00% of the original data.]]></message></reason><output><![CDATA[&#x1b;[32mINFO    &#x1b;[0m pycrostates:resample.py:170 Resampling instance into 3 resamples of 1202 samples covering 60.00% of the original data.]]></output></test-case><test-case id="257" name="pycrostates/preprocessing/tests/test_resample.py::test_resample_n_resamples_coverage[inst47-True-3-0.8]" fullname="pycrostates/preprocessing/tests/test_resample.py::test_resample_n_resamples_coverage[inst47-True-3-0.8]" methodname="test_resample_n_resamples_coverage[inst47-True-3-0.8]" classname="pycrostates/preprocessing/tests/test_resample.py" runstate="Runnable" seed="1" result="Passed" label="Test resampling with n_resamples and coverage provided." start-time="2022-06-08 16:12:50.227718" end-time="2022-06-08 16:12:50.233718" duration="0.006" asserts="0"><properties><property name="python-version" value="3.9.9 (main, Nov 21 2021, 03:23:42) &#10;[Clang 13.0.0 (clang-1300.0.29.3)]" /><property name="fspath" value="pycrostates/preprocessing/tests/test_resample.py" /></properties><environment framework-version="3.6.2" clr-version="3.9.9 (main, Nov 21 2021, 03:23:42) &#10;[Clang 13.0.0 (clang-1300.0.29.3)]" os-version="20.6.0" platform="Darwin" cwd="/Users/scheltie/Documents/git/mscheltienne/pycrostates" machine-name="x86_64" user="" user-domain="" culture="en-US" uiculture="en-US" os-architecture="64bit" /><failure><message><![CDATA[]]></message><stack-trace><![CDATA[None]]></stack-trace></failure><reason><message><![CDATA[&#x1b;[32mINFO    &#x1b;[0m pycrostates:resample.py:170 Resampling instance into 3 resamples of 1602 samples covering 80.00% of the original data.]]></message></reason><output><![CDATA[&#x1b;[32mINFO    &#x1b;[0m pycrostates:resample.py:170 Resampling instance into 3 resamples of 1602 samples covering 80.00% of the original data.]]></output></test-case><test-case id="258" name="pycrostates/preprocessing/tests/test_resample.py::test_resample_n_resamples_coverage[inst48-True-5-0.2]" fullname="pycrostates/preprocessing/tests/test_resample.py::test_resample_n_resamples_coverage[inst48-True-5-0.2]" methodname="test_resample_n_resamples_coverage[inst48-True-5-0.2]" classname="pycrostates/preprocessing/tests/test_resample.py" runstate="Runnable" seed="1" result="Passed" label="Test resampling with n_resamples and coverage provided." start-time="2022-06-08 16:12:50.234468" end-time="2022-06-08 16:12:50.240916" duration="0.006448" asserts="0"><properties><property name="python-version" value="3.9.9 (main, Nov 21 2021, 03:23:42) &#10;[Clang 13.0.0 (clang-1300.0.29.3)]" /><property name="fspath" value="pycrostates/preprocessing/tests/test_resample.py" /></properties><environment framework-version="3.6.2" clr-version="3.9.9 (main, Nov 21 2021, 03:23:42) &#10;[Clang 13.0.0 (clang-1300.0.29.3)]" os-version="20.6.0" platform="Darwin" cwd="/Users/scheltie/Documents/git/mscheltienne/pycrostates" machine-name="x86_64" user="" user-domain="" culture="en-US" uiculture="en-US" os-architecture="64bit" /><failure><message><![CDATA[]]></message><stack-trace><![CDATA[None]]></stack-trace></failure><reason><message><![CDATA[&#x1b;[32mINFO    &#x1b;[0m pycrostates:resample.py:170 Resampling instance into 5 resamples of 240 samples covering 20.00% of the original data.]]></message></reason><output><![CDATA[&#x1b;[32mINFO    &#x1b;[0m pycrostates:resample.py:170 Resampling instance into 5 resamples of 240 samples covering 20.00% of the original data.]]></output></test-case><test-case id="259" name="pycrostates/preprocessing/tests/test_resample.py::test_resample_n_resamples_coverage[inst49-True-5-0.4]" fullname="pycrostates/preprocessing/tests/test_resample.py::test_resample_n_resamples_coverage[inst49-True-5-0.4]" methodname="test_resample_n_resamples_coverage[inst49-True-5-0.4]" classname="pycrostates/preprocessing/tests/test_resample.py" runstate="Runnable" seed="1" result="Passed" label="Test resampling with n_resamples and coverage provided." start-time="2022-06-08 16:12:50.241746" end-time="2022-06-08 16:12:50.247834" duration="0.006088" asserts="0"><properties><property name="python-version" value="3.9.9 (main, Nov 21 2021, 03:23:42) &#10;[Clang 13.0.0 (clang-1300.0.29.3)]" /><property name="fspath" value="pycrostates/preprocessing/tests/test_resample.py" /></properties><environment framework-version="3.6.2" clr-version="3.9.9 (main, Nov 21 2021, 03:23:42) &#10;[Clang 13.0.0 (clang-1300.0.29.3)]" os-version="20.6.0" platform="Darwin" cwd="/Users/scheltie/Documents/git/mscheltienne/pycrostates" machine-name="x86_64" user="" user-domain="" culture="en-US" uiculture="en-US" os-architecture="64bit" /><failure><message><![CDATA[]]></message><stack-trace><![CDATA[None]]></stack-trace></failure><reason><message><![CDATA[&#x1b;[32mINFO    &#x1b;[0m pycrostates:resample.py:170 Resampling instance into 5 resamples of 480 samples covering 40.00% of the original data.]]></message></reason><output><![CDATA[&#x1b;[32mINFO    &#x1b;[0m pycrostates:resample.py:170 Resampling instance into 5 resamples of 480 samples covering 40.00% of the original data.]]></output></test-case><test-case id="260" name="pycrostates/preprocessing/tests/test_resample.py::test_resample_n_resamples_coverage[inst50-True-5-0.6000000000000001]" fullname="pycrostates/preprocessing/tests/test_resample.py::test_resample_n_resamples_coverage[inst50-True-5-0.6000000000000001]" methodname="test_resample_n_resamples_coverage[inst50-True-5-0.6000000000000001]" classname="pycrostates/preprocessing/tests/test_resample.py" runstate="Runnable" seed="1" result="Passed" label="Test resampling with n_resamples and coverage provided." start-time="2022-06-08 16:12:50.248584" end-time="2022-06-08 16:12:50.254106" duration="0.005522" asserts="0"><properties><property name="python-version" value="3.9.9 (main, Nov 21 2021, 03:23:42) &#10;[Clang 13.0.0 (clang-1300.0.29.3)]" /><property name="fspath" value="pycrostates/preprocessing/tests/test_resample.py" /></properties><environment framework-version="3.6.2" clr-version="3.9.9 (main, Nov 21 2021, 03:23:42) &#10;[Clang 13.0.0 (clang-1300.0.29.3)]" os-version="20.6.0" platform="Darwin" cwd="/Users/scheltie/Documents/git/mscheltienne/pycrostates" machine-name="x86_64" user="" user-domain="" culture="en-US" uiculture="en-US" os-architecture="64bit" /><failure><message><![CDATA[]]></message><stack-trace><![CDATA[None]]></stack-trace></failure><reason><message><![CDATA[&#x1b;[32mINFO    &#x1b;[0m pycrostates:resample.py:170 Resampling instance into 5 resamples of 721 samples covering 60.00% of the original data.]]></message></reason><output><![CDATA[&#x1b;[32mINFO    &#x1b;[0m pycrostates:resample.py:170 Resampling instance into 5 resamples of 721 samples covering 60.00% of the original data.]]></output></test-case><test-case id="261" name="pycrostates/preprocessing/tests/test_resample.py::test_resample_n_resamples_coverage[inst51-True-5-0.8]" fullname="pycrostates/preprocessing/tests/test_resample.py::test_resample_n_resamples_coverage[inst51-True-5-0.8]" methodname="test_resample_n_resamples_coverage[inst51-True-5-0.8]" classname="pycrostates/preprocessing/tests/test_resample.py" runstate="Runnable" seed="1" result="Passed" label="Test resampling with n_resamples and coverage provided." start-time="2022-06-08 16:12:50.254862" end-time="2022-06-08 16:12:50.261042" duration="0.00618" asserts="0"><properties><property name="python-version" value="3.9.9 (main, Nov 21 2021, 03:23:42) &#10;[Clang 13.0.0 (clang-1300.0.29.3)]" /><property name="fspath" value="pycrostates/preprocessing/tests/test_resample.py" /></properties><environment framework-version="3.6.2" clr-version="3.9.9 (main, Nov 21 2021, 03:23:42) &#10;[Clang 13.0.0 (clang-1300.0.29.3)]" os-version="20.6.0" platform="Darwin" cwd="/Users/scheltie/Documents/git/mscheltienne/pycrostates" machine-name="x86_64" user="" user-domain="" culture="en-US" uiculture="en-US" os-architecture="64bit" /><failure><message><![CDATA[]]></message><stack-trace><![CDATA[None]]></stack-trace></failure><reason><message><![CDATA[&#x1b;[32mINFO    &#x1b;[0m pycrostates:resample.py:170 Resampling instance into 5 resamples of 961 samples covering 80.00% of the original data.]]></message></reason><output><![CDATA[&#x1b;[32mINFO    &#x1b;[0m pycrostates:resample.py:170 Resampling instance into 5 resamples of 961 samples covering 80.00% of the original data.]]></output></test-case><test-case id="262" name="pycrostates/preprocessing/tests/test_resample.py::test_resample_n_resamples_coverage[inst52-True-7-0.2]" fullname="pycrostates/preprocessing/tests/test_resample.py::test_resample_n_resamples_coverage[inst52-True-7-0.2]" methodname="test_resample_n_resamples_coverage[inst52-True-7-0.2]" classname="pycrostates/preprocessing/tests/test_resample.py" runstate="Runnable" seed="1" result="Passed" label="Test resampling with n_resamples and coverage provided." start-time="2022-06-08 16:12:50.261815" end-time="2022-06-08 16:12:50.267265" duration="0.00545" asserts="0"><properties><property name="python-version" value="3.9.9 (main, Nov 21 2021, 03:23:42) &#10;[Clang 13.0.0 (clang-1300.0.29.3)]" /><property name="fspath" value="pycrostates/preprocessing/tests/test_resample.py" /></properties><environment framework-version="3.6.2" clr-version="3.9.9 (main, Nov 21 2021, 03:23:42) &#10;[Clang 13.0.0 (clang-1300.0.29.3)]" os-version="20.6.0" platform="Darwin" cwd="/Users/scheltie/Documents/git/mscheltienne/pycrostates" machine-name="x86_64" user="" user-domain="" culture="en-US" uiculture="en-US" os-architecture="64bit" /><failure><message><![CDATA[]]></message><stack-trace><![CDATA[None]]></stack-trace></failure><reason><message><![CDATA[&#x1b;[32mINFO    &#x1b;[0m pycrostates:resample.py:170 Resampling instance into 7 resamples of 171 samples covering 20.00% of the original data.]]></message></reason><output><![CDATA[&#x1b;[32mINFO    &#x1b;[0m pycrostates:resample.py:170 Resampling instance into 7 resamples of 171 samples covering 20.00% of the original data.]]></output></test-case><test-case id="263" name="pycrostates/preprocessing/tests/test_resample.py::test_resample_n_resamples_coverage[inst53-True-7-0.4]" fullname="pycrostates/preprocessing/tests/test_resample.py::test_resample_n_resamples_coverage[inst53-True-7-0.4]" methodname="test_resample_n_resamples_coverage[inst53-True-7-0.4]" classname="pycrostates/preprocessing/tests/test_resample.py" runstate="Runnable" seed="1" result="Passed" label="Test resampling with n_resamples and coverage provided." start-time="2022-06-08 16:12:50.268013" end-time="2022-06-08 16:12:50.273368" duration="0.005355" asserts="0"><properties><property name="python-version" value="3.9.9 (main, Nov 21 2021, 03:23:42) &#10;[Clang 13.0.0 (clang-1300.0.29.3)]" /><property name="fspath" value="pycrostates/preprocessing/tests/test_resample.py" /></properties><environment framework-version="3.6.2" clr-version="3.9.9 (main, Nov 21 2021, 03:23:42) &#10;[Clang 13.0.0 (clang-1300.0.29.3)]" os-version="20.6.0" platform="Darwin" cwd="/Users/scheltie/Documents/git/mscheltienne/pycrostates" machine-name="x86_64" user="" user-domain="" culture="en-US" uiculture="en-US" os-architecture="64bit" /><failure><message><![CDATA[]]></message><stack-trace><![CDATA[None]]></stack-trace></failure><reason><message><![CDATA[&#x1b;[32mINFO    &#x1b;[0m pycrostates:resample.py:170 Resampling instance into 7 resamples of 343 samples covering 40.00% of the original data.]]></message></reason><output><![CDATA[&#x1b;[32mINFO    &#x1b;[0m pycrostates:resample.py:170 Resampling instance into 7 resamples of 343 samples covering 40.00% of the original data.]]></output></test-case><test-case id="264" name="pycrostates/preprocessing/tests/test_resample.py::test_resample_n_resamples_coverage[inst54-True-7-0.6000000000000001]" fullname="pycrostates/preprocessing/tests/test_resample.py::test_resample_n_resamples_coverage[inst54-True-7-0.6000000000000001]" methodname="test_resample_n_resamples_coverage[inst54-True-7-0.6000000000000001]" classname="pycrostates/preprocessing/tests/test_resample.py" runstate="Runnable" seed="1" result="Passed" label="Test resampling with n_resamples and coverage provided." start-time="2022-06-08 16:12:50.274082" end-time="2022-06-08 16:12:50.280248" duration="0.006166" asserts="0"><properties><property name="python-version" value="3.9.9 (main, Nov 21 2021, 03:23:42) &#10;[Clang 13.0.0 (clang-1300.0.29.3)]" /><property name="fspath" value="pycrostates/preprocessing/tests/test_resample.py" /></properties><environment framework-version="3.6.2" clr-version="3.9.9 (main, Nov 21 2021, 03:23:42) &#10;[Clang 13.0.0 (clang-1300.0.29.3)]" os-version="20.6.0" platform="Darwin" cwd="/Users/scheltie/Documents/git/mscheltienne/pycrostates" machine-name="x86_64" user="" user-domain="" culture="en-US" uiculture="en-US" os-architecture="64bit" /><failure><message><![CDATA[]]></message><stack-trace><![CDATA[None]]></stack-trace></failure><reason><message><![CDATA[&#x1b;[32mINFO    &#x1b;[0m pycrostates:resample.py:170 Resampling instance into 7 resamples of 515 samples covering 60.00% of the original data.]]></message></reason><output><![CDATA[&#x1b;[32mINFO    &#x1b;[0m pycrostates:resample.py:170 Resampling instance into 7 resamples of 515 samples covering 60.00% of the original data.]]></output></test-case><test-case id="265" name="pycrostates/preprocessing/tests/test_resample.py::test_resample_n_resamples_coverage[inst55-True-7-0.8]" fullname="pycrostates/preprocessing/tests/test_resample.py::test_resample_n_resamples_coverage[inst55-True-7-0.8]" methodname="test_resample_n_resamples_coverage[inst55-True-7-0.8]" classname="pycrostates/preprocessing/tests/test_resample.py" runstate="Runnable" seed="1" result="Passed" label="Test resampling with n_resamples and coverage provided." start-time="2022-06-08 16:12:50.281041" end-time="2022-06-08 16:12:50.288049" duration="0.007008" asserts="0"><properties><property name="python-version" value="3.9.9 (main, Nov 21 2021, 03:23:42) &#10;[Clang 13.0.0 (clang-1300.0.29.3)]" /><property name="fspath" value="pycrostates/preprocessing/tests/test_resample.py" /></properties><environment framework-version="3.6.2" clr-version="3.9.9 (main, Nov 21 2021, 03:23:42) &#10;[Clang 13.0.0 (clang-1300.0.29.3)]" os-version="20.6.0" platform="Darwin" cwd="/Users/scheltie/Documents/git/mscheltienne/pycrostates" machine-name="x86_64" user="" user-domain="" culture="en-US" uiculture="en-US" os-architecture="64bit" /><failure><message><![CDATA[]]></message><stack-trace><![CDATA[None]]></stack-trace></failure><reason><message><![CDATA[&#x1b;[32mINFO    &#x1b;[0m pycrostates:resample.py:170 Resampling instance into 7 resamples of 686 samples covering 80.00% of the original data.]]></message></reason><output><![CDATA[&#x1b;[32mINFO    &#x1b;[0m pycrostates:resample.py:170 Resampling instance into 7 resamples of 686 samples covering 80.00% of the original data.]]></output></test-case><test-case id="266" name="pycrostates/preprocessing/tests/test_resample.py::test_resample_n_resamples_coverage[inst56-True-9-0.2]" fullname="pycrostates/preprocessing/tests/test_resample.py::test_resample_n_resamples_coverage[inst56-True-9-0.2]" methodname="test_resample_n_resamples_coverage[inst56-True-9-0.2]" classname="pycrostates/preprocessing/tests/test_resample.py" runstate="Runnable" seed="1" result="Passed" label="Test resampling with n_resamples and coverage provided." start-time="2022-06-08 16:12:50.288796" end-time="2022-06-08 16:12:50.294540" duration="0.005744" asserts="0"><properties><property name="python-version" value="3.9.9 (main, Nov 21 2021, 03:23:42) &#10;[Clang 13.0.0 (clang-1300.0.29.3)]" /><property name="fspath" value="pycrostates/preprocessing/tests/test_resample.py" /></properties><environment framework-version="3.6.2" clr-version="3.9.9 (main, Nov 21 2021, 03:23:42) &#10;[Clang 13.0.0 (clang-1300.0.29.3)]" os-version="20.6.0" platform="Darwin" cwd="/Users/scheltie/Documents/git/mscheltienne/pycrostates" machine-name="x86_64" user="" user-domain="" culture="en-US" uiculture="en-US" os-architecture="64bit" /><failure><message><![CDATA[]]></message><stack-trace><![CDATA[None]]></stack-trace></failure><reason><message><![CDATA[&#x1b;[32mINFO    &#x1b;[0m pycrostates:resample.py:170 Resampling instance into 9 resamples of 133 samples covering 20.00% of the original data.]]></message></reason><output><![CDATA[&#x1b;[32mINFO    &#x1b;[0m pycrostates:resample.py:170 Resampling instance into 9 resamples of 133 samples covering 20.00% of the original data.]]></output></test-case><test-case id="267" name="pycrostates/preprocessing/tests/test_resample.py::test_resample_n_resamples_coverage[inst57-True-9-0.4]" fullname="pycrostates/preprocessing/tests/test_resample.py::test_resample_n_resamples_coverage[inst57-True-9-0.4]" methodname="test_resample_n_resamples_coverage[inst57-True-9-0.4]" classname="pycrostates/preprocessing/tests/test_resample.py" runstate="Runnable" seed="1" result="Passed" label="Test resampling with n_resamples and coverage provided." start-time="2022-06-08 16:12:50.295304" end-time="2022-06-08 16:12:50.300979" duration="0.005675" asserts="0"><properties><property name="python-version" value="3.9.9 (main, Nov 21 2021, 03:23:42) &#10;[Clang 13.0.0 (clang-1300.0.29.3)]" /><property name="fspath" value="pycrostates/preprocessing/tests/test_resample.py" /></properties><environment framework-version="3.6.2" clr-version="3.9.9 (main, Nov 21 2021, 03:23:42) &#10;[Clang 13.0.0 (clang-1300.0.29.3)]" os-version="20.6.0" platform="Darwin" cwd="/Users/scheltie/Documents/git/mscheltienne/pycrostates" machine-name="x86_64" user="" user-domain="" culture="en-US" uiculture="en-US" os-architecture="64bit" /><failure><message><![CDATA[]]></message><stack-trace><![CDATA[None]]></stack-trace></failure><reason><message><![CDATA[&#x1b;[32mINFO    &#x1b;[0m pycrostates:resample.py:170 Resampling instance into 9 resamples of 267 samples covering 40.00% of the original data.]]></message></reason><output><![CDATA[&#x1b;[32mINFO    &#x1b;[0m pycrostates:resample.py:170 Resampling instance into 9 resamples of 267 samples covering 40.00% of the original data.]]></output></test-case><test-case id="268" name="pycrostates/preprocessing/tests/test_resample.py::test_resample_n_resamples_coverage[inst58-True-9-0.6000000000000001]" fullname="pycrostates/preprocessing/tests/test_resample.py::test_resample_n_resamples_coverage[inst58-True-9-0.6000000000000001]" methodname="test_resample_n_resamples_coverage[inst58-True-9-0.6000000000000001]" classname="pycrostates/preprocessing/tests/test_resample.py" runstate="Runnable" seed="1" result="Passed" label="Test resampling with n_resamples and coverage provided." start-time="2022-06-08 16:12:50.301706" end-time="2022-06-08 16:12:50.307450" duration="0.005744" asserts="0"><properties><property name="python-version" value="3.9.9 (main, Nov 21 2021, 03:23:42) &#10;[Clang 13.0.0 (clang-1300.0.29.3)]" /><property name="fspath" value="pycrostates/preprocessing/tests/test_resample.py" /></properties><environment framework-version="3.6.2" clr-version="3.9.9 (main, Nov 21 2021, 03:23:42) &#10;[Clang 13.0.0 (clang-1300.0.29.3)]" os-version="20.6.0" platform="Darwin" cwd="/Users/scheltie/Documents/git/mscheltienne/pycrostates" machine-name="x86_64" user="" user-domain="" culture="en-US" uiculture="en-US" os-architecture="64bit" /><failure><message><![CDATA[]]></message><stack-trace><![CDATA[None]]></stack-trace></failure><reason><message><![CDATA[&#x1b;[32mINFO    &#x1b;[0m pycrostates:resample.py:170 Resampling instance into 9 resamples of 400 samples covering 60.00% of the original data.]]></message></reason><output><![CDATA[&#x1b;[32mINFO    &#x1b;[0m pycrostates:resample.py:170 Resampling instance into 9 resamples of 400 samples covering 60.00% of the original data.]]></output></test-case><test-case id="269" name="pycrostates/preprocessing/tests/test_resample.py::test_resample_n_resamples_coverage[inst59-True-9-0.8]" fullname="pycrostates/preprocessing/tests/test_resample.py::test_resample_n_resamples_coverage[inst59-True-9-0.8]" methodname="test_resample_n_resamples_coverage[inst59-True-9-0.8]" classname="pycrostates/preprocessing/tests/test_resample.py" runstate="Runnable" seed="1" result="Passed" label="Test resampling with n_resamples and coverage provided." start-time="2022-06-08 16:12:50.308189" end-time="2022-06-08 16:12:50.314671" duration="0.006482" asserts="0"><properties><property name="python-version" value="3.9.9 (main, Nov 21 2021, 03:23:42) &#10;[Clang 13.0.0 (clang-1300.0.29.3)]" /><property name="fspath" value="pycrostates/preprocessing/tests/test_resample.py" /></properties><environment framework-version="3.6.2" clr-version="3.9.9 (main, Nov 21 2021, 03:23:42) &#10;[Clang 13.0.0 (clang-1300.0.29.3)]" os-version="20.6.0" platform="Darwin" cwd="/Users/scheltie/Documents/git/mscheltienne/pycrostates" machine-name="x86_64" user="" user-domain="" culture="en-US" uiculture="en-US" os-architecture="64bit" /><failure><message><![CDATA[]]></message><stack-trace><![CDATA[None]]></stack-trace></failure><reason><message><![CDATA[&#x1b;[32mINFO    &#x1b;[0m pycrostates:resample.py:170 Resampling instance into 9 resamples of 534 samples covering 80.00% of the original data.]]></message></reason><output><![CDATA[&#x1b;[32mINFO    &#x1b;[0m pycrostates:resample.py:170 Resampling instance into 9 resamples of 534 samples covering 80.00% of the original data.]]></output></test-case><test-case id="270" name="pycrostates/preprocessing/tests/test_resample.py::test_resample_n_resamples_coverage[inst60-False-1-0.2]" fullname="pycrostates/preprocessing/tests/test_resample.py::test_resample_n_resamples_coverage[inst60-False-1-0.2]" methodname="test_resample_n_resamples_coverage[inst60-False-1-0.2]" classname="pycrostates/preprocessing/tests/test_resample.py" runstate="Runnable" seed="1" result="Passed" label="Test resampling with n_resamples and coverage provided." start-time="2022-06-08 16:12:50.315446" end-time="2022-06-08 16:12:50.320847" duration="0.005401" asserts="0"><properties><property name="python-version" value="3.9.9 (main, Nov 21 2021, 03:23:42) &#10;[Clang 13.0.0 (clang-1300.0.29.3)]" /><property name="fspath" value="pycrostates/preprocessing/tests/test_resample.py" /></properties><environment framework-version="3.6.2" clr-version="3.9.9 (main, Nov 21 2021, 03:23:42) &#10;[Clang 13.0.0 (clang-1300.0.29.3)]" os-version="20.6.0" platform="Darwin" cwd="/Users/scheltie/Documents/git/mscheltienne/pycrostates" machine-name="x86_64" user="" user-domain="" culture="en-US" uiculture="en-US" os-architecture="64bit" /><failure><message><![CDATA[]]></message><stack-trace><![CDATA[None]]></stack-trace></failure><reason><message><![CDATA[&#x1b;[32mINFO    &#x1b;[0m pycrostates:resample.py:170 Resampling instance into 1 resamples of 1202 samples covering 20.00% of the original data.]]></message></reason><output><![CDATA[&#x1b;[32mINFO    &#x1b;[0m pycrostates:resample.py:170 Resampling instance into 1 resamples of 1202 samples covering 20.00% of the original data.]]></output></test-case><test-case id="271" name="pycrostates/preprocessing/tests/test_resample.py::test_resample_n_resamples_coverage[inst61-False-1-0.4]" fullname="pycrostates/preprocessing/tests/test_resample.py::test_resample_n_resamples_coverage[inst61-False-1-0.4]" methodname="test_resample_n_resamples_coverage[inst61-False-1-0.4]" classname="pycrostates/preprocessing/tests/test_resample.py" runstate="Runnable" seed="1" result="Passed" label="Test resampling with n_resamples and coverage provided." start-time="2022-06-08 16:12:50.321608" end-time="2022-06-08 16:12:50.327360" duration="0.005752" asserts="0"><properties><property name="python-version" value="3.9.9 (main, Nov 21 2021, 03:23:42) &#10;[Clang 13.0.0 (clang-1300.0.29.3)]" /><property name="fspath" value="pycrostates/preprocessing/tests/test_resample.py" /></properties><environment framework-version="3.6.2" clr-version="3.9.9 (main, Nov 21 2021, 03:23:42) &#10;[Clang 13.0.0 (clang-1300.0.29.3)]" os-version="20.6.0" platform="Darwin" cwd="/Users/scheltie/Documents/git/mscheltienne/pycrostates" machine-name="x86_64" user="" user-domain="" culture="en-US" uiculture="en-US" os-architecture="64bit" /><failure><message><![CDATA[]]></message><stack-trace><![CDATA[None]]></stack-trace></failure><reason><message><![CDATA[&#x1b;[32mINFO    &#x1b;[0m pycrostates:resample.py:170 Resampling instance into 1 resamples of 2404 samples covering 40.00% of the original data.]]></message></reason><output><![CDATA[&#x1b;[32mINFO    &#x1b;[0m pycrostates:resample.py:170 Resampling instance into 1 resamples of 2404 samples covering 40.00% of the original data.]]></output></test-case><test-case id="272" name="pycrostates/preprocessing/tests/test_resample.py::test_resample_n_resamples_coverage[inst62-False-1-0.6000000000000001]" fullname="pycrostates/preprocessing/tests/test_resample.py::test_resample_n_resamples_coverage[inst62-False-1-0.6000000000000001]" methodname="test_resample_n_resamples_coverage[inst62-False-1-0.6000000000000001]" classname="pycrostates/preprocessing/tests/test_resample.py" runstate="Runnable" seed="1" result="Passed" label="Test resampling with n_resamples and coverage provided." start-time="2022-06-08 16:12:50.328133" end-time="2022-06-08 16:12:50.334010" duration="0.005877" asserts="0"><properties><property name="python-version" value="3.9.9 (main, Nov 21 2021, 03:23:42) &#10;[Clang 13.0.0 (clang-1300.0.29.3)]" /><property name="fspath" value="pycrostates/preprocessing/tests/test_resample.py" /></properties><environment framework-version="3.6.2" clr-version="3.9.9 (main, Nov 21 2021, 03:23:42) &#10;[Clang 13.0.0 (clang-1300.0.29.3)]" os-version="20.6.0" platform="Darwin" cwd="/Users/scheltie/Documents/git/mscheltienne/pycrostates" machine-name="x86_64" user="" user-domain="" culture="en-US" uiculture="en-US" os-architecture="64bit" /><failure><message><![CDATA[]]></message><stack-trace><![CDATA[None]]></stack-trace></failure><reason><message><![CDATA[&#x1b;[32mINFO    &#x1b;[0m pycrostates:resample.py:170 Resampling instance into 1 resamples of 3606 samples covering 60.00% of the original data.]]></message></reason><output><![CDATA[&#x1b;[32mINFO    &#x1b;[0m pycrostates:resample.py:170 Resampling instance into 1 resamples of 3606 samples covering 60.00% of the original data.]]></output></test-case><test-case id="273" name="pycrostates/preprocessing/tests/test_resample.py::test_resample_n_resamples_coverage[inst63-False-1-0.8]" fullname="pycrostates/preprocessing/tests/test_resample.py::test_resample_n_resamples_coverage[inst63-False-1-0.8]" methodname="test_resample_n_resamples_coverage[inst63-False-1-0.8]" classname="pycrostates/preprocessing/tests/test_resample.py" runstate="Runnable" seed="1" result="Passed" label="Test resampling with n_resamples and coverage provided." start-time="2022-06-08 16:12:50.334753" end-time="2022-06-08 16:12:50.340658" duration="0.005905" asserts="0"><properties><property name="python-version" value="3.9.9 (main, Nov 21 2021, 03:23:42) &#10;[Clang 13.0.0 (clang-1300.0.29.3)]" /><property name="fspath" value="pycrostates/preprocessing/tests/test_resample.py" /></properties><environment framework-version="3.6.2" clr-version="3.9.9 (main, Nov 21 2021, 03:23:42) &#10;[Clang 13.0.0 (clang-1300.0.29.3)]" os-version="20.6.0" platform="Darwin" cwd="/Users/scheltie/Documents/git/mscheltienne/pycrostates" machine-name="x86_64" user="" user-domain="" culture="en-US" uiculture="en-US" os-architecture="64bit" /><failure><message><![CDATA[]]></message><stack-trace><![CDATA[None]]></stack-trace></failure><reason><message><![CDATA[&#x1b;[32mINFO    &#x1b;[0m pycrostates:resample.py:170 Resampling instance into 1 resamples of 4808 samples covering 80.00% of the original data.]]></message></reason><output><![CDATA[&#x1b;[32mINFO    &#x1b;[0m pycrostates:resample.py:170 Resampling instance into 1 resamples of 4808 samples covering 80.00% of the original data.]]></output></test-case><test-case id="274" name="pycrostates/preprocessing/tests/test_resample.py::test_resample_n_resamples_coverage[inst64-False-3-0.2]" fullname="pycrostates/preprocessing/tests/test_resample.py::test_resample_n_resamples_coverage[inst64-False-3-0.2]" methodname="test_resample_n_resamples_coverage[inst64-False-3-0.2]" classname="pycrostates/preprocessing/tests/test_resample.py" runstate="Runnable" seed="1" result="Passed" label="Test resampling with n_resamples and coverage provided." start-time="2022-06-08 16:12:50.341428" end-time="2022-06-08 16:12:50.346881" duration="0.005453" asserts="0"><properties><property name="python-version" value="3.9.9 (main, Nov 21 2021, 03:23:42) &#10;[Clang 13.0.0 (clang-1300.0.29.3)]" /><property name="fspath" value="pycrostates/preprocessing/tests/test_resample.py" /></properties><environment framework-version="3.6.2" clr-version="3.9.9 (main, Nov 21 2021, 03:23:42) &#10;[Clang 13.0.0 (clang-1300.0.29.3)]" os-version="20.6.0" platform="Darwin" cwd="/Users/scheltie/Documents/git/mscheltienne/pycrostates" machine-name="x86_64" user="" user-domain="" culture="en-US" uiculture="en-US" os-architecture="64bit" /><failure><message><![CDATA[]]></message><stack-trace><![CDATA[None]]></stack-trace></failure><reason><message><![CDATA[&#x1b;[32mINFO    &#x1b;[0m pycrostates:resample.py:170 Resampling instance into 3 resamples of 400 samples covering 20.00% of the original data.]]></message></reason><output><![CDATA[&#x1b;[32mINFO    &#x1b;[0m pycrostates:resample.py:170 Resampling instance into 3 resamples of 400 samples covering 20.00% of the original data.]]></output></test-case><test-case id="275" name="pycrostates/preprocessing/tests/test_resample.py::test_resample_n_resamples_coverage[inst65-False-3-0.4]" fullname="pycrostates/preprocessing/tests/test_resample.py::test_resample_n_resamples_coverage[inst65-False-3-0.4]" methodname="test_resample_n_resamples_coverage[inst65-False-3-0.4]" classname="pycrostates/preprocessing/tests/test_resample.py" runstate="Runnable" seed="1" result="Passed" label="Test resampling with n_resamples and coverage provided." start-time="2022-06-08 16:12:50.347626" end-time="2022-06-08 16:12:50.352899" duration="0.005273" asserts="0"><properties><property name="python-version" value="3.9.9 (main, Nov 21 2021, 03:23:42) &#10;[Clang 13.0.0 (clang-1300.0.29.3)]" /><property name="fspath" value="pycrostates/preprocessing/tests/test_resample.py" /></properties><environment framework-version="3.6.2" clr-version="3.9.9 (main, Nov 21 2021, 03:23:42) &#10;[Clang 13.0.0 (clang-1300.0.29.3)]" os-version="20.6.0" platform="Darwin" cwd="/Users/scheltie/Documents/git/mscheltienne/pycrostates" machine-name="x86_64" user="" user-domain="" culture="en-US" uiculture="en-US" os-architecture="64bit" /><failure><message><![CDATA[]]></message><stack-trace><![CDATA[None]]></stack-trace></failure><reason><message><![CDATA[&#x1b;[32mINFO    &#x1b;[0m pycrostates:resample.py:170 Resampling instance into 3 resamples of 801 samples covering 40.00% of the original data.]]></message></reason><output><![CDATA[&#x1b;[32mINFO    &#x1b;[0m pycrostates:resample.py:170 Resampling instance into 3 resamples of 801 samples covering 40.00% of the original data.]]></output></test-case><test-case id="276" name="pycrostates/preprocessing/tests/test_resample.py::test_resample_n_resamples_coverage[inst66-False-3-0.6000000000000001]" fullname="pycrostates/preprocessing/tests/test_resample.py::test_resample_n_resamples_coverage[inst66-False-3-0.6000000000000001]" methodname="test_resample_n_resamples_coverage[inst66-False-3-0.6000000000000001]" classname="pycrostates/preprocessing/tests/test_resample.py" runstate="Runnable" seed="1" result="Passed" label="Test resampling with n_resamples and coverage provided." start-time="2022-06-08 16:12:50.353754" end-time="2022-06-08 16:12:50.360188" duration="0.006434" asserts="0"><properties><property name="python-version" value="3.9.9 (main, Nov 21 2021, 03:23:42) &#10;[Clang 13.0.0 (clang-1300.0.29.3)]" /><property name="fspath" value="pycrostates/preprocessing/tests/test_resample.py" /></properties><environment framework-version="3.6.2" clr-version="3.9.9 (main, Nov 21 2021, 03:23:42) &#10;[Clang 13.0.0 (clang-1300.0.29.3)]" os-version="20.6.0" platform="Darwin" cwd="/Users/scheltie/Documents/git/mscheltienne/pycrostates" machine-name="x86_64" user="" user-domain="" culture="en-US" uiculture="en-US" os-architecture="64bit" /><failure><message><![CDATA[]]></message><stack-trace><![CDATA[None]]></stack-trace></failure><reason><message><![CDATA[&#x1b;[32mINFO    &#x1b;[0m pycrostates:resample.py:170 Resampling instance into 3 resamples of 1202 samples covering 60.00% of the original data.]]></message></reason><output><![CDATA[&#x1b;[32mINFO    &#x1b;[0m pycrostates:resample.py:170 Resampling instance into 3 resamples of 1202 samples covering 60.00% of the original data.]]></output></test-case><test-case id="277" name="pycrostates/preprocessing/tests/test_resample.py::test_resample_n_resamples_coverage[inst67-False-3-0.8]" fullname="pycrostates/preprocessing/tests/test_resample.py::test_resample_n_resamples_coverage[inst67-False-3-0.8]" methodname="test_resample_n_resamples_coverage[inst67-False-3-0.8]" classname="pycrostates/preprocessing/tests/test_resample.py" runstate="Runnable" seed="1" result="Passed" label="Test resampling with n_resamples and coverage provided." start-time="2022-06-08 16:12:50.361013" end-time="2022-06-08 16:12:50.367121" duration="0.006108" asserts="0"><properties><property name="python-version" value="3.9.9 (main, Nov 21 2021, 03:23:42) &#10;[Clang 13.0.0 (clang-1300.0.29.3)]" /><property name="fspath" value="pycrostates/preprocessing/tests/test_resample.py" /></properties><environment framework-version="3.6.2" clr-version="3.9.9 (main, Nov 21 2021, 03:23:42) &#10;[Clang 13.0.0 (clang-1300.0.29.3)]" os-version="20.6.0" platform="Darwin" cwd="/Users/scheltie/Documents/git/mscheltienne/pycrostates" machine-name="x86_64" user="" user-domain="" culture="en-US" uiculture="en-US" os-architecture="64bit" /><failure><message><![CDATA[]]></message><stack-trace><![CDATA[None]]></stack-trace></failure><reason><message><![CDATA[&#x1b;[32mINFO    &#x1b;[0m pycrostates:resample.py:170 Resampling instance into 3 resamples of 1602 samples covering 80.00% of the original data.]]></message></reason><output><![CDATA[&#x1b;[32mINFO    &#x1b;[0m pycrostates:resample.py:170 Resampling instance into 3 resamples of 1602 samples covering 80.00% of the original data.]]></output></test-case><test-case id="278" name="pycrostates/preprocessing/tests/test_resample.py::test_resample_n_resamples_coverage[inst68-False-5-0.2]" fullname="pycrostates/preprocessing/tests/test_resample.py::test_resample_n_resamples_coverage[inst68-False-5-0.2]" methodname="test_resample_n_resamples_coverage[inst68-False-5-0.2]" classname="pycrostates/preprocessing/tests/test_resample.py" runstate="Runnable" seed="1" result="Passed" label="Test resampling with n_resamples and coverage provided." start-time="2022-06-08 16:12:50.367904" end-time="2022-06-08 16:12:50.373344" duration="0.00544" asserts="0"><properties><property name="python-version" value="3.9.9 (main, Nov 21 2021, 03:23:42) &#10;[Clang 13.0.0 (clang-1300.0.29.3)]" /><property name="fspath" value="pycrostates/preprocessing/tests/test_resample.py" /></properties><environment framework-version="3.6.2" clr-version="3.9.9 (main, Nov 21 2021, 03:23:42) &#10;[Clang 13.0.0 (clang-1300.0.29.3)]" os-version="20.6.0" platform="Darwin" cwd="/Users/scheltie/Documents/git/mscheltienne/pycrostates" machine-name="x86_64" user="" user-domain="" culture="en-US" uiculture="en-US" os-architecture="64bit" /><failure><message><![CDATA[]]></message><stack-trace><![CDATA[None]]></stack-trace></failure><reason><message><![CDATA[&#x1b;[32mINFO    &#x1b;[0m pycrostates:resample.py:170 Resampling instance into 5 resamples of 240 samples covering 20.00% of the original data.]]></message></reason><output><![CDATA[&#x1b;[32mINFO    &#x1b;[0m pycrostates:resample.py:170 Resampling instance into 5 resamples of 240 samples covering 20.00% of the original data.]]></output></test-case><test-case id="279" name="pycrostates/preprocessing/tests/test_resample.py::test_resample_n_resamples_coverage[inst69-False-5-0.4]" fullname="pycrostates/preprocessing/tests/test_resample.py::test_resample_n_resamples_coverage[inst69-False-5-0.4]" methodname="test_resample_n_resamples_coverage[inst69-False-5-0.4]" classname="pycrostates/preprocessing/tests/test_resample.py" runstate="Runnable" seed="1" result="Passed" label="Test resampling with n_resamples and coverage provided." start-time="2022-06-08 16:12:50.374094" end-time="2022-06-08 16:12:50.379681" duration="0.005587" asserts="0"><properties><property name="python-version" value="3.9.9 (main, Nov 21 2021, 03:23:42) &#10;[Clang 13.0.0 (clang-1300.0.29.3)]" /><property name="fspath" value="pycrostates/preprocessing/tests/test_resample.py" /></properties><environment framework-version="3.6.2" clr-version="3.9.9 (main, Nov 21 2021, 03:23:42) &#10;[Clang 13.0.0 (clang-1300.0.29.3)]" os-version="20.6.0" platform="Darwin" cwd="/Users/scheltie/Documents/git/mscheltienne/pycrostates" machine-name="x86_64" user="" user-domain="" culture="en-US" uiculture="en-US" os-architecture="64bit" /><failure><message><![CDATA[]]></message><stack-trace><![CDATA[None]]></stack-trace></failure><reason><message><![CDATA[&#x1b;[32mINFO    &#x1b;[0m pycrostates:resample.py:170 Resampling instance into 5 resamples of 480 samples covering 40.00% of the original data.]]></message></reason><output><![CDATA[&#x1b;[32mINFO    &#x1b;[0m pycrostates:resample.py:170 Resampling instance into 5 resamples of 480 samples covering 40.00% of the original data.]]></output></test-case><test-case id="280" name="pycrostates/preprocessing/tests/test_resample.py::test_resample_n_resamples_coverage[inst70-False-5-0.6000000000000001]" fullname="pycrostates/preprocessing/tests/test_resample.py::test_resample_n_resamples_coverage[inst70-False-5-0.6000000000000001]" methodname="test_resample_n_resamples_coverage[inst70-False-5-0.6000000000000001]" classname="pycrostates/preprocessing/tests/test_resample.py" runstate="Runnable" seed="1" result="Passed" label="Test resampling with n_resamples and coverage provided." start-time="2022-06-08 16:12:50.380426" end-time="2022-06-08 16:12:50.386113" duration="0.005687" asserts="0"><properties><property name="python-version" value="3.9.9 (main, Nov 21 2021, 03:23:42) &#10;[Clang 13.0.0 (clang-1300.0.29.3)]" /><property name="fspath" value="pycrostates/preprocessing/tests/test_resample.py" /></properties><environment framework-version="3.6.2" clr-version="3.9.9 (main, Nov 21 2021, 03:23:42) &#10;[Clang 13.0.0 (clang-1300.0.29.3)]" os-version="20.6.0" platform="Darwin" cwd="/Users/scheltie/Documents/git/mscheltienne/pycrostates" machine-name="x86_64" user="" user-domain="" culture="en-US" uiculture="en-US" os-architecture="64bit" /><failure><message><![CDATA[]]></message><stack-trace><![CDATA[None]]></stack-trace></failure><reason><message><![CDATA[&#x1b;[32mINFO    &#x1b;[0m pycrostates:resample.py:170 Resampling instance into 5 resamples of 721 samples covering 60.00% of the original data.]]></message></reason><output><![CDATA[&#x1b;[32mINFO    &#x1b;[0m pycrostates:resample.py:170 Resampling instance into 5 resamples of 721 samples covering 60.00% of the original data.]]></output></test-case><test-case id="281" name="pycrostates/preprocessing/tests/test_resample.py::test_resample_n_resamples_coverage[inst71-False-5-0.8]" fullname="pycrostates/preprocessing/tests/test_resample.py::test_resample_n_resamples_coverage[inst71-False-5-0.8]" methodname="test_resample_n_resamples_coverage[inst71-False-5-0.8]" classname="pycrostates/preprocessing/tests/test_resample.py" runstate="Runnable" seed="1" result="Passed" label="Test resampling with n_resamples and coverage provided." start-time="2022-06-08 16:12:50.386853" end-time="2022-06-08 16:12:50.392851" duration="0.005998" asserts="0"><properties><property name="python-version" value="3.9.9 (main, Nov 21 2021, 03:23:42) &#10;[Clang 13.0.0 (clang-1300.0.29.3)]" /><property name="fspath" value="pycrostates/preprocessing/tests/test_resample.py" /></properties><environment framework-version="3.6.2" clr-version="3.9.9 (main, Nov 21 2021, 03:23:42) &#10;[Clang 13.0.0 (clang-1300.0.29.3)]" os-version="20.6.0" platform="Darwin" cwd="/Users/scheltie/Documents/git/mscheltienne/pycrostates" machine-name="x86_64" user="" user-domain="" culture="en-US" uiculture="en-US" os-architecture="64bit" /><failure><message><![CDATA[]]></message><stack-trace><![CDATA[None]]></stack-trace></failure><reason><message><![CDATA[&#x1b;[32mINFO    &#x1b;[0m pycrostates:resample.py:170 Resampling instance into 5 resamples of 961 samples covering 80.00% of the original data.]]></message></reason><output><![CDATA[&#x1b;[32mINFO    &#x1b;[0m pycrostates:resample.py:170 Resampling instance into 5 resamples of 961 samples covering 80.00% of the original data.]]></output></test-case><test-case id="282" name="pycrostates/preprocessing/tests/test_resample.py::test_resample_n_resamples_coverage[inst72-False-7-0.2]" fullname="pycrostates/preprocessing/tests/test_resample.py::test_resample_n_resamples_coverage[inst72-False-7-0.2]" methodname="test_resample_n_resamples_coverage[inst72-False-7-0.2]" classname="pycrostates/preprocessing/tests/test_resample.py" runstate="Runnable" seed="1" result="Passed" label="Test resampling with n_resamples and coverage provided." start-time="2022-06-08 16:12:50.393621" end-time="2022-06-08 16:12:50.399094" duration="0.005473" asserts="0"><properties><property name="python-version" value="3.9.9 (main, Nov 21 2021, 03:23:42) &#10;[Clang 13.0.0 (clang-1300.0.29.3)]" /><property name="fspath" value="pycrostates/preprocessing/tests/test_resample.py" /></properties><environment framework-version="3.6.2" clr-version="3.9.9 (main, Nov 21 2021, 03:23:42) &#10;[Clang 13.0.0 (clang-1300.0.29.3)]" os-version="20.6.0" platform="Darwin" cwd="/Users/scheltie/Documents/git/mscheltienne/pycrostates" machine-name="x86_64" user="" user-domain="" culture="en-US" uiculture="en-US" os-architecture="64bit" /><failure><message><![CDATA[]]></message><stack-trace><![CDATA[None]]></stack-trace></failure><reason><message><![CDATA[&#x1b;[32mINFO    &#x1b;[0m pycrostates:resample.py:170 Resampling instance into 7 resamples of 171 samples covering 20.00% of the original data.]]></message></reason><output><![CDATA[&#x1b;[32mINFO    &#x1b;[0m pycrostates:resample.py:170 Resampling instance into 7 resamples of 171 samples covering 20.00% of the original data.]]></output></test-case><test-case id="283" name="pycrostates/preprocessing/tests/test_resample.py::test_resample_n_resamples_coverage[inst73-False-7-0.4]" fullname="pycrostates/preprocessing/tests/test_resample.py::test_resample_n_resamples_coverage[inst73-False-7-0.4]" methodname="test_resample_n_resamples_coverage[inst73-False-7-0.4]" classname="pycrostates/preprocessing/tests/test_resample.py" runstate="Runnable" seed="1" result="Passed" label="Test resampling with n_resamples and coverage provided." start-time="2022-06-08 16:12:50.399853" end-time="2022-06-08 16:12:50.405428" duration="0.005575" asserts="0"><properties><property name="python-version" value="3.9.9 (main, Nov 21 2021, 03:23:42) &#10;[Clang 13.0.0 (clang-1300.0.29.3)]" /><property name="fspath" value="pycrostates/preprocessing/tests/test_resample.py" /></properties><environment framework-version="3.6.2" clr-version="3.9.9 (main, Nov 21 2021, 03:23:42) &#10;[Clang 13.0.0 (clang-1300.0.29.3)]" os-version="20.6.0" platform="Darwin" cwd="/Users/scheltie/Documents/git/mscheltienne/pycrostates" machine-name="x86_64" user="" user-domain="" culture="en-US" uiculture="en-US" os-architecture="64bit" /><failure><message><![CDATA[]]></message><stack-trace><![CDATA[None]]></stack-trace></failure><reason><message><![CDATA[&#x1b;[32mINFO    &#x1b;[0m pycrostates:resample.py:170 Resampling instance into 7 resamples of 343 samples covering 40.00% of the original data.]]></message></reason><output><![CDATA[&#x1b;[32mINFO    &#x1b;[0m pycrostates:resample.py:170 Resampling instance into 7 resamples of 343 samples covering 40.00% of the original data.]]></output></test-case><test-case id="284" name="pycrostates/preprocessing/tests/test_resample.py::test_resample_n_resamples_coverage[inst74-False-7-0.6000000000000001]" fullname="pycrostates/preprocessing/tests/test_resample.py::test_resample_n_resamples_coverage[inst74-False-7-0.6000000000000001]" methodname="test_resample_n_resamples_coverage[inst74-False-7-0.6000000000000001]" classname="pycrostates/preprocessing/tests/test_resample.py" runstate="Runnable" seed="1" result="Passed" label="Test resampling with n_resamples and coverage provided." start-time="2022-06-08 16:12:50.406204" end-time="2022-06-08 16:12:50.412420" duration="0.006216" asserts="0"><properties><property name="python-version" value="3.9.9 (main, Nov 21 2021, 03:23:42) &#10;[Clang 13.0.0 (clang-1300.0.29.3)]" /><property name="fspath" value="pycrostates/preprocessing/tests/test_resample.py" /></properties><environment framework-version="3.6.2" clr-version="3.9.9 (main, Nov 21 2021, 03:23:42) &#10;[Clang 13.0.0 (clang-1300.0.29.3)]" os-version="20.6.0" platform="Darwin" cwd="/Users/scheltie/Documents/git/mscheltienne/pycrostates" machine-name="x86_64" user="" user-domain="" culture="en-US" uiculture="en-US" os-architecture="64bit" /><failure><message><![CDATA[]]></message><stack-trace><![CDATA[None]]></stack-trace></failure><reason><message><![CDATA[&#x1b;[32mINFO    &#x1b;[0m pycrostates:resample.py:170 Resampling instance into 7 resamples of 515 samples covering 60.00% of the original data.]]></message></reason><output><![CDATA[&#x1b;[32mINFO    &#x1b;[0m pycrostates:resample.py:170 Resampling instance into 7 resamples of 515 samples covering 60.00% of the original data.]]></output></test-case><test-case id="285" name="pycrostates/preprocessing/tests/test_resample.py::test_resample_n_resamples_coverage[inst75-False-7-0.8]" fullname="pycrostates/preprocessing/tests/test_resample.py::test_resample_n_resamples_coverage[inst75-False-7-0.8]" methodname="test_resample_n_resamples_coverage[inst75-False-7-0.8]" classname="pycrostates/preprocessing/tests/test_resample.py" runstate="Runnable" seed="1" result="Passed" label="Test resampling with n_resamples and coverage provided." start-time="2022-06-08 16:12:50.413170" end-time="2022-06-08 16:12:50.419466" duration="0.006296" asserts="0"><properties><property name="python-version" value="3.9.9 (main, Nov 21 2021, 03:23:42) &#10;[Clang 13.0.0 (clang-1300.0.29.3)]" /><property name="fspath" value="pycrostates/preprocessing/tests/test_resample.py" /></properties><environment framework-version="3.6.2" clr-version="3.9.9 (main, Nov 21 2021, 03:23:42) &#10;[Clang 13.0.0 (clang-1300.0.29.3)]" os-version="20.6.0" platform="Darwin" cwd="/Users/scheltie/Documents/git/mscheltienne/pycrostates" machine-name="x86_64" user="" user-domain="" culture="en-US" uiculture="en-US" os-architecture="64bit" /><failure><message><![CDATA[]]></message><stack-trace><![CDATA[None]]></stack-trace></failure><reason><message><![CDATA[&#x1b;[32mINFO    &#x1b;[0m pycrostates:resample.py:170 Resampling instance into 7 resamples of 686 samples covering 80.00% of the original data.]]></message></reason><output><![CDATA[&#x1b;[32mINFO    &#x1b;[0m pycrostates:resample.py:170 Resampling instance into 7 resamples of 686 samples covering 80.00% of the original data.]]></output></test-case><test-case id="286" name="pycrostates/preprocessing/tests/test_resample.py::test_resample_n_resamples_coverage[inst76-False-9-0.2]" fullname="pycrostates/preprocessing/tests/test_resample.py::test_resample_n_resamples_coverage[inst76-False-9-0.2]" methodname="test_resample_n_resamples_coverage[inst76-False-9-0.2]" classname="pycrostates/preprocessing/tests/test_resample.py" runstate="Runnable" seed="1" result="Passed" label="Test resampling with n_resamples and coverage provided." start-time="2022-06-08 16:12:50.420177" end-time="2022-06-08 16:12:50.425720" duration="0.005543" asserts="0"><properties><property name="python-version" value="3.9.9 (main, Nov 21 2021, 03:23:42) &#10;[Clang 13.0.0 (clang-1300.0.29.3)]" /><property name="fspath" value="pycrostates/preprocessing/tests/test_resample.py" /></properties><environment framework-version="3.6.2" clr-version="3.9.9 (main, Nov 21 2021, 03:23:42) &#10;[Clang 13.0.0 (clang-1300.0.29.3)]" os-version="20.6.0" platform="Darwin" cwd="/Users/scheltie/Documents/git/mscheltienne/pycrostates" machine-name="x86_64" user="" user-domain="" culture="en-US" uiculture="en-US" os-architecture="64bit" /><failure><message><![CDATA[]]></message><stack-trace><![CDATA[None]]></stack-trace></failure><reason><message><![CDATA[&#x1b;[32mINFO    &#x1b;[0m pycrostates:resample.py:170 Resampling instance into 9 resamples of 133 samples covering 20.00% of the original data.]]></message></reason><output><![CDATA[&#x1b;[32mINFO    &#x1b;[0m pycrostates:resample.py:170 Resampling instance into 9 resamples of 133 samples covering 20.00% of the original data.]]></output></test-case><test-case id="287" name="pycrostates/preprocessing/tests/test_resample.py::test_resample_n_resamples_coverage[inst77-False-9-0.4]" fullname="pycrostates/preprocessing/tests/test_resample.py::test_resample_n_resamples_coverage[inst77-False-9-0.4]" methodname="test_resample_n_resamples_coverage[inst77-False-9-0.4]" classname="pycrostates/preprocessing/tests/test_resample.py" runstate="Runnable" seed="1" result="Passed" label="Test resampling with n_resamples and coverage provided." start-time="2022-06-08 16:12:50.426431" end-time="2022-06-08 16:12:50.432309" duration="0.005878" asserts="0"><properties><property name="python-version" value="3.9.9 (main, Nov 21 2021, 03:23:42) &#10;[Clang 13.0.0 (clang-1300.0.29.3)]" /><property name="fspath" value="pycrostates/preprocessing/tests/test_resample.py" /></properties><environment framework-version="3.6.2" clr-version="3.9.9 (main, Nov 21 2021, 03:23:42) &#10;[Clang 13.0.0 (clang-1300.0.29.3)]" os-version="20.6.0" platform="Darwin" cwd="/Users/scheltie/Documents/git/mscheltienne/pycrostates" machine-name="x86_64" user="" user-domain="" culture="en-US" uiculture="en-US" os-architecture="64bit" /><failure><message><![CDATA[]]></message><stack-trace><![CDATA[None]]></stack-trace></failure><reason><message><![CDATA[&#x1b;[32mINFO    &#x1b;[0m pycrostates:resample.py:170 Resampling instance into 9 resamples of 267 samples covering 40.00% of the original data.]]></message></reason><output><![CDATA[&#x1b;[32mINFO    &#x1b;[0m pycrostates:resample.py:170 Resampling instance into 9 resamples of 267 samples covering 40.00% of the original data.]]></output></test-case><test-case id="288" name="pycrostates/preprocessing/tests/test_resample.py::test_resample_n_resamples_coverage[inst78-False-9-0.6000000000000001]" fullname="pycrostates/preprocessing/tests/test_resample.py::test_resample_n_resamples_coverage[inst78-False-9-0.6000000000000001]" methodname="test_resample_n_resamples_coverage[inst78-False-9-0.6000000000000001]" classname="pycrostates/preprocessing/tests/test_resample.py" runstate="Runnable" seed="1" result="Passed" label="Test resampling with n_resamples and coverage provided." start-time="2022-06-08 16:12:50.433051" end-time="2022-06-08 16:12:50.438888" duration="0.005837" asserts="0"><properties><property name="python-version" value="3.9.9 (main, Nov 21 2021, 03:23:42) &#10;[Clang 13.0.0 (clang-1300.0.29.3)]" /><property name="fspath" value="pycrostates/preprocessing/tests/test_resample.py" /></properties><environment framework-version="3.6.2" clr-version="3.9.9 (main, Nov 21 2021, 03:23:42) &#10;[Clang 13.0.0 (clang-1300.0.29.3)]" os-version="20.6.0" platform="Darwin" cwd="/Users/scheltie/Documents/git/mscheltienne/pycrostates" machine-name="x86_64" user="" user-domain="" culture="en-US" uiculture="en-US" os-architecture="64bit" /><failure><message><![CDATA[]]></message><stack-trace><![CDATA[None]]></stack-trace></failure><reason><message><![CDATA[&#x1b;[32mINFO    &#x1b;[0m pycrostates:resample.py:170 Resampling instance into 9 resamples of 400 samples covering 60.00% of the original data.]]></message></reason><output><![CDATA[&#x1b;[32mINFO    &#x1b;[0m pycrostates:resample.py:170 Resampling instance into 9 resamples of 400 samples covering 60.00% of the original data.]]></output></test-case><test-case id="289" name="pycrostates/preprocessing/tests/test_resample.py::test_resample_n_resamples_coverage[inst79-False-9-0.8]" fullname="pycrostates/preprocessing/tests/test_resample.py::test_resample_n_resamples_coverage[inst79-False-9-0.8]" methodname="test_resample_n_resamples_coverage[inst79-False-9-0.8]" classname="pycrostates/preprocessing/tests/test_resample.py" runstate="Runnable" seed="1" result="Passed" label="Test resampling with n_resamples and coverage provided." start-time="2022-06-08 16:12:50.439618" end-time="2022-06-08 16:12:50.445967" duration="0.006349" asserts="0"><properties><property name="python-version" value="3.9.9 (main, Nov 21 2021, 03:23:42) &#10;[Clang 13.0.0 (clang-1300.0.29.3)]" /><property name="fspath" value="pycrostates/preprocessing/tests/test_resample.py" /></properties><environment framework-version="3.6.2" clr-version="3.9.9 (main, Nov 21 2021, 03:23:42) &#10;[Clang 13.0.0 (clang-1300.0.29.3)]" os-version="20.6.0" platform="Darwin" cwd="/Users/scheltie/Documents/git/mscheltienne/pycrostates" machine-name="x86_64" user="" user-domain="" culture="en-US" uiculture="en-US" os-architecture="64bit" /><failure><message><![CDATA[]]></message><stack-trace><![CDATA[None]]></stack-trace></failure><reason><message><![CDATA[&#x1b;[32mINFO    &#x1b;[0m pycrostates:resample.py:170 Resampling instance into 9 resamples of 534 samples covering 80.00% of the original data.]]></message></reason><output><![CDATA[&#x1b;[32mINFO    &#x1b;[0m pycrostates:resample.py:170 Resampling instance into 9 resamples of 534 samples covering 80.00% of the original data.]]></output></test-case><test-case id="290" name="pycrostates/preprocessing/tests/test_resample.py::test_resample_n_samples_coverage[inst0-True-100-0.2]" fullname="pycrostates/preprocessing/tests/test_resample.py::test_resample_n_samples_coverage[inst0-True-100-0.2]" methodname="test_resample_n_samples_coverage[inst0-True-100-0.2]" classname="pycrostates/preprocessing/tests/test_resample.py" runstate="Runnable" seed="1" result="Passed" label="Test resampling with n_samples and coverage provided." start-time="2022-06-08 16:12:50.446708" end-time="2022-06-08 16:12:50.451824" duration="0.005116" asserts="0"><properties><property name="python-version" value="3.9.9 (main, Nov 21 2021, 03:23:42) &#10;[Clang 13.0.0 (clang-1300.0.29.3)]" /><property name="fspath" value="pycrostates/preprocessing/tests/test_resample.py" /></properties><environment framework-version="3.6.2" clr-version="3.9.9 (main, Nov 21 2021, 03:23:42) &#10;[Clang 13.0.0 (clang-1300.0.29.3)]" os-version="20.6.0" platform="Darwin" cwd="/Users/scheltie/Documents/git/mscheltienne/pycrostates" machine-name="x86_64" user="" user-domain="" culture="en-US" uiculture="en-US" os-architecture="64bit" /><failure><message><![CDATA[]]></message><stack-trace><![CDATA[None]]></stack-trace></failure><reason><message><![CDATA[&#x1b;[32mINFO    &#x1b;[0m pycrostates:resample.py:170 Resampling instance into 12 resamples of 100 samples covering 20.00% of the original data.]]></message></reason><output><![CDATA[&#x1b;[32mINFO    &#x1b;[0m pycrostates:resample.py:170 Resampling instance into 12 resamples of 100 samples covering 20.00% of the original data.]]></output></test-case><test-case id="291" name="pycrostates/preprocessing/tests/test_resample.py::test_resample_n_samples_coverage[inst1-True-100-0.4]" fullname="pycrostates/preprocessing/tests/test_resample.py::test_resample_n_samples_coverage[inst1-True-100-0.4]" methodname="test_resample_n_samples_coverage[inst1-True-100-0.4]" classname="pycrostates/preprocessing/tests/test_resample.py" runstate="Runnable" seed="1" result="Passed" label="Test resampling with n_samples and coverage provided." start-time="2022-06-08 16:12:50.452525" end-time="2022-06-08 16:12:50.458094" duration="0.005569" asserts="0"><properties><property name="python-version" value="3.9.9 (main, Nov 21 2021, 03:23:42) &#10;[Clang 13.0.0 (clang-1300.0.29.3)]" /><property name="fspath" value="pycrostates/preprocessing/tests/test_resample.py" /></properties><environment framework-version="3.6.2" clr-version="3.9.9 (main, Nov 21 2021, 03:23:42) &#10;[Clang 13.0.0 (clang-1300.0.29.3)]" os-version="20.6.0" platform="Darwin" cwd="/Users/scheltie/Documents/git/mscheltienne/pycrostates" machine-name="x86_64" user="" user-domain="" culture="en-US" uiculture="en-US" os-architecture="64bit" /><failure><message><![CDATA[]]></message><stack-trace><![CDATA[None]]></stack-trace></failure><reason><message><![CDATA[&#x1b;[32mINFO    &#x1b;[0m pycrostates:resample.py:170 Resampling instance into 24 resamples of 100 samples covering 40.00% of the original data.]]></message></reason><output><![CDATA[&#x1b;[32mINFO    &#x1b;[0m pycrostates:resample.py:170 Resampling instance into 24 resamples of 100 samples covering 40.00% of the original data.]]></output></test-case><test-case id="292" name="pycrostates/preprocessing/tests/test_resample.py::test_resample_n_samples_coverage[inst2-True-100-0.6000000000000001]" fullname="pycrostates/preprocessing/tests/test_resample.py::test_resample_n_samples_coverage[inst2-True-100-0.6000000000000001]" methodname="test_resample_n_samples_coverage[inst2-True-100-0.6000000000000001]" classname="pycrostates/preprocessing/tests/test_resample.py" runstate="Runnable" seed="1" result="Passed" label="Test resampling with n_samples and coverage provided." start-time="2022-06-08 16:12:50.458797" end-time="2022-06-08 16:12:50.465603" duration="0.006806" asserts="0"><properties><property name="python-version" value="3.9.9 (main, Nov 21 2021, 03:23:42) &#10;[Clang 13.0.0 (clang-1300.0.29.3)]" /><property name="fspath" value="pycrostates/preprocessing/tests/test_resample.py" /></properties><environment framework-version="3.6.2" clr-version="3.9.9 (main, Nov 21 2021, 03:23:42) &#10;[Clang 13.0.0 (clang-1300.0.29.3)]" os-version="20.6.0" platform="Darwin" cwd="/Users/scheltie/Documents/git/mscheltienne/pycrostates" machine-name="x86_64" user="" user-domain="" culture="en-US" uiculture="en-US" os-architecture="64bit" /><failure><message><![CDATA[]]></message><stack-trace><![CDATA[None]]></stack-trace></failure><reason><message><![CDATA[&#x1b;[32mINFO    &#x1b;[0m pycrostates:resample.py:170 Resampling instance into 36 resamples of 100 samples covering 60.00% of the original data.]]></message></reason><output><![CDATA[&#x1b;[32mINFO    &#x1b;[0m pycrostates:resample.py:170 Resampling instance into 36 resamples of 100 samples covering 60.00% of the original data.]]></output></test-case><test-case id="293" name="pycrostates/preprocessing/tests/test_resample.py::test_resample_n_samples_coverage[inst3-True-100-0.8]" fullname="pycrostates/preprocessing/tests/test_resample.py::test_resample_n_samples_coverage[inst3-True-100-0.8]" methodname="test_resample_n_samples_coverage[inst3-True-100-0.8]" classname="pycrostates/preprocessing/tests/test_resample.py" runstate="Runnable" seed="1" result="Passed" label="Test resampling with n_samples and coverage provided." start-time="2022-06-08 16:12:50.466298" end-time="2022-06-08 16:12:50.473757" duration="0.007459" asserts="0"><properties><property name="python-version" value="3.9.9 (main, Nov 21 2021, 03:23:42) &#10;[Clang 13.0.0 (clang-1300.0.29.3)]" /><property name="fspath" value="pycrostates/preprocessing/tests/test_resample.py" /></properties><environment framework-version="3.6.2" clr-version="3.9.9 (main, Nov 21 2021, 03:23:42) &#10;[Clang 13.0.0 (clang-1300.0.29.3)]" os-version="20.6.0" platform="Darwin" cwd="/Users/scheltie/Documents/git/mscheltienne/pycrostates" machine-name="x86_64" user="" user-domain="" culture="en-US" uiculture="en-US" os-architecture="64bit" /><failure><message><![CDATA[]]></message><stack-trace><![CDATA[None]]></stack-trace></failure><reason><message><![CDATA[&#x1b;[32mINFO    &#x1b;[0m pycrostates:resample.py:170 Resampling instance into 48 resamples of 100 samples covering 80.00% of the original data.]]></message></reason><output><![CDATA[&#x1b;[32mINFO    &#x1b;[0m pycrostates:resample.py:170 Resampling instance into 48 resamples of 100 samples covering 80.00% of the original data.]]></output></test-case><test-case id="294" name="pycrostates/preprocessing/tests/test_resample.py::test_resample_n_samples_coverage[inst4-True-300-0.2]" fullname="pycrostates/preprocessing/tests/test_resample.py::test_resample_n_samples_coverage[inst4-True-300-0.2]" methodname="test_resample_n_samples_coverage[inst4-True-300-0.2]" classname="pycrostates/preprocessing/tests/test_resample.py" runstate="Runnable" seed="1" result="Passed" label="Test resampling with n_samples and coverage provided." start-time="2022-06-08 16:12:50.474657" end-time="2022-06-08 16:12:50.480196" duration="0.005539" asserts="0"><properties><property name="python-version" value="3.9.9 (main, Nov 21 2021, 03:23:42) &#10;[Clang 13.0.0 (clang-1300.0.29.3)]" /><property name="fspath" value="pycrostates/preprocessing/tests/test_resample.py" /></properties><environment framework-version="3.6.2" clr-version="3.9.9 (main, Nov 21 2021, 03:23:42) &#10;[Clang 13.0.0 (clang-1300.0.29.3)]" os-version="20.6.0" platform="Darwin" cwd="/Users/scheltie/Documents/git/mscheltienne/pycrostates" machine-name="x86_64" user="" user-domain="" culture="en-US" uiculture="en-US" os-architecture="64bit" /><failure><message><![CDATA[]]></message><stack-trace><![CDATA[None]]></stack-trace></failure><reason><message><![CDATA[&#x1b;[32mINFO    &#x1b;[0m pycrostates:resample.py:170 Resampling instance into 4 resamples of 300 samples covering 20.00% of the original data.]]></message></reason><output><![CDATA[&#x1b;[32mINFO    &#x1b;[0m pycrostates:resample.py:170 Resampling instance into 4 resamples of 300 samples covering 20.00% of the original data.]]></output></test-case><test-case id="295" name="pycrostates/preprocessing/tests/test_resample.py::test_resample_n_samples_coverage[inst5-True-300-0.4]" fullname="pycrostates/preprocessing/tests/test_resample.py::test_resample_n_samples_coverage[inst5-True-300-0.4]" methodname="test_resample_n_samples_coverage[inst5-True-300-0.4]" classname="pycrostates/preprocessing/tests/test_resample.py" runstate="Runnable" seed="1" result="Passed" label="Test resampling with n_samples and coverage provided." start-time="2022-06-08 16:12:50.480912" end-time="2022-06-08 16:12:50.485695" duration="0.004783" asserts="0"><properties><property name="python-version" value="3.9.9 (main, Nov 21 2021, 03:23:42) &#10;[Clang 13.0.0 (clang-1300.0.29.3)]" /><property name="fspath" value="pycrostates/preprocessing/tests/test_resample.py" /></properties><environment framework-version="3.6.2" clr-version="3.9.9 (main, Nov 21 2021, 03:23:42) &#10;[Clang 13.0.0 (clang-1300.0.29.3)]" os-version="20.6.0" platform="Darwin" cwd="/Users/scheltie/Documents/git/mscheltienne/pycrostates" machine-name="x86_64" user="" user-domain="" culture="en-US" uiculture="en-US" os-architecture="64bit" /><failure><message><![CDATA[]]></message><stack-trace><![CDATA[None]]></stack-trace></failure><reason><message><![CDATA[&#x1b;[32mINFO    &#x1b;[0m pycrostates:resample.py:170 Resampling instance into 8 resamples of 300 samples covering 40.00% of the original data.]]></message></reason><output><![CDATA[&#x1b;[32mINFO    &#x1b;[0m pycrostates:resample.py:170 Resampling instance into 8 resamples of 300 samples covering 40.00% of the original data.]]></output></test-case><test-case id="296" name="pycrostates/preprocessing/tests/test_resample.py::test_resample_n_samples_coverage[inst6-True-300-0.6000000000000001]" fullname="pycrostates/preprocessing/tests/test_resample.py::test_resample_n_samples_coverage[inst6-True-300-0.6000000000000001]" methodname="test_resample_n_samples_coverage[inst6-True-300-0.6000000000000001]" classname="pycrostates/preprocessing/tests/test_resample.py" runstate="Runnable" seed="1" result="Passed" label="Test resampling with n_samples and coverage provided." start-time="2022-06-08 16:12:50.486392" end-time="2022-06-08 16:12:50.491910" duration="0.005518" asserts="0"><properties><property name="python-version" value="3.9.9 (main, Nov 21 2021, 03:23:42) &#10;[Clang 13.0.0 (clang-1300.0.29.3)]" /><property name="fspath" value="pycrostates/preprocessing/tests/test_resample.py" /></properties><environment framework-version="3.6.2" clr-version="3.9.9 (main, Nov 21 2021, 03:23:42) &#10;[Clang 13.0.0 (clang-1300.0.29.3)]" os-version="20.6.0" platform="Darwin" cwd="/Users/scheltie/Documents/git/mscheltienne/pycrostates" machine-name="x86_64" user="" user-domain="" culture="en-US" uiculture="en-US" os-architecture="64bit" /><failure><message><![CDATA[]]></message><stack-trace><![CDATA[None]]></stack-trace></failure><reason><message><![CDATA[&#x1b;[32mINFO    &#x1b;[0m pycrostates:resample.py:170 Resampling instance into 12 resamples of 300 samples covering 60.00% of the original data.]]></message></reason><output><![CDATA[&#x1b;[32mINFO    &#x1b;[0m pycrostates:resample.py:170 Resampling instance into 12 resamples of 300 samples covering 60.00% of the original data.]]></output></test-case><test-case id="297" name="pycrostates/preprocessing/tests/test_resample.py::test_resample_n_samples_coverage[inst7-True-300-0.8]" fullname="pycrostates/preprocessing/tests/test_resample.py::test_resample_n_samples_coverage[inst7-True-300-0.8]" methodname="test_resample_n_samples_coverage[inst7-True-300-0.8]" classname="pycrostates/preprocessing/tests/test_resample.py" runstate="Runnable" seed="1" result="Passed" label="Test resampling with n_samples and coverage provided." start-time="2022-06-08 16:12:50.492621" end-time="2022-06-08 16:12:50.498240" duration="0.005619" asserts="0"><properties><property name="python-version" value="3.9.9 (main, Nov 21 2021, 03:23:42) &#10;[Clang 13.0.0 (clang-1300.0.29.3)]" /><property name="fspath" value="pycrostates/preprocessing/tests/test_resample.py" /></properties><environment framework-version="3.6.2" clr-version="3.9.9 (main, Nov 21 2021, 03:23:42) &#10;[Clang 13.0.0 (clang-1300.0.29.3)]" os-version="20.6.0" platform="Darwin" cwd="/Users/scheltie/Documents/git/mscheltienne/pycrostates" machine-name="x86_64" user="" user-domain="" culture="en-US" uiculture="en-US" os-architecture="64bit" /><failure><message><![CDATA[]]></message><stack-trace><![CDATA[None]]></stack-trace></failure><reason><message><![CDATA[&#x1b;[32mINFO    &#x1b;[0m pycrostates:resample.py:170 Resampling instance into 16 resamples of 300 samples covering 80.00% of the original data.]]></message></reason><output><![CDATA[&#x1b;[32mINFO    &#x1b;[0m pycrostates:resample.py:170 Resampling instance into 16 resamples of 300 samples covering 80.00% of the original data.]]></output></test-case><test-case id="298" name="pycrostates/preprocessing/tests/test_resample.py::test_resample_n_samples_coverage[inst8-True-500-0.2]" fullname="pycrostates/preprocessing/tests/test_resample.py::test_resample_n_samples_coverage[inst8-True-500-0.2]" methodname="test_resample_n_samples_coverage[inst8-True-500-0.2]" classname="pycrostates/preprocessing/tests/test_resample.py" runstate="Runnable" seed="1" result="Passed" label="Test resampling with n_samples and coverage provided." start-time="2022-06-08 16:12:50.498928" end-time="2022-06-08 16:12:50.503152" duration="0.004224" asserts="0"><properties><property name="python-version" value="3.9.9 (main, Nov 21 2021, 03:23:42) &#10;[Clang 13.0.0 (clang-1300.0.29.3)]" /><property name="fspath" value="pycrostates/preprocessing/tests/test_resample.py" /></properties><environment framework-version="3.6.2" clr-version="3.9.9 (main, Nov 21 2021, 03:23:42) &#10;[Clang 13.0.0 (clang-1300.0.29.3)]" os-version="20.6.0" platform="Darwin" cwd="/Users/scheltie/Documents/git/mscheltienne/pycrostates" machine-name="x86_64" user="" user-domain="" culture="en-US" uiculture="en-US" os-architecture="64bit" /><failure><message><![CDATA[]]></message><stack-trace><![CDATA[None]]></stack-trace></failure><reason><message><![CDATA[&#x1b;[32mINFO    &#x1b;[0m pycrostates:resample.py:170 Resampling instance into 2 resamples of 500 samples covering 20.00% of the original data.]]></message></reason><output><![CDATA[&#x1b;[32mINFO    &#x1b;[0m pycrostates:resample.py:170 Resampling instance into 2 resamples of 500 samples covering 20.00% of the original data.]]></output></test-case><test-case id="299" name="pycrostates/preprocessing/tests/test_resample.py::test_resample_n_samples_coverage[inst9-True-500-0.4]" fullname="pycrostates/preprocessing/tests/test_resample.py::test_resample_n_samples_coverage[inst9-True-500-0.4]" methodname="test_resample_n_samples_coverage[inst9-True-500-0.4]" classname="pycrostates/preprocessing/tests/test_resample.py" runstate="Runnable" seed="1" result="Passed" label="Test resampling with n_samples and coverage provided." start-time="2022-06-08 16:12:50.503827" end-time="2022-06-08 16:12:50.508358" duration="0.004531" asserts="0"><properties><property name="python-version" value="3.9.9 (main, Nov 21 2021, 03:23:42) &#10;[Clang 13.0.0 (clang-1300.0.29.3)]" /><property name="fspath" value="pycrostates/preprocessing/tests/test_resample.py" /></properties><environment framework-version="3.6.2" clr-version="3.9.9 (main, Nov 21 2021, 03:23:42) &#10;[Clang 13.0.0 (clang-1300.0.29.3)]" os-version="20.6.0" platform="Darwin" cwd="/Users/scheltie/Documents/git/mscheltienne/pycrostates" machine-name="x86_64" user="" user-domain="" culture="en-US" uiculture="en-US" os-architecture="64bit" /><failure><message><![CDATA[]]></message><stack-trace><![CDATA[None]]></stack-trace></failure><reason><message><![CDATA[&#x1b;[32mINFO    &#x1b;[0m pycrostates:resample.py:170 Resampling instance into 4 resamples of 500 samples covering 40.00% of the original data.]]></message></reason><output><![CDATA[&#x1b;[32mINFO    &#x1b;[0m pycrostates:resample.py:170 Resampling instance into 4 resamples of 500 samples covering 40.00% of the original data.]]></output></test-case><test-case id="300" name="pycrostates/preprocessing/tests/test_resample.py::test_resample_n_samples_coverage[inst10-True-500-0.6000000000000001]" fullname="pycrostates/preprocessing/tests/test_resample.py::test_resample_n_samples_coverage[inst10-True-500-0.6000000000000001]" methodname="test_resample_n_samples_coverage[inst10-True-500-0.6000000000000001]" classname="pycrostates/preprocessing/tests/test_resample.py" runstate="Runnable" seed="1" result="Passed" label="Test resampling with n_samples and coverage provided." start-time="2022-06-08 16:12:50.509055" end-time="2022-06-08 16:12:50.514453" duration="0.005398" asserts="0"><properties><property name="python-version" value="3.9.9 (main, Nov 21 2021, 03:23:42) &#10;[Clang 13.0.0 (clang-1300.0.29.3)]" /><property name="fspath" value="pycrostates/preprocessing/tests/test_resample.py" /></properties><environment framework-version="3.6.2" clr-version="3.9.9 (main, Nov 21 2021, 03:23:42) &#10;[Clang 13.0.0 (clang-1300.0.29.3)]" os-version="20.6.0" platform="Darwin" cwd="/Users/scheltie/Documents/git/mscheltienne/pycrostates" machine-name="x86_64" user="" user-domain="" culture="en-US" uiculture="en-US" os-architecture="64bit" /><failure><message><![CDATA[]]></message><stack-trace><![CDATA[None]]></stack-trace></failure><reason><message><![CDATA[&#x1b;[32mINFO    &#x1b;[0m pycrostates:resample.py:170 Resampling instance into 7 resamples of 500 samples covering 60.00% of the original data.]]></message></reason><output><![CDATA[&#x1b;[32mINFO    &#x1b;[0m pycrostates:resample.py:170 Resampling instance into 7 resamples of 500 samples covering 60.00% of the original data.]]></output></test-case><test-case id="301" name="pycrostates/preprocessing/tests/test_resample.py::test_resample_n_samples_coverage[inst11-True-500-0.8]" fullname="pycrostates/preprocessing/tests/test_resample.py::test_resample_n_samples_coverage[inst11-True-500-0.8]" methodname="test_resample_n_samples_coverage[inst11-True-500-0.8]" classname="pycrostates/preprocessing/tests/test_resample.py" runstate="Runnable" seed="1" result="Passed" label="Test resampling with n_samples and coverage provided." start-time="2022-06-08 16:12:50.515156" end-time="2022-06-08 16:12:50.520643" duration="0.005487" asserts="0"><properties><property name="python-version" value="3.9.9 (main, Nov 21 2021, 03:23:42) &#10;[Clang 13.0.0 (clang-1300.0.29.3)]" /><property name="fspath" value="pycrostates/preprocessing/tests/test_resample.py" /></properties><environment framework-version="3.6.2" clr-version="3.9.9 (main, Nov 21 2021, 03:23:42) &#10;[Clang 13.0.0 (clang-1300.0.29.3)]" os-version="20.6.0" platform="Darwin" cwd="/Users/scheltie/Documents/git/mscheltienne/pycrostates" machine-name="x86_64" user="" user-domain="" culture="en-US" uiculture="en-US" os-architecture="64bit" /><failure><message><![CDATA[]]></message><stack-trace><![CDATA[None]]></stack-trace></failure><reason><message><![CDATA[&#x1b;[32mINFO    &#x1b;[0m pycrostates:resample.py:170 Resampling instance into 9 resamples of 500 samples covering 80.00% of the original data.]]></message></reason><output><![CDATA[&#x1b;[32mINFO    &#x1b;[0m pycrostates:resample.py:170 Resampling instance into 9 resamples of 500 samples covering 80.00% of the original data.]]></output></test-case><test-case id="302" name="pycrostates/preprocessing/tests/test_resample.py::test_resample_n_samples_coverage[inst12-False-100-0.2]" fullname="pycrostates/preprocessing/tests/test_resample.py::test_resample_n_samples_coverage[inst12-False-100-0.2]" methodname="test_resample_n_samples_coverage[inst12-False-100-0.2]" classname="pycrostates/preprocessing/tests/test_resample.py" runstate="Runnable" seed="1" result="Passed" label="Test resampling with n_samples and coverage provided." start-time="2022-06-08 16:12:50.521329" end-time="2022-06-08 16:12:50.526491" duration="0.005162" asserts="0"><properties><property name="python-version" value="3.9.9 (main, Nov 21 2021, 03:23:42) &#10;[Clang 13.0.0 (clang-1300.0.29.3)]" /><property name="fspath" value="pycrostates/preprocessing/tests/test_resample.py" /></properties><environment framework-version="3.6.2" clr-version="3.9.9 (main, Nov 21 2021, 03:23:42) &#10;[Clang 13.0.0 (clang-1300.0.29.3)]" os-version="20.6.0" platform="Darwin" cwd="/Users/scheltie/Documents/git/mscheltienne/pycrostates" machine-name="x86_64" user="" user-domain="" culture="en-US" uiculture="en-US" os-architecture="64bit" /><failure><message><![CDATA[]]></message><stack-trace><![CDATA[None]]></stack-trace></failure><reason><message><![CDATA[&#x1b;[32mINFO    &#x1b;[0m pycrostates:resample.py:170 Resampling instance into 12 resamples of 100 samples covering 20.00% of the original data.]]></message></reason><output><![CDATA[&#x1b;[32mINFO    &#x1b;[0m pycrostates:resample.py:170 Resampling instance into 12 resamples of 100 samples covering 20.00% of the original data.]]></output></test-case><test-case id="303" name="pycrostates/preprocessing/tests/test_resample.py::test_resample_n_samples_coverage[inst13-False-100-0.4]" fullname="pycrostates/preprocessing/tests/test_resample.py::test_resample_n_samples_coverage[inst13-False-100-0.4]" methodname="test_resample_n_samples_coverage[inst13-False-100-0.4]" classname="pycrostates/preprocessing/tests/test_resample.py" runstate="Runnable" seed="1" result="Passed" label="Test resampling with n_samples and coverage provided." start-time="2022-06-08 16:12:50.527311" end-time="2022-06-08 16:12:50.533233" duration="0.005922" asserts="0"><properties><property name="python-version" value="3.9.9 (main, Nov 21 2021, 03:23:42) &#10;[Clang 13.0.0 (clang-1300.0.29.3)]" /><property name="fspath" value="pycrostates/preprocessing/tests/test_resample.py" /></properties><environment framework-version="3.6.2" clr-version="3.9.9 (main, Nov 21 2021, 03:23:42) &#10;[Clang 13.0.0 (clang-1300.0.29.3)]" os-version="20.6.0" platform="Darwin" cwd="/Users/scheltie/Documents/git/mscheltienne/pycrostates" machine-name="x86_64" user="" user-domain="" culture="en-US" uiculture="en-US" os-architecture="64bit" /><failure><message><![CDATA[]]></message><stack-trace><![CDATA[None]]></stack-trace></failure><reason><message><![CDATA[&#x1b;[32mINFO    &#x1b;[0m pycrostates:resample.py:170 Resampling instance into 24 resamples of 100 samples covering 40.00% of the original data.]]></message></reason><output><![CDATA[&#x1b;[32mINFO    &#x1b;[0m pycrostates:resample.py:170 Resampling instance into 24 resamples of 100 samples covering 40.00% of the original data.]]></output></test-case><test-case id="304" name="pycrostates/preprocessing/tests/test_resample.py::test_resample_n_samples_coverage[inst14-False-100-0.6000000000000001]" fullname="pycrostates/preprocessing/tests/test_resample.py::test_resample_n_samples_coverage[inst14-False-100-0.6000000000000001]" methodname="test_resample_n_samples_coverage[inst14-False-100-0.6000000000000001]" classname="pycrostates/preprocessing/tests/test_resample.py" runstate="Runnable" seed="1" result="Passed" label="Test resampling with n_samples and coverage provided." start-time="2022-06-08 16:12:50.533904" end-time="2022-06-08 16:12:50.540641" duration="0.006737" asserts="0"><properties><property name="python-version" value="3.9.9 (main, Nov 21 2021, 03:23:42) &#10;[Clang 13.0.0 (clang-1300.0.29.3)]" /><property name="fspath" value="pycrostates/preprocessing/tests/test_resample.py" /></properties><environment framework-version="3.6.2" clr-version="3.9.9 (main, Nov 21 2021, 03:23:42) &#10;[Clang 13.0.0 (clang-1300.0.29.3)]" os-version="20.6.0" platform="Darwin" cwd="/Users/scheltie/Documents/git/mscheltienne/pycrostates" machine-name="x86_64" user="" user-domain="" culture="en-US" uiculture="en-US" os-architecture="64bit" /><failure><message><![CDATA[]]></message><stack-trace><![CDATA[None]]></stack-trace></failure><reason><message><![CDATA[&#x1b;[32mINFO    &#x1b;[0m pycrostates:resample.py:170 Resampling instance into 36 resamples of 100 samples covering 60.00% of the original data.]]></message></reason><output><![CDATA[&#x1b;[32mINFO    &#x1b;[0m pycrostates:resample.py:170 Resampling instance into 36 resamples of 100 samples covering 60.00% of the original data.]]></output></test-case><test-case id="305" name="pycrostates/preprocessing/tests/test_resample.py::test_resample_n_samples_coverage[inst15-False-100-0.8]" fullname="pycrostates/preprocessing/tests/test_resample.py::test_resample_n_samples_coverage[inst15-False-100-0.8]" methodname="test_resample_n_samples_coverage[inst15-False-100-0.8]" classname="pycrostates/preprocessing/tests/test_resample.py" runstate="Runnable" seed="1" result="Passed" label="Test resampling with n_samples and coverage provided." start-time="2022-06-08 16:12:50.541324" end-time="2022-06-08 16:12:50.548746" duration="0.007422" asserts="0"><properties><property name="python-version" value="3.9.9 (main, Nov 21 2021, 03:23:42) &#10;[Clang 13.0.0 (clang-1300.0.29.3)]" /><property name="fspath" value="pycrostates/preprocessing/tests/test_resample.py" /></properties><environment framework-version="3.6.2" clr-version="3.9.9 (main, Nov 21 2021, 03:23:42) &#10;[Clang 13.0.0 (clang-1300.0.29.3)]" os-version="20.6.0" platform="Darwin" cwd="/Users/scheltie/Documents/git/mscheltienne/pycrostates" machine-name="x86_64" user="" user-domain="" culture="en-US" uiculture="en-US" os-architecture="64bit" /><failure><message><![CDATA[]]></message><stack-trace><![CDATA[None]]></stack-trace></failure><reason><message><![CDATA[&#x1b;[32mINFO    &#x1b;[0m pycrostates:resample.py:170 Resampling instance into 48 resamples of 100 samples covering 80.00% of the original data.]]></message></reason><output><![CDATA[&#x1b;[32mINFO    &#x1b;[0m pycrostates:resample.py:170 Resampling instance into 48 resamples of 100 samples covering 80.00% of the original data.]]></output></test-case><test-case id="306" name="pycrostates/preprocessing/tests/test_resample.py::test_resample_n_samples_coverage[inst16-False-300-0.2]" fullname="pycrostates/preprocessing/tests/test_resample.py::test_resample_n_samples_coverage[inst16-False-300-0.2]" methodname="test_resample_n_samples_coverage[inst16-False-300-0.2]" classname="pycrostates/preprocessing/tests/test_resample.py" runstate="Runnable" seed="1" result="Passed" label="Test resampling with n_samples and coverage provided." start-time="2022-06-08 16:12:50.549455" end-time="2022-06-08 16:12:50.554236" duration="0.004781" asserts="0"><properties><property name="python-version" value="3.9.9 (main, Nov 21 2021, 03:23:42) &#10;[Clang 13.0.0 (clang-1300.0.29.3)]" /><property name="fspath" value="pycrostates/preprocessing/tests/test_resample.py" /></properties><environment framework-version="3.6.2" clr-version="3.9.9 (main, Nov 21 2021, 03:23:42) &#10;[Clang 13.0.0 (clang-1300.0.29.3)]" os-version="20.6.0" platform="Darwin" cwd="/Users/scheltie/Documents/git/mscheltienne/pycrostates" machine-name="x86_64" user="" user-domain="" culture="en-US" uiculture="en-US" os-architecture="64bit" /><failure><message><![CDATA[]]></message><stack-trace><![CDATA[None]]></stack-trace></failure><reason><message><![CDATA[&#x1b;[32mINFO    &#x1b;[0m pycrostates:resample.py:170 Resampling instance into 4 resamples of 300 samples covering 20.00% of the original data.]]></message></reason><output><![CDATA[&#x1b;[32mINFO    &#x1b;[0m pycrostates:resample.py:170 Resampling instance into 4 resamples of 300 samples covering 20.00% of the original data.]]></output></test-case><test-case id="307" name="pycrostates/preprocessing/tests/test_resample.py::test_resample_n_samples_coverage[inst17-False-300-0.4]" fullname="pycrostates/preprocessing/tests/test_resample.py::test_resample_n_samples_coverage[inst17-False-300-0.4]" methodname="test_resample_n_samples_coverage[inst17-False-300-0.4]" classname="pycrostates/preprocessing/tests/test_resample.py" runstate="Runnable" seed="1" result="Passed" label="Test resampling with n_samples and coverage provided." start-time="2022-06-08 16:12:50.554912" end-time="2022-06-08 16:12:50.560094" duration="0.005182" asserts="0"><properties><property name="python-version" value="3.9.9 (main, Nov 21 2021, 03:23:42) &#10;[Clang 13.0.0 (clang-1300.0.29.3)]" /><property name="fspath" value="pycrostates/preprocessing/tests/test_resample.py" /></properties><environment framework-version="3.6.2" clr-version="3.9.9 (main, Nov 21 2021, 03:23:42) &#10;[Clang 13.0.0 (clang-1300.0.29.3)]" os-version="20.6.0" platform="Darwin" cwd="/Users/scheltie/Documents/git/mscheltienne/pycrostates" machine-name="x86_64" user="" user-domain="" culture="en-US" uiculture="en-US" os-architecture="64bit" /><failure><message><![CDATA[]]></message><stack-trace><![CDATA[None]]></stack-trace></failure><reason><message><![CDATA[&#x1b;[32mINFO    &#x1b;[0m pycrostates:resample.py:170 Resampling instance into 8 resamples of 300 samples covering 40.00% of the original data.]]></message></reason><output><![CDATA[&#x1b;[32mINFO    &#x1b;[0m pycrostates:resample.py:170 Resampling instance into 8 resamples of 300 samples covering 40.00% of the original data.]]></output></test-case><test-case id="308" name="pycrostates/preprocessing/tests/test_resample.py::test_resample_n_samples_coverage[inst18-False-300-0.6000000000000001]" fullname="pycrostates/preprocessing/tests/test_resample.py::test_resample_n_samples_coverage[inst18-False-300-0.6000000000000001]" methodname="test_resample_n_samples_coverage[inst18-False-300-0.6000000000000001]" classname="pycrostates/preprocessing/tests/test_resample.py" runstate="Runnable" seed="1" result="Passed" label="Test resampling with n_samples and coverage provided." start-time="2022-06-08 16:12:50.560828" end-time="2022-06-08 16:12:50.566766" duration="0.005938" asserts="0"><properties><property name="python-version" value="3.9.9 (main, Nov 21 2021, 03:23:42) &#10;[Clang 13.0.0 (clang-1300.0.29.3)]" /><property name="fspath" value="pycrostates/preprocessing/tests/test_resample.py" /></properties><environment framework-version="3.6.2" clr-version="3.9.9 (main, Nov 21 2021, 03:23:42) &#10;[Clang 13.0.0 (clang-1300.0.29.3)]" os-version="20.6.0" platform="Darwin" cwd="/Users/scheltie/Documents/git/mscheltienne/pycrostates" machine-name="x86_64" user="" user-domain="" culture="en-US" uiculture="en-US" os-architecture="64bit" /><failure><message><![CDATA[]]></message><stack-trace><![CDATA[None]]></stack-trace></failure><reason><message><![CDATA[&#x1b;[32mINFO    &#x1b;[0m pycrostates:resample.py:170 Resampling instance into 12 resamples of 300 samples covering 60.00% of the original data.]]></message></reason><output><![CDATA[&#x1b;[32mINFO    &#x1b;[0m pycrostates:resample.py:170 Resampling instance into 12 resamples of 300 samples covering 60.00% of the original data.]]></output></test-case><test-case id="309" name="pycrostates/preprocessing/tests/test_resample.py::test_resample_n_samples_coverage[inst19-False-300-0.8]" fullname="pycrostates/preprocessing/tests/test_resample.py::test_resample_n_samples_coverage[inst19-False-300-0.8]" methodname="test_resample_n_samples_coverage[inst19-False-300-0.8]" classname="pycrostates/preprocessing/tests/test_resample.py" runstate="Runnable" seed="1" result="Passed" label="Test resampling with n_samples and coverage provided." start-time="2022-06-08 16:12:50.567472" end-time="2022-06-08 16:12:50.573238" duration="0.005766" asserts="0"><properties><property name="python-version" value="3.9.9 (main, Nov 21 2021, 03:23:42) &#10;[Clang 13.0.0 (clang-1300.0.29.3)]" /><property name="fspath" value="pycrostates/preprocessing/tests/test_resample.py" /></properties><environment framework-version="3.6.2" clr-version="3.9.9 (main, Nov 21 2021, 03:23:42) &#10;[Clang 13.0.0 (clang-1300.0.29.3)]" os-version="20.6.0" platform="Darwin" cwd="/Users/scheltie/Documents/git/mscheltienne/pycrostates" machine-name="x86_64" user="" user-domain="" culture="en-US" uiculture="en-US" os-architecture="64bit" /><failure><message><![CDATA[]]></message><stack-trace><![CDATA[None]]></stack-trace></failure><reason><message><![CDATA[&#x1b;[32mINFO    &#x1b;[0m pycrostates:resample.py:170 Resampling instance into 16 resamples of 300 samples covering 80.00% of the original data.]]></message></reason><output><![CDATA[&#x1b;[32mINFO    &#x1b;[0m pycrostates:resample.py:170 Resampling instance into 16 resamples of 300 samples covering 80.00% of the original data.]]></output></test-case><test-case id="310" name="pycrostates/preprocessing/tests/test_resample.py::test_resample_n_samples_coverage[inst20-False-500-0.2]" fullname="pycrostates/preprocessing/tests/test_resample.py::test_resample_n_samples_coverage[inst20-False-500-0.2]" methodname="test_resample_n_samples_coverage[inst20-False-500-0.2]" classname="pycrostates/preprocessing/tests/test_resample.py" runstate="Runnable" seed="1" result="Passed" label="Test resampling with n_samples and coverage provided." start-time="2022-06-08 16:12:50.573930" end-time="2022-06-08 16:12:50.578650" duration="0.00472" asserts="0"><properties><property name="python-version" value="3.9.9 (main, Nov 21 2021, 03:23:42) &#10;[Clang 13.0.0 (clang-1300.0.29.3)]" /><property name="fspath" value="pycrostates/preprocessing/tests/test_resample.py" /></properties><environment framework-version="3.6.2" clr-version="3.9.9 (main, Nov 21 2021, 03:23:42) &#10;[Clang 13.0.0 (clang-1300.0.29.3)]" os-version="20.6.0" platform="Darwin" cwd="/Users/scheltie/Documents/git/mscheltienne/pycrostates" machine-name="x86_64" user="" user-domain="" culture="en-US" uiculture="en-US" os-architecture="64bit" /><failure><message><![CDATA[]]></message><stack-trace><![CDATA[None]]></stack-trace></failure><reason><message><![CDATA[&#x1b;[32mINFO    &#x1b;[0m pycrostates:resample.py:170 Resampling instance into 2 resamples of 500 samples covering 20.00% of the original data.]]></message></reason><output><![CDATA[&#x1b;[32mINFO    &#x1b;[0m pycrostates:resample.py:170 Resampling instance into 2 resamples of 500 samples covering 20.00% of the original data.]]></output></test-case><test-case id="311" name="pycrostates/preprocessing/tests/test_resample.py::test_resample_n_samples_coverage[inst21-False-500-0.4]" fullname="pycrostates/preprocessing/tests/test_resample.py::test_resample_n_samples_coverage[inst21-False-500-0.4]" methodname="test_resample_n_samples_coverage[inst21-False-500-0.4]" classname="pycrostates/preprocessing/tests/test_resample.py" runstate="Runnable" seed="1" result="Passed" label="Test resampling with n_samples and coverage provided." start-time="2022-06-08 16:12:50.579349" end-time="2022-06-08 16:12:50.583771" duration="0.004422" asserts="0"><properties><property name="python-version" value="3.9.9 (main, Nov 21 2021, 03:23:42) &#10;[Clang 13.0.0 (clang-1300.0.29.3)]" /><property name="fspath" value="pycrostates/preprocessing/tests/test_resample.py" /></properties><environment framework-version="3.6.2" clr-version="3.9.9 (main, Nov 21 2021, 03:23:42) &#10;[Clang 13.0.0 (clang-1300.0.29.3)]" os-version="20.6.0" platform="Darwin" cwd="/Users/scheltie/Documents/git/mscheltienne/pycrostates" machine-name="x86_64" user="" user-domain="" culture="en-US" uiculture="en-US" os-architecture="64bit" /><failure><message><![CDATA[]]></message><stack-trace><![CDATA[None]]></stack-trace></failure><reason><message><![CDATA[&#x1b;[32mINFO    &#x1b;[0m pycrostates:resample.py:170 Resampling instance into 4 resamples of 500 samples covering 40.00% of the original data.]]></message></reason><output><![CDATA[&#x1b;[32mINFO    &#x1b;[0m pycrostates:resample.py:170 Resampling instance into 4 resamples of 500 samples covering 40.00% of the original data.]]></output></test-case><test-case id="312" name="pycrostates/preprocessing/tests/test_resample.py::test_resample_n_samples_coverage[inst22-False-500-0.6000000000000001]" fullname="pycrostates/preprocessing/tests/test_resample.py::test_resample_n_samples_coverage[inst22-False-500-0.6000000000000001]" methodname="test_resample_n_samples_coverage[inst22-False-500-0.6000000000000001]" classname="pycrostates/preprocessing/tests/test_resample.py" runstate="Runnable" seed="1" result="Passed" label="Test resampling with n_samples and coverage provided." start-time="2022-06-08 16:12:50.584464" end-time="2022-06-08 16:12:50.590000" duration="0.005536" asserts="0"><properties><property name="python-version" value="3.9.9 (main, Nov 21 2021, 03:23:42) &#10;[Clang 13.0.0 (clang-1300.0.29.3)]" /><property name="fspath" value="pycrostates/preprocessing/tests/test_resample.py" /></properties><environment framework-version="3.6.2" clr-version="3.9.9 (main, Nov 21 2021, 03:23:42) &#10;[Clang 13.0.0 (clang-1300.0.29.3)]" os-version="20.6.0" platform="Darwin" cwd="/Users/scheltie/Documents/git/mscheltienne/pycrostates" machine-name="x86_64" user="" user-domain="" culture="en-US" uiculture="en-US" os-architecture="64bit" /><failure><message><![CDATA[]]></message><stack-trace><![CDATA[None]]></stack-trace></failure><reason><message><![CDATA[&#x1b;[32mINFO    &#x1b;[0m pycrostates:resample.py:170 Resampling instance into 7 resamples of 500 samples covering 60.00% of the original data.]]></message></reason><output><![CDATA[&#x1b;[32mINFO    &#x1b;[0m pycrostates:resample.py:170 Resampling instance into 7 resamples of 500 samples covering 60.00% of the original data.]]></output></test-case><test-case id="313" name="pycrostates/preprocessing/tests/test_resample.py::test_resample_n_samples_coverage[inst23-False-500-0.8]" fullname="pycrostates/preprocessing/tests/test_resample.py::test_resample_n_samples_coverage[inst23-False-500-0.8]" methodname="test_resample_n_samples_coverage[inst23-False-500-0.8]" classname="pycrostates/preprocessing/tests/test_resample.py" runstate="Runnable" seed="1" result="Passed" label="Test resampling with n_samples and coverage provided." start-time="2022-06-08 16:12:50.590740" end-time="2022-06-08 16:12:50.597114" duration="0.006374" asserts="0"><properties><property name="python-version" value="3.9.9 (main, Nov 21 2021, 03:23:42) &#10;[Clang 13.0.0 (clang-1300.0.29.3)]" /><property name="fspath" value="pycrostates/preprocessing/tests/test_resample.py" /></properties><environment framework-version="3.6.2" clr-version="3.9.9 (main, Nov 21 2021, 03:23:42) &#10;[Clang 13.0.0 (clang-1300.0.29.3)]" os-version="20.6.0" platform="Darwin" cwd="/Users/scheltie/Documents/git/mscheltienne/pycrostates" machine-name="x86_64" user="" user-domain="" culture="en-US" uiculture="en-US" os-architecture="64bit" /><failure><message><![CDATA[]]></message><stack-trace><![CDATA[None]]></stack-trace></failure><reason><message><![CDATA[&#x1b;[32mINFO    &#x1b;[0m pycrostates:resample.py:170 Resampling instance into 9 resamples of 500 samples covering 80.00% of the original data.]]></message></reason><output><![CDATA[&#x1b;[32mINFO    &#x1b;[0m pycrostates:resample.py:170 Resampling instance into 9 resamples of 500 samples covering 80.00% of the original data.]]></output></test-case><test-case id="314" name="pycrostates/preprocessing/tests/test_resample.py::test_resample_n_samples_coverage[inst24-True-100-0.2]" fullname="pycrostates/preprocessing/tests/test_resample.py::test_resample_n_samples_coverage[inst24-True-100-0.2]" methodname="test_resample_n_samples_coverage[inst24-True-100-0.2]" classname="pycrostates/preprocessing/tests/test_resample.py" runstate="Runnable" seed="1" result="Passed" label="Test resampling with n_samples and coverage provided." start-time="2022-06-08 16:12:50.597849" end-time="2022-06-08 16:12:50.603491" duration="0.005642" asserts="0"><properties><property name="python-version" value="3.9.9 (main, Nov 21 2021, 03:23:42) &#10;[Clang 13.0.0 (clang-1300.0.29.3)]" /><property name="fspath" value="pycrostates/preprocessing/tests/test_resample.py" /></properties><environment framework-version="3.6.2" clr-version="3.9.9 (main, Nov 21 2021, 03:23:42) &#10;[Clang 13.0.0 (clang-1300.0.29.3)]" os-version="20.6.0" platform="Darwin" cwd="/Users/scheltie/Documents/git/mscheltienne/pycrostates" machine-name="x86_64" user="" user-domain="" culture="en-US" uiculture="en-US" os-architecture="64bit" /><failure><message><![CDATA[]]></message><stack-trace><![CDATA[None]]></stack-trace></failure><reason><message><![CDATA[&#x1b;[32mINFO    &#x1b;[0m pycrostates:resample.py:170 Resampling instance into 12 resamples of 100 samples covering 20.00% of the original data.]]></message></reason><output><![CDATA[&#x1b;[32mINFO    &#x1b;[0m pycrostates:resample.py:170 Resampling instance into 12 resamples of 100 samples covering 20.00% of the original data.]]></output></test-case><test-case id="315" name="pycrostates/preprocessing/tests/test_resample.py::test_resample_n_samples_coverage[inst25-True-100-0.4]" fullname="pycrostates/preprocessing/tests/test_resample.py::test_resample_n_samples_coverage[inst25-True-100-0.4]" methodname="test_resample_n_samples_coverage[inst25-True-100-0.4]" classname="pycrostates/preprocessing/tests/test_resample.py" runstate="Runnable" seed="1" result="Passed" label="Test resampling with n_samples and coverage provided." start-time="2022-06-08 16:12:50.604204" end-time="2022-06-08 16:12:50.610569" duration="0.006365" asserts="0"><properties><property name="python-version" value="3.9.9 (main, Nov 21 2021, 03:23:42) &#10;[Clang 13.0.0 (clang-1300.0.29.3)]" /><property name="fspath" value="pycrostates/preprocessing/tests/test_resample.py" /></properties><environment framework-version="3.6.2" clr-version="3.9.9 (main, Nov 21 2021, 03:23:42) &#10;[Clang 13.0.0 (clang-1300.0.29.3)]" os-version="20.6.0" platform="Darwin" cwd="/Users/scheltie/Documents/git/mscheltienne/pycrostates" machine-name="x86_64" user="" user-domain="" culture="en-US" uiculture="en-US" os-architecture="64bit" /><failure><message><![CDATA[]]></message><stack-trace><![CDATA[None]]></stack-trace></failure><reason><message><![CDATA[&#x1b;[32mINFO    &#x1b;[0m pycrostates:resample.py:170 Resampling instance into 24 resamples of 100 samples covering 40.00% of the original data.]]></message></reason><output><![CDATA[&#x1b;[32mINFO    &#x1b;[0m pycrostates:resample.py:170 Resampling instance into 24 resamples of 100 samples covering 40.00% of the original data.]]></output></test-case><test-case id="316" name="pycrostates/preprocessing/tests/test_resample.py::test_resample_n_samples_coverage[inst26-True-100-0.6000000000000001]" fullname="pycrostates/preprocessing/tests/test_resample.py::test_resample_n_samples_coverage[inst26-True-100-0.6000000000000001]" methodname="test_resample_n_samples_coverage[inst26-True-100-0.6000000000000001]" classname="pycrostates/preprocessing/tests/test_resample.py" runstate="Runnable" seed="1" result="Passed" label="Test resampling with n_samples and coverage provided." start-time="2022-06-08 16:12:50.611287" end-time="2022-06-08 16:12:50.619122" duration="0.007835" asserts="0"><properties><property name="python-version" value="3.9.9 (main, Nov 21 2021, 03:23:42) &#10;[Clang 13.0.0 (clang-1300.0.29.3)]" /><property name="fspath" value="pycrostates/preprocessing/tests/test_resample.py" /></properties><environment framework-version="3.6.2" clr-version="3.9.9 (main, Nov 21 2021, 03:23:42) &#10;[Clang 13.0.0 (clang-1300.0.29.3)]" os-version="20.6.0" platform="Darwin" cwd="/Users/scheltie/Documents/git/mscheltienne/pycrostates" machine-name="x86_64" user="" user-domain="" culture="en-US" uiculture="en-US" os-architecture="64bit" /><failure><message><![CDATA[]]></message><stack-trace><![CDATA[None]]></stack-trace></failure><reason><message><![CDATA[&#x1b;[32mINFO    &#x1b;[0m pycrostates:resample.py:170 Resampling instance into 36 resamples of 100 samples covering 60.00% of the original data.]]></message></reason><output><![CDATA[&#x1b;[32mINFO    &#x1b;[0m pycrostates:resample.py:170 Resampling instance into 36 resamples of 100 samples covering 60.00% of the original data.]]></output></test-case><test-case id="317" name="pycrostates/preprocessing/tests/test_resample.py::test_resample_n_samples_coverage[inst27-True-100-0.8]" fullname="pycrostates/preprocessing/tests/test_resample.py::test_resample_n_samples_coverage[inst27-True-100-0.8]" methodname="test_resample_n_samples_coverage[inst27-True-100-0.8]" classname="pycrostates/preprocessing/tests/test_resample.py" runstate="Runnable" seed="1" result="Passed" label="Test resampling with n_samples and coverage provided." start-time="2022-06-08 16:12:50.619853" end-time="2022-06-08 16:12:50.628582" duration="0.008729" asserts="0"><properties><property name="python-version" value="3.9.9 (main, Nov 21 2021, 03:23:42) &#10;[Clang 13.0.0 (clang-1300.0.29.3)]" /><property name="fspath" value="pycrostates/preprocessing/tests/test_resample.py" /></properties><environment framework-version="3.6.2" clr-version="3.9.9 (main, Nov 21 2021, 03:23:42) &#10;[Clang 13.0.0 (clang-1300.0.29.3)]" os-version="20.6.0" platform="Darwin" cwd="/Users/scheltie/Documents/git/mscheltienne/pycrostates" machine-name="x86_64" user="" user-domain="" culture="en-US" uiculture="en-US" os-architecture="64bit" /><failure><message><![CDATA[]]></message><stack-trace><![CDATA[None]]></stack-trace></failure><reason><message><![CDATA[&#x1b;[32mINFO    &#x1b;[0m pycrostates:resample.py:170 Resampling instance into 48 resamples of 100 samples covering 80.00% of the original data.]]></message></reason><output><![CDATA[&#x1b;[32mINFO    &#x1b;[0m pycrostates:resample.py:170 Resampling instance into 48 resamples of 100 samples covering 80.00% of the original data.]]></output></test-case><test-case id="318" name="pycrostates/preprocessing/tests/test_resample.py::test_resample_n_samples_coverage[inst28-True-300-0.2]" fullname="pycrostates/preprocessing/tests/test_resample.py::test_resample_n_samples_coverage[inst28-True-300-0.2]" methodname="test_resample_n_samples_coverage[inst28-True-300-0.2]" classname="pycrostates/preprocessing/tests/test_resample.py" runstate="Runnable" seed="1" result="Passed" label="Test resampling with n_samples and coverage provided." start-time="2022-06-08 16:12:50.629343" end-time="2022-06-08 16:12:50.634918" duration="0.005575" asserts="0"><properties><property name="python-version" value="3.9.9 (main, Nov 21 2021, 03:23:42) &#10;[Clang 13.0.0 (clang-1300.0.29.3)]" /><property name="fspath" value="pycrostates/preprocessing/tests/test_resample.py" /></properties><environment framework-version="3.6.2" clr-version="3.9.9 (main, Nov 21 2021, 03:23:42) &#10;[Clang 13.0.0 (clang-1300.0.29.3)]" os-version="20.6.0" platform="Darwin" cwd="/Users/scheltie/Documents/git/mscheltienne/pycrostates" machine-name="x86_64" user="" user-domain="" culture="en-US" uiculture="en-US" os-architecture="64bit" /><failure><message><![CDATA[]]></message><stack-trace><![CDATA[None]]></stack-trace></failure><reason><message><![CDATA[&#x1b;[32mINFO    &#x1b;[0m pycrostates:resample.py:170 Resampling instance into 4 resamples of 300 samples covering 20.00% of the original data.]]></message></reason><output><![CDATA[&#x1b;[32mINFO    &#x1b;[0m pycrostates:resample.py:170 Resampling instance into 4 resamples of 300 samples covering 20.00% of the original data.]]></output></test-case><test-case id="319" name="pycrostates/preprocessing/tests/test_resample.py::test_resample_n_samples_coverage[inst29-True-300-0.4]" fullname="pycrostates/preprocessing/tests/test_resample.py::test_resample_n_samples_coverage[inst29-True-300-0.4]" methodname="test_resample_n_samples_coverage[inst29-True-300-0.4]" classname="pycrostates/preprocessing/tests/test_resample.py" runstate="Runnable" seed="1" result="Passed" label="Test resampling with n_samples and coverage provided." start-time="2022-06-08 16:12:50.635668" end-time="2022-06-08 16:12:50.641702" duration="0.006034" asserts="0"><properties><property name="python-version" value="3.9.9 (main, Nov 21 2021, 03:23:42) &#10;[Clang 13.0.0 (clang-1300.0.29.3)]" /><property name="fspath" value="pycrostates/preprocessing/tests/test_resample.py" /></properties><environment framework-version="3.6.2" clr-version="3.9.9 (main, Nov 21 2021, 03:23:42) &#10;[Clang 13.0.0 (clang-1300.0.29.3)]" os-version="20.6.0" platform="Darwin" cwd="/Users/scheltie/Documents/git/mscheltienne/pycrostates" machine-name="x86_64" user="" user-domain="" culture="en-US" uiculture="en-US" os-architecture="64bit" /><failure><message><![CDATA[]]></message><stack-trace><![CDATA[None]]></stack-trace></failure><reason><message><![CDATA[&#x1b;[32mINFO    &#x1b;[0m pycrostates:resample.py:170 Resampling instance into 8 resamples of 300 samples covering 40.00% of the original data.]]></message></reason><output><![CDATA[&#x1b;[32mINFO    &#x1b;[0m pycrostates:resample.py:170 Resampling instance into 8 resamples of 300 samples covering 40.00% of the original data.]]></output></test-case><test-case id="320" name="pycrostates/preprocessing/tests/test_resample.py::test_resample_n_samples_coverage[inst30-True-300-0.6000000000000001]" fullname="pycrostates/preprocessing/tests/test_resample.py::test_resample_n_samples_coverage[inst30-True-300-0.6000000000000001]" methodname="test_resample_n_samples_coverage[inst30-True-300-0.6000000000000001]" classname="pycrostates/preprocessing/tests/test_resample.py" runstate="Runnable" seed="1" result="Passed" label="Test resampling with n_samples and coverage provided." start-time="2022-06-08 16:12:50.642540" end-time="2022-06-08 16:12:50.648598" duration="0.006058" asserts="0"><properties><property name="python-version" value="3.9.9 (main, Nov 21 2021, 03:23:42) &#10;[Clang 13.0.0 (clang-1300.0.29.3)]" /><property name="fspath" value="pycrostates/preprocessing/tests/test_resample.py" /></properties><environment framework-version="3.6.2" clr-version="3.9.9 (main, Nov 21 2021, 03:23:42) &#10;[Clang 13.0.0 (clang-1300.0.29.3)]" os-version="20.6.0" platform="Darwin" cwd="/Users/scheltie/Documents/git/mscheltienne/pycrostates" machine-name="x86_64" user="" user-domain="" culture="en-US" uiculture="en-US" os-architecture="64bit" /><failure><message><![CDATA[]]></message><stack-trace><![CDATA[None]]></stack-trace></failure><reason><message><![CDATA[&#x1b;[32mINFO    &#x1b;[0m pycrostates:resample.py:170 Resampling instance into 12 resamples of 300 samples covering 60.00% of the original data.]]></message></reason><output><![CDATA[&#x1b;[32mINFO    &#x1b;[0m pycrostates:resample.py:170 Resampling instance into 12 resamples of 300 samples covering 60.00% of the original data.]]></output></test-case><test-case id="321" name="pycrostates/preprocessing/tests/test_resample.py::test_resample_n_samples_coverage[inst31-True-300-0.8]" fullname="pycrostates/preprocessing/tests/test_resample.py::test_resample_n_samples_coverage[inst31-True-300-0.8]" methodname="test_resample_n_samples_coverage[inst31-True-300-0.8]" classname="pycrostates/preprocessing/tests/test_resample.py" runstate="Runnable" seed="1" result="Passed" label="Test resampling with n_samples and coverage provided." start-time="2022-06-08 16:12:50.649319" end-time="2022-06-08 16:12:50.655883" duration="0.006564" asserts="0"><properties><property name="python-version" value="3.9.9 (main, Nov 21 2021, 03:23:42) &#10;[Clang 13.0.0 (clang-1300.0.29.3)]" /><property name="fspath" value="pycrostates/preprocessing/tests/test_resample.py" /></properties><environment framework-version="3.6.2" clr-version="3.9.9 (main, Nov 21 2021, 03:23:42) &#10;[Clang 13.0.0 (clang-1300.0.29.3)]" os-version="20.6.0" platform="Darwin" cwd="/Users/scheltie/Documents/git/mscheltienne/pycrostates" machine-name="x86_64" user="" user-domain="" culture="en-US" uiculture="en-US" os-architecture="64bit" /><failure><message><![CDATA[]]></message><stack-trace><![CDATA[None]]></stack-trace></failure><reason><message><![CDATA[&#x1b;[32mINFO    &#x1b;[0m pycrostates:resample.py:170 Resampling instance into 16 resamples of 300 samples covering 80.00% of the original data.]]></message></reason><output><![CDATA[&#x1b;[32mINFO    &#x1b;[0m pycrostates:resample.py:170 Resampling instance into 16 resamples of 300 samples covering 80.00% of the original data.]]></output></test-case><test-case id="322" name="pycrostates/preprocessing/tests/test_resample.py::test_resample_n_samples_coverage[inst32-True-500-0.2]" fullname="pycrostates/preprocessing/tests/test_resample.py::test_resample_n_samples_coverage[inst32-True-500-0.2]" methodname="test_resample_n_samples_coverage[inst32-True-500-0.2]" classname="pycrostates/preprocessing/tests/test_resample.py" runstate="Runnable" seed="1" result="Passed" label="Test resampling with n_samples and coverage provided." start-time="2022-06-08 16:12:50.656657" end-time="2022-06-08 16:12:50.662097" duration="0.00544" asserts="0"><properties><property name="python-version" value="3.9.9 (main, Nov 21 2021, 03:23:42) &#10;[Clang 13.0.0 (clang-1300.0.29.3)]" /><property name="fspath" value="pycrostates/preprocessing/tests/test_resample.py" /></properties><environment framework-version="3.6.2" clr-version="3.9.9 (main, Nov 21 2021, 03:23:42) &#10;[Clang 13.0.0 (clang-1300.0.29.3)]" os-version="20.6.0" platform="Darwin" cwd="/Users/scheltie/Documents/git/mscheltienne/pycrostates" machine-name="x86_64" user="" user-domain="" culture="en-US" uiculture="en-US" os-architecture="64bit" /><failure><message><![CDATA[]]></message><stack-trace><![CDATA[None]]></stack-trace></failure><reason><message><![CDATA[&#x1b;[32mINFO    &#x1b;[0m pycrostates:resample.py:170 Resampling instance into 2 resamples of 500 samples covering 20.00% of the original data.]]></message></reason><output><![CDATA[&#x1b;[32mINFO    &#x1b;[0m pycrostates:resample.py:170 Resampling instance into 2 resamples of 500 samples covering 20.00% of the original data.]]></output></test-case><test-case id="323" name="pycrostates/preprocessing/tests/test_resample.py::test_resample_n_samples_coverage[inst33-True-500-0.4]" fullname="pycrostates/preprocessing/tests/test_resample.py::test_resample_n_samples_coverage[inst33-True-500-0.4]" methodname="test_resample_n_samples_coverage[inst33-True-500-0.4]" classname="pycrostates/preprocessing/tests/test_resample.py" runstate="Runnable" seed="1" result="Passed" label="Test resampling with n_samples and coverage provided." start-time="2022-06-08 16:12:50.662838" end-time="2022-06-08 16:12:50.668400" duration="0.005562" asserts="0"><properties><property name="python-version" value="3.9.9 (main, Nov 21 2021, 03:23:42) &#10;[Clang 13.0.0 (clang-1300.0.29.3)]" /><property name="fspath" value="pycrostates/preprocessing/tests/test_resample.py" /></properties><environment framework-version="3.6.2" clr-version="3.9.9 (main, Nov 21 2021, 03:23:42) &#10;[Clang 13.0.0 (clang-1300.0.29.3)]" os-version="20.6.0" platform="Darwin" cwd="/Users/scheltie/Documents/git/mscheltienne/pycrostates" machine-name="x86_64" user="" user-domain="" culture="en-US" uiculture="en-US" os-architecture="64bit" /><failure><message><![CDATA[]]></message><stack-trace><![CDATA[None]]></stack-trace></failure><reason><message><![CDATA[&#x1b;[32mINFO    &#x1b;[0m pycrostates:resample.py:170 Resampling instance into 4 resamples of 500 samples covering 40.00% of the original data.]]></message></reason><output><![CDATA[&#x1b;[32mINFO    &#x1b;[0m pycrostates:resample.py:170 Resampling instance into 4 resamples of 500 samples covering 40.00% of the original data.]]></output></test-case><test-case id="324" name="pycrostates/preprocessing/tests/test_resample.py::test_resample_n_samples_coverage[inst34-True-500-0.6000000000000001]" fullname="pycrostates/preprocessing/tests/test_resample.py::test_resample_n_samples_coverage[inst34-True-500-0.6000000000000001]" methodname="test_resample_n_samples_coverage[inst34-True-500-0.6000000000000001]" classname="pycrostates/preprocessing/tests/test_resample.py" runstate="Runnable" seed="1" result="Passed" label="Test resampling with n_samples and coverage provided." start-time="2022-06-08 16:12:50.669139" end-time="2022-06-08 16:12:50.675006" duration="0.005867" asserts="0"><properties><property name="python-version" value="3.9.9 (main, Nov 21 2021, 03:23:42) &#10;[Clang 13.0.0 (clang-1300.0.29.3)]" /><property name="fspath" value="pycrostates/preprocessing/tests/test_resample.py" /></properties><environment framework-version="3.6.2" clr-version="3.9.9 (main, Nov 21 2021, 03:23:42) &#10;[Clang 13.0.0 (clang-1300.0.29.3)]" os-version="20.6.0" platform="Darwin" cwd="/Users/scheltie/Documents/git/mscheltienne/pycrostates" machine-name="x86_64" user="" user-domain="" culture="en-US" uiculture="en-US" os-architecture="64bit" /><failure><message><![CDATA[]]></message><stack-trace><![CDATA[None]]></stack-trace></failure><reason><message><![CDATA[&#x1b;[32mINFO    &#x1b;[0m pycrostates:resample.py:170 Resampling instance into 7 resamples of 500 samples covering 60.00% of the original data.]]></message></reason><output><![CDATA[&#x1b;[32mINFO    &#x1b;[0m pycrostates:resample.py:170 Resampling instance into 7 resamples of 500 samples covering 60.00% of the original data.]]></output></test-case><test-case id="325" name="pycrostates/preprocessing/tests/test_resample.py::test_resample_n_samples_coverage[inst35-True-500-0.8]" fullname="pycrostates/preprocessing/tests/test_resample.py::test_resample_n_samples_coverage[inst35-True-500-0.8]" methodname="test_resample_n_samples_coverage[inst35-True-500-0.8]" classname="pycrostates/preprocessing/tests/test_resample.py" runstate="Runnable" seed="1" result="Passed" label="Test resampling with n_samples and coverage provided." start-time="2022-06-08 16:12:50.675784" end-time="2022-06-08 16:12:50.681914" duration="0.00613" asserts="0"><properties><property name="python-version" value="3.9.9 (main, Nov 21 2021, 03:23:42) &#10;[Clang 13.0.0 (clang-1300.0.29.3)]" /><property name="fspath" value="pycrostates/preprocessing/tests/test_resample.py" /></properties><environment framework-version="3.6.2" clr-version="3.9.9 (main, Nov 21 2021, 03:23:42) &#10;[Clang 13.0.0 (clang-1300.0.29.3)]" os-version="20.6.0" platform="Darwin" cwd="/Users/scheltie/Documents/git/mscheltienne/pycrostates" machine-name="x86_64" user="" user-domain="" culture="en-US" uiculture="en-US" os-architecture="64bit" /><failure><message><![CDATA[]]></message><stack-trace><![CDATA[None]]></stack-trace></failure><reason><message><![CDATA[&#x1b;[32mINFO    &#x1b;[0m pycrostates:resample.py:170 Resampling instance into 9 resamples of 500 samples covering 80.00% of the original data.]]></message></reason><output><![CDATA[&#x1b;[32mINFO    &#x1b;[0m pycrostates:resample.py:170 Resampling instance into 9 resamples of 500 samples covering 80.00% of the original data.]]></output></test-case><test-case id="326" name="pycrostates/preprocessing/tests/test_resample.py::test_resample_n_samples_coverage[inst36-False-100-0.2]" fullname="pycrostates/preprocessing/tests/test_resample.py::test_resample_n_samples_coverage[inst36-False-100-0.2]" methodname="test_resample_n_samples_coverage[inst36-False-100-0.2]" classname="pycrostates/preprocessing/tests/test_resample.py" runstate="Runnable" seed="1" result="Passed" label="Test resampling with n_samples and coverage provided." start-time="2022-06-08 16:12:50.682658" end-time="2022-06-08 16:12:50.688701" duration="0.006043" asserts="0"><properties><property name="python-version" value="3.9.9 (main, Nov 21 2021, 03:23:42) &#10;[Clang 13.0.0 (clang-1300.0.29.3)]" /><property name="fspath" value="pycrostates/preprocessing/tests/test_resample.py" /></properties><environment framework-version="3.6.2" clr-version="3.9.9 (main, Nov 21 2021, 03:23:42) &#10;[Clang 13.0.0 (clang-1300.0.29.3)]" os-version="20.6.0" platform="Darwin" cwd="/Users/scheltie/Documents/git/mscheltienne/pycrostates" machine-name="x86_64" user="" user-domain="" culture="en-US" uiculture="en-US" os-architecture="64bit" /><failure><message><![CDATA[]]></message><stack-trace><![CDATA[None]]></stack-trace></failure><reason><message><![CDATA[&#x1b;[32mINFO    &#x1b;[0m pycrostates:resample.py:170 Resampling instance into 12 resamples of 100 samples covering 20.00% of the original data.]]></message></reason><output><![CDATA[&#x1b;[32mINFO    &#x1b;[0m pycrostates:resample.py:170 Resampling instance into 12 resamples of 100 samples covering 20.00% of the original data.]]></output></test-case><test-case id="327" name="pycrostates/preprocessing/tests/test_resample.py::test_resample_n_samples_coverage[inst37-False-100-0.4]" fullname="pycrostates/preprocessing/tests/test_resample.py::test_resample_n_samples_coverage[inst37-False-100-0.4]" methodname="test_resample_n_samples_coverage[inst37-False-100-0.4]" classname="pycrostates/preprocessing/tests/test_resample.py" runstate="Runnable" seed="1" result="Passed" label="Test resampling with n_samples and coverage provided." start-time="2022-06-08 16:12:50.689452" end-time="2022-06-08 16:12:50.696412" duration="0.00696" asserts="0"><properties><property name="python-version" value="3.9.9 (main, Nov 21 2021, 03:23:42) &#10;[Clang 13.0.0 (clang-1300.0.29.3)]" /><property name="fspath" value="pycrostates/preprocessing/tests/test_resample.py" /></properties><environment framework-version="3.6.2" clr-version="3.9.9 (main, Nov 21 2021, 03:23:42) &#10;[Clang 13.0.0 (clang-1300.0.29.3)]" os-version="20.6.0" platform="Darwin" cwd="/Users/scheltie/Documents/git/mscheltienne/pycrostates" machine-name="x86_64" user="" user-domain="" culture="en-US" uiculture="en-US" os-architecture="64bit" /><failure><message><![CDATA[]]></message><stack-trace><![CDATA[None]]></stack-trace></failure><reason><message><![CDATA[&#x1b;[32mINFO    &#x1b;[0m pycrostates:resample.py:170 Resampling instance into 24 resamples of 100 samples covering 40.00% of the original data.]]></message></reason><output><![CDATA[&#x1b;[32mINFO    &#x1b;[0m pycrostates:resample.py:170 Resampling instance into 24 resamples of 100 samples covering 40.00% of the original data.]]></output></test-case><test-case id="328" name="pycrostates/preprocessing/tests/test_resample.py::test_resample_n_samples_coverage[inst38-False-100-0.6000000000000001]" fullname="pycrostates/preprocessing/tests/test_resample.py::test_resample_n_samples_coverage[inst38-False-100-0.6000000000000001]" methodname="test_resample_n_samples_coverage[inst38-False-100-0.6000000000000001]" classname="pycrostates/preprocessing/tests/test_resample.py" runstate="Runnable" seed="1" result="Passed" label="Test resampling with n_samples and coverage provided." start-time="2022-06-08 16:12:50.697145" end-time="2022-06-08 16:12:50.704660" duration="0.007515" asserts="0"><properties><property name="python-version" value="3.9.9 (main, Nov 21 2021, 03:23:42) &#10;[Clang 13.0.0 (clang-1300.0.29.3)]" /><property name="fspath" value="pycrostates/preprocessing/tests/test_resample.py" /></properties><environment framework-version="3.6.2" clr-version="3.9.9 (main, Nov 21 2021, 03:23:42) &#10;[Clang 13.0.0 (clang-1300.0.29.3)]" os-version="20.6.0" platform="Darwin" cwd="/Users/scheltie/Documents/git/mscheltienne/pycrostates" machine-name="x86_64" user="" user-domain="" culture="en-US" uiculture="en-US" os-architecture="64bit" /><failure><message><![CDATA[]]></message><stack-trace><![CDATA[None]]></stack-trace></failure><reason><message><![CDATA[&#x1b;[32mINFO    &#x1b;[0m pycrostates:resample.py:170 Resampling instance into 36 resamples of 100 samples covering 60.00% of the original data.]]></message></reason><output><![CDATA[&#x1b;[32mINFO    &#x1b;[0m pycrostates:resample.py:170 Resampling instance into 36 resamples of 100 samples covering 60.00% of the original data.]]></output></test-case><test-case id="329" name="pycrostates/preprocessing/tests/test_resample.py::test_resample_n_samples_coverage[inst39-False-100-0.8]" fullname="pycrostates/preprocessing/tests/test_resample.py::test_resample_n_samples_coverage[inst39-False-100-0.8]" methodname="test_resample_n_samples_coverage[inst39-False-100-0.8]" classname="pycrostates/preprocessing/tests/test_resample.py" runstate="Runnable" seed="1" result="Passed" label="Test resampling with n_samples and coverage provided." start-time="2022-06-08 16:12:50.705431" end-time="2022-06-08 16:12:50.714360" duration="0.008929" asserts="0"><properties><property name="python-version" value="3.9.9 (main, Nov 21 2021, 03:23:42) &#10;[Clang 13.0.0 (clang-1300.0.29.3)]" /><property name="fspath" value="pycrostates/preprocessing/tests/test_resample.py" /></properties><environment framework-version="3.6.2" clr-version="3.9.9 (main, Nov 21 2021, 03:23:42) &#10;[Clang 13.0.0 (clang-1300.0.29.3)]" os-version="20.6.0" platform="Darwin" cwd="/Users/scheltie/Documents/git/mscheltienne/pycrostates" machine-name="x86_64" user="" user-domain="" culture="en-US" uiculture="en-US" os-architecture="64bit" /><failure><message><![CDATA[]]></message><stack-trace><![CDATA[None]]></stack-trace></failure><reason><message><![CDATA[&#x1b;[32mINFO    &#x1b;[0m pycrostates:resample.py:170 Resampling instance into 48 resamples of 100 samples covering 80.00% of the original data.]]></message></reason><output><![CDATA[&#x1b;[32mINFO    &#x1b;[0m pycrostates:resample.py:170 Resampling instance into 48 resamples of 100 samples covering 80.00% of the original data.]]></output></test-case><test-case id="330" name="pycrostates/preprocessing/tests/test_resample.py::test_resample_n_samples_coverage[inst40-False-300-0.2]" fullname="pycrostates/preprocessing/tests/test_resample.py::test_resample_n_samples_coverage[inst40-False-300-0.2]" methodname="test_resample_n_samples_coverage[inst40-False-300-0.2]" classname="pycrostates/preprocessing/tests/test_resample.py" runstate="Runnable" seed="1" result="Passed" label="Test resampling with n_samples and coverage provided." start-time="2022-06-08 16:12:50.715137" end-time="2022-06-08 16:12:50.720586" duration="0.005449" asserts="0"><properties><property name="python-version" value="3.9.9 (main, Nov 21 2021, 03:23:42) &#10;[Clang 13.0.0 (clang-1300.0.29.3)]" /><property name="fspath" value="pycrostates/preprocessing/tests/test_resample.py" /></properties><environment framework-version="3.6.2" clr-version="3.9.9 (main, Nov 21 2021, 03:23:42) &#10;[Clang 13.0.0 (clang-1300.0.29.3)]" os-version="20.6.0" platform="Darwin" cwd="/Users/scheltie/Documents/git/mscheltienne/pycrostates" machine-name="x86_64" user="" user-domain="" culture="en-US" uiculture="en-US" os-architecture="64bit" /><failure><message><![CDATA[]]></message><stack-trace><![CDATA[None]]></stack-trace></failure><reason><message><![CDATA[&#x1b;[32mINFO    &#x1b;[0m pycrostates:resample.py:170 Resampling instance into 4 resamples of 300 samples covering 20.00% of the original data.]]></message></reason><output><![CDATA[&#x1b;[32mINFO    &#x1b;[0m pycrostates:resample.py:170 Resampling instance into 4 resamples of 300 samples covering 20.00% of the original data.]]></output></test-case><test-case id="331" name="pycrostates/preprocessing/tests/test_resample.py::test_resample_n_samples_coverage[inst41-False-300-0.4]" fullname="pycrostates/preprocessing/tests/test_resample.py::test_resample_n_samples_coverage[inst41-False-300-0.4]" methodname="test_resample_n_samples_coverage[inst41-False-300-0.4]" classname="pycrostates/preprocessing/tests/test_resample.py" runstate="Runnable" seed="1" result="Passed" label="Test resampling with n_samples and coverage provided." start-time="2022-06-08 16:12:50.721301" end-time="2022-06-08 16:12:50.727569" duration="0.006268" asserts="0"><properties><property name="python-version" value="3.9.9 (main, Nov 21 2021, 03:23:42) &#10;[Clang 13.0.0 (clang-1300.0.29.3)]" /><property name="fspath" value="pycrostates/preprocessing/tests/test_resample.py" /></properties><environment framework-version="3.6.2" clr-version="3.9.9 (main, Nov 21 2021, 03:23:42) &#10;[Clang 13.0.0 (clang-1300.0.29.3)]" os-version="20.6.0" platform="Darwin" cwd="/Users/scheltie/Documents/git/mscheltienne/pycrostates" machine-name="x86_64" user="" user-domain="" culture="en-US" uiculture="en-US" os-architecture="64bit" /><failure><message><![CDATA[]]></message><stack-trace><![CDATA[None]]></stack-trace></failure><reason><message><![CDATA[&#x1b;[32mINFO    &#x1b;[0m pycrostates:resample.py:170 Resampling instance into 8 resamples of 300 samples covering 40.00% of the original data.]]></message></reason><output><![CDATA[&#x1b;[32mINFO    &#x1b;[0m pycrostates:resample.py:170 Resampling instance into 8 resamples of 300 samples covering 40.00% of the original data.]]></output></test-case><test-case id="332" name="pycrostates/preprocessing/tests/test_resample.py::test_resample_n_samples_coverage[inst42-False-300-0.6000000000000001]" fullname="pycrostates/preprocessing/tests/test_resample.py::test_resample_n_samples_coverage[inst42-False-300-0.6000000000000001]" methodname="test_resample_n_samples_coverage[inst42-False-300-0.6000000000000001]" classname="pycrostates/preprocessing/tests/test_resample.py" runstate="Runnable" seed="1" result="Passed" label="Test resampling with n_samples and coverage provided." start-time="2022-06-08 16:12:50.728329" end-time="2022-06-08 16:12:50.734748" duration="0.006419" asserts="0"><properties><property name="python-version" value="3.9.9 (main, Nov 21 2021, 03:23:42) &#10;[Clang 13.0.0 (clang-1300.0.29.3)]" /><property name="fspath" value="pycrostates/preprocessing/tests/test_resample.py" /></properties><environment framework-version="3.6.2" clr-version="3.9.9 (main, Nov 21 2021, 03:23:42) &#10;[Clang 13.0.0 (clang-1300.0.29.3)]" os-version="20.6.0" platform="Darwin" cwd="/Users/scheltie/Documents/git/mscheltienne/pycrostates" machine-name="x86_64" user="" user-domain="" culture="en-US" uiculture="en-US" os-architecture="64bit" /><failure><message><![CDATA[]]></message><stack-trace><![CDATA[None]]></stack-trace></failure><reason><message><![CDATA[&#x1b;[32mINFO    &#x1b;[0m pycrostates:resample.py:170 Resampling instance into 12 resamples of 300 samples covering 60.00% of the original data.]]></message></reason><output><![CDATA[&#x1b;[32mINFO    &#x1b;[0m pycrostates:resample.py:170 Resampling instance into 12 resamples of 300 samples covering 60.00% of the original data.]]></output></test-case><test-case id="333" name="pycrostates/preprocessing/tests/test_resample.py::test_resample_n_samples_coverage[inst43-False-300-0.8]" fullname="pycrostates/preprocessing/tests/test_resample.py::test_resample_n_samples_coverage[inst43-False-300-0.8]" methodname="test_resample_n_samples_coverage[inst43-False-300-0.8]" classname="pycrostates/preprocessing/tests/test_resample.py" runstate="Runnable" seed="1" result="Passed" label="Test resampling with n_samples and coverage provided." start-time="2022-06-08 16:12:50.735490" end-time="2022-06-08 16:12:50.742169" duration="0.006679" asserts="0"><properties><property name="python-version" value="3.9.9 (main, Nov 21 2021, 03:23:42) &#10;[Clang 13.0.0 (clang-1300.0.29.3)]" /><property name="fspath" value="pycrostates/preprocessing/tests/test_resample.py" /></properties><environment framework-version="3.6.2" clr-version="3.9.9 (main, Nov 21 2021, 03:23:42) &#10;[Clang 13.0.0 (clang-1300.0.29.3)]" os-version="20.6.0" platform="Darwin" cwd="/Users/scheltie/Documents/git/mscheltienne/pycrostates" machine-name="x86_64" user="" user-domain="" culture="en-US" uiculture="en-US" os-architecture="64bit" /><failure><message><![CDATA[]]></message><stack-trace><![CDATA[None]]></stack-trace></failure><reason><message><![CDATA[&#x1b;[32mINFO    &#x1b;[0m pycrostates:resample.py:170 Resampling instance into 16 resamples of 300 samples covering 80.00% of the original data.]]></message></reason><output><![CDATA[&#x1b;[32mINFO    &#x1b;[0m pycrostates:resample.py:170 Resampling instance into 16 resamples of 300 samples covering 80.00% of the original data.]]></output></test-case><test-case id="334" name="pycrostates/preprocessing/tests/test_resample.py::test_resample_n_samples_coverage[inst44-False-500-0.2]" fullname="pycrostates/preprocessing/tests/test_resample.py::test_resample_n_samples_coverage[inst44-False-500-0.2]" methodname="test_resample_n_samples_coverage[inst44-False-500-0.2]" classname="pycrostates/preprocessing/tests/test_resample.py" runstate="Runnable" seed="1" result="Passed" label="Test resampling with n_samples and coverage provided." start-time="2022-06-08 16:12:50.742947" end-time="2022-06-08 16:12:50.748301" duration="0.005354" asserts="0"><properties><property name="python-version" value="3.9.9 (main, Nov 21 2021, 03:23:42) &#10;[Clang 13.0.0 (clang-1300.0.29.3)]" /><property name="fspath" value="pycrostates/preprocessing/tests/test_resample.py" /></properties><environment framework-version="3.6.2" clr-version="3.9.9 (main, Nov 21 2021, 03:23:42) &#10;[Clang 13.0.0 (clang-1300.0.29.3)]" os-version="20.6.0" platform="Darwin" cwd="/Users/scheltie/Documents/git/mscheltienne/pycrostates" machine-name="x86_64" user="" user-domain="" culture="en-US" uiculture="en-US" os-architecture="64bit" /><failure><message><![CDATA[]]></message><stack-trace><![CDATA[None]]></stack-trace></failure><reason><message><![CDATA[&#x1b;[32mINFO    &#x1b;[0m pycrostates:resample.py:170 Resampling instance into 2 resamples of 500 samples covering 20.00% of the original data.]]></message></reason><output><![CDATA[&#x1b;[32mINFO    &#x1b;[0m pycrostates:resample.py:170 Resampling instance into 2 resamples of 500 samples covering 20.00% of the original data.]]></output></test-case><test-case id="335" name="pycrostates/preprocessing/tests/test_resample.py::test_resample_n_samples_coverage[inst45-False-500-0.4]" fullname="pycrostates/preprocessing/tests/test_resample.py::test_resample_n_samples_coverage[inst45-False-500-0.4]" methodname="test_resample_n_samples_coverage[inst45-False-500-0.4]" classname="pycrostates/preprocessing/tests/test_resample.py" runstate="Runnable" seed="1" result="Passed" label="Test resampling with n_samples and coverage provided." start-time="2022-06-08 16:12:50.749034" end-time="2022-06-08 16:12:50.754520" duration="0.005486" asserts="0"><properties><property name="python-version" value="3.9.9 (main, Nov 21 2021, 03:23:42) &#10;[Clang 13.0.0 (clang-1300.0.29.3)]" /><property name="fspath" value="pycrostates/preprocessing/tests/test_resample.py" /></properties><environment framework-version="3.6.2" clr-version="3.9.9 (main, Nov 21 2021, 03:23:42) &#10;[Clang 13.0.0 (clang-1300.0.29.3)]" os-version="20.6.0" platform="Darwin" cwd="/Users/scheltie/Documents/git/mscheltienne/pycrostates" machine-name="x86_64" user="" user-domain="" culture="en-US" uiculture="en-US" os-architecture="64bit" /><failure><message><![CDATA[]]></message><stack-trace><![CDATA[None]]></stack-trace></failure><reason><message><![CDATA[&#x1b;[32mINFO    &#x1b;[0m pycrostates:resample.py:170 Resampling instance into 4 resamples of 500 samples covering 40.00% of the original data.]]></message></reason><output><![CDATA[&#x1b;[32mINFO    &#x1b;[0m pycrostates:resample.py:170 Resampling instance into 4 resamples of 500 samples covering 40.00% of the original data.]]></output></test-case><test-case id="336" name="pycrostates/preprocessing/tests/test_resample.py::test_resample_n_samples_coverage[inst46-False-500-0.6000000000000001]" fullname="pycrostates/preprocessing/tests/test_resample.py::test_resample_n_samples_coverage[inst46-False-500-0.6000000000000001]" methodname="test_resample_n_samples_coverage[inst46-False-500-0.6000000000000001]" classname="pycrostates/preprocessing/tests/test_resample.py" runstate="Runnable" seed="1" result="Passed" label="Test resampling with n_samples and coverage provided." start-time="2022-06-08 16:12:50.755260" end-time="2022-06-08 16:12:50.761395" duration="0.006135" asserts="0"><properties><property name="python-version" value="3.9.9 (main, Nov 21 2021, 03:23:42) &#10;[Clang 13.0.0 (clang-1300.0.29.3)]" /><property name="fspath" value="pycrostates/preprocessing/tests/test_resample.py" /></properties><environment framework-version="3.6.2" clr-version="3.9.9 (main, Nov 21 2021, 03:23:42) &#10;[Clang 13.0.0 (clang-1300.0.29.3)]" os-version="20.6.0" platform="Darwin" cwd="/Users/scheltie/Documents/git/mscheltienne/pycrostates" machine-name="x86_64" user="" user-domain="" culture="en-US" uiculture="en-US" os-architecture="64bit" /><failure><message><![CDATA[]]></message><stack-trace><![CDATA[None]]></stack-trace></failure><reason><message><![CDATA[&#x1b;[32mINFO    &#x1b;[0m pycrostates:resample.py:170 Resampling instance into 7 resamples of 500 samples covering 60.00% of the original data.]]></message></reason><output><![CDATA[&#x1b;[32mINFO    &#x1b;[0m pycrostates:resample.py:170 Resampling instance into 7 resamples of 500 samples covering 60.00% of the original data.]]></output></test-case><test-case id="337" name="pycrostates/preprocessing/tests/test_resample.py::test_resample_n_samples_coverage[inst47-False-500-0.8]" fullname="pycrostates/preprocessing/tests/test_resample.py::test_resample_n_samples_coverage[inst47-False-500-0.8]" methodname="test_resample_n_samples_coverage[inst47-False-500-0.8]" classname="pycrostates/preprocessing/tests/test_resample.py" runstate="Runnable" seed="1" result="Passed" label="Test resampling with n_samples and coverage provided." start-time="2022-06-08 16:12:50.762156" end-time="2022-06-08 16:12:50.768491" duration="0.006335" asserts="0"><properties><property name="python-version" value="3.9.9 (main, Nov 21 2021, 03:23:42) &#10;[Clang 13.0.0 (clang-1300.0.29.3)]" /><property name="fspath" value="pycrostates/preprocessing/tests/test_resample.py" /></properties><environment framework-version="3.6.2" clr-version="3.9.9 (main, Nov 21 2021, 03:23:42) &#10;[Clang 13.0.0 (clang-1300.0.29.3)]" os-version="20.6.0" platform="Darwin" cwd="/Users/scheltie/Documents/git/mscheltienne/pycrostates" machine-name="x86_64" user="" user-domain="" culture="en-US" uiculture="en-US" os-architecture="64bit" /><failure><message><![CDATA[]]></message><stack-trace><![CDATA[None]]></stack-trace></failure><reason><message><![CDATA[&#x1b;[32mINFO    &#x1b;[0m pycrostates:resample.py:170 Resampling instance into 9 resamples of 500 samples covering 80.00% of the original data.]]></message></reason><output><![CDATA[&#x1b;[32mINFO    &#x1b;[0m pycrostates:resample.py:170 Resampling instance into 9 resamples of 500 samples covering 80.00% of the original data.]]></output></test-case><test-case id="338" name="pycrostates/preprocessing/tests/test_resample.py::test_resample_raw_noreplace_error" fullname="pycrostates/preprocessing/tests/test_resample.py::test_resample_raw_noreplace_error" methodname="test_resample_raw_noreplace_error" classname="pycrostates/preprocessing/tests/test_resample.py" runstate="Runnable" seed="1" result="Passed" label="Test error raised when replace is False and not enough samples are&#10;    available." start-time="2022-06-08 16:12:50.768973" end-time="2022-06-08 16:12:52.197758" duration="1.428785" asserts="0"><properties><property name="python-version" value="3.9.9 (main, Nov 21 2021, 03:23:42) &#10;[Clang 13.0.0 (clang-1300.0.29.3)]" /><property name="fspath" value="pycrostates/preprocessing/tests/test_resample.py" /></properties><environment framework-version="3.6.2" clr-version="3.9.9 (main, Nov 21 2021, 03:23:42) &#10;[Clang 13.0.0 (clang-1300.0.29.3)]" os-version="20.6.0" platform="Darwin" cwd="/Users/scheltie/Documents/git/mscheltienne/pycrostates" machine-name="x86_64" user="" user-domain="" culture="en-US" uiculture="en-US" os-architecture="64bit" /><failure><message><![CDATA[]]></message><stack-trace><![CDATA[None]]></stack-trace></failure><reason><message><![CDATA[&#x1b;[32mINFO    &#x1b;[0m pycrostates:resample.py:170 Resampling instance into 1000 resamples of 5000 samples covering 0.12% of the original data.]]></message></reason><output><![CDATA[&#x1b;[32mINFO    &#x1b;[0m pycrostates:resample.py:170 Resampling instance into 1000 resamples of 5000 samples covering 0.12% of the original data.]]></output></test-case><test-case id="339" name="pycrostates/preprocessing/tests/test_resample.py::test_n_resamples_n_samples_coverage_errors" fullname="pycrostates/preprocessing/tests/test_resample.py::test_n_resamples_n_samples_coverage_errors" methodname="test_n_resamples_n_samples_coverage_errors" classname="pycrostates/preprocessing/tests/test_resample.py" runstate="Runnable" seed="1" result="Passed" label="Test error raised by wrong combination of n_resamples, n_samples and&#10;    coverage." start-time="2022-06-08 16:12:52.198349" end-time="2022-06-08 16:12:52.199836" duration="0.001487" asserts="0"><properties><property name="python-version" value="3.9.9 (main, Nov 21 2021, 03:23:42) &#10;[Clang 13.0.0 (clang-1300.0.29.3)]" /><property name="fspath" value="pycrostates/preprocessing/tests/test_resample.py" /></properties><environment framework-version="3.6.2" clr-version="3.9.9 (main, Nov 21 2021, 03:23:42) &#10;[Clang 13.0.0 (clang-1300.0.29.3)]" os-version="20.6.0" platform="Darwin" cwd="/Users/scheltie/Documents/git/mscheltienne/pycrostates" machine-name="x86_64" user="" user-domain="" culture="en-US" uiculture="en-US" os-architecture="64bit" /><failure><message><![CDATA[]]></message><stack-trace><![CDATA[None]]></stack-trace></failure><reason><message><![CDATA[]]></message></reason><output><![CDATA[]]></output></test-case><environment framework-version="3.6.2" clr-version="3.9.9 (main, Nov 21 2021, 03:23:42) &#10;[Clang 13.0.0 (clang-1300.0.29.3)]" os-version="20.6.0" platform="Darwin" cwd="/Users/scheltie/Documents/git/mscheltienne/pycrostates" machine-name="x86_64" user="" user-domain="" culture="en-US" uiculture="en-US" os-architecture="64bit" /></test-suite><test-suite id="pycrostates/utils/tests/test_docs.py" name="pycrostates/utils/tests/test_docs.py" fullname="pycrostates/utils/tests/test_docs.py" methodname="" classname="" runstate="Runnable" type="Assembly" testcasecount="2" result="Passed" label="Test _docs.py" start-time="2022-06-08 16:12:54.944506" end-time="2022-06-08 16:12:54.945619" duration="0.001113" asserts="0" total="2" passed="2" failed="0" warnings="0" inconclusive="0" skipped="0"><properties><property name="python_version" value="3.9.9 (main, Nov 21 2021, 03:23:42) &#10;[Clang 13.0.0 (clang-1300.0.29.3)]" /></properties><test-case id="361" name="pycrostates/utils/tests/test_docs.py::test_fill_doc" fullname="pycrostates/utils/tests/test_docs.py::test_fill_doc" methodname="test_fill_doc" classname="pycrostates/utils/tests/test_docs.py" runstate="Runnable" seed="1" result="Passed" label="Test decorator to fill docstring." start-time="2022-06-08 16:12:54.944506" end-time="2022-06-08 16:12:54.944900" duration="0.000394" asserts="0"><properties><property name="python-version" value="3.9.9 (main, Nov 21 2021, 03:23:42) &#10;[Clang 13.0.0 (clang-1300.0.29.3)]" /><property name="fspath" value="pycrostates/utils/tests/test_docs.py" /></properties><environment framework-version="3.6.2" clr-version="3.9.9 (main, Nov 21 2021, 03:23:42) &#10;[Clang 13.0.0 (clang-1300.0.29.3)]" os-version="20.6.0" platform="Darwin" cwd="/Users/scheltie/Documents/git/mscheltienne/pycrostates" machine-name="x86_64" user="" user-domain="" culture="en-US" uiculture="en-US" os-architecture="64bit" /><failure><message><![CDATA[]]></message><stack-trace><![CDATA[None]]></stack-trace></failure><reason><message><![CDATA[]]></message></reason><output><![CDATA[]]></output></test-case><test-case id="362" name="pycrostates/utils/tests/test_docs.py::test_copy_doc" fullname="pycrostates/utils/tests/test_docs.py::test_copy_doc" methodname="test_copy_doc" classname="pycrostates/utils/tests/test_docs.py" runstate="Runnable" seed="1" result="Passed" label="Test decorator to copy docstring." start-time="2022-06-08 16:12:54.945250" end-time="2022-06-08 16:12:54.945619" duration="0.000369" asserts="0"><properties><property name="python-version" value="3.9.9 (main, Nov 21 2021, 03:23:42) &#10;[Clang 13.0.0 (clang-1300.0.29.3)]" /><property name="fspath" value="pycrostates/utils/tests/test_docs.py" /></properties><environment framework-version="3.6.2" clr-version="3.9.9 (main, Nov 21 2021, 03:23:42) &#10;[Clang 13.0.0 (clang-1300.0.29.3)]" os-version="20.6.0" platform="Darwin" cwd="/Users/scheltie/Documents/git/mscheltienne/pycrostates" machine-name="x86_64" user="" user-domain="" culture="en-US" uiculture="en-US" os-architecture="64bit" /><failure><message><![CDATA[]]></message><stack-trace><![CDATA[None]]></stack-trace></failure><reason><message><![CDATA[]]></message></reason><output><![CDATA[]]></output></test-case><environment framework-version="3.6.2" clr-version="3.9.9 (main, Nov 21 2021, 03:23:42) &#10;[Clang 13.0.0 (clang-1300.0.29.3)]" os-version="20.6.0" platform="Darwin" cwd="/Users/scheltie/Documents/git/mscheltienne/pycrostates" machine-name="x86_64" user="" user-domain="" culture="en-US" uiculture="en-US" os-architecture="64bit" /></test-suite><test-suite id="pycrostates/segmentation/tests/test_segmentation.py" name="pycrostates/segmentation/tests/test_segmentation.py" fullname="pycrostates/segmentation/tests/test_segmentation.py" methodname="" classname="" runstate="Runnable" type="Assembly" testcasecount="12" result="Passed" label="" start-time="2022-06-08 16:12:52.201092" end-time="2022-06-08 16:12:53.588296" duration="1.387204" asserts="0" total="12" passed="12" failed="0" warnings="0" inconclusive="0" skipped="0"><properties><property name="python_version" value="3.9.9 (main, Nov 21 2021, 03:23:42) &#10;[Clang 13.0.0 (clang-1300.0.29.3)]" /></properties><test-case id="340" name="pycrostates/segmentation/tests/test_segmentation.py::test_properties[ModK0-inst0]" fullname="pycrostates/segmentation/tests/test_segmentation.py::test_properties[ModK0-inst0]" methodname="test_properties[ModK0-inst0]" classname="pycrostates/segmentation/tests/test_segmentation.py" runstate="Runnable" seed="1" result="Passed" label="Test properties from segmentation." start-time="2022-06-08 16:12:52.201092" end-time="2022-06-08 16:12:52.229624" duration="0.028532" asserts="0"><properties><property name="python-version" value="3.9.9 (main, Nov 21 2021, 03:23:42) &#10;[Clang 13.0.0 (clang-1300.0.29.3)]" /><property name="fspath" value="pycrostates/segmentation/tests/test_segmentation.py" /></properties><environment framework-version="3.6.2" clr-version="3.9.9 (main, Nov 21 2021, 03:23:42) &#10;[Clang 13.0.0 (clang-1300.0.29.3)]" os-version="20.6.0" platform="Darwin" cwd="/Users/scheltie/Documents/git/mscheltienne/pycrostates" machine-name="x86_64" user="" user-domain="" culture="en-US" uiculture="en-US" os-architecture="64bit" /><failure><message><![CDATA[]]></message><stack-trace><![CDATA[None]]></stack-trace></failure><reason><message><![CDATA[&#x1b;[32mINFO    &#x1b;[0m pycrostates:_base.py:611 Segmenting data without smoothing.
&#x1b;[32mINFO    &#x1b;[0m pycrostates:_base.py:625 Rejecting first and last segments.
&#x1b;[32mINFO    &#x1b;[0m pycrostates:_base.py:611 Segmenting data without smoothing.
&#x1b;[32mINFO    &#x1b;[0m pycrostates:_base.py:625 Rejecting first and last segments.
&#x1b;[32mINFO    &#x1b;[0m pycrostates:segmentation.py:281 Argument 'predict_parameters' was not provided when creating the segmentation.
&#x1b;[32mINFO    &#x1b;[0m pycrostates:_base.py:611 Segmenting data without smoothing.
&#x1b;[32mINFO    &#x1b;[0m pycrostates:_base.py:625 Rejecting first and last segments.]]></message></reason><output><![CDATA[&#x1b;[32mINFO    &#x1b;[0m pycrostates:_base.py:611 Segmenting data without smoothing.
&#x1b;[32mINFO    &#x1b;[0m pycrostates:_base.py:625 Rejecting first and last segments.
&#x1b;[32mINFO    &#x1b;[0m pycrostates:_base.py:611 Segmenting data without smoothing.
&#x1b;[32mINFO    &#x1b;[0m pycrostates:_base.py:625 Rejecting first and last segments.
&#x1b;[32mINFO    &#x1b;[0m pycrostates:segmentation.py:281 Argument 'predict_parameters' was not provided when creating the segmentation.
&#x1b;[32mINFO    &#x1b;[0m pycrostates:_base.py:611 Segmenting data without smoothing.
&#x1b;[32mINFO    &#x1b;[0m pycrostates:_base.py:625 Rejecting first and last segments.]]></output></test-case><test-case id="341" name="pycrostates/segmentation/tests/test_segmentation.py::test_properties[ModK1-inst1]" fullname="pycrostates/segmentation/tests/test_segmentation.py::test_properties[ModK1-inst1]" methodname="test_properties[ModK1-inst1]" classname="pycrostates/segmentation/tests/test_segmentation.py" runstate="Runnable" seed="1" result="Passed" label="Test properties from segmentation." start-time="2022-06-08 16:12:52.230371" end-time="2022-06-08 16:12:52.257602" duration="0.027231" asserts="0"><properties><property name="python-version" value="3.9.9 (main, Nov 21 2021, 03:23:42) &#10;[Clang 13.0.0 (clang-1300.0.29.3)]" /><property name="fspath" value="pycrostates/segmentation/tests/test_segmentation.py" /></properties><environment framework-version="3.6.2" clr-version="3.9.9 (main, Nov 21 2021, 03:23:42) &#10;[Clang 13.0.0 (clang-1300.0.29.3)]" os-version="20.6.0" platform="Darwin" cwd="/Users/scheltie/Documents/git/mscheltienne/pycrostates" machine-name="x86_64" user="" user-domain="" culture="en-US" uiculture="en-US" os-architecture="64bit" /><failure><message><![CDATA[]]></message><stack-trace><![CDATA[None]]></stack-trace></failure><reason><message><![CDATA[&#x1b;[32mINFO    &#x1b;[0m pycrostates:_base.py:611 Segmenting data without smoothing.
&#x1b;[32mINFO    &#x1b;[0m pycrostates:_base.py:625 Rejecting first and last segments.
&#x1b;[32mINFO    &#x1b;[0m pycrostates:_base.py:611 Segmenting data without smoothing.
&#x1b;[32mINFO    &#x1b;[0m pycrostates:_base.py:625 Rejecting first and last segments.
&#x1b;[32mINFO    &#x1b;[0m pycrostates:segmentation.py:281 Argument 'predict_parameters' was not provided when creating the segmentation.
&#x1b;[32mINFO    &#x1b;[0m pycrostates:_base.py:611 Segmenting data without smoothing.
&#x1b;[32mINFO    &#x1b;[0m pycrostates:_base.py:625 Rejecting first and last segments.]]></message></reason><output><![CDATA[&#x1b;[32mINFO    &#x1b;[0m pycrostates:_base.py:611 Segmenting data without smoothing.
&#x1b;[32mINFO    &#x1b;[0m pycrostates:_base.py:625 Rejecting first and last segments.
&#x1b;[32mINFO    &#x1b;[0m pycrostates:_base.py:611 Segmenting data without smoothing.
&#x1b;[32mINFO    &#x1b;[0m pycrostates:_base.py:625 Rejecting first and last segments.
&#x1b;[32mINFO    &#x1b;[0m pycrostates:segmentation.py:281 Argument 'predict_parameters' was not provided when creating the segmentation.
&#x1b;[32mINFO    &#x1b;[0m pycrostates:_base.py:611 Segmenting data without smoothing.
&#x1b;[32mINFO    &#x1b;[0m pycrostates:_base.py:625 Rejecting first and last segments.]]></output></test-case><test-case id="342" name="pycrostates/segmentation/tests/test_segmentation.py::test_plot_cluster_centers[ModK0-inst0]" fullname="pycrostates/segmentation/tests/test_segmentation.py::test_plot_cluster_centers[ModK0-inst0]" methodname="test_plot_cluster_centers[ModK0-inst0]" classname="pycrostates/segmentation/tests/test_segmentation.py" runstate="Runnable" seed="1" result="Passed" label="Test plot_cluster_centers method." start-time="2022-06-08 16:12:52.258194" end-time="2022-06-08 16:12:52.516628" duration="0.258434" asserts="0"><properties><property name="python-version" value="3.9.9 (main, Nov 21 2021, 03:23:42) &#10;[Clang 13.0.0 (clang-1300.0.29.3)]" /><property name="fspath" value="pycrostates/segmentation/tests/test_segmentation.py" /></properties><environment framework-version="3.6.2" clr-version="3.9.9 (main, Nov 21 2021, 03:23:42) &#10;[Clang 13.0.0 (clang-1300.0.29.3)]" os-version="20.6.0" platform="Darwin" cwd="/Users/scheltie/Documents/git/mscheltienne/pycrostates" machine-name="x86_64" user="" user-domain="" culture="en-US" uiculture="en-US" os-architecture="64bit" /><failure><message><![CDATA[]]></message><stack-trace><![CDATA[None]]></stack-trace></failure><reason><message><![CDATA[&#x1b;[32mINFO    &#x1b;[0m pycrostates:_base.py:611 Segmenting data without smoothing.
&#x1b;[32mINFO    &#x1b;[0m pycrostates:_base.py:625 Rejecting first and last segments.]]></message></reason><output><![CDATA[&#x1b;[32mINFO    &#x1b;[0m pycrostates:_base.py:611 Segmenting data without smoothing.
&#x1b;[32mINFO    &#x1b;[0m pycrostates:_base.py:625 Rejecting first and last segments.]]></output></test-case><test-case id="343" name="pycrostates/segmentation/tests/test_segmentation.py::test_plot_cluster_centers[ModK1-inst1]" fullname="pycrostates/segmentation/tests/test_segmentation.py::test_plot_cluster_centers[ModK1-inst1]" methodname="test_plot_cluster_centers[ModK1-inst1]" classname="pycrostates/segmentation/tests/test_segmentation.py" runstate="Runnable" seed="1" result="Passed" label="Test plot_cluster_centers method." start-time="2022-06-08 16:12:52.517283" end-time="2022-06-08 16:12:52.831920" duration="0.314637" asserts="0"><properties><property name="python-version" value="3.9.9 (main, Nov 21 2021, 03:23:42) &#10;[Clang 13.0.0 (clang-1300.0.29.3)]" /><property name="fspath" value="pycrostates/segmentation/tests/test_segmentation.py" /></properties><environment framework-version="3.6.2" clr-version="3.9.9 (main, Nov 21 2021, 03:23:42) &#10;[Clang 13.0.0 (clang-1300.0.29.3)]" os-version="20.6.0" platform="Darwin" cwd="/Users/scheltie/Documents/git/mscheltienne/pycrostates" machine-name="x86_64" user="" user-domain="" culture="en-US" uiculture="en-US" os-architecture="64bit" /><failure><message><![CDATA[]]></message><stack-trace><![CDATA[None]]></stack-trace></failure><reason><message><![CDATA[&#x1b;[32mINFO    &#x1b;[0m pycrostates:_base.py:611 Segmenting data without smoothing.
&#x1b;[32mINFO    &#x1b;[0m pycrostates:_base.py:625 Rejecting first and last segments.]]></message></reason><output><![CDATA[&#x1b;[32mINFO    &#x1b;[0m pycrostates:_base.py:611 Segmenting data without smoothing.
&#x1b;[32mINFO    &#x1b;[0m pycrostates:_base.py:625 Rejecting first and last segments.]]></output></test-case><test-case id="344" name="pycrostates/segmentation/tests/test_segmentation.py::test_compute_parameters[ModK0-inst0]" fullname="pycrostates/segmentation/tests/test_segmentation.py::test_compute_parameters[ModK0-inst0]" methodname="test_compute_parameters[ModK0-inst0]" classname="pycrostates/segmentation/tests/test_segmentation.py" runstate="Runnable" seed="1" result="Passed" label="Test compute_parameters method." start-time="2022-06-08 16:12:52.832544" end-time="2022-06-08 16:12:52.856142" duration="0.023598" asserts="0"><properties><property name="python-version" value="3.9.9 (main, Nov 21 2021, 03:23:42) &#10;[Clang 13.0.0 (clang-1300.0.29.3)]" /><property name="fspath" value="pycrostates/segmentation/tests/test_segmentation.py" /></properties><environment framework-version="3.6.2" clr-version="3.9.9 (main, Nov 21 2021, 03:23:42) &#10;[Clang 13.0.0 (clang-1300.0.29.3)]" os-version="20.6.0" platform="Darwin" cwd="/Users/scheltie/Documents/git/mscheltienne/pycrostates" machine-name="x86_64" user="" user-domain="" culture="en-US" uiculture="en-US" os-architecture="64bit" /><failure><message><![CDATA[]]></message><stack-trace><![CDATA[None]]></stack-trace></failure><reason><message><![CDATA[&#x1b;[32mINFO    &#x1b;[0m pycrostates:_base.py:611 Segmenting data without smoothing.
&#x1b;[32mINFO    &#x1b;[0m pycrostates:_base.py:625 Rejecting first and last segments.]]></message></reason><output><![CDATA[&#x1b;[32mINFO    &#x1b;[0m pycrostates:_base.py:611 Segmenting data without smoothing.
&#x1b;[32mINFO    &#x1b;[0m pycrostates:_base.py:625 Rejecting first and last segments.]]></output></test-case><test-case id="345" name="pycrostates/segmentation/tests/test_segmentation.py::test_compute_parameters[ModK1-inst1]" fullname="pycrostates/segmentation/tests/test_segmentation.py::test_compute_parameters[ModK1-inst1]" methodname="test_compute_parameters[ModK1-inst1]" classname="pycrostates/segmentation/tests/test_segmentation.py" runstate="Runnable" seed="1" result="Passed" label="Test compute_parameters method." start-time="2022-06-08 16:12:52.856833" end-time="2022-06-08 16:12:52.880923" duration="0.02409" asserts="0"><properties><property name="python-version" value="3.9.9 (main, Nov 21 2021, 03:23:42) &#10;[Clang 13.0.0 (clang-1300.0.29.3)]" /><property name="fspath" value="pycrostates/segmentation/tests/test_segmentation.py" /></properties><environment framework-version="3.6.2" clr-version="3.9.9 (main, Nov 21 2021, 03:23:42) &#10;[Clang 13.0.0 (clang-1300.0.29.3)]" os-version="20.6.0" platform="Darwin" cwd="/Users/scheltie/Documents/git/mscheltienne/pycrostates" machine-name="x86_64" user="" user-domain="" culture="en-US" uiculture="en-US" os-architecture="64bit" /><failure><message><![CDATA[]]></message><stack-trace><![CDATA[None]]></stack-trace></failure><reason><message><![CDATA[&#x1b;[32mINFO    &#x1b;[0m pycrostates:_base.py:611 Segmenting data without smoothing.
&#x1b;[32mINFO    &#x1b;[0m pycrostates:_base.py:625 Rejecting first and last segments.]]></message></reason><output><![CDATA[&#x1b;[32mINFO    &#x1b;[0m pycrostates:_base.py:611 Segmenting data without smoothing.
&#x1b;[32mINFO    &#x1b;[0m pycrostates:_base.py:625 Rejecting first and last segments.]]></output></test-case><test-case id="346" name="pycrostates/segmentation/tests/test_segmentation.py::test_repr[ModK0-inst0]" fullname="pycrostates/segmentation/tests/test_segmentation.py::test_repr[ModK0-inst0]" methodname="test_repr[ModK0-inst0]" classname="pycrostates/segmentation/tests/test_segmentation.py" runstate="Runnable" seed="1" result="Passed" label="Test for representations of segmentation." start-time="2022-06-08 16:12:52.881726" end-time="2022-06-08 16:12:52.905908" duration="0.024182" asserts="0"><properties><property name="python-version" value="3.9.9 (main, Nov 21 2021, 03:23:42) &#10;[Clang 13.0.0 (clang-1300.0.29.3)]" /><property name="fspath" value="pycrostates/segmentation/tests/test_segmentation.py" /></properties><environment framework-version="3.6.2" clr-version="3.9.9 (main, Nov 21 2021, 03:23:42) &#10;[Clang 13.0.0 (clang-1300.0.29.3)]" os-version="20.6.0" platform="Darwin" cwd="/Users/scheltie/Documents/git/mscheltienne/pycrostates" machine-name="x86_64" user="" user-domain="" culture="en-US" uiculture="en-US" os-architecture="64bit" /><failure><message><![CDATA[]]></message><stack-trace><![CDATA[None]]></stack-trace></failure><reason><message><![CDATA[&#x1b;[32mINFO    &#x1b;[0m pycrostates:_base.py:611 Segmenting data without smoothing.
&#x1b;[32mINFO    &#x1b;[0m pycrostates:_base.py:625 Rejecting first and last segments.]]></message></reason><output><![CDATA[&#x1b;[32mINFO    &#x1b;[0m pycrostates:_base.py:611 Segmenting data without smoothing.
&#x1b;[32mINFO    &#x1b;[0m pycrostates:_base.py:625 Rejecting first and last segments.]]></output></test-case><test-case id="347" name="pycrostates/segmentation/tests/test_segmentation.py::test_repr[ModK1-inst1]" fullname="pycrostates/segmentation/tests/test_segmentation.py::test_repr[ModK1-inst1]" methodname="test_repr[ModK1-inst1]" classname="pycrostates/segmentation/tests/test_segmentation.py" runstate="Runnable" seed="1" result="Passed" label="Test for representations of segmentation." start-time="2022-06-08 16:12:52.906650" end-time="2022-06-08 16:12:52.927722" duration="0.021072" asserts="0"><properties><property name="python-version" value="3.9.9 (main, Nov 21 2021, 03:23:42) &#10;[Clang 13.0.0 (clang-1300.0.29.3)]" /><property name="fspath" value="pycrostates/segmentation/tests/test_segmentation.py" /></properties><environment framework-version="3.6.2" clr-version="3.9.9 (main, Nov 21 2021, 03:23:42) &#10;[Clang 13.0.0 (clang-1300.0.29.3)]" os-version="20.6.0" platform="Darwin" cwd="/Users/scheltie/Documents/git/mscheltienne/pycrostates" machine-name="x86_64" user="" user-domain="" culture="en-US" uiculture="en-US" os-architecture="64bit" /><failure><message><![CDATA[]]></message><stack-trace><![CDATA[None]]></stack-trace></failure><reason><message><![CDATA[&#x1b;[32mINFO    &#x1b;[0m pycrostates:_base.py:611 Segmenting data without smoothing.
&#x1b;[32mINFO    &#x1b;[0m pycrostates:_base.py:625 Rejecting first and last segments.]]></message></reason><output><![CDATA[&#x1b;[32mINFO    &#x1b;[0m pycrostates:_base.py:611 Segmenting data without smoothing.
&#x1b;[32mINFO    &#x1b;[0m pycrostates:_base.py:625 Rejecting first and last segments.]]></output></test-case><test-case id="348" name="pycrostates/segmentation/tests/test_segmentation.py::test_plot_segmentation[ModK0-inst0]" fullname="pycrostates/segmentation/tests/test_segmentation.py::test_plot_segmentation[ModK0-inst0]" methodname="test_plot_segmentation[ModK0-inst0]" classname="pycrostates/segmentation/tests/test_segmentation.py" runstate="Runnable" seed="1" result="Passed" label="Test the plot of a segmentation." start-time="2022-06-08 16:12:52.928446" end-time="2022-06-08 16:12:53.308838" duration="0.380392" asserts="0"><properties><property name="python-version" value="3.9.9 (main, Nov 21 2021, 03:23:42) &#10;[Clang 13.0.0 (clang-1300.0.29.3)]" /><property name="fspath" value="pycrostates/segmentation/tests/test_segmentation.py" /></properties><environment framework-version="3.6.2" clr-version="3.9.9 (main, Nov 21 2021, 03:23:42) &#10;[Clang 13.0.0 (clang-1300.0.29.3)]" os-version="20.6.0" platform="Darwin" cwd="/Users/scheltie/Documents/git/mscheltienne/pycrostates" machine-name="x86_64" user="" user-domain="" culture="en-US" uiculture="en-US" os-architecture="64bit" /><failure><message><![CDATA[]]></message><stack-trace><![CDATA[None]]></stack-trace></failure><reason><message><![CDATA[&#x1b;[32mINFO    &#x1b;[0m pycrostates:_base.py:611 Segmenting data without smoothing.
&#x1b;[32mINFO    &#x1b;[0m pycrostates:_base.py:625 Rejecting first and last segments.
&#x1b;[32mINFO    &#x1b;[0m pycrostates:segmentation.py:242 For visualization purposes, the last segment appears truncated by 1 sample. In the case where the last segment is 1 sample long, it does not appear.
&#x1b;[32mINFO    &#x1b;[0m pycrostates:segmentation.py:242 For visualization purposes, the last segment appears truncated by 1 sample. In the case where the last segment is 1 sample long, it does not appear.
&#x1b;[32mINFO    &#x1b;[0m pycrostates:segmentation.py:242 For visualization purposes, the last segment appears truncated by 1 sample. In the case where the last segment is 1 sample long, it does not appear.
&#x1b;[32mINFO    &#x1b;[0m pycrostates:segmentation.py:242 For visualization purposes, the last segment appears truncated by 1 sample. In the case where the last segment is 1 sample long, it does not appear.
&#x1b;[32mINFO    &#x1b;[0m pycrostates:segmentation.py:242 For visualization purposes, the last segment appears truncated by 1 sample. In the case where the last segment is 1 sample long, it does not appear.]]></message></reason><output><![CDATA[&#x1b;[32mINFO    &#x1b;[0m pycrostates:_base.py:611 Segmenting data without smoothing.
&#x1b;[32mINFO    &#x1b;[0m pycrostates:_base.py:625 Rejecting first and last segments.
&#x1b;[32mINFO    &#x1b;[0m pycrostates:segmentation.py:242 For visualization purposes, the last segment appears truncated by 1 sample. In the case where the last segment is 1 sample long, it does not appear.
&#x1b;[32mINFO    &#x1b;[0m pycrostates:segmentation.py:242 For visualization purposes, the last segment appears truncated by 1 sample. In the case where the last segment is 1 sample long, it does not appear.
&#x1b;[32mINFO    &#x1b;[0m pycrostates:segmentation.py:242 For visualization purposes, the last segment appears truncated by 1 sample. In the case where the last segment is 1 sample long, it does not appear.
&#x1b;[32mINFO    &#x1b;[0m pycrostates:segmentation.py:242 For visualization purposes, the last segment appears truncated by 1 sample. In the case where the last segment is 1 sample long, it does not appear.
&#x1b;[32mINFO    &#x1b;[0m pycrostates:segmentation.py:242 For visualization purposes, the last segment appears truncated by 1 sample. In the case where the last segment is 1 sample long, it does not appear.]]></output></test-case><test-case id="349" name="pycrostates/segmentation/tests/test_segmentation.py::test_plot_segmentation[ModK1-inst1]" fullname="pycrostates/segmentation/tests/test_segmentation.py::test_plot_segmentation[ModK1-inst1]" methodname="test_plot_segmentation[ModK1-inst1]" classname="pycrostates/segmentation/tests/test_segmentation.py" runstate="Runnable" seed="1" result="Passed" label="Test the plot of a segmentation." start-time="2022-06-08 16:12:53.309409" end-time="2022-06-08 16:12:53.585149" duration="0.27574" asserts="0"><properties><property name="python-version" value="3.9.9 (main, Nov 21 2021, 03:23:42) &#10;[Clang 13.0.0 (clang-1300.0.29.3)]" /><property name="fspath" value="pycrostates/segmentation/tests/test_segmentation.py" /></properties><environment framework-version="3.6.2" clr-version="3.9.9 (main, Nov 21 2021, 03:23:42) &#10;[Clang 13.0.0 (clang-1300.0.29.3)]" os-version="20.6.0" platform="Darwin" cwd="/Users/scheltie/Documents/git/mscheltienne/pycrostates" machine-name="x86_64" user="" user-domain="" culture="en-US" uiculture="en-US" os-architecture="64bit" /><failure><message><![CDATA[]]></message><stack-trace><![CDATA[None]]></stack-trace></failure><reason><message><![CDATA[&#x1b;[32mINFO    &#x1b;[0m pycrostates:_base.py:611 Segmenting data without smoothing.
&#x1b;[32mINFO    &#x1b;[0m pycrostates:_base.py:625 Rejecting first and last segments.
&#x1b;[32mINFO    &#x1b;[0m pycrostates:segmentation.py:242 For visualization purposes, the last segment appears truncated by 1 sample. In the case where the last segment is 1 sample long, it does not appear.
&#x1b;[32mINFO    &#x1b;[0m pycrostates:segmentation.py:242 For visualization purposes, the last segment appears truncated by 1 sample. In the case where the last segment is 1 sample long, it does not appear.
&#x1b;[32mINFO    &#x1b;[0m pycrostates:segmentation.py:242 For visualization purposes, the last segment appears truncated by 1 sample. In the case where the last segment is 1 sample long, it does not appear.
&#x1b;[32mINFO    &#x1b;[0m pycrostates:segmentation.py:242 For visualization purposes, the last segment appears truncated by 1 sample. In the case where the last segment is 1 sample long, it does not appear.]]></message></reason><output><![CDATA[&#x1b;[32mINFO    &#x1b;[0m pycrostates:_base.py:611 Segmenting data without smoothing.
&#x1b;[32mINFO    &#x1b;[0m pycrostates:_base.py:625 Rejecting first and last segments.
&#x1b;[32mINFO    &#x1b;[0m pycrostates:segmentation.py:242 For visualization purposes, the last segment appears truncated by 1 sample. In the case where the last segment is 1 sample long, it does not appear.
&#x1b;[32mINFO    &#x1b;[0m pycrostates:segmentation.py:242 For visualization purposes, the last segment appears truncated by 1 sample. In the case where the last segment is 1 sample long, it does not appear.
&#x1b;[32mINFO    &#x1b;[0m pycrostates:segmentation.py:242 For visualization purposes, the last segment appears truncated by 1 sample. In the case where the last segment is 1 sample long, it does not appear.
&#x1b;[32mINFO    &#x1b;[0m pycrostates:segmentation.py:242 For visualization purposes, the last segment appears truncated by 1 sample. In the case where the last segment is 1 sample long, it does not appear.]]></output></test-case><test-case id="350" name="pycrostates/segmentation/tests/test_segmentation.py::test_invalid_segmentation[RawSegmentation-inst0-bad_inst0]" fullname="pycrostates/segmentation/tests/test_segmentation.py::test_invalid_segmentation[RawSegmentation-inst0-bad_inst0]" methodname="test_invalid_segmentation[RawSegmentation-inst0-bad_inst0]" classname="pycrostates/segmentation/tests/test_segmentation.py" runstate="Runnable" seed="1" result="Passed" label="Test that we can not create an invalid segmentation." start-time="2022-06-08 16:12:53.585772" end-time="2022-06-08 16:12:53.587048" duration="0.001276" asserts="0"><properties><property name="python-version" value="3.9.9 (main, Nov 21 2021, 03:23:42) &#10;[Clang 13.0.0 (clang-1300.0.29.3)]" /><property name="fspath" value="pycrostates/segmentation/tests/test_segmentation.py" /></properties><environment framework-version="3.6.2" clr-version="3.9.9 (main, Nov 21 2021, 03:23:42) &#10;[Clang 13.0.0 (clang-1300.0.29.3)]" os-version="20.6.0" platform="Darwin" cwd="/Users/scheltie/Documents/git/mscheltienne/pycrostates" machine-name="x86_64" user="" user-domain="" culture="en-US" uiculture="en-US" os-architecture="64bit" /><failure><message><![CDATA[]]></message><stack-trace><![CDATA[None]]></stack-trace></failure><reason><message><![CDATA[&#x1b;[33mWARNING &#x1b;[0m pycrostates:segmentation.py:266 The key 'test' in predict_parameters is not part of the default set of keys supported by pycrostates.]]></message></reason><output><![CDATA[&#x1b;[33mWARNING &#x1b;[0m pycrostates:segmentation.py:266 The key 'test' in predict_parameters is not part of the default set of keys supported by pycrostates.]]></output></test-case><test-case id="351" name="pycrostates/segmentation/tests/test_segmentation.py::test_invalid_segmentation[EpochsSegmentation-inst1-bad_inst1]" fullname="pycrostates/segmentation/tests/test_segmentation.py::test_invalid_segmentation[EpochsSegmentation-inst1-bad_inst1]" methodname="test_invalid_segmentation[EpochsSegmentation-inst1-bad_inst1]" classname="pycrostates/segmentation/tests/test_segmentation.py" runstate="Runnable" seed="1" result="Passed" label="Test that we can not create an invalid segmentation." start-time="2022-06-08 16:12:53.587564" end-time="2022-06-08 16:12:53.588296" duration="0.000732" asserts="0"><properties><property name="python-version" value="3.9.9 (main, Nov 21 2021, 03:23:42) &#10;[Clang 13.0.0 (clang-1300.0.29.3)]" /><property name="fspath" value="pycrostates/segmentation/tests/test_segmentation.py" /></properties><environment framework-version="3.6.2" clr-version="3.9.9 (main, Nov 21 2021, 03:23:42) &#10;[Clang 13.0.0 (clang-1300.0.29.3)]" os-version="20.6.0" platform="Darwin" cwd="/Users/scheltie/Documents/git/mscheltienne/pycrostates" machine-name="x86_64" user="" user-domain="" culture="en-US" uiculture="en-US" os-architecture="64bit" /><failure><message><![CDATA[]]></message><stack-trace><![CDATA[None]]></stack-trace></failure><reason><message><![CDATA[&#x1b;[33mWARNING &#x1b;[0m pycrostates:segmentation.py:266 The key 'test' in predict_parameters is not part of the default set of keys supported by pycrostates.]]></message></reason><output><![CDATA[&#x1b;[33mWARNING &#x1b;[0m pycrostates:segmentation.py:266 The key 'test' in predict_parameters is not part of the default set of keys supported by pycrostates.]]></output></test-case><environment framework-version="3.6.2" clr-version="3.9.9 (main, Nov 21 2021, 03:23:42) &#10;[Clang 13.0.0 (clang-1300.0.29.3)]" os-version="20.6.0" platform="Darwin" cwd="/Users/scheltie/Documents/git/mscheltienne/pycrostates" machine-name="x86_64" user="" user-domain="" culture="en-US" uiculture="en-US" os-architecture="64bit" /></test-suite><test-suite id="pycrostates/io/tests/test_meas_info.py" name="pycrostates/io/tests/test_meas_info.py" fullname="pycrostates/io/tests/test_meas_info.py" methodname="" classname="" runstate="Runnable" type="Assembly" testcasecount="12" result="Passed" label="Test meas_info.py" start-time="2022-06-08 16:12:48.229075" end-time="2022-06-08 16:12:48.361007" duration="0.131932" asserts="0" total="12" passed="12" failed="0" warnings="0" inconclusive="0" skipped="0"><properties><property name="python_version" value="3.9.9 (main, Nov 21 2021, 03:23:42) &#10;[Clang 13.0.0 (clang-1300.0.29.3)]" /></properties><test-case id="129" name="pycrostates/io/tests/test_meas_info.py::test_create_from_info" fullname="pycrostates/io/tests/test_meas_info.py::test_create_from_info" methodname="test_create_from_info" classname="pycrostates/io/tests/test_meas_info.py" runstate="Runnable" seed="1" result="Passed" label="Test creation of a ChInfo from an Info instance." start-time="2022-06-08 16:12:48.229075" end-time="2022-06-08 16:12:48.286622" duration="0.057547" asserts="0"><properties><property name="python-version" value="3.9.9 (main, Nov 21 2021, 03:23:42) &#10;[Clang 13.0.0 (clang-1300.0.29.3)]" /><property name="fspath" value="pycrostates/io/tests/test_meas_info.py" /></properties><environment framework-version="3.6.2" clr-version="3.9.9 (main, Nov 21 2021, 03:23:42) &#10;[Clang 13.0.0 (clang-1300.0.29.3)]" os-version="20.6.0" platform="Darwin" cwd="/Users/scheltie/Documents/git/mscheltienne/pycrostates" machine-name="x86_64" user="" user-domain="" culture="en-US" uiculture="en-US" os-architecture="64bit" /><failure><message><![CDATA[]]></message><stack-trace><![CDATA[None]]></stack-trace></failure><reason><message><![CDATA[]]></message></reason><output><![CDATA[]]></output></test-case><test-case id="130" name="pycrostates/io/tests/test_meas_info.py::test_create_from_info_invalid_arguments" fullname="pycrostates/io/tests/test_meas_info.py::test_create_from_info_invalid_arguments" methodname="test_create_from_info_invalid_arguments" classname="pycrostates/io/tests/test_meas_info.py" runstate="Runnable" seed="1" result="Passed" label="Test creation of a ChInfo from an Info instance with invalid args." start-time="2022-06-08 16:12:48.287108" end-time="2022-06-08 16:12:48.288142" duration="0.001034" asserts="0"><properties><property name="python-version" value="3.9.9 (main, Nov 21 2021, 03:23:42) &#10;[Clang 13.0.0 (clang-1300.0.29.3)]" /><property name="fspath" value="pycrostates/io/tests/test_meas_info.py" /></properties><environment framework-version="3.6.2" clr-version="3.9.9 (main, Nov 21 2021, 03:23:42) &#10;[Clang 13.0.0 (clang-1300.0.29.3)]" os-version="20.6.0" platform="Darwin" cwd="/Users/scheltie/Documents/git/mscheltienne/pycrostates" machine-name="x86_64" user="" user-domain="" culture="en-US" uiculture="en-US" os-architecture="64bit" /><failure><message><![CDATA[]]></message><stack-trace><![CDATA[None]]></stack-trace></failure><reason><message><![CDATA[]]></message></reason><output><![CDATA[]]></output></test-case><test-case id="131" name="pycrostates/io/tests/test_meas_info.py::test_create_from_channels" fullname="pycrostates/io/tests/test_meas_info.py::test_create_from_channels" methodname="test_create_from_channels" classname="pycrostates/io/tests/test_meas_info.py" runstate="Runnable" seed="1" result="Passed" label="Test creation of a ChInfo from channel names and types." start-time="2022-06-08 16:12:48.288576" end-time="2022-06-08 16:12:48.289791" duration="0.001215" asserts="0"><properties><property name="python-version" value="3.9.9 (main, Nov 21 2021, 03:23:42) &#10;[Clang 13.0.0 (clang-1300.0.29.3)]" /><property name="fspath" value="pycrostates/io/tests/test_meas_info.py" /></properties><environment framework-version="3.6.2" clr-version="3.9.9 (main, Nov 21 2021, 03:23:42) &#10;[Clang 13.0.0 (clang-1300.0.29.3)]" os-version="20.6.0" platform="Darwin" cwd="/Users/scheltie/Documents/git/mscheltienne/pycrostates" machine-name="x86_64" user="" user-domain="" culture="en-US" uiculture="en-US" os-architecture="64bit" /><failure><message><![CDATA[]]></message><stack-trace><![CDATA[None]]></stack-trace></failure><reason><message><![CDATA[]]></message></reason><output><![CDATA[]]></output></test-case><test-case id="132" name="pycrostates/io/tests/test_meas_info.py::test_Create_from_channels_invalid_arguments" fullname="pycrostates/io/tests/test_meas_info.py::test_Create_from_channels_invalid_arguments" methodname="test_Create_from_channels_invalid_arguments" classname="pycrostates/io/tests/test_meas_info.py" runstate="Runnable" seed="1" result="Passed" label="Test creation of a ChInfo from channel names and types with invalid&#10;    args." start-time="2022-06-08 16:12:48.290235" end-time="2022-06-08 16:12:48.291357" duration="0.001122" asserts="0"><properties><property name="python-version" value="3.9.9 (main, Nov 21 2021, 03:23:42) &#10;[Clang 13.0.0 (clang-1300.0.29.3)]" /><property name="fspath" value="pycrostates/io/tests/test_meas_info.py" /></properties><environment framework-version="3.6.2" clr-version="3.9.9 (main, Nov 21 2021, 03:23:42) &#10;[Clang 13.0.0 (clang-1300.0.29.3)]" os-version="20.6.0" platform="Darwin" cwd="/Users/scheltie/Documents/git/mscheltienne/pycrostates" machine-name="x86_64" user="" user-domain="" culture="en-US" uiculture="en-US" os-architecture="64bit" /><failure><message><![CDATA[]]></message><stack-trace><![CDATA[None]]></stack-trace></failure><reason><message><![CDATA[]]></message></reason><output><![CDATA[]]></output></test-case><test-case id="133" name="pycrostates/io/tests/test_meas_info.py::test_create_without_arguments" fullname="pycrostates/io/tests/test_meas_info.py::test_create_without_arguments" methodname="test_create_without_arguments" classname="pycrostates/io/tests/test_meas_info.py" runstate="Runnable" seed="1" result="Passed" label="Test error raised if both arguments are None." start-time="2022-06-08 16:12:48.291789" end-time="2022-06-08 16:12:48.292455" duration="0.000666" asserts="0"><properties><property name="python-version" value="3.9.9 (main, Nov 21 2021, 03:23:42) &#10;[Clang 13.0.0 (clang-1300.0.29.3)]" /><property name="fspath" value="pycrostates/io/tests/test_meas_info.py" /></properties><environment framework-version="3.6.2" clr-version="3.9.9 (main, Nov 21 2021, 03:23:42) &#10;[Clang 13.0.0 (clang-1300.0.29.3)]" os-version="20.6.0" platform="Darwin" cwd="/Users/scheltie/Documents/git/mscheltienne/pycrostates" machine-name="x86_64" user="" user-domain="" culture="en-US" uiculture="en-US" os-architecture="64bit" /><failure><message><![CDATA[]]></message><stack-trace><![CDATA[None]]></stack-trace></failure><reason><message><![CDATA[]]></message></reason><output><![CDATA[]]></output></test-case><test-case id="134" name="pycrostates/io/tests/test_meas_info.py::test_montage" fullname="pycrostates/io/tests/test_meas_info.py::test_montage" methodname="test_montage" classname="pycrostates/io/tests/test_meas_info.py" runstate="Runnable" seed="1" result="Passed" label="Test methods from montage Mixin." start-time="2022-06-08 16:12:48.292905" end-time="2022-06-08 16:12:48.298547" duration="0.005642" asserts="0"><properties><property name="python-version" value="3.9.9 (main, Nov 21 2021, 03:23:42) &#10;[Clang 13.0.0 (clang-1300.0.29.3)]" /><property name="fspath" value="pycrostates/io/tests/test_meas_info.py" /></properties><environment framework-version="3.6.2" clr-version="3.9.9 (main, Nov 21 2021, 03:23:42) &#10;[Clang 13.0.0 (clang-1300.0.29.3)]" os-version="20.6.0" platform="Darwin" cwd="/Users/scheltie/Documents/git/mscheltienne/pycrostates" machine-name="x86_64" user="" user-domain="" culture="en-US" uiculture="en-US" os-architecture="64bit" /><failure><message><![CDATA[]]></message><stack-trace><![CDATA[None]]></stack-trace></failure><reason><message><![CDATA[]]></message></reason><output><![CDATA[]]></output></test-case><test-case id="135" name="pycrostates/io/tests/test_meas_info.py::test_contains" fullname="pycrostates/io/tests/test_meas_info.py::test_contains" methodname="test_contains" classname="pycrostates/io/tests/test_meas_info.py" runstate="Runnable" seed="1" result="Passed" label="Test methods from contain Mixin." start-time="2022-06-08 16:12:48.299007" end-time="2022-06-08 16:12:48.303083" duration="0.004076" asserts="0"><properties><property name="python-version" value="3.9.9 (main, Nov 21 2021, 03:23:42) &#10;[Clang 13.0.0 (clang-1300.0.29.3)]" /><property name="fspath" value="pycrostates/io/tests/test_meas_info.py" /></properties><environment framework-version="3.6.2" clr-version="3.9.9 (main, Nov 21 2021, 03:23:42) &#10;[Clang 13.0.0 (clang-1300.0.29.3)]" os-version="20.6.0" platform="Darwin" cwd="/Users/scheltie/Documents/git/mscheltienne/pycrostates" machine-name="x86_64" user="" user-domain="" culture="en-US" uiculture="en-US" os-architecture="64bit" /><failure><message><![CDATA[]]></message><stack-trace><![CDATA[None]]></stack-trace></failure><reason><message><![CDATA[]]></message></reason><output><![CDATA[]]></output></test-case><test-case id="136" name="pycrostates/io/tests/test_meas_info.py::test_copy" fullname="pycrostates/io/tests/test_meas_info.py::test_copy" methodname="test_copy" classname="pycrostates/io/tests/test_meas_info.py" runstate="Runnable" seed="1" result="Passed" label="Test copy (which is a deepcopy)." start-time="2022-06-08 16:12:48.303552" end-time="2022-06-08 16:12:48.307634" duration="0.004082" asserts="0"><properties><property name="python-version" value="3.9.9 (main, Nov 21 2021, 03:23:42) &#10;[Clang 13.0.0 (clang-1300.0.29.3)]" /><property name="fspath" value="pycrostates/io/tests/test_meas_info.py" /></properties><environment framework-version="3.6.2" clr-version="3.9.9 (main, Nov 21 2021, 03:23:42) &#10;[Clang 13.0.0 (clang-1300.0.29.3)]" os-version="20.6.0" platform="Darwin" cwd="/Users/scheltie/Documents/git/mscheltienne/pycrostates" machine-name="x86_64" user="" user-domain="" culture="en-US" uiculture="en-US" os-architecture="64bit" /><failure><message><![CDATA[]]></message><stack-trace><![CDATA[None]]></stack-trace></failure><reason><message><![CDATA[]]></message></reason><output><![CDATA[]]></output></test-case><test-case id="137" name="pycrostates/io/tests/test_meas_info.py::test_repr" fullname="pycrostates/io/tests/test_meas_info.py::test_repr" methodname="test_repr" classname="pycrostates/io/tests/test_meas_info.py" runstate="Runnable" seed="1" result="Passed" label="Test normal and HTML representation." start-time="2022-06-08 16:12:48.308138" end-time="2022-06-08 16:12:48.312456" duration="0.004318" asserts="0"><properties><property name="python-version" value="3.9.9 (main, Nov 21 2021, 03:23:42) &#10;[Clang 13.0.0 (clang-1300.0.29.3)]" /><property name="fspath" value="pycrostates/io/tests/test_meas_info.py" /></properties><environment framework-version="3.6.2" clr-version="3.9.9 (main, Nov 21 2021, 03:23:42) &#10;[Clang 13.0.0 (clang-1300.0.29.3)]" os-version="20.6.0" platform="Darwin" cwd="/Users/scheltie/Documents/git/mscheltienne/pycrostates" machine-name="x86_64" user="" user-domain="" culture="en-US" uiculture="en-US" os-architecture="64bit" /><failure><message><![CDATA[]]></message><stack-trace><![CDATA[None]]></stack-trace></failure><reason><message><![CDATA[]]></message></reason><output><![CDATA[]]></output></test-case><test-case id="138" name="pycrostates/io/tests/test_meas_info.py::test_setting_invalid_keys" fullname="pycrostates/io/tests/test_meas_info.py::test_setting_invalid_keys" methodname="test_setting_invalid_keys" classname="pycrostates/io/tests/test_meas_info.py" runstate="Runnable" seed="1" result="Passed" label="Test raise when invalid keys are set. Test locking mechanism." start-time="2022-06-08 16:12:48.312926" end-time="2022-06-08 16:12:48.314196" duration="0.00127" asserts="0"><properties><property name="python-version" value="3.9.9 (main, Nov 21 2021, 03:23:42) &#10;[Clang 13.0.0 (clang-1300.0.29.3)]" /><property name="fspath" value="pycrostates/io/tests/test_meas_info.py" /></properties><environment framework-version="3.6.2" clr-version="3.9.9 (main, Nov 21 2021, 03:23:42) &#10;[Clang 13.0.0 (clang-1300.0.29.3)]" os-version="20.6.0" platform="Darwin" cwd="/Users/scheltie/Documents/git/mscheltienne/pycrostates" machine-name="x86_64" user="" user-domain="" culture="en-US" uiculture="en-US" os-architecture="64bit" /><failure><message><![CDATA[]]></message><stack-trace><![CDATA[None]]></stack-trace></failure><reason><message><![CDATA[]]></message></reason><output><![CDATA[]]></output></test-case><test-case id="139" name="pycrostates/io/tests/test_meas_info.py::test_invalid_attributes" fullname="pycrostates/io/tests/test_meas_info.py::test_invalid_attributes" methodname="test_invalid_attributes" classname="pycrostates/io/tests/test_meas_info.py" runstate="Runnable" seed="1" result="Passed" label="Test that attribute error is raised when calling invalid attributes or&#10;    methods." start-time="2022-06-08 16:12:48.314648" end-time="2022-06-08 16:12:48.315641" duration="0.000993" asserts="0"><properties><property name="python-version" value="3.9.9 (main, Nov 21 2021, 03:23:42) &#10;[Clang 13.0.0 (clang-1300.0.29.3)]" /><property name="fspath" value="pycrostates/io/tests/test_meas_info.py" /></properties><environment framework-version="3.6.2" clr-version="3.9.9 (main, Nov 21 2021, 03:23:42) &#10;[Clang 13.0.0 (clang-1300.0.29.3)]" os-version="20.6.0" platform="Darwin" cwd="/Users/scheltie/Documents/git/mscheltienne/pycrostates" machine-name="x86_64" user="" user-domain="" culture="en-US" uiculture="en-US" os-architecture="64bit" /><failure><message><![CDATA[]]></message><stack-trace><![CDATA[None]]></stack-trace></failure><reason><message><![CDATA[]]></message></reason><output><![CDATA[]]></output></test-case><test-case id="140" name="pycrostates/io/tests/test_meas_info.py::test_comparison" fullname="pycrostates/io/tests/test_meas_info.py::test_comparison" methodname="test_comparison" classname="pycrostates/io/tests/test_meas_info.py" runstate="Runnable" seed="1" result="Passed" label="Test == and != methods." start-time="2022-06-08 16:12:48.316211" end-time="2022-06-08 16:12:48.361007" duration="0.044796" asserts="0"><properties><property name="python-version" value="3.9.9 (main, Nov 21 2021, 03:23:42) &#10;[Clang 13.0.0 (clang-1300.0.29.3)]" /><property name="fspath" value="pycrostates/io/tests/test_meas_info.py" /></properties><environment framework-version="3.6.2" clr-version="3.9.9 (main, Nov 21 2021, 03:23:42) &#10;[Clang 13.0.0 (clang-1300.0.29.3)]" os-version="20.6.0" platform="Darwin" cwd="/Users/scheltie/Documents/git/mscheltienne/pycrostates" machine-name="x86_64" user="" user-domain="" culture="en-US" uiculture="en-US" os-architecture="64bit" /><failure><message><![CDATA[]]></message><stack-trace><![CDATA[None]]></stack-trace></failure><reason><message><![CDATA[&#x1b;[33mWARNING &#x1b;[0m pycrostates:meas_info.py:346 Both info do not have the same bad channels.]]></message></reason><output><![CDATA[&#x1b;[33mWARNING &#x1b;[0m pycrostates:meas_info.py:346 Both info do not have the same bad channels.]]></output></test-case><environment framework-version="3.6.2" clr-version="3.9.9 (main, Nov 21 2021, 03:23:42) &#10;[Clang 13.0.0 (clang-1300.0.29.3)]" os-version="20.6.0" platform="Darwin" cwd="/Users/scheltie/Documents/git/mscheltienne/pycrostates" machine-name="x86_64" user="" user-domain="" culture="en-US" uiculture="en-US" os-architecture="64bit" /></test-suite><test-suite id="pycrostates/datasets/tests/test_datasets.py" name="pycrostates/datasets/tests/test_datasets.py" fullname="pycrostates/datasets/tests/test_datasets.py" methodname="" classname="" runstate="Runnable" type="Assembly" testcasecount="2" result="Passed" label="" start-time="2022-06-08 16:12:46.443685" end-time="2022-06-08 16:12:47.173737" duration="0.730052" asserts="0" total="2" passed="2" failed="0" warnings="0" inconclusive="0" skipped="0"><properties><property name="python_version" value="3.9.9 (main, Nov 21 2021, 03:23:42) &#10;[Clang 13.0.0 (clang-1300.0.29.3)]" /></properties><test-case id="120" name="pycrostates/datasets/tests/test_datasets.py::test_lemon_data_path" fullname="pycrostates/datasets/tests/test_datasets.py::test_lemon_data_path" methodname="test_lemon_data_path" classname="pycrostates/datasets/tests/test_datasets.py" runstate="Runnable" seed="1" result="Passed" label="" start-time="2022-06-08 16:12:46.443685" end-time="2022-06-08 16:12:46.700988" duration="0.257303" asserts="0"><properties><property name="python-version" value="3.9.9 (main, Nov 21 2021, 03:23:42) &#10;[Clang 13.0.0 (clang-1300.0.29.3)]" /><property name="fspath" value="pycrostates/datasets/tests/test_datasets.py" /></properties><environment framework-version="3.6.2" clr-version="3.9.9 (main, Nov 21 2021, 03:23:42) &#10;[Clang 13.0.0 (clang-1300.0.29.3)]" os-version="20.6.0" platform="Darwin" cwd="/Users/scheltie/Documents/git/mscheltienne/pycrostates" machine-name="x86_64" user="" user-domain="" culture="en-US" uiculture="en-US" os-architecture="64bit" /><failure><message><![CDATA[]]></message><stack-trace><![CDATA[None]]></stack-trace></failure><reason><message><![CDATA[]]></message></reason><output><![CDATA[]]></output></test-case><test-case id="121" name="pycrostates/datasets/tests/test_datasets.py::test_lemon_standardize" fullname="pycrostates/datasets/tests/test_datasets.py::test_lemon_standardize" methodname="test_lemon_standardize" classname="pycrostates/datasets/tests/test_datasets.py" runstate="Runnable" seed="1" result="Passed" label="" start-time="2022-06-08 16:12:46.701573" end-time="2022-06-08 16:12:47.173737" duration="0.472164" asserts="0"><properties><property name="python-version" value="3.9.9 (main, Nov 21 2021, 03:23:42) &#10;[Clang 13.0.0 (clang-1300.0.29.3)]" /><property name="fspath" value="pycrostates/datasets/tests/test_datasets.py" /></properties><environment framework-version="3.6.2" clr-version="3.9.9 (main, Nov 21 2021, 03:23:42) &#10;[Clang 13.0.0 (clang-1300.0.29.3)]" os-version="20.6.0" platform="Darwin" cwd="/Users/scheltie/Documents/git/mscheltienne/pycrostates" machine-name="x86_64" user="" user-domain="" culture="en-US" uiculture="en-US" os-architecture="64bit" /><failure><message><![CDATA[]]></message><stack-trace><![CDATA[None]]></stack-trace></failure><reason><message><![CDATA[]]></message></reason><output><![CDATA[]]></output></test-case><environment framework-version="3.6.2" clr-version="3.9.9 (main, Nov 21 2021, 03:23:42) &#10;[Clang 13.0.0 (clang-1300.0.29.3)]" os-version="20.6.0" platform="Darwin" cwd="/Users/scheltie/Documents/git/mscheltienne/pycrostates" machine-name="x86_64" user="" user-domain="" culture="en-US" uiculture="en-US" os-architecture="64bit" /></test-suite><test-suite id="pycrostates/io/tests/test_reader.py" name="pycrostates/io/tests/test_reader.py" fullname="pycrostates/io/tests/test_reader.py" methodname="" classname="" runstate="Runnable" type="Assembly" testcasecount="1" result="Passed" label="" start-time="2022-06-08 16:12:48.362266" end-time="2022-06-08 16:12:48.556752" duration="0.194486" asserts="0" total="1" passed="1" failed="0" warnings="0" inconclusive="0" skipped="0"><properties><property name="python_version" value="3.9.9 (main, Nov 21 2021, 03:23:42) &#10;[Clang 13.0.0 (clang-1300.0.29.3)]" /></properties><test-case id="141" name="pycrostates/io/tests/test_reader.py::test_reader" fullname="pycrostates/io/tests/test_reader.py::test_reader" methodname="test_reader" classname="pycrostates/io/tests/test_reader.py" runstate="Runnable" seed="1" result="Passed" label="Test general reader." start-time="2022-06-08 16:12:48.362266" end-time="2022-06-08 16:12:48.556752" duration="0.194486" asserts="0"><properties><property name="python-version" value="3.9.9 (main, Nov 21 2021, 03:23:42) &#10;[Clang 13.0.0 (clang-1300.0.29.3)]" /><property name="fspath" value="pycrostates/io/tests/test_reader.py" /></properties><environment framework-version="3.6.2" clr-version="3.9.9 (main, Nov 21 2021, 03:23:42) &#10;[Clang 13.0.0 (clang-1300.0.29.3)]" os-version="20.6.0" platform="Darwin" cwd="/Users/scheltie/Documents/git/mscheltienne/pycrostates" machine-name="x86_64" user="" user-domain="" culture="en-US" uiculture="en-US" os-architecture="64bit" /><failure><message><![CDATA[]]></message><stack-trace><![CDATA[None]]></stack-trace></failure><reason><message><![CDATA[&#x1b;[32mINFO    &#x1b;[0m pycrostates:fiff.py:125 Writing clustering solution to /private/var/folders/b1/kx2x00x95ls80zzkct4647sh0000gn/T/pytest-of-scheltie/pytest-2/test_reader0/cluster.fif...
&#x1b;[32mINFO    &#x1b;[0m pycrostates:fiff.py:125 Writing clustering solution to /private/var/folders/b1/kx2x00x95ls80zzkct4647sh0000gn/T/pytest-of-scheltie/pytest-2/test_reader0/cluster2.fif...
&#x1b;[32mINFO    &#x1b;[0m pycrostates:fiff.py:125 Writing clustering solution to /private/var/folders/b1/kx2x00x95ls80zzkct4647sh0000gn/T/pytest-of-scheltie/pytest-2/test_reader0/cluster.fif.gz...
&#x1b;[32mINFO    &#x1b;[0m pycrostates:fiff.py:239 Reading clustering solution from /private/var/folders/b1/kx2x00x95ls80zzkct4647sh0000gn/T/pytest-of-scheltie/pytest-2/test_reader0/cluster.fif...
&#x1b;[32mINFO    &#x1b;[0m pycrostates:reader.py:30 Cluster solution loaded was saved with pycrostates '0.1.0.dev0'.
&#x1b;[32mINFO    &#x1b;[0m pycrostates:fiff.py:239 Reading clustering solution from /private/var/folders/b1/kx2x00x95ls80zzkct4647sh0000gn/T/pytest-of-scheltie/pytest-2/test_reader0/cluster.fif.gz...
&#x1b;[32mINFO    &#x1b;[0m pycrostates:reader.py:30 Cluster solution loaded was saved with pycrostates '0.1.0.dev0'.]]></message></reason><output><![CDATA[&#x1b;[32mINFO    &#x1b;[0m pycrostates:fiff.py:125 Writing clustering solution to /private/var/folders/b1/kx2x00x95ls80zzkct4647sh0000gn/T/pytest-of-scheltie/pytest-2/test_reader0/cluster.fif...
&#x1b;[32mINFO    &#x1b;[0m pycrostates:fiff.py:125 Writing clustering solution to /private/var/folders/b1/kx2x00x95ls80zzkct4647sh0000gn/T/pytest-of-scheltie/pytest-2/test_reader0/cluster2.fif...
&#x1b;[32mINFO    &#x1b;[0m pycrostates:fiff.py:125 Writing clustering solution to /private/var/folders/b1/kx2x00x95ls80zzkct4647sh0000gn/T/pytest-of-scheltie/pytest-2/test_reader0/cluster.fif.gz...
&#x1b;[32mINFO    &#x1b;[0m pycrostates:fiff.py:239 Reading clustering solution from /private/var/folders/b1/kx2x00x95ls80zzkct4647sh0000gn/T/pytest-of-scheltie/pytest-2/test_reader0/cluster.fif...
&#x1b;[32mINFO    &#x1b;[0m pycrostates:reader.py:30 Cluster solution loaded was saved with pycrostates '0.1.0.dev0'.
&#x1b;[32mINFO    &#x1b;[0m pycrostates:fiff.py:239 Reading clustering solution from /private/var/folders/b1/kx2x00x95ls80zzkct4647sh0000gn/T/pytest-of-scheltie/pytest-2/test_reader0/cluster.fif.gz...
&#x1b;[32mINFO    &#x1b;[0m pycrostates:reader.py:30 Cluster solution loaded was saved with pycrostates '0.1.0.dev0'.]]></output></test-case><environment framework-version="3.6.2" clr-version="3.9.9 (main, Nov 21 2021, 03:23:42) &#10;[Clang 13.0.0 (clang-1300.0.29.3)]" os-version="20.6.0" platform="Darwin" cwd="/Users/scheltie/Documents/git/mscheltienne/pycrostates" machine-name="x86_64" user="" user-domain="" culture="en-US" uiculture="en-US" os-architecture="64bit" /></test-suite><test-suite id="pycrostates/cluster/tests/test_kmeans.py" name="pycrostates/cluster/tests/test_kmeans.py" fullname="pycrostates/cluster/tests/test_kmeans.py" methodname="" classname="" runstate="Runnable" type="Assembly" testcasecount="17" result="Passed" label="Test ModKMeans." start-time="2022-06-08 16:12:37.740876" end-time="2022-06-08 16:12:46.442548" duration="8.701672" asserts="0" total="17" passed="17" failed="0" warnings="0" inconclusive="0" skipped="0"><properties><property name="python_version" value="3.9.9 (main, Nov 21 2021, 03:23:42) &#10;[Clang 13.0.0 (clang-1300.0.29.3)]" /></properties><test-case id="103" name="pycrostates/cluster/tests/test_kmeans.py::test_ModKMeans" fullname="pycrostates/cluster/tests/test_kmeans.py::test_ModKMeans" methodname="test_ModKMeans" classname="pycrostates/cluster/tests/test_kmeans.py" runstate="Runnable" seed="1" result="Passed" label="Test K-Means default functionalities." start-time="2022-06-08 16:12:37.740876" end-time="2022-06-08 16:12:38.559942" duration="0.819066" asserts="0"><properties><property name="python-version" value="3.9.9 (main, Nov 21 2021, 03:23:42) &#10;[Clang 13.0.0 (clang-1300.0.29.3)]" /><property name="fspath" value="pycrostates/cluster/tests/test_kmeans.py" /></properties><environment framework-version="3.6.2" clr-version="3.9.9 (main, Nov 21 2021, 03:23:42) &#10;[Clang 13.0.0 (clang-1300.0.29.3)]" os-version="20.6.0" platform="Darwin" cwd="/Users/scheltie/Documents/git/mscheltienne/pycrostates" machine-name="x86_64" user="" user-domain="" culture="en-US" uiculture="en-US" os-architecture="64bit" /><failure><message><![CDATA[]]></message><stack-trace><![CDATA[None]]></stack-trace></failure><reason><message><![CDATA[&#x1b;[33mWARNING &#x1b;[0m pycrostates:kmeans.py:381 Clustering algorithm has not been fitted.
&#x1b;[33mWARNING &#x1b;[0m pycrostates:_base.py:227 Channel EEG 053 is set as bad and ignored. To include it, either remove it from 'inst.info['bads'] or provide its name explicitly in the 'picks' argument.
&#x1b;[32mINFO    &#x1b;[0m pycrostates:kmeans.py:202 Selecting run with highest GEV = 75.96% after 10/10 iterations converged.
&#x1b;[33mWARNING &#x1b;[0m pycrostates:kmeans.py:381 Clustering algorithm has not been fitted.
&#x1b;[33mWARNING &#x1b;[0m pycrostates:_base.py:227 Channel EEG 053 is set as bad and ignored. To include it, either remove it from 'inst.info['bads'] or provide its name explicitly in the 'picks' argument.
&#x1b;[32mINFO    &#x1b;[0m pycrostates:kmeans.py:202 Selecting run with highest GEV = 75.29% after 10/10 iterations converged.
&#x1b;[33mWARNING &#x1b;[0m pycrostates:_base.py:227 Channel EEG 053 is set as bad and ignored. To include it, either remove it from 'inst.info['bads'] or provide its name explicitly in the 'picks' argument.
&#x1b;[32mINFO    &#x1b;[0m pycrostates:kmeans.py:202 Selecting run with highest GEV = 75.96% after 10/10 iterations converged.
&#x1b;[33mWARNING &#x1b;[0m pycrostates:kmeans.py:381 Clustering algorithm has not been fitted.
&#x1b;[33mWARNING &#x1b;[0m pycrostates:kmeans.py:381 Clustering algorithm has not been fitted.]]></message></reason><output><![CDATA[&#x1b;[33mWARNING &#x1b;[0m pycrostates:kmeans.py:381 Clustering algorithm has not been fitted.
&#x1b;[33mWARNING &#x1b;[0m pycrostates:_base.py:227 Channel EEG 053 is set as bad and ignored. To include it, either remove it from 'inst.info['bads'] or provide its name explicitly in the 'picks' argument.
&#x1b;[32mINFO    &#x1b;[0m pycrostates:kmeans.py:202 Selecting run with highest GEV = 75.96% after 10/10 iterations converged.
&#x1b;[33mWARNING &#x1b;[0m pycrostates:kmeans.py:381 Clustering algorithm has not been fitted.
&#x1b;[33mWARNING &#x1b;[0m pycrostates:_base.py:227 Channel EEG 053 is set as bad and ignored. To include it, either remove it from 'inst.info['bads'] or provide its name explicitly in the 'picks' argument.
&#x1b;[32mINFO    &#x1b;[0m pycrostates:kmeans.py:202 Selecting run with highest GEV = 75.29% after 10/10 iterations converged.
&#x1b;[33mWARNING &#x1b;[0m pycrostates:_base.py:227 Channel EEG 053 is set as bad and ignored. To include it, either remove it from 'inst.info['bads'] or provide its name explicitly in the 'picks' argument.
&#x1b;[32mINFO    &#x1b;[0m pycrostates:kmeans.py:202 Selecting run with highest GEV = 75.96% after 10/10 iterations converged.
&#x1b;[33mWARNING &#x1b;[0m pycrostates:kmeans.py:381 Clustering algorithm has not been fitted.
&#x1b;[33mWARNING &#x1b;[0m pycrostates:kmeans.py:381 Clustering algorithm has not been fitted.]]></output></test-case><test-case id="104" name="pycrostates/cluster/tests/test_kmeans.py::test_invert_polarity" fullname="pycrostates/cluster/tests/test_kmeans.py::test_invert_polarity" methodname="test_invert_polarity" classname="pycrostates/cluster/tests/test_kmeans.py" runstate="Runnable" seed="1" result="Passed" label="Test invert polarity method." start-time="2022-06-08 16:12:38.560455" end-time="2022-06-08 16:12:38.564851" duration="0.004396" asserts="0"><properties><property name="python-version" value="3.9.9 (main, Nov 21 2021, 03:23:42) &#10;[Clang 13.0.0 (clang-1300.0.29.3)]" /><property name="fspath" value="pycrostates/cluster/tests/test_kmeans.py" /></properties><environment framework-version="3.6.2" clr-version="3.9.9 (main, Nov 21 2021, 03:23:42) &#10;[Clang 13.0.0 (clang-1300.0.29.3)]" os-version="20.6.0" platform="Darwin" cwd="/Users/scheltie/Documents/git/mscheltienne/pycrostates" machine-name="x86_64" user="" user-domain="" culture="en-US" uiculture="en-US" os-architecture="64bit" /><failure><message><![CDATA[]]></message><stack-trace><![CDATA[None]]></stack-trace></failure><reason><message><![CDATA[&#x1b;[33mWARNING &#x1b;[0m pycrostates:kmeans.py:381 Clustering algorithm has not been fitted.]]></message></reason><output><![CDATA[&#x1b;[33mWARNING &#x1b;[0m pycrostates:kmeans.py:381 Clustering algorithm has not been fitted.]]></output></test-case><test-case id="105" name="pycrostates/cluster/tests/test_kmeans.py::test_rename" fullname="pycrostates/cluster/tests/test_kmeans.py::test_rename" methodname="test_rename" classname="pycrostates/cluster/tests/test_kmeans.py" runstate="Runnable" seed="1" result="Passed" label="Test renaming of clusters." start-time="2022-06-08 16:12:38.565406" end-time="2022-06-08 16:12:38.569795" duration="0.004389" asserts="0"><properties><property name="python-version" value="3.9.9 (main, Nov 21 2021, 03:23:42) &#10;[Clang 13.0.0 (clang-1300.0.29.3)]" /><property name="fspath" value="pycrostates/cluster/tests/test_kmeans.py" /></properties><environment framework-version="3.6.2" clr-version="3.9.9 (main, Nov 21 2021, 03:23:42) &#10;[Clang 13.0.0 (clang-1300.0.29.3)]" os-version="20.6.0" platform="Darwin" cwd="/Users/scheltie/Documents/git/mscheltienne/pycrostates" machine-name="x86_64" user="" user-domain="" culture="en-US" uiculture="en-US" os-architecture="64bit" /><failure><message><![CDATA[]]></message><stack-trace><![CDATA[None]]></stack-trace></failure><reason><message><![CDATA[&#x1b;[33mWARNING &#x1b;[0m pycrostates:_base.py:304 Either 'mapping' or 'new_names' should not be 'None' for method 'rename_clusters' to operate.
&#x1b;[33mWARNING &#x1b;[0m pycrostates:kmeans.py:381 Clustering algorithm has not been fitted.]]></message></reason><output><![CDATA[&#x1b;[33mWARNING &#x1b;[0m pycrostates:_base.py:304 Either 'mapping' or 'new_names' should not be 'None' for method 'rename_clusters' to operate.
&#x1b;[33mWARNING &#x1b;[0m pycrostates:kmeans.py:381 Clustering algorithm has not been fitted.]]></output></test-case><test-case id="106" name="pycrostates/cluster/tests/test_kmeans.py::test_reorder" fullname="pycrostates/cluster/tests/test_kmeans.py::test_reorder" methodname="test_reorder" classname="pycrostates/cluster/tests/test_kmeans.py" runstate="Runnable" seed="1" result="Passed" label="Test reordering of clusters." start-time="2022-06-08 16:12:38.570274" end-time="2022-06-08 16:12:38.576510" duration="0.006236" asserts="0"><properties><property name="python-version" value="3.9.9 (main, Nov 21 2021, 03:23:42) &#10;[Clang 13.0.0 (clang-1300.0.29.3)]" /><property name="fspath" value="pycrostates/cluster/tests/test_kmeans.py" /></properties><environment framework-version="3.6.2" clr-version="3.9.9 (main, Nov 21 2021, 03:23:42) &#10;[Clang 13.0.0 (clang-1300.0.29.3)]" os-version="20.6.0" platform="Darwin" cwd="/Users/scheltie/Documents/git/mscheltienne/pycrostates" machine-name="x86_64" user="" user-domain="" culture="en-US" uiculture="en-US" os-architecture="64bit" /><failure><message><![CDATA[]]></message><stack-trace><![CDATA[None]]></stack-trace></failure><reason><message><![CDATA[&#x1b;[33mWARNING &#x1b;[0m pycrostates:_base.py:395 Either 'mapping' or 'order' should not be 'None' for method 'reorder_clusters' to operate.
&#x1b;[33mWARNING &#x1b;[0m pycrostates:kmeans.py:381 Clustering algorithm has not been fitted.]]></message></reason><output><![CDATA[&#x1b;[33mWARNING &#x1b;[0m pycrostates:_base.py:395 Either 'mapping' or 'order' should not be 'None' for method 'reorder_clusters' to operate.
&#x1b;[33mWARNING &#x1b;[0m pycrostates:kmeans.py:381 Clustering algorithm has not been fitted.]]></output></test-case><test-case id="107" name="pycrostates/cluster/tests/test_kmeans.py::test_properties" fullname="pycrostates/cluster/tests/test_kmeans.py::test_properties" methodname="test_properties" classname="pycrostates/cluster/tests/test_kmeans.py" runstate="Runnable" seed="1" result="Passed" label="Test properties." start-time="2022-06-08 16:12:38.577037" end-time="2022-06-08 16:12:38.580283" duration="0.003246" asserts="0"><properties><property name="python-version" value="3.9.9 (main, Nov 21 2021, 03:23:42) &#10;[Clang 13.0.0 (clang-1300.0.29.3)]" /><property name="fspath" value="pycrostates/cluster/tests/test_kmeans.py" /></properties><environment framework-version="3.6.2" clr-version="3.9.9 (main, Nov 21 2021, 03:23:42) &#10;[Clang 13.0.0 (clang-1300.0.29.3)]" os-version="20.6.0" platform="Darwin" cwd="/Users/scheltie/Documents/git/mscheltienne/pycrostates" machine-name="x86_64" user="" user-domain="" culture="en-US" uiculture="en-US" os-architecture="64bit" /><failure><message><![CDATA[]]></message><stack-trace><![CDATA[None]]></stack-trace></failure><reason><message><![CDATA[&#x1b;[33mWARNING &#x1b;[0m pycrostates:_base.py:1005 Clustering algorithm has not been fitted.
&#x1b;[33mWARNING &#x1b;[0m pycrostates:_base.py:959 Clustering algorithm has not been fitted.
&#x1b;[33mWARNING &#x1b;[0m pycrostates:_base.py:1018 Clustering algorithm has not been fitted.
&#x1b;[33mWARNING &#x1b;[0m pycrostates:_base.py:977 The property 'fitted' can not be set to 'True' directly. Please use the .fit() method to fit the clustering algorithm.
&#x1b;[33mWARNING &#x1b;[0m pycrostates:_base.py:983 The property 'fitted' can not be set to 'True' directly. The clustering algorithm has already been fitted.]]></message></reason><output><![CDATA[&#x1b;[33mWARNING &#x1b;[0m pycrostates:_base.py:1005 Clustering algorithm has not been fitted.
&#x1b;[33mWARNING &#x1b;[0m pycrostates:_base.py:959 Clustering algorithm has not been fitted.
&#x1b;[33mWARNING &#x1b;[0m pycrostates:_base.py:1018 Clustering algorithm has not been fitted.
&#x1b;[33mWARNING &#x1b;[0m pycrostates:_base.py:977 The property 'fitted' can not be set to 'True' directly. Please use the .fit() method to fit the clustering algorithm.
&#x1b;[33mWARNING &#x1b;[0m pycrostates:_base.py:983 The property 'fitted' can not be set to 'True' directly. The clustering algorithm has already been fitted.]]></output></test-case><test-case id="108" name="pycrostates/cluster/tests/test_kmeans.py::test_invalid_arguments" fullname="pycrostates/cluster/tests/test_kmeans.py::test_invalid_arguments" methodname="test_invalid_arguments" classname="pycrostates/cluster/tests/test_kmeans.py" runstate="Runnable" seed="1" result="Passed" label="Test invalid arguments for init and for fit." start-time="2022-06-08 16:12:38.580700" end-time="2022-06-08 16:12:38.631333" duration="0.050633" asserts="0"><properties><property name="python-version" value="3.9.9 (main, Nov 21 2021, 03:23:42) &#10;[Clang 13.0.0 (clang-1300.0.29.3)]" /><property name="fspath" value="pycrostates/cluster/tests/test_kmeans.py" /></properties><environment framework-version="3.6.2" clr-version="3.9.9 (main, Nov 21 2021, 03:23:42) &#10;[Clang 13.0.0 (clang-1300.0.29.3)]" os-version="20.6.0" platform="Darwin" cwd="/Users/scheltie/Documents/git/mscheltienne/pycrostates" machine-name="x86_64" user="" user-domain="" culture="en-US" uiculture="en-US" os-architecture="64bit" /><failure><message><![CDATA[]]></message><stack-trace><![CDATA[None]]></stack-trace></failure><reason><message><![CDATA[]]></message></reason><output><![CDATA[]]></output></test-case><test-case id="109" name="pycrostates/cluster/tests/test_kmeans.py::test_fit_data_shapes" fullname="pycrostates/cluster/tests/test_kmeans.py::test_fit_data_shapes" methodname="test_fit_data_shapes" classname="pycrostates/cluster/tests/test_kmeans.py" runstate="Runnable" seed="1" result="Passed" label="Test different tmin/tmax, rejection with fit." start-time="2022-06-08 16:12:38.631880" end-time="2022-06-08 16:12:39.982945" duration="1.351065" asserts="0"><properties><property name="python-version" value="3.9.9 (main, Nov 21 2021, 03:23:42) &#10;[Clang 13.0.0 (clang-1300.0.29.3)]" /><property name="fspath" value="pycrostates/cluster/tests/test_kmeans.py" /></properties><environment framework-version="3.6.2" clr-version="3.9.9 (main, Nov 21 2021, 03:23:42) &#10;[Clang 13.0.0 (clang-1300.0.29.3)]" os-version="20.6.0" platform="Darwin" cwd="/Users/scheltie/Documents/git/mscheltienne/pycrostates" machine-name="x86_64" user="" user-domain="" culture="en-US" uiculture="en-US" os-architecture="64bit" /><failure><message><![CDATA[]]></message><stack-trace><![CDATA[None]]></stack-trace></failure><reason><message><![CDATA[&#x1b;[33mWARNING &#x1b;[0m pycrostates:kmeans.py:381 Clustering algorithm has not been fitted.
&#x1b;[33mWARNING &#x1b;[0m pycrostates:_base.py:227 Channel EEG 053 is set as bad and ignored. To include it, either remove it from 'inst.info['bads'] or provide its name explicitly in the 'picks' argument.
&#x1b;[32mINFO    &#x1b;[0m pycrostates:kmeans.py:202 Selecting run with highest GEV = 77.79% after 10/10 iterations converged.
&#x1b;[33mWARNING &#x1b;[0m pycrostates:kmeans.py:381 Clustering algorithm has not been fitted.
&#x1b;[33mWARNING &#x1b;[0m pycrostates:_base.py:227 Channel EEG 053 is set as bad and ignored. To include it, either remove it from 'inst.info['bads'] or provide its name explicitly in the 'picks' argument.
&#x1b;[32mINFO    &#x1b;[0m pycrostates:kmeans.py:202 Selecting run with highest GEV = 76.00% after 10/10 iterations converged.
&#x1b;[33mWARNING &#x1b;[0m pycrostates:kmeans.py:381 Clustering algorithm has not been fitted.
&#x1b;[33mWARNING &#x1b;[0m pycrostates:_base.py:227 Channel EEG 053 is set as bad and ignored. To include it, either remove it from 'inst.info['bads'] or provide its name explicitly in the 'picks' argument.
&#x1b;[32mINFO    &#x1b;[0m pycrostates:kmeans.py:202 Selecting run with highest GEV = 80.61% after 10/10 iterations converged.
&#x1b;[33mWARNING &#x1b;[0m pycrostates:kmeans.py:381 Clustering algorithm has not been fitted.
&#x1b;[33mWARNING &#x1b;[0m pycrostates:_base.py:227 Channel EEG 053 is set as bad and ignored. To include it, either remove it from 'inst.info['bads'] or provide its name explicitly in the 'picks' argument.
&#x1b;[32mINFO    &#x1b;[0m pycrostates:kmeans.py:202 Selecting run with highest GEV = 75.84% after 10/10 iterations converged.
&#x1b;[33mWARNING &#x1b;[0m pycrostates:kmeans.py:381 Clustering algorithm has not been fitted.
&#x1b;[33mWARNING &#x1b;[0m pycrostates:_base.py:227 Channel EEG 053 is set as bad and ignored. To include it, either remove it from 'inst.info['bads'] or provide its name explicitly in the 'picks' argument.
&#x1b;[32mINFO    &#x1b;[0m pycrostates:kmeans.py:202 Selecting run with highest GEV = 78.51% after 10/10 iterations converged.
&#x1b;[33mWARNING &#x1b;[0m pycrostates:kmeans.py:381 Clustering algorithm has not been fitted.
&#x1b;[33mWARNING &#x1b;[0m pycrostates:_base.py:227 Channel EEG 053 is set as bad and ignored. To include it, either remove it from 'inst.info['bads'] or provide its name explicitly in the 'picks' argument.
&#x1b;[32mINFO    &#x1b;[0m pycrostates:kmeans.py:202 Selecting run with highest GEV = 75.38% after 10/10 iterations converged.
&#x1b;[33mWARNING &#x1b;[0m pycrostates:kmeans.py:381 Clustering algorithm has not been fitted.
&#x1b;[33mWARNING &#x1b;[0m pycrostates:_base.py:227 Channel EEG 053 is set as bad and ignored. To include it, either remove it from 'inst.info['bads'] or provide its name explicitly in the 'picks' argument.
&#x1b;[32mINFO    &#x1b;[0m pycrostates:kmeans.py:202 Selecting run with highest GEV = 75.96% after 10/10 iterations converged.
&#x1b;[33mWARNING &#x1b;[0m pycrostates:_base.py:227 Channel EEG 053 is set as bad and ignored. To include it, either remove it from 'inst.info['bads'] or provide its name explicitly in the 'picks' argument.
&#x1b;[32mINFO    &#x1b;[0m pycrostates:kmeans.py:202 Selecting run with highest GEV = 76.07% after 10/10 iterations converged.
&#x1b;[33mWARNING &#x1b;[0m pycrostates:_base.py:227 Channel EEG 053 is set as bad and ignored. To include it, either remove it from 'inst.info['bads'] or provide its name explicitly in the 'picks' argument.
&#x1b;[32mINFO    &#x1b;[0m pycrostates:kmeans.py:202 Selecting run with highest GEV = 76.07% after 10/10 iterations converged.
&#x1b;[33mWARNING &#x1b;[0m pycrostates:_base.py:227 Channel EEG 053 is set as bad and ignored. To include it, either remove it from 'inst.info['bads'] or provide its name explicitly in the 'picks' argument.
&#x1b;[32mINFO    &#x1b;[0m pycrostates:kmeans.py:202 Selecting run with highest GEV = 81.32% after 10/10 iterations converged.
&#x1b;[33mWARNING &#x1b;[0m pycrostates:_base.py:227 Channel EEG 053 is set as bad and ignored. To include it, either remove it from 'inst.info['bads'] or provide its name explicitly in the 'picks' argument.
&#x1b;[32mINFO    &#x1b;[0m pycrostates:kmeans.py:202 Selecting run with highest GEV = 77.79% after 10/10 iterations converged.]]></message></reason><output><![CDATA[&#x1b;[33mWARNING &#x1b;[0m pycrostates:kmeans.py:381 Clustering algorithm has not been fitted.
&#x1b;[33mWARNING &#x1b;[0m pycrostates:_base.py:227 Channel EEG 053 is set as bad and ignored. To include it, either remove it from 'inst.info['bads'] or provide its name explicitly in the 'picks' argument.
&#x1b;[32mINFO    &#x1b;[0m pycrostates:kmeans.py:202 Selecting run with highest GEV = 77.79% after 10/10 iterations converged.
&#x1b;[33mWARNING &#x1b;[0m pycrostates:kmeans.py:381 Clustering algorithm has not been fitted.
&#x1b;[33mWARNING &#x1b;[0m pycrostates:_base.py:227 Channel EEG 053 is set as bad and ignored. To include it, either remove it from 'inst.info['bads'] or provide its name explicitly in the 'picks' argument.
&#x1b;[32mINFO    &#x1b;[0m pycrostates:kmeans.py:202 Selecting run with highest GEV = 76.00% after 10/10 iterations converged.
&#x1b;[33mWARNING &#x1b;[0m pycrostates:kmeans.py:381 Clustering algorithm has not been fitted.
&#x1b;[33mWARNING &#x1b;[0m pycrostates:_base.py:227 Channel EEG 053 is set as bad and ignored. To include it, either remove it from 'inst.info['bads'] or provide its name explicitly in the 'picks' argument.
&#x1b;[32mINFO    &#x1b;[0m pycrostates:kmeans.py:202 Selecting run with highest GEV = 80.61% after 10/10 iterations converged.
&#x1b;[33mWARNING &#x1b;[0m pycrostates:kmeans.py:381 Clustering algorithm has not been fitted.
&#x1b;[33mWARNING &#x1b;[0m pycrostates:_base.py:227 Channel EEG 053 is set as bad and ignored. To include it, either remove it from 'inst.info['bads'] or provide its name explicitly in the 'picks' argument.
&#x1b;[32mINFO    &#x1b;[0m pycrostates:kmeans.py:202 Selecting run with highest GEV = 75.84% after 10/10 iterations converged.
&#x1b;[33mWARNING &#x1b;[0m pycrostates:kmeans.py:381 Clustering algorithm has not been fitted.
&#x1b;[33mWARNING &#x1b;[0m pycrostates:_base.py:227 Channel EEG 053 is set as bad and ignored. To include it, either remove it from 'inst.info['bads'] or provide its name explicitly in the 'picks' argument.
&#x1b;[32mINFO    &#x1b;[0m pycrostates:kmeans.py:202 Selecting run with highest GEV = 78.51% after 10/10 iterations converged.
&#x1b;[33mWARNING &#x1b;[0m pycrostates:kmeans.py:381 Clustering algorithm has not been fitted.
&#x1b;[33mWARNING &#x1b;[0m pycrostates:_base.py:227 Channel EEG 053 is set as bad and ignored. To include it, either remove it from 'inst.info['bads'] or provide its name explicitly in the 'picks' argument.
&#x1b;[32mINFO    &#x1b;[0m pycrostates:kmeans.py:202 Selecting run with highest GEV = 75.38% after 10/10 iterations converged.
&#x1b;[33mWARNING &#x1b;[0m pycrostates:kmeans.py:381 Clustering algorithm has not been fitted.
&#x1b;[33mWARNING &#x1b;[0m pycrostates:_base.py:227 Channel EEG 053 is set as bad and ignored. To include it, either remove it from 'inst.info['bads'] or provide its name explicitly in the 'picks' argument.
&#x1b;[32mINFO    &#x1b;[0m pycrostates:kmeans.py:202 Selecting run with highest GEV = 75.96% after 10/10 iterations converged.
&#x1b;[33mWARNING &#x1b;[0m pycrostates:_base.py:227 Channel EEG 053 is set as bad and ignored. To include it, either remove it from 'inst.info['bads'] or provide its name explicitly in the 'picks' argument.
&#x1b;[32mINFO    &#x1b;[0m pycrostates:kmeans.py:202 Selecting run with highest GEV = 76.07% after 10/10 iterations converged.
&#x1b;[33mWARNING &#x1b;[0m pycrostates:_base.py:227 Channel EEG 053 is set as bad and ignored. To include it, either remove it from 'inst.info['bads'] or provide its name explicitly in the 'picks' argument.
&#x1b;[32mINFO    &#x1b;[0m pycrostates:kmeans.py:202 Selecting run with highest GEV = 76.07% after 10/10 iterations converged.
&#x1b;[33mWARNING &#x1b;[0m pycrostates:_base.py:227 Channel EEG 053 is set as bad and ignored. To include it, either remove it from 'inst.info['bads'] or provide its name explicitly in the 'picks' argument.
&#x1b;[32mINFO    &#x1b;[0m pycrostates:kmeans.py:202 Selecting run with highest GEV = 81.32% after 10/10 iterations converged.
&#x1b;[33mWARNING &#x1b;[0m pycrostates:_base.py:227 Channel EEG 053 is set as bad and ignored. To include it, either remove it from 'inst.info['bads'] or provide its name explicitly in the 'picks' argument.
&#x1b;[32mINFO    &#x1b;[0m pycrostates:kmeans.py:202 Selecting run with highest GEV = 77.79% after 10/10 iterations converged.]]></output></test-case><test-case id="110" name="pycrostates/cluster/tests/test_kmeans.py::test_fit_with_bads" fullname="pycrostates/cluster/tests/test_kmeans.py::test_fit_with_bads" methodname="test_fit_with_bads" classname="pycrostates/cluster/tests/test_kmeans.py" runstate="Runnable" seed="1" result="Passed" label="Test log messages emitted when fitting with bad channels." start-time="2022-06-08 16:12:39.983648" end-time="2022-06-08 16:12:40.862566" duration="0.878918" asserts="0"><properties><property name="python-version" value="3.9.9 (main, Nov 21 2021, 03:23:42) &#10;[Clang 13.0.0 (clang-1300.0.29.3)]" /><property name="fspath" value="pycrostates/cluster/tests/test_kmeans.py" /></properties><environment framework-version="3.6.2" clr-version="3.9.9 (main, Nov 21 2021, 03:23:42) &#10;[Clang 13.0.0 (clang-1300.0.29.3)]" os-version="20.6.0" platform="Darwin" cwd="/Users/scheltie/Documents/git/mscheltienne/pycrostates" machine-name="x86_64" user="" user-domain="" culture="en-US" uiculture="en-US" os-architecture="64bit" /><failure><message><![CDATA[]]></message><stack-trace><![CDATA[None]]></stack-trace></failure><reason><message><![CDATA[&#x1b;[32mINFO    &#x1b;[0m pycrostates:kmeans.py:202 Selecting run with highest GEV = 75.99% after 10/10 iterations converged.
&#x1b;[33mWARNING &#x1b;[0m pycrostates:_base.py:227 Channel EEG 001 is set as bad and ignored. To include it, either remove it from 'inst.info['bads'] or provide its name explicitly in the 'picks' argument.
&#x1b;[32mINFO    &#x1b;[0m pycrostates:kmeans.py:202 Selecting run with highest GEV = 75.95% after 10/10 iterations converged.
&#x1b;[33mWARNING &#x1b;[0m pycrostates:_base.py:227 Channels EEG 001, EEG 002 are set as bads and ignored. To include them, either remove them from 'inst.info['bads'] or provide their names explicitly in the 'picks' argument.
&#x1b;[32mINFO    &#x1b;[0m pycrostates:kmeans.py:202 Selecting run with highest GEV = 75.79% after 10/10 iterations converged.
&#x1b;[33mWARNING &#x1b;[0m pycrostates:_base.py:227 Channels EEG 001, EEG 002 are set as bads and ignored. To include them, either remove them from 'inst.info['bads'] or provide their names explicitly in the 'picks' argument.
&#x1b;[32mINFO    &#x1b;[0m pycrostates:kmeans.py:202 Selecting run with highest GEV = 75.22% after 10/10 iterations converged.]]></message></reason><output><![CDATA[&#x1b;[32mINFO    &#x1b;[0m pycrostates:kmeans.py:202 Selecting run with highest GEV = 75.99% after 10/10 iterations converged.
&#x1b;[33mWARNING &#x1b;[0m pycrostates:_base.py:227 Channel EEG 001 is set as bad and ignored. To include it, either remove it from 'inst.info['bads'] or provide its name explicitly in the 'picks' argument.
&#x1b;[32mINFO    &#x1b;[0m pycrostates:kmeans.py:202 Selecting run with highest GEV = 75.95% after 10/10 iterations converged.
&#x1b;[33mWARNING &#x1b;[0m pycrostates:_base.py:227 Channels EEG 001, EEG 002 are set as bads and ignored. To include them, either remove them from 'inst.info['bads'] or provide their names explicitly in the 'picks' argument.
&#x1b;[32mINFO    &#x1b;[0m pycrostates:kmeans.py:202 Selecting run with highest GEV = 75.79% after 10/10 iterations converged.
&#x1b;[33mWARNING &#x1b;[0m pycrostates:_base.py:227 Channels EEG 001, EEG 002 are set as bads and ignored. To include them, either remove them from 'inst.info['bads'] or provide their names explicitly in the 'picks' argument.
&#x1b;[32mINFO    &#x1b;[0m pycrostates:kmeans.py:202 Selecting run with highest GEV = 75.22% after 10/10 iterations converged.]]></output></test-case><test-case id="111" name="pycrostates/cluster/tests/test_kmeans.py::test_predict" fullname="pycrostates/cluster/tests/test_kmeans.py::test_predict" methodname="test_predict" classname="pycrostates/cluster/tests/test_kmeans.py" runstate="Runnable" seed="1" result="Passed" label="Test predict method default behaviors." start-time="2022-06-08 16:12:40.863236" end-time="2022-06-08 16:12:41.889461" duration="1.026225" asserts="0"><properties><property name="python-version" value="3.9.9 (main, Nov 21 2021, 03:23:42) &#10;[Clang 13.0.0 (clang-1300.0.29.3)]" /><property name="fspath" value="pycrostates/cluster/tests/test_kmeans.py" /></properties><environment framework-version="3.6.2" clr-version="3.9.9 (main, Nov 21 2021, 03:23:42) &#10;[Clang 13.0.0 (clang-1300.0.29.3)]" os-version="20.6.0" platform="Darwin" cwd="/Users/scheltie/Documents/git/mscheltienne/pycrostates" machine-name="x86_64" user="" user-domain="" culture="en-US" uiculture="en-US" os-architecture="64bit" /><failure><message><![CDATA[]]></message><stack-trace><![CDATA[None]]></stack-trace></failure><reason><message><![CDATA[&#x1b;[32mINFO    &#x1b;[0m pycrostates:_base.py:611 Segmenting data without smoothing.
&#x1b;[32mINFO    &#x1b;[0m pycrostates:_base.py:611 Segmenting data without smoothing.
&#x1b;[32mINFO    &#x1b;[0m pycrostates:_base.py:625 Rejecting first and last segments.
&#x1b;[32mINFO    &#x1b;[0m pycrostates:_base.py:613 Segmenting data with factor 3 and effective smoothing window size: 0.0233 (ms).
&#x1b;[32mINFO    &#x1b;[0m pycrostates:_base.py:625 Rejecting first and last segments.
&#x1b;[32mINFO    &#x1b;[0m pycrostates:_base.py:611 Segmenting data without smoothing.
&#x1b;[32mINFO    &#x1b;[0m pycrostates:_base.py:620 Rejecting segments shorter than 0.0166 (ms).
&#x1b;[32mINFO    &#x1b;[0m pycrostates:_base.py:611 Segmenting data without smoothing.
&#x1b;[32mINFO    &#x1b;[0m pycrostates:_base.py:611 Segmenting data without smoothing.
&#x1b;[32mINFO    &#x1b;[0m pycrostates:_base.py:625 Rejecting first and last segments.
&#x1b;[32mINFO    &#x1b;[0m pycrostates:_base.py:613 Segmenting data with factor 3 and effective smoothing window size: 0.0233 (ms).
&#x1b;[32mINFO    &#x1b;[0m pycrostates:_base.py:625 Rejecting first and last segments.
&#x1b;[32mINFO    &#x1b;[0m pycrostates:_base.py:611 Segmenting data without smoothing.
&#x1b;[32mINFO    &#x1b;[0m pycrostates:_base.py:620 Rejecting segments shorter than 0.0166 (ms).
&#x1b;[32mINFO    &#x1b;[0m pycrostates:_base.py:611 Segmenting data without smoothing.
&#x1b;[32mINFO    &#x1b;[0m pycrostates:_base.py:625 Rejecting first and last segments.
&#x1b;[32mINFO    &#x1b;[0m pycrostates:_base.py:611 Segmenting data without smoothing.
&#x1b;[32mINFO    &#x1b;[0m pycrostates:_base.py:625 Rejecting first and last segments.
&#x1b;[32mINFO    &#x1b;[0m pycrostates:_base.py:611 Segmenting data without smoothing.
&#x1b;[32mINFO    &#x1b;[0m pycrostates:_base.py:625 Rejecting first and last segments.
&#x1b;[32mINFO    &#x1b;[0m pycrostates:_base.py:611 Segmenting data without smoothing.
&#x1b;[32mINFO    &#x1b;[0m pycrostates:_base.py:625 Rejecting first and last segments.
&#x1b;[32mINFO    &#x1b;[0m pycrostates:_base.py:613 Segmenting data with factor 3 and effective smoothing window size: 0.0233 (ms).
&#x1b;[32mINFO    &#x1b;[0m pycrostates:_base.py:613 Segmenting data with factor 3 and effective smoothing window size: 0.4029 (ms).
&#x1b;[32mINFO    &#x1b;[0m pycrostates:_base.py:611 Segmenting data without smoothing.
&#x1b;[33mWARNING &#x1b;[0m pycrostates:_base.py:583 Picked channel EEG 053 was set as bads during fitting and will be ignored.
&#x1b;[32mINFO    &#x1b;[0m pycrostates:_base.py:611 Segmenting data without smoothing.
&#x1b;[32mINFO    &#x1b;[0m pycrostates:_base.py:625 Rejecting first and last segments.
&#x1b;[33mWARNING &#x1b;[0m pycrostates:_base.py:583 Picked channel EEG 053 was set as bads during fitting and will be ignored.
&#x1b;[32mINFO    &#x1b;[0m pycrostates:_base.py:611 Segmenting data without smoothing.
&#x1b;[32mINFO    &#x1b;[0m pycrostates:_base.py:625 Rejecting first and last segments.
&#x1b;[33mWARNING &#x1b;[0m pycrostates:_base.py:227 Channels EEG 001, EEG 002, EEG 003 are set as bads and ignored. To include them, either remove them from 'inst.info['bads'] or provide their names explicitly in the 'picks' argument.
&#x1b;[32mINFO    &#x1b;[0m pycrostates:kmeans.py:202 Selecting run with highest GEV = 75.36% after 10/10 iterations converged.
&#x1b;[33mWARNING &#x1b;[0m pycrostates:_base.py:589 Picked channels EEG 001, EEG 002, EEG 003 were set as bads during fitting and will be ignored.
&#x1b;[32mINFO    &#x1b;[0m pycrostates:_base.py:611 Segmenting data without smoothing.
&#x1b;[32mINFO    &#x1b;[0m pycrostates:_base.py:625 Rejecting first and last segments.
&#x1b;[33mWARNING &#x1b;[0m pycrostates:_base.py:227 Channels EEG 059, EEG 060 are set as bads and ignored. To include them, either remove them from 'inst.info['bads'] or provide their names explicitly in the 'picks' argument.
&#x1b;[32mINFO    &#x1b;[0m pycrostates:kmeans.py:202 Selecting run with highest GEV = 76.22% after 10/10 iterations converged.
&#x1b;[33mWARNING &#x1b;[0m pycrostates:_base.py:589 Picked channels EEG 059, EEG 060 were set as bads during fitting and will be ignored.
&#x1b;[32mINFO    &#x1b;[0m pycrostates:_base.py:611 Segmenting data without smoothing.
&#x1b;[32mINFO    &#x1b;[0m pycrostates:_base.py:625 Rejecting first and last segments.
&#x1b;[33mWARNING &#x1b;[0m pycrostates:_base.py:583 Picked channel EEG 059 was set as bads during fitting and will be ignored.
&#x1b;[32mINFO    &#x1b;[0m pycrostates:_base.py:611 Segmenting data without smoothing.
&#x1b;[32mINFO    &#x1b;[0m pycrostates:_base.py:625 Rejecting first and last segments.
&#x1b;[33mWARNING &#x1b;[0m pycrostates:_base.py:589 Picked channels EEG 059, EEG 060 were set as bads during fitting and will be ignored.
&#x1b;[32mINFO    &#x1b;[0m pycrostates:_base.py:611 Segmenting data without smoothing.
&#x1b;[32mINFO    &#x1b;[0m pycrostates:_base.py:625 Rejecting first and last segments.
&#x1b;[33mWARNING &#x1b;[0m pycrostates:_base.py:227 Channels EEG 003, EEG 004, EEG 005, EEG 021, EEG 022 are set as bads and ignored. To include them, either remove them from 'inst.info['bads'] or provide their names explicitly in the 'picks' argument.
&#x1b;[32mINFO    &#x1b;[0m pycrostates:kmeans.py:202 Selecting run with highest GEV = 75.17% after 10/10 iterations converged.
&#x1b;[33mWARNING &#x1b;[0m pycrostates:_base.py:589 Picked channels EEG 003, EEG 004, EEG 005, EEG 021, EEG 022 were set as bads during fitting and will be ignored.
&#x1b;[32mINFO    &#x1b;[0m pycrostates:_base.py:611 Segmenting data without smoothing.
&#x1b;[32mINFO    &#x1b;[0m pycrostates:_base.py:625 Rejecting first and last segments.
&#x1b;[33mWARNING &#x1b;[0m pycrostates:_base.py:589 Picked channels EEG 004, EEG 005, EEG 021, EEG 022 were set as bads during fitting and will be ignored.
&#x1b;[32mINFO    &#x1b;[0m pycrostates:_base.py:611 Segmenting data without smoothing.
&#x1b;[32mINFO    &#x1b;[0m pycrostates:_base.py:625 Rejecting first and last segments.
&#x1b;[33mWARNING &#x1b;[0m pycrostates:_base.py:583 Picked channel EEG 053 was set as bads during fitting and will be ignored.
&#x1b;[32mINFO    &#x1b;[0m pycrostates:_base.py:611 Segmenting data without smoothing.
&#x1b;[32mINFO    &#x1b;[0m pycrostates:_base.py:625 Rejecting first and last segments.]]></message></reason><output><![CDATA[&#x1b;[32mINFO    &#x1b;[0m pycrostates:_base.py:611 Segmenting data without smoothing.
&#x1b;[32mINFO    &#x1b;[0m pycrostates:_base.py:611 Segmenting data without smoothing.
&#x1b;[32mINFO    &#x1b;[0m pycrostates:_base.py:625 Rejecting first and last segments.
&#x1b;[32mINFO    &#x1b;[0m pycrostates:_base.py:613 Segmenting data with factor 3 and effective smoothing window size: 0.0233 (ms).
&#x1b;[32mINFO    &#x1b;[0m pycrostates:_base.py:625 Rejecting first and last segments.
&#x1b;[32mINFO    &#x1b;[0m pycrostates:_base.py:611 Segmenting data without smoothing.
&#x1b;[32mINFO    &#x1b;[0m pycrostates:_base.py:620 Rejecting segments shorter than 0.0166 (ms).
&#x1b;[32mINFO    &#x1b;[0m pycrostates:_base.py:611 Segmenting data without smoothing.
&#x1b;[32mINFO    &#x1b;[0m pycrostates:_base.py:611 Segmenting data without smoothing.
&#x1b;[32mINFO    &#x1b;[0m pycrostates:_base.py:625 Rejecting first and last segments.
&#x1b;[32mINFO    &#x1b;[0m pycrostates:_base.py:613 Segmenting data with factor 3 and effective smoothing window size: 0.0233 (ms).
&#x1b;[32mINFO    &#x1b;[0m pycrostates:_base.py:625 Rejecting first and last segments.
&#x1b;[32mINFO    &#x1b;[0m pycrostates:_base.py:611 Segmenting data without smoothing.
&#x1b;[32mINFO    &#x1b;[0m pycrostates:_base.py:620 Rejecting segments shorter than 0.0166 (ms).
&#x1b;[32mINFO    &#x1b;[0m pycrostates:_base.py:611 Segmenting data without smoothing.
&#x1b;[32mINFO    &#x1b;[0m pycrostates:_base.py:625 Rejecting first and last segments.
&#x1b;[32mINFO    &#x1b;[0m pycrostates:_base.py:611 Segmenting data without smoothing.
&#x1b;[32mINFO    &#x1b;[0m pycrostates:_base.py:625 Rejecting first and last segments.
&#x1b;[32mINFO    &#x1b;[0m pycrostates:_base.py:611 Segmenting data without smoothing.
&#x1b;[32mINFO    &#x1b;[0m pycrostates:_base.py:625 Rejecting first and last segments.
&#x1b;[32mINFO    &#x1b;[0m pycrostates:_base.py:611 Segmenting data without smoothing.
&#x1b;[32mINFO    &#x1b;[0m pycrostates:_base.py:625 Rejecting first and last segments.
&#x1b;[32mINFO    &#x1b;[0m pycrostates:_base.py:613 Segmenting data with factor 3 and effective smoothing window size: 0.0233 (ms).
&#x1b;[32mINFO    &#x1b;[0m pycrostates:_base.py:613 Segmenting data with factor 3 and effective smoothing window size: 0.4029 (ms).
&#x1b;[32mINFO    &#x1b;[0m pycrostates:_base.py:611 Segmenting data without smoothing.
&#x1b;[33mWARNING &#x1b;[0m pycrostates:_base.py:583 Picked channel EEG 053 was set as bads during fitting and will be ignored.
&#x1b;[32mINFO    &#x1b;[0m pycrostates:_base.py:611 Segmenting data without smoothing.
&#x1b;[32mINFO    &#x1b;[0m pycrostates:_base.py:625 Rejecting first and last segments.
&#x1b;[33mWARNING &#x1b;[0m pycrostates:_base.py:583 Picked channel EEG 053 was set as bads during fitting and will be ignored.
&#x1b;[32mINFO    &#x1b;[0m pycrostates:_base.py:611 Segmenting data without smoothing.
&#x1b;[32mINFO    &#x1b;[0m pycrostates:_base.py:625 Rejecting first and last segments.
&#x1b;[33mWARNING &#x1b;[0m pycrostates:_base.py:227 Channels EEG 001, EEG 002, EEG 003 are set as bads and ignored. To include them, either remove them from 'inst.info['bads'] or provide their names explicitly in the 'picks' argument.
&#x1b;[32mINFO    &#x1b;[0m pycrostates:kmeans.py:202 Selecting run with highest GEV = 75.36% after 10/10 iterations converged.
&#x1b;[33mWARNING &#x1b;[0m pycrostates:_base.py:589 Picked channels EEG 001, EEG 002, EEG 003 were set as bads during fitting and will be ignored.
&#x1b;[32mINFO    &#x1b;[0m pycrostates:_base.py:611 Segmenting data without smoothing.
&#x1b;[32mINFO    &#x1b;[0m pycrostates:_base.py:625 Rejecting first and last segments.
&#x1b;[33mWARNING &#x1b;[0m pycrostates:_base.py:227 Channels EEG 059, EEG 060 are set as bads and ignored. To include them, either remove them from 'inst.info['bads'] or provide their names explicitly in the 'picks' argument.
&#x1b;[32mINFO    &#x1b;[0m pycrostates:kmeans.py:202 Selecting run with highest GEV = 76.22% after 10/10 iterations converged.
&#x1b;[33mWARNING &#x1b;[0m pycrostates:_base.py:589 Picked channels EEG 059, EEG 060 were set as bads during fitting and will be ignored.
&#x1b;[32mINFO    &#x1b;[0m pycrostates:_base.py:611 Segmenting data without smoothing.
&#x1b;[32mINFO    &#x1b;[0m pycrostates:_base.py:625 Rejecting first and last segments.
&#x1b;[33mWARNING &#x1b;[0m pycrostates:_base.py:583 Picked channel EEG 059 was set as bads during fitting and will be ignored.
&#x1b;[32mINFO    &#x1b;[0m pycrostates:_base.py:611 Segmenting data without smoothing.
&#x1b;[32mINFO    &#x1b;[0m pycrostates:_base.py:625 Rejecting first and last segments.
&#x1b;[33mWARNING &#x1b;[0m pycrostates:_base.py:589 Picked channels EEG 059, EEG 060 were set as bads during fitting and will be ignored.
&#x1b;[32mINFO    &#x1b;[0m pycrostates:_base.py:611 Segmenting data without smoothing.
&#x1b;[32mINFO    &#x1b;[0m pycrostates:_base.py:625 Rejecting first and last segments.
&#x1b;[33mWARNING &#x1b;[0m pycrostates:_base.py:227 Channels EEG 003, EEG 004, EEG 005, EEG 021, EEG 022 are set as bads and ignored. To include them, either remove them from 'inst.info['bads'] or provide their names explicitly in the 'picks' argument.
&#x1b;[32mINFO    &#x1b;[0m pycrostates:kmeans.py:202 Selecting run with highest GEV = 75.17% after 10/10 iterations converged.
&#x1b;[33mWARNING &#x1b;[0m pycrostates:_base.py:589 Picked channels EEG 003, EEG 004, EEG 005, EEG 021, EEG 022 were set as bads during fitting and will be ignored.
&#x1b;[32mINFO    &#x1b;[0m pycrostates:_base.py:611 Segmenting data without smoothing.
&#x1b;[32mINFO    &#x1b;[0m pycrostates:_base.py:625 Rejecting first and last segments.
&#x1b;[33mWARNING &#x1b;[0m pycrostates:_base.py:589 Picked channels EEG 004, EEG 005, EEG 021, EEG 022 were set as bads during fitting and will be ignored.
&#x1b;[32mINFO    &#x1b;[0m pycrostates:_base.py:611 Segmenting data without smoothing.
&#x1b;[32mINFO    &#x1b;[0m pycrostates:_base.py:625 Rejecting first and last segments.
&#x1b;[33mWARNING &#x1b;[0m pycrostates:_base.py:583 Picked channel EEG 053 was set as bads during fitting and will be ignored.
&#x1b;[32mINFO    &#x1b;[0m pycrostates:_base.py:611 Segmenting data without smoothing.
&#x1b;[32mINFO    &#x1b;[0m pycrostates:_base.py:625 Rejecting first and last segments.]]></output></test-case><test-case id="112" name="pycrostates/cluster/tests/test_kmeans.py::test_predict_invalid_arguments" fullname="pycrostates/cluster/tests/test_kmeans.py::test_predict_invalid_arguments" methodname="test_predict_invalid_arguments" classname="pycrostates/cluster/tests/test_kmeans.py" runstate="Runnable" seed="1" result="Passed" label="Test invalid arguments passed to predict." start-time="2022-06-08 16:12:41.890021" end-time="2022-06-08 16:12:41.897512" duration="0.007491" asserts="0"><properties><property name="python-version" value="3.9.9 (main, Nov 21 2021, 03:23:42) &#10;[Clang 13.0.0 (clang-1300.0.29.3)]" /><property name="fspath" value="pycrostates/cluster/tests/test_kmeans.py" /></properties><environment framework-version="3.6.2" clr-version="3.9.9 (main, Nov 21 2021, 03:23:42) &#10;[Clang 13.0.0 (clang-1300.0.29.3)]" os-version="20.6.0" platform="Darwin" cwd="/Users/scheltie/Documents/git/mscheltienne/pycrostates" machine-name="x86_64" user="" user-domain="" culture="en-US" uiculture="en-US" os-architecture="64bit" /><failure><message><![CDATA[]]></message><stack-trace><![CDATA[None]]></stack-trace></failure><reason><message><![CDATA[]]></message></reason><output><![CDATA[]]></output></test-case><test-case id="113" name="pycrostates/cluster/tests/test_kmeans.py::test_n_jobs" fullname="pycrostates/cluster/tests/test_kmeans.py::test_n_jobs" methodname="test_n_jobs" classname="pycrostates/cluster/tests/test_kmeans.py" runstate="Runnable" seed="1" result="Passed" label="Test that n_jobs=2 works." start-time="2022-06-08 16:12:41.898017" end-time="2022-06-08 16:12:44.027192" duration="2.129175" asserts="0"><properties><property name="python-version" value="3.9.9 (main, Nov 21 2021, 03:23:42) &#10;[Clang 13.0.0 (clang-1300.0.29.3)]" /><property name="fspath" value="pycrostates/cluster/tests/test_kmeans.py" /></properties><environment framework-version="3.6.2" clr-version="3.9.9 (main, Nov 21 2021, 03:23:42) &#10;[Clang 13.0.0 (clang-1300.0.29.3)]" os-version="20.6.0" platform="Darwin" cwd="/Users/scheltie/Documents/git/mscheltienne/pycrostates" machine-name="x86_64" user="" user-domain="" culture="en-US" uiculture="en-US" os-architecture="64bit" /><failure><message><![CDATA[]]></message><stack-trace><![CDATA[None]]></stack-trace></failure><reason><message><![CDATA[&#x1b;[33mWARNING &#x1b;[0m pycrostates:_base.py:227 Channel EEG 053 is set as bad and ignored. To include it, either remove it from 'inst.info['bads'] or provide its name explicitly in the 'picks' argument.
&#x1b;[32mINFO    &#x1b;[0m pycrostates:kmeans.py:202 Selecting run with highest GEV = 75.96% after 10/10 iterations converged.]]></message></reason><output><![CDATA[&#x1b;[33mWARNING &#x1b;[0m pycrostates:_base.py:227 Channel EEG 053 is set as bad and ignored. To include it, either remove it from 'inst.info['bads'] or provide its name explicitly in the 'picks' argument.
&#x1b;[32mINFO    &#x1b;[0m pycrostates:kmeans.py:202 Selecting run with highest GEV = 75.96% after 10/10 iterations converged.]]></output></test-case><test-case id="114" name="pycrostates/cluster/tests/test_kmeans.py::test_fit_not_converged" fullname="pycrostates/cluster/tests/test_kmeans.py::test_fit_not_converged" methodname="test_fit_not_converged" classname="pycrostates/cluster/tests/test_kmeans.py" runstate="Runnable" seed="1" result="Passed" label="Test a fit that did not converge." start-time="2022-06-08 16:12:44.028706" end-time="2022-06-08 16:12:44.999432" duration="0.970726" asserts="0"><properties><property name="python-version" value="3.9.9 (main, Nov 21 2021, 03:23:42) &#10;[Clang 13.0.0 (clang-1300.0.29.3)]" /><property name="fspath" value="pycrostates/cluster/tests/test_kmeans.py" /></properties><environment framework-version="3.6.2" clr-version="3.9.9 (main, Nov 21 2021, 03:23:42) &#10;[Clang 13.0.0 (clang-1300.0.29.3)]" os-version="20.6.0" platform="Darwin" cwd="/Users/scheltie/Documents/git/mscheltienne/pycrostates" machine-name="x86_64" user="" user-domain="" culture="en-US" uiculture="en-US" os-architecture="64bit" /><failure><message><![CDATA[]]></message><stack-trace><![CDATA[None]]></stack-trace></failure><reason><message><![CDATA[&#x1b;[33mWARNING &#x1b;[0m pycrostates:_base.py:227 Channel EEG 053 is set as bad and ignored. To include it, either remove it from 'inst.info['bads'] or provide its name explicitly in the 'picks' argument.
&#x1b;[32mINFO    &#x1b;[0m pycrostates:kmeans.py:202 Selecting run with highest GEV = 75.96% after 10/10 iterations converged.
&#x1b;[33mWARNING &#x1b;[0m pycrostates:_base.py:227 Channel EEG 053 is set as bad and ignored. To include it, either remove it from 'inst.info['bads'] or provide its name explicitly in the 'picks' argument.
&#x1b;[32mINFO    &#x1b;[0m pycrostates:kmeans.py:202 Selecting run with highest GEV = 75.96% after 6/10 iterations converged.
&#x1b;[33mWARNING &#x1b;[0m pycrostates:_base.py:227 Channel EEG 053 is set as bad and ignored. To include it, either remove it from 'inst.info['bads'] or provide its name explicitly in the 'picks' argument.
&#x1b;[1m&#x1b;[31mERROR   &#x1b;[0m pycrostates:kmeans.py:210 All the K-means run failed to converge. Please adapt the tolerance and the maximum number of iteration.
&#x1b;[33mWARNING &#x1b;[0m pycrostates:kmeans.py:381 Clustering algorithm has not been fitted.
&#x1b;[33mWARNING &#x1b;[0m pycrostates:_base.py:227 Channel EEG 053 is set as bad and ignored. To include it, either remove it from 'inst.info['bads'] or provide its name explicitly in the 'picks' argument.
&#x1b;[1m&#x1b;[31mERROR   &#x1b;[0m pycrostates:kmeans.py:210 All the K-means run failed to converge. Please adapt the tolerance and the maximum number of iteration.
&#x1b;[33mWARNING &#x1b;[0m pycrostates:kmeans.py:381 Clustering algorithm has not been fitted.]]></message></reason><output><![CDATA[&#x1b;[33mWARNING &#x1b;[0m pycrostates:_base.py:227 Channel EEG 053 is set as bad and ignored. To include it, either remove it from 'inst.info['bads'] or provide its name explicitly in the 'picks' argument.
&#x1b;[32mINFO    &#x1b;[0m pycrostates:kmeans.py:202 Selecting run with highest GEV = 75.96% after 10/10 iterations converged.
&#x1b;[33mWARNING &#x1b;[0m pycrostates:_base.py:227 Channel EEG 053 is set as bad and ignored. To include it, either remove it from 'inst.info['bads'] or provide its name explicitly in the 'picks' argument.
&#x1b;[32mINFO    &#x1b;[0m pycrostates:kmeans.py:202 Selecting run with highest GEV = 75.96% after 6/10 iterations converged.
&#x1b;[33mWARNING &#x1b;[0m pycrostates:_base.py:227 Channel EEG 053 is set as bad and ignored. To include it, either remove it from 'inst.info['bads'] or provide its name explicitly in the 'picks' argument.
&#x1b;[1m&#x1b;[31mERROR   &#x1b;[0m pycrostates:kmeans.py:210 All the K-means run failed to converge. Please adapt the tolerance and the maximum number of iteration.
&#x1b;[33mWARNING &#x1b;[0m pycrostates:kmeans.py:381 Clustering algorithm has not been fitted.
&#x1b;[33mWARNING &#x1b;[0m pycrostates:_base.py:227 Channel EEG 053 is set as bad and ignored. To include it, either remove it from 'inst.info['bads'] or provide its name explicitly in the 'picks' argument.
&#x1b;[1m&#x1b;[31mERROR   &#x1b;[0m pycrostates:kmeans.py:210 All the K-means run failed to converge. Please adapt the tolerance and the maximum number of iteration.
&#x1b;[33mWARNING &#x1b;[0m pycrostates:kmeans.py:381 Clustering algorithm has not been fitted.]]></output></test-case><test-case id="115" name="pycrostates/cluster/tests/test_kmeans.py::test_randomseed" fullname="pycrostates/cluster/tests/test_kmeans.py::test_randomseed" methodname="test_randomseed" classname="pycrostates/cluster/tests/test_kmeans.py" runstate="Runnable" seed="1" result="Passed" label="Test that fit with same randomseed provide the same output." start-time="2022-06-08 16:12:45.000187" end-time="2022-06-08 16:12:45.759852" duration="0.759665" asserts="0"><properties><property name="python-version" value="3.9.9 (main, Nov 21 2021, 03:23:42) &#10;[Clang 13.0.0 (clang-1300.0.29.3)]" /><property name="fspath" value="pycrostates/cluster/tests/test_kmeans.py" /></properties><environment framework-version="3.6.2" clr-version="3.9.9 (main, Nov 21 2021, 03:23:42) &#10;[Clang 13.0.0 (clang-1300.0.29.3)]" os-version="20.6.0" platform="Darwin" cwd="/Users/scheltie/Documents/git/mscheltienne/pycrostates" machine-name="x86_64" user="" user-domain="" culture="en-US" uiculture="en-US" os-architecture="64bit" /><failure><message><![CDATA[]]></message><stack-trace><![CDATA[None]]></stack-trace></failure><reason><message><![CDATA[&#x1b;[33mWARNING &#x1b;[0m pycrostates:_base.py:227 Channel EEG 053 is set as bad and ignored. To include it, either remove it from 'inst.info['bads'] or provide its name explicitly in the 'picks' argument.
&#x1b;[32mINFO    &#x1b;[0m pycrostates:kmeans.py:202 Selecting run with highest GEV = 75.96% after 10/10 iterations converged.
&#x1b;[33mWARNING &#x1b;[0m pycrostates:_base.py:227 Channel EEG 053 is set as bad and ignored. To include it, either remove it from 'inst.info['bads'] or provide its name explicitly in the 'picks' argument.
&#x1b;[32mINFO    &#x1b;[0m pycrostates:kmeans.py:202 Selecting run with highest GEV = 75.96% after 10/10 iterations converged.
&#x1b;[33mWARNING &#x1b;[0m pycrostates:_base.py:227 Channel EEG 053 is set as bad and ignored. To include it, either remove it from 'inst.info['bads'] or provide its name explicitly in the 'picks' argument.
&#x1b;[32mINFO    &#x1b;[0m pycrostates:kmeans.py:202 Selecting run with highest GEV = 75.96% after 10/10 iterations converged.]]></message></reason><output><![CDATA[&#x1b;[33mWARNING &#x1b;[0m pycrostates:_base.py:227 Channel EEG 053 is set as bad and ignored. To include it, either remove it from 'inst.info['bads'] or provide its name explicitly in the 'picks' argument.
&#x1b;[32mINFO    &#x1b;[0m pycrostates:kmeans.py:202 Selecting run with highest GEV = 75.96% after 10/10 iterations converged.
&#x1b;[33mWARNING &#x1b;[0m pycrostates:_base.py:227 Channel EEG 053 is set as bad and ignored. To include it, either remove it from 'inst.info['bads'] or provide its name explicitly in the 'picks' argument.
&#x1b;[32mINFO    &#x1b;[0m pycrostates:kmeans.py:202 Selecting run with highest GEV = 75.96% after 10/10 iterations converged.
&#x1b;[33mWARNING &#x1b;[0m pycrostates:_base.py:227 Channel EEG 053 is set as bad and ignored. To include it, either remove it from 'inst.info['bads'] or provide its name explicitly in the 'picks' argument.
&#x1b;[32mINFO    &#x1b;[0m pycrostates:kmeans.py:202 Selecting run with highest GEV = 75.96% after 10/10 iterations converged.]]></output></test-case><test-case id="116" name="pycrostates/cluster/tests/test_kmeans.py::test_contains_mixin" fullname="pycrostates/cluster/tests/test_kmeans.py::test_contains_mixin" methodname="test_contains_mixin" classname="pycrostates/cluster/tests/test_kmeans.py" runstate="Runnable" seed="1" result="Passed" label="Test contains mixin class." start-time="2022-06-08 16:12:45.760449" end-time="2022-06-08 16:12:45.762557" duration="0.002108" asserts="0"><properties><property name="python-version" value="3.9.9 (main, Nov 21 2021, 03:23:42) &#10;[Clang 13.0.0 (clang-1300.0.29.3)]" /><property name="fspath" value="pycrostates/cluster/tests/test_kmeans.py" /></properties><environment framework-version="3.6.2" clr-version="3.9.9 (main, Nov 21 2021, 03:23:42) &#10;[Clang 13.0.0 (clang-1300.0.29.3)]" os-version="20.6.0" platform="Darwin" cwd="/Users/scheltie/Documents/git/mscheltienne/pycrostates" machine-name="x86_64" user="" user-domain="" culture="en-US" uiculture="en-US" os-architecture="64bit" /><failure><message><![CDATA[]]></message><stack-trace><![CDATA[None]]></stack-trace></failure><reason><message><![CDATA[&#x1b;[33mWARNING &#x1b;[0m pycrostates:_base.py:959 Clustering algorithm has not been fitted.
&#x1b;[33mWARNING &#x1b;[0m pycrostates:_base.py:959 Clustering algorithm has not been fitted.
&#x1b;[33mWARNING &#x1b;[0m pycrostates:_base.py:959 Clustering algorithm has not been fitted.
&#x1b;[33mWARNING &#x1b;[0m pycrostates:_base.py:959 Clustering algorithm has not been fitted.
&#x1b;[33mWARNING &#x1b;[0m pycrostates:_base.py:959 Clustering algorithm has not been fitted.
&#x1b;[33mWARNING &#x1b;[0m pycrostates:_base.py:959 Clustering algorithm has not been fitted.]]></message></reason><output><![CDATA[&#x1b;[33mWARNING &#x1b;[0m pycrostates:_base.py:959 Clustering algorithm has not been fitted.
&#x1b;[33mWARNING &#x1b;[0m pycrostates:_base.py:959 Clustering algorithm has not been fitted.
&#x1b;[33mWARNING &#x1b;[0m pycrostates:_base.py:959 Clustering algorithm has not been fitted.
&#x1b;[33mWARNING &#x1b;[0m pycrostates:_base.py:959 Clustering algorithm has not been fitted.
&#x1b;[33mWARNING &#x1b;[0m pycrostates:_base.py:959 Clustering algorithm has not been fitted.
&#x1b;[33mWARNING &#x1b;[0m pycrostates:_base.py:959 Clustering algorithm has not been fitted.]]></output></test-case><test-case id="117" name="pycrostates/cluster/tests/test_kmeans.py::test_montage_mixin" fullname="pycrostates/cluster/tests/test_kmeans.py::test_montage_mixin" methodname="test_montage_mixin" classname="pycrostates/cluster/tests/test_kmeans.py" runstate="Runnable" seed="1" result="Passed" label="Test montage mixin class." start-time="2022-06-08 16:12:45.763057" end-time="2022-06-08 16:12:45.769916" duration="0.006859" asserts="0"><properties><property name="python-version" value="3.9.9 (main, Nov 21 2021, 03:23:42) &#10;[Clang 13.0.0 (clang-1300.0.29.3)]" /><property name="fspath" value="pycrostates/cluster/tests/test_kmeans.py" /></properties><environment framework-version="3.6.2" clr-version="3.9.9 (main, Nov 21 2021, 03:23:42) &#10;[Clang 13.0.0 (clang-1300.0.29.3)]" os-version="20.6.0" platform="Darwin" cwd="/Users/scheltie/Documents/git/mscheltienne/pycrostates" machine-name="x86_64" user="" user-domain="" culture="en-US" uiculture="en-US" os-architecture="64bit" /><failure><message><![CDATA[]]></message><stack-trace><![CDATA[None]]></stack-trace></failure><reason><message><![CDATA[&#x1b;[33mWARNING &#x1b;[0m pycrostates:_base.py:959 Clustering algorithm has not been fitted.
&#x1b;[33mWARNING &#x1b;[0m pycrostates:_base.py:959 Clustering algorithm has not been fitted.
&#x1b;[33mWARNING &#x1b;[0m pycrostates:_base.py:959 Clustering algorithm has not been fitted.
&#x1b;[33mWARNING &#x1b;[0m pycrostates:_base.py:959 Clustering algorithm has not been fitted.]]></message></reason><output><![CDATA[&#x1b;[33mWARNING &#x1b;[0m pycrostates:_base.py:959 Clustering algorithm has not been fitted.
&#x1b;[33mWARNING &#x1b;[0m pycrostates:_base.py:959 Clustering algorithm has not been fitted.
&#x1b;[33mWARNING &#x1b;[0m pycrostates:_base.py:959 Clustering algorithm has not been fitted.
&#x1b;[33mWARNING &#x1b;[0m pycrostates:_base.py:959 Clustering algorithm has not been fitted.]]></output></test-case><test-case id="118" name="pycrostates/cluster/tests/test_kmeans.py::test_save" fullname="pycrostates/cluster/tests/test_kmeans.py::test_save" methodname="test_save" classname="pycrostates/cluster/tests/test_kmeans.py" runstate="Runnable" seed="1" result="Passed" label="Test .save() method." start-time="2022-06-08 16:12:45.772143" end-time="2022-06-08 16:12:46.043228" duration="0.271085" asserts="0"><properties><property name="python-version" value="3.9.9 (main, Nov 21 2021, 03:23:42) &#10;[Clang 13.0.0 (clang-1300.0.29.3)]" /><property name="fspath" value="pycrostates/cluster/tests/test_kmeans.py" /></properties><environment framework-version="3.6.2" clr-version="3.9.9 (main, Nov 21 2021, 03:23:42) &#10;[Clang 13.0.0 (clang-1300.0.29.3)]" os-version="20.6.0" platform="Darwin" cwd="/Users/scheltie/Documents/git/mscheltienne/pycrostates" machine-name="x86_64" user="" user-domain="" culture="en-US" uiculture="en-US" os-architecture="64bit" /><failure><message><![CDATA[]]></message><stack-trace><![CDATA[None]]></stack-trace></failure><reason><message><![CDATA[&#x1b;[32mINFO    &#x1b;[0m pycrostates:fiff.py:125 Writing clustering solution to /private/var/folders/b1/kx2x00x95ls80zzkct4647sh0000gn/T/pytest-of-scheltie/pytest-2/test_save0/cluster.fif...
&#x1b;[32mINFO    &#x1b;[0m pycrostates:fiff.py:125 Writing clustering solution to /private/var/folders/b1/kx2x00x95ls80zzkct4647sh0000gn/T/pytest-of-scheltie/pytest-2/test_save0/cluster.fif.gz...
&#x1b;[32mINFO    &#x1b;[0m pycrostates:fiff.py:239 Reading clustering solution from /private/var/folders/b1/kx2x00x95ls80zzkct4647sh0000gn/T/pytest-of-scheltie/pytest-2/test_save0/cluster.fif...
&#x1b;[32mINFO    &#x1b;[0m pycrostates:reader.py:30 Cluster solution loaded was saved with pycrostates '0.1.0.dev0'.
&#x1b;[32mINFO    &#x1b;[0m pycrostates:fiff.py:239 Reading clustering solution from /private/var/folders/b1/kx2x00x95ls80zzkct4647sh0000gn/T/pytest-of-scheltie/pytest-2/test_save0/cluster.fif.gz...
&#x1b;[33mWARNING &#x1b;[0m pycrostates:utils.py:86 Instance to segment into microstates sequence does not have the same channels montage as the instance used for fitting. 
&#x1b;[32mINFO    &#x1b;[0m pycrostates:_base.py:611 Segmenting data without smoothing.
&#x1b;[32mINFO    &#x1b;[0m pycrostates:_base.py:625 Rejecting first and last segments.
&#x1b;[33mWARNING &#x1b;[0m pycrostates:utils.py:86 Instance to segment into microstates sequence does not have the same channels montage as the instance used for fitting. 
&#x1b;[32mINFO    &#x1b;[0m pycrostates:_base.py:611 Segmenting data without smoothing.
&#x1b;[32mINFO    &#x1b;[0m pycrostates:_base.py:625 Rejecting first and last segments.
&#x1b;[33mWARNING &#x1b;[0m pycrostates:utils.py:86 Instance to segment into microstates sequence does not have the same channels montage as the instance used for fitting. 
&#x1b;[32mINFO    &#x1b;[0m pycrostates:_base.py:611 Segmenting data without smoothing.
&#x1b;[32mINFO    &#x1b;[0m pycrostates:_base.py:625 Rejecting first and last segments.]]></message></reason><output><![CDATA[&#x1b;[32mINFO    &#x1b;[0m pycrostates:fiff.py:125 Writing clustering solution to /private/var/folders/b1/kx2x00x95ls80zzkct4647sh0000gn/T/pytest-of-scheltie/pytest-2/test_save0/cluster.fif...
&#x1b;[32mINFO    &#x1b;[0m pycrostates:fiff.py:125 Writing clustering solution to /private/var/folders/b1/kx2x00x95ls80zzkct4647sh0000gn/T/pytest-of-scheltie/pytest-2/test_save0/cluster.fif.gz...
&#x1b;[32mINFO    &#x1b;[0m pycrostates:fiff.py:239 Reading clustering solution from /private/var/folders/b1/kx2x00x95ls80zzkct4647sh0000gn/T/pytest-of-scheltie/pytest-2/test_save0/cluster.fif...
&#x1b;[32mINFO    &#x1b;[0m pycrostates:reader.py:30 Cluster solution loaded was saved with pycrostates '0.1.0.dev0'.
&#x1b;[32mINFO    &#x1b;[0m pycrostates:fiff.py:239 Reading clustering solution from /private/var/folders/b1/kx2x00x95ls80zzkct4647sh0000gn/T/pytest-of-scheltie/pytest-2/test_save0/cluster.fif.gz...
&#x1b;[33mWARNING &#x1b;[0m pycrostates:utils.py:86 Instance to segment into microstates sequence does not have the same channels montage as the instance used for fitting. 
&#x1b;[32mINFO    &#x1b;[0m pycrostates:_base.py:611 Segmenting data without smoothing.
&#x1b;[32mINFO    &#x1b;[0m pycrostates:_base.py:625 Rejecting first and last segments.
&#x1b;[33mWARNING &#x1b;[0m pycrostates:utils.py:86 Instance to segment into microstates sequence does not have the same channels montage as the instance used for fitting. 
&#x1b;[32mINFO    &#x1b;[0m pycrostates:_base.py:611 Segmenting data without smoothing.
&#x1b;[32mINFO    &#x1b;[0m pycrostates:_base.py:625 Rejecting first and last segments.
&#x1b;[33mWARNING &#x1b;[0m pycrostates:utils.py:86 Instance to segment into microstates sequence does not have the same channels montage as the instance used for fitting. 
&#x1b;[32mINFO    &#x1b;[0m pycrostates:_base.py:611 Segmenting data without smoothing.
&#x1b;[32mINFO    &#x1b;[0m pycrostates:_base.py:625 Rejecting first and last segments.]]></output></test-case><test-case id="119" name="pycrostates/cluster/tests/test_kmeans.py::test_comparison" fullname="pycrostates/cluster/tests/test_kmeans.py::test_comparison" methodname="test_comparison" classname="pycrostates/cluster/tests/test_kmeans.py" runstate="Runnable" seed="1" result="Passed" label="Test == and != methods." start-time="2022-06-08 16:12:46.043814" end-time="2022-06-08 16:12:46.442548" duration="0.398734" asserts="0"><properties><property name="python-version" value="3.9.9 (main, Nov 21 2021, 03:23:42) &#10;[Clang 13.0.0 (clang-1300.0.29.3)]" /><property name="fspath" value="pycrostates/cluster/tests/test_kmeans.py" /></properties><environment framework-version="3.6.2" clr-version="3.9.9 (main, Nov 21 2021, 03:23:42) &#10;[Clang 13.0.0 (clang-1300.0.29.3)]" os-version="20.6.0" platform="Darwin" cwd="/Users/scheltie/Documents/git/mscheltienne/pycrostates" machine-name="x86_64" user="" user-domain="" culture="en-US" uiculture="en-US" os-architecture="64bit" /><failure><message><![CDATA[]]></message><stack-trace><![CDATA[None]]></stack-trace></failure><reason><message><![CDATA[&#x1b;[33mWARNING &#x1b;[0m pycrostates:_base.py:129 Cluster names differ between both clustering solution. Consider using '.rename_clusters' to change the cluster names.]]></message></reason><output><![CDATA[&#x1b;[33mWARNING &#x1b;[0m pycrostates:_base.py:129 Cluster names differ between both clustering solution. Consider using '.rename_clusters' to change the cluster names.]]></output></test-case><environment framework-version="3.6.2" clr-version="3.9.9 (main, Nov 21 2021, 03:23:42) &#10;[Clang 13.0.0 (clang-1300.0.29.3)]" os-version="20.6.0" platform="Darwin" cwd="/Users/scheltie/Documents/git/mscheltienne/pycrostates" machine-name="x86_64" user="" user-domain="" culture="en-US" uiculture="en-US" os-architecture="64bit" /></test-suite><test-suite id="pycrostates/cluster/tests/test_base.py" name="pycrostates/cluster/tests/test_base.py" fullname="pycrostates/cluster/tests/test_base.py" methodname="" classname="" runstate="Runnable" type="Assembly" testcasecount="3" result="Passed" label="Test staticmethod from base cluster class." start-time="2022-06-08 16:12:37.737205" end-time="2022-06-08 16:12:37.740322" duration="0.003117" asserts="0" total="3" passed="3" failed="0" warnings="0" inconclusive="0" skipped="0"><properties><property name="python_version" value="3.9.9 (main, Nov 21 2021, 03:23:42) &#10;[Clang 13.0.0 (clang-1300.0.29.3)]" /></properties><test-case id="100" name="pycrostates/cluster/tests/test_base.py::test_check_n_clusters" fullname="pycrostates/cluster/tests/test_base.py::test_check_n_clusters" methodname="test_check_n_clusters" classname="pycrostates/cluster/tests/test_base.py" runstate="Runnable" seed="1" result="Passed" label="Test the checker for n_clusters argument." start-time="2022-06-08 16:12:37.737205" end-time="2022-06-08 16:12:37.737960" duration="0.000755" asserts="0"><properties><property name="python-version" value="3.9.9 (main, Nov 21 2021, 03:23:42) &#10;[Clang 13.0.0 (clang-1300.0.29.3)]" /><property name="fspath" value="pycrostates/cluster/tests/test_base.py" /></properties><environment framework-version="3.6.2" clr-version="3.9.9 (main, Nov 21 2021, 03:23:42) &#10;[Clang 13.0.0 (clang-1300.0.29.3)]" os-version="20.6.0" platform="Darwin" cwd="/Users/scheltie/Documents/git/mscheltienne/pycrostates" machine-name="x86_64" user="" user-domain="" culture="en-US" uiculture="en-US" os-architecture="64bit" /><failure><message><![CDATA[]]></message><stack-trace><![CDATA[None]]></stack-trace></failure><reason><message><![CDATA[]]></message></reason><output><![CDATA[]]></output></test-case><test-case id="101" name="pycrostates/cluster/tests/test_base.py::test_reject_edge_segments" fullname="pycrostates/cluster/tests/test_base.py::test_reject_edge_segments" methodname="test_reject_edge_segments" classname="pycrostates/cluster/tests/test_base.py" runstate="Runnable" seed="1" result="Passed" label="Test method rejecting edge segments." start-time="2022-06-08 16:12:37.738360" end-time="2022-06-08 16:12:37.738821" duration="0.000461" asserts="0"><properties><property name="python-version" value="3.9.9 (main, Nov 21 2021, 03:23:42) &#10;[Clang 13.0.0 (clang-1300.0.29.3)]" /><property name="fspath" value="pycrostates/cluster/tests/test_base.py" /></properties><environment framework-version="3.6.2" clr-version="3.9.9 (main, Nov 21 2021, 03:23:42) &#10;[Clang 13.0.0 (clang-1300.0.29.3)]" os-version="20.6.0" platform="Darwin" cwd="/Users/scheltie/Documents/git/mscheltienne/pycrostates" machine-name="x86_64" user="" user-domain="" culture="en-US" uiculture="en-US" os-architecture="64bit" /><failure><message><![CDATA[]]></message><stack-trace><![CDATA[None]]></stack-trace></failure><reason><message><![CDATA[]]></message></reason><output><![CDATA[]]></output></test-case><test-case id="102" name="pycrostates/cluster/tests/test_base.py::test_reject_short_segments" fullname="pycrostates/cluster/tests/test_base.py::test_reject_short_segments" methodname="test_reject_short_segments" classname="pycrostates/cluster/tests/test_base.py" runstate="Runnable" seed="1" result="Passed" label="Test method rejecting short segments." start-time="2022-06-08 16:12:37.739189" end-time="2022-06-08 16:12:37.740322" duration="0.001133" asserts="0"><properties><property name="python-version" value="3.9.9 (main, Nov 21 2021, 03:23:42) &#10;[Clang 13.0.0 (clang-1300.0.29.3)]" /><property name="fspath" value="pycrostates/cluster/tests/test_base.py" /></properties><environment framework-version="3.6.2" clr-version="3.9.9 (main, Nov 21 2021, 03:23:42) &#10;[Clang 13.0.0 (clang-1300.0.29.3)]" os-version="20.6.0" platform="Darwin" cwd="/Users/scheltie/Documents/git/mscheltienne/pycrostates" machine-name="x86_64" user="" user-domain="" culture="en-US" uiculture="en-US" os-architecture="64bit" /><failure><message><![CDATA[]]></message><stack-trace><![CDATA[None]]></stack-trace></failure><reason><message><![CDATA[]]></message></reason><output><![CDATA[]]></output></test-case><environment framework-version="3.6.2" clr-version="3.9.9 (main, Nov 21 2021, 03:23:42) &#10;[Clang 13.0.0 (clang-1300.0.29.3)]" os-version="20.6.0" platform="Darwin" cwd="/Users/scheltie/Documents/git/mscheltienne/pycrostates" machine-name="x86_64" user="" user-domain="" culture="en-US" uiculture="en-US" os-architecture="64bit" /></test-suite><test-suite id="pycrostates/utils/tests/test_mixin.py" name="pycrostates/utils/tests/test_mixin.py" fullname="pycrostates/utils/tests/test_mixin.py" methodname="" classname="" runstate="Runnable" type="Assembly" testcasecount="2" result="Passed" label="Test mixins.py" start-time="2022-06-08 16:12:54.948903" end-time="2022-06-08 16:12:54.953358" duration="0.004455" asserts="0" total="2" passed="2" failed="0" warnings="0" inconclusive="0" skipped="0"><properties><property name="python_version" value="3.9.9 (main, Nov 21 2021, 03:23:42) &#10;[Clang 13.0.0 (clang-1300.0.29.3)]" /></properties><test-case id="364" name="pycrostates/utils/tests/test_mixin.py::test_contains_mixin" fullname="pycrostates/utils/tests/test_mixin.py::test_contains_mixin" methodname="test_contains_mixin" classname="pycrostates/utils/tests/test_mixin.py" runstate="Runnable" seed="1" result="Passed" label="Test ContainsMixin." start-time="2022-06-08 16:12:54.948903" end-time="2022-06-08 16:12:54.950033" duration="0.00113" asserts="0"><properties><property name="python-version" value="3.9.9 (main, Nov 21 2021, 03:23:42) &#10;[Clang 13.0.0 (clang-1300.0.29.3)]" /><property name="fspath" value="pycrostates/utils/tests/test_mixin.py" /></properties><environment framework-version="3.6.2" clr-version="3.9.9 (main, Nov 21 2021, 03:23:42) &#10;[Clang 13.0.0 (clang-1300.0.29.3)]" os-version="20.6.0" platform="Darwin" cwd="/Users/scheltie/Documents/git/mscheltienne/pycrostates" machine-name="x86_64" user="" user-domain="" culture="en-US" uiculture="en-US" os-architecture="64bit" /><failure><message><![CDATA[]]></message><stack-trace><![CDATA[None]]></stack-trace></failure><reason><message><![CDATA[]]></message></reason><output><![CDATA[]]></output></test-case><test-case id="365" name="pycrostates/utils/tests/test_mixin.py::test_montage_mixin" fullname="pycrostates/utils/tests/test_mixin.py::test_montage_mixin" methodname="test_montage_mixin" classname="pycrostates/utils/tests/test_mixin.py" runstate="Runnable" seed="1" result="Passed" label="Test MontageMixin." start-time="2022-06-08 16:12:54.950361" end-time="2022-06-08 16:12:54.953358" duration="0.002997" asserts="0"><properties><property name="python-version" value="3.9.9 (main, Nov 21 2021, 03:23:42) &#10;[Clang 13.0.0 (clang-1300.0.29.3)]" /><property name="fspath" value="pycrostates/utils/tests/test_mixin.py" /></properties><environment framework-version="3.6.2" clr-version="3.9.9 (main, Nov 21 2021, 03:23:42) &#10;[Clang 13.0.0 (clang-1300.0.29.3)]" os-version="20.6.0" platform="Darwin" cwd="/Users/scheltie/Documents/git/mscheltienne/pycrostates" machine-name="x86_64" user="" user-domain="" culture="en-US" uiculture="en-US" os-architecture="64bit" /><failure><message><![CDATA[]]></message><stack-trace><![CDATA[None]]></stack-trace></failure><reason><message><![CDATA[]]></message></reason><output><![CDATA[]]></output></test-case><environment framework-version="3.6.2" clr-version="3.9.9 (main, Nov 21 2021, 03:23:42) &#10;[Clang 13.0.0 (clang-1300.0.29.3)]" os-version="20.6.0" platform="Darwin" cwd="/Users/scheltie/Documents/git/mscheltienne/pycrostates" machine-name="x86_64" user="" user-domain="" culture="en-US" uiculture="en-US" os-architecture="64bit" /></test-suite><test-suite id="pycrostates/utils/tests/test_imports.py" name="pycrostates/utils/tests/test_imports.py" fullname="pycrostates/utils/tests/test_imports.py" methodname="" classname="" runstate="Runnable" type="Assembly" testcasecount="1" result="Passed" label="Test _imports.py" start-time="2022-06-08 16:12:54.946300" end-time="2022-06-08 16:12:54.948437" duration="0.002137" asserts="0" total="1" passed="1" failed="0" warnings="0" inconclusive="0" skipped="0"><properties><property name="python_version" value="3.9.9 (main, Nov 21 2021, 03:23:42) &#10;[Clang 13.0.0 (clang-1300.0.29.3)]" /></properties><test-case id="363" name="pycrostates/utils/tests/test_imports.py::test_import_optional_dependency" fullname="pycrostates/utils/tests/test_imports.py::test_import_optional_dependency" methodname="test_import_optional_dependency" classname="pycrostates/utils/tests/test_imports.py" runstate="Runnable" seed="1" result="Passed" label="Test the import of optional dependencies." start-time="2022-06-08 16:12:54.946300" end-time="2022-06-08 16:12:54.948437" duration="0.002137" asserts="0"><properties><property name="python-version" value="3.9.9 (main, Nov 21 2021, 03:23:42) &#10;[Clang 13.0.0 (clang-1300.0.29.3)]" /><property name="fspath" value="pycrostates/utils/tests/test_imports.py" /></properties><environment framework-version="3.6.2" clr-version="3.9.9 (main, Nov 21 2021, 03:23:42) &#10;[Clang 13.0.0 (clang-1300.0.29.3)]" os-version="20.6.0" platform="Darwin" cwd="/Users/scheltie/Documents/git/mscheltienne/pycrostates" machine-name="x86_64" user="" user-domain="" culture="en-US" uiculture="en-US" os-architecture="64bit" /><failure><message><![CDATA[]]></message><stack-trace><![CDATA[None]]></stack-trace></failure><reason><message><![CDATA[&#x1b;[33mWARNING &#x1b;[0m pycrostates:_imports.py:56 Missing optional dependency 'non_existing_pkg'.  Use pip or conda to install 'non_existing_pkg'.]]></message></reason><output><![CDATA[&#x1b;[33mWARNING &#x1b;[0m pycrostates:_imports.py:56 Missing optional dependency 'non_existing_pkg'.  Use pip or conda to install 'non_existing_pkg'.]]></output></test-case><environment framework-version="3.6.2" clr-version="3.9.9 (main, Nov 21 2021, 03:23:42) &#10;[Clang 13.0.0 (clang-1300.0.29.3)]" os-version="20.6.0" platform="Darwin" cwd="/Users/scheltie/Documents/git/mscheltienne/pycrostates" machine-name="x86_64" user="" user-domain="" culture="en-US" uiculture="en-US" os-architecture="64bit" /></test-suite></test-run>